[2024-06-14T09:12:06.056+0000] {local_task_job_runner.py:120} INFO - ::group::Pre task execution logs
[2024-06-14T09:12:06.095+0000] {taskinstance.py:2076} INFO - Dependencies all met for dep_context=non-requeueable deps ti=<TaskInstance: sparking_flow.end scheduled__2024-06-13T00:00:00+00:00 [queued]>
[2024-06-14T09:12:06.106+0000] {taskinstance.py:2076} INFO - Dependencies all met for dep_context=requeueable deps ti=<TaskInstance: sparking_flow.end scheduled__2024-06-13T00:00:00+00:00 [queued]>
[2024-06-14T09:12:06.106+0000] {taskinstance.py:2306} INFO - Starting attempt 1 of 1
[2024-06-14T09:12:06.123+0000] {taskinstance.py:2330} INFO - Executing <Task(PythonOperator): end> on 2024-06-13 00:00:00+00:00
[2024-06-14T09:12:06.131+0000] {standard_task_runner.py:63} INFO - Started process 821 to run task
[2024-06-14T09:12:06.135+0000] {standard_task_runner.py:90} INFO - Running: ['***', 'tasks', 'run', 'sparking_flow', 'end', 'scheduled__2024-06-13T00:00:00+00:00', '--job-id', '6', '--raw', '--subdir', 'DAGS_FOLDER/spark_***.py', '--cfg-path', '/tmp/tmp57hqxaid']
[2024-06-14T09:12:06.137+0000] {standard_task_runner.py:91} INFO - Job 6: Subtask end
[2024-06-14T09:12:06.200+0000] {task_command.py:426} INFO - Running <TaskInstance: sparking_flow.end scheduled__2024-06-13T00:00:00+00:00 [running]> on host 3e8885418805
[2024-06-14T09:12:06.292+0000] {taskinstance.py:2648} INFO - Exporting env vars: AIRFLOW_CTX_DAG_OWNER='Selva' AIRFLOW_CTX_DAG_ID='sparking_flow' AIRFLOW_CTX_TASK_ID='end' AIRFLOW_CTX_EXECUTION_DATE='2024-06-13T00:00:00+00:00' AIRFLOW_CTX_TRY_NUMBER='1' AIRFLOW_CTX_DAG_RUN_ID='scheduled__2024-06-13T00:00:00+00:00'
[2024-06-14T09:12:06.293+0000] {taskinstance.py:430} INFO - ::endgroup::
[2024-06-14T09:12:06.304+0000] {logging_mixin.py:188} INFO - Jobs completed successfully
[2024-06-14T09:12:06.305+0000] {python.py:237} INFO - Done. Returned value was: None
[2024-06-14T09:12:06.305+0000] {taskinstance.py:441} INFO - ::group::Post task execution logs
[2024-06-14T09:12:06.319+0000] {taskinstance.py:1206} INFO - Marking task as SUCCESS. dag_id=sparking_flow, task_id=end, run_id=scheduled__2024-06-13T00:00:00+00:00, execution_date=20240613T000000, start_date=20240614T091206, end_date=20240614T091206
[2024-06-14T09:12:06.349+0000] {local_task_job_runner.py:240} INFO - Task exited with return code 0
[2024-06-14T09:12:06.368+0000] {taskinstance.py:3503} INFO - 0 downstream tasks scheduled from follow-on schedule check
[2024-06-14T09:12:06.372+0000] {local_task_job_runner.py:222} INFO - ::endgroup::
[2024-06-14T12:15:50.977+0000] {local_task_job_runner.py:120} INFO - ::group::Pre task execution logs
[2024-06-14T12:15:51.025+0000] {taskinstance.py:2076} INFO - Dependencies all met for dep_context=non-requeueable deps ti=<TaskInstance: sparking_flow.end scheduled__2024-06-13T00:00:00+00:00 [queued]>
[2024-06-14T12:15:51.037+0000] {taskinstance.py:2076} INFO - Dependencies all met for dep_context=requeueable deps ti=<TaskInstance: sparking_flow.end scheduled__2024-06-13T00:00:00+00:00 [queued]>
[2024-06-14T12:15:51.038+0000] {taskinstance.py:2306} INFO - Starting attempt 1 of 1
[2024-06-14T12:15:51.079+0000] {taskinstance.py:2330} INFO - Executing <Task(PythonOperator): end> on 2024-06-13 00:00:00+00:00
[2024-06-14T12:15:51.097+0000] {standard_task_runner.py:63} INFO - Started process 569 to run task
[2024-06-14T12:15:51.103+0000] {standard_task_runner.py:90} INFO - Running: ['***', 'tasks', 'run', 'sparking_flow', 'end', 'scheduled__2024-06-13T00:00:00+00:00', '--job-id', '5', '--raw', '--subdir', 'DAGS_FOLDER/spark_***.py', '--cfg-path', '/tmp/tmpfgya6c5t']
[2024-06-14T12:15:51.113+0000] {standard_task_runner.py:91} INFO - Job 5: Subtask end
[2024-06-14T12:15:51.206+0000] {task_command.py:426} INFO - Running <TaskInstance: sparking_flow.end scheduled__2024-06-13T00:00:00+00:00 [running]> on host 16dec0d41d9e
[2024-06-14T12:15:51.320+0000] {taskinstance.py:2648} INFO - Exporting env vars: AIRFLOW_CTX_DAG_OWNER='Selva' AIRFLOW_CTX_DAG_ID='sparking_flow' AIRFLOW_CTX_TASK_ID='end' AIRFLOW_CTX_EXECUTION_DATE='2024-06-13T00:00:00+00:00' AIRFLOW_CTX_TRY_NUMBER='1' AIRFLOW_CTX_DAG_RUN_ID='scheduled__2024-06-13T00:00:00+00:00'
[2024-06-14T12:15:51.321+0000] {taskinstance.py:430} INFO - ::endgroup::
[2024-06-14T12:15:51.334+0000] {logging_mixin.py:188} INFO - Jobs completed successfully
[2024-06-14T12:15:51.334+0000] {python.py:237} INFO - Done. Returned value was: None
[2024-06-14T12:15:51.335+0000] {taskinstance.py:441} INFO - ::group::Post task execution logs
[2024-06-14T12:15:51.347+0000] {taskinstance.py:1206} INFO - Marking task as SUCCESS. dag_id=sparking_flow, task_id=end, run_id=scheduled__2024-06-13T00:00:00+00:00, execution_date=20240613T000000, start_date=20240614T121551, end_date=20240614T121551
[2024-06-14T12:15:51.562+0000] {local_task_job_runner.py:240} INFO - Task exited with return code 0
[2024-06-14T12:15:51.581+0000] {taskinstance.py:3503} INFO - 0 downstream tasks scheduled from follow-on schedule check
[2024-06-14T12:15:51.585+0000] {local_task_job_runner.py:222} INFO - ::endgroup::
