[2024-06-14T09:13:17.473+0000] {local_task_job_runner.py:120} INFO - ::group::Pre task execution logs
[2024-06-14T09:13:17.504+0000] {taskinstance.py:2076} INFO - Dependencies all met for dep_context=non-requeueable deps ti=<TaskInstance: sparking_flow.python_job manual__2024-06-14T09:13:15.330602+00:00 [queued]>
[2024-06-14T09:13:17.512+0000] {taskinstance.py:2076} INFO - Dependencies all met for dep_context=requeueable deps ti=<TaskInstance: sparking_flow.python_job manual__2024-06-14T09:13:15.330602+00:00 [queued]>
[2024-06-14T09:13:17.513+0000] {taskinstance.py:2306} INFO - Starting attempt 1 of 1
[2024-06-14T09:13:17.531+0000] {taskinstance.py:2330} INFO - Executing <Task(SparkSubmitOperator): python_job> on 2024-06-14 09:13:15.330602+00:00
[2024-06-14T09:13:17.536+0000] {standard_task_runner.py:63} INFO - Started process 840 to run task
[2024-06-14T09:13:17.539+0000] {standard_task_runner.py:90} INFO - Running: ['***', 'tasks', 'run', 'sparking_flow', 'python_job', 'manual__2024-06-14T09:13:15.330602+00:00', '--job-id', '8', '--raw', '--subdir', 'DAGS_FOLDER/spark_***.py', '--cfg-path', '/tmp/tmp6m7a5r87']
[2024-06-14T09:13:17.542+0000] {standard_task_runner.py:91} INFO - Job 8: Subtask python_job
[2024-06-14T09:13:17.598+0000] {task_command.py:426} INFO - Running <TaskInstance: sparking_flow.python_job manual__2024-06-14T09:13:15.330602+00:00 [running]> on host 3e8885418805
[2024-06-14T09:13:17.694+0000] {taskinstance.py:2648} INFO - Exporting env vars: AIRFLOW_CTX_DAG_OWNER='Selva' AIRFLOW_CTX_DAG_ID='sparking_flow' AIRFLOW_CTX_TASK_ID='python_job' AIRFLOW_CTX_EXECUTION_DATE='2024-06-14T09:13:15.330602+00:00' AIRFLOW_CTX_TRY_NUMBER='1' AIRFLOW_CTX_DAG_RUN_ID='manual__2024-06-14T09:13:15.330602+00:00'
[2024-06-14T09:13:17.696+0000] {taskinstance.py:430} INFO - ::endgroup::
[2024-06-14T09:13:17.722+0000] {base.py:84} INFO - Using connection ID 'spark-conn' for task execution.
[2024-06-14T09:13:17.723+0000] {spark_submit.py:401} INFO - Spark-Submit cmd: spark-submit --master spark://spark-master:7077 --name arrow-spark --deploy-mode client jobs/python/wordcountjob.py
[2024-06-14T09:13:17.793+0000] {spark_submit.py:571} INFO - /home/***/.local/lib/python3.11/site-packages/pyspark/bin/load-spark-env.sh: line 68: ps: command not found
[2024-06-14T09:13:20.542+0000] {spark_submit.py:571} INFO - 24/06/14 09:13:20 INFO SparkContext: Running Spark version 3.5.1
[2024-06-14T09:13:20.544+0000] {spark_submit.py:571} INFO - 24/06/14 09:13:20 INFO SparkContext: OS info Linux, 5.15.153.1-microsoft-standard-WSL2, amd64
[2024-06-14T09:13:20.545+0000] {spark_submit.py:571} INFO - 24/06/14 09:13:20 INFO SparkContext: Java version 17.0.11
[2024-06-14T09:13:20.628+0000] {spark_submit.py:571} INFO - 24/06/14 09:13:20 WARN NativeCodeLoader: Unable to load native-hadoop library for your platform... using builtin-java classes where applicable
[2024-06-14T09:13:20.751+0000] {spark_submit.py:571} INFO - 24/06/14 09:13:20 INFO ResourceUtils: ==============================================================
[2024-06-14T09:13:20.751+0000] {spark_submit.py:571} INFO - 24/06/14 09:13:20 INFO ResourceUtils: No custom resources configured for spark.driver.
[2024-06-14T09:13:20.752+0000] {spark_submit.py:571} INFO - 24/06/14 09:13:20 INFO ResourceUtils: ==============================================================
[2024-06-14T09:13:20.753+0000] {spark_submit.py:571} INFO - 24/06/14 09:13:20 INFO SparkContext: Submitted application: PythonWordCount
[2024-06-14T09:13:20.772+0000] {spark_submit.py:571} INFO - 24/06/14 09:13:20 INFO ResourceProfile: Default ResourceProfile created, executor resources: Map(memory -> name: memory, amount: 1024, script: , vendor: , offHeap -> name: offHeap, amount: 0, script: , vendor: ), task resources: Map(cpus -> name: cpus, amount: 1.0)
[2024-06-14T09:13:20.779+0000] {spark_submit.py:571} INFO - 24/06/14 09:13:20 INFO ResourceProfile: Limiting resource is cpu
[2024-06-14T09:13:20.780+0000] {spark_submit.py:571} INFO - 24/06/14 09:13:20 INFO ResourceProfileManager: Added ResourceProfile id: 0
[2024-06-14T09:13:20.841+0000] {spark_submit.py:571} INFO - 24/06/14 09:13:20 INFO SecurityManager: Changing view acls to: ***
[2024-06-14T09:13:20.842+0000] {spark_submit.py:571} INFO - 24/06/14 09:13:20 INFO SecurityManager: Changing modify acls to: ***
[2024-06-14T09:13:20.843+0000] {spark_submit.py:571} INFO - 24/06/14 09:13:20 INFO SecurityManager: Changing view acls groups to:
[2024-06-14T09:13:20.843+0000] {spark_submit.py:571} INFO - 24/06/14 09:13:20 INFO SecurityManager: Changing modify acls groups to:
[2024-06-14T09:13:20.844+0000] {spark_submit.py:571} INFO - 24/06/14 09:13:20 INFO SecurityManager: SecurityManager: authentication disabled; ui acls disabled; users with view permissions: ***; groups with view permissions: EMPTY; users with modify permissions: ***; groups with modify permissions: EMPTY
[2024-06-14T09:13:21.076+0000] {spark_submit.py:571} INFO - 24/06/14 09:13:21 INFO Utils: Successfully started service 'sparkDriver' on port 45749.
[2024-06-14T09:13:21.103+0000] {spark_submit.py:571} INFO - 24/06/14 09:13:21 INFO SparkEnv: Registering MapOutputTracker
[2024-06-14T09:13:21.142+0000] {spark_submit.py:571} INFO - 24/06/14 09:13:21 INFO SparkEnv: Registering BlockManagerMaster
[2024-06-14T09:13:21.163+0000] {spark_submit.py:571} INFO - 24/06/14 09:13:21 INFO BlockManagerMasterEndpoint: Using org.apache.spark.storage.DefaultTopologyMapper for getting topology information
[2024-06-14T09:13:21.164+0000] {spark_submit.py:571} INFO - 24/06/14 09:13:21 INFO BlockManagerMasterEndpoint: BlockManagerMasterEndpoint up
[2024-06-14T09:13:21.173+0000] {spark_submit.py:571} INFO - 24/06/14 09:13:21 INFO SparkEnv: Registering BlockManagerMasterHeartbeat
[2024-06-14T09:13:21.201+0000] {spark_submit.py:571} INFO - 24/06/14 09:13:21 INFO DiskBlockManager: Created local directory at /tmp/blockmgr-0d0ef7ab-0f75-4a07-9a7d-dd7d33f74172
[2024-06-14T09:13:21.222+0000] {spark_submit.py:571} INFO - 24/06/14 09:13:21 INFO MemoryStore: MemoryStore started with capacity 434.4 MiB
[2024-06-14T09:13:21.248+0000] {spark_submit.py:571} INFO - 24/06/14 09:13:21 INFO SparkEnv: Registering OutputCommitCoordinator
[2024-06-14T09:13:21.378+0000] {spark_submit.py:571} INFO - 24/06/14 09:13:21 INFO JettyUtils: Start Jetty 0.0.0.0:4040 for SparkUI
[2024-06-14T09:13:21.451+0000] {spark_submit.py:571} INFO - 24/06/14 09:13:21 INFO Utils: Successfully started service 'SparkUI' on port 4040.
[2024-06-14T09:13:21.567+0000] {spark_submit.py:571} INFO - 24/06/14 09:13:21 INFO StandaloneAppClient$ClientEndpoint: Connecting to master spark://spark-master:7077...
[2024-06-14T09:13:21.608+0000] {spark_submit.py:571} INFO - 24/06/14 09:13:21 INFO TransportClientFactory: Successfully created connection to spark-master/172.20.0.3:7077 after 23 ms (0 ms spent in bootstraps)
[2024-06-14T09:13:21.697+0000] {spark_submit.py:571} INFO - 24/06/14 09:13:21 INFO StandaloneSchedulerBackend: Connected to Spark cluster with app ID app-20240614091321-0001
[2024-06-14T09:13:21.703+0000] {spark_submit.py:571} INFO - 24/06/14 09:13:21 INFO StandaloneAppClient$ClientEndpoint: Executor added: app-20240614091321-0001/0 on worker-20240614085756-172.20.0.4-34261 (172.20.0.4:34261) with 2 core(s)
[2024-06-14T09:13:21.708+0000] {spark_submit.py:571} INFO - 24/06/14 09:13:21 INFO StandaloneSchedulerBackend: Granted executor ID app-20240614091321-0001/0 on hostPort 172.20.0.4:34261 with 2 core(s), 1024.0 MiB RAM
[2024-06-14T09:13:21.712+0000] {spark_submit.py:571} INFO - 24/06/14 09:13:21 INFO Utils: Successfully started service 'org.apache.spark.network.netty.NettyBlockTransferService' on port 45375.
[2024-06-14T09:13:21.712+0000] {spark_submit.py:571} INFO - 24/06/14 09:13:21 INFO NettyBlockTransferService: Server created on 3e8885418805:45375
[2024-06-14T09:13:21.714+0000] {spark_submit.py:571} INFO - 24/06/14 09:13:21 INFO BlockManager: Using org.apache.spark.storage.RandomBlockReplicationPolicy for block replication policy
[2024-06-14T09:13:21.723+0000] {spark_submit.py:571} INFO - 24/06/14 09:13:21 INFO BlockManagerMaster: Registering BlockManager BlockManagerId(driver, 3e8885418805, 45375, None)
[2024-06-14T09:13:21.728+0000] {spark_submit.py:571} INFO - 24/06/14 09:13:21 INFO BlockManagerMasterEndpoint: Registering block manager 3e8885418805:45375 with 434.4 MiB RAM, BlockManagerId(driver, 3e8885418805, 45375, None)
[2024-06-14T09:13:21.731+0000] {spark_submit.py:571} INFO - 24/06/14 09:13:21 INFO BlockManagerMaster: Registered BlockManager BlockManagerId(driver, 3e8885418805, 45375, None)
[2024-06-14T09:13:21.734+0000] {spark_submit.py:571} INFO - 24/06/14 09:13:21 INFO BlockManager: Initialized BlockManager: BlockManagerId(driver, 3e8885418805, 45375, None)
[2024-06-14T09:13:21.806+0000] {spark_submit.py:571} INFO - 24/06/14 09:13:21 INFO StandaloneAppClient$ClientEndpoint: Executor updated: app-20240614091321-0001/0 is now RUNNING
[2024-06-14T09:13:22.014+0000] {spark_submit.py:571} INFO - 24/06/14 09:13:22 INFO StandaloneSchedulerBackend: SchedulerBackend is ready for scheduling beginning after reached minRegisteredResourcesRatio: 0.0
[2024-06-14T09:13:22.747+0000] {spark_submit.py:571} INFO - 24/06/14 09:13:22 INFO SparkContext: Starting job: collect at /opt/***/jobs/python/wordcountjob.py:11
[2024-06-14T09:13:22.789+0000] {spark_submit.py:571} INFO - 24/06/14 09:13:22 INFO DAGScheduler: Registering RDD 2 (reduceByKey at /opt/***/jobs/python/wordcountjob.py:9) as input to shuffle 0
[2024-06-14T09:13:22.807+0000] {spark_submit.py:571} INFO - 24/06/14 09:13:22 INFO DAGScheduler: Got job 0 (collect at /opt/***/jobs/python/wordcountjob.py:11) with 2 output partitions
[2024-06-14T09:13:22.808+0000] {spark_submit.py:571} INFO - 24/06/14 09:13:22 INFO DAGScheduler: Final stage: ResultStage 1 (collect at /opt/***/jobs/python/wordcountjob.py:11)
[2024-06-14T09:13:22.810+0000] {spark_submit.py:571} INFO - 24/06/14 09:13:22 INFO DAGScheduler: Parents of final stage: List(ShuffleMapStage 0)
[2024-06-14T09:13:22.812+0000] {spark_submit.py:571} INFO - 24/06/14 09:13:22 INFO DAGScheduler: Missing parents: List(ShuffleMapStage 0)
[2024-06-14T09:13:22.824+0000] {spark_submit.py:571} INFO - 24/06/14 09:13:22 INFO DAGScheduler: Submitting ShuffleMapStage 0 (PairwiseRDD[2] at reduceByKey at /opt/***/jobs/python/wordcountjob.py:9), which has no missing parents
[2024-06-14T09:13:22.943+0000] {spark_submit.py:571} INFO - 24/06/14 09:13:22 INFO MemoryStore: Block broadcast_0 stored as values in memory (estimated size 11.3 KiB, free 434.4 MiB)
[2024-06-14T09:13:22.988+0000] {spark_submit.py:571} INFO - 24/06/14 09:13:22 INFO MemoryStore: Block broadcast_0_piece0 stored as bytes in memory (estimated size 7.1 KiB, free 434.4 MiB)
[2024-06-14T09:13:22.991+0000] {spark_submit.py:571} INFO - 24/06/14 09:13:22 INFO BlockManagerInfo: Added broadcast_0_piece0 in memory on 3e8885418805:45375 (size: 7.1 KiB, free: 434.4 MiB)
[2024-06-14T09:13:22.996+0000] {spark_submit.py:571} INFO - 24/06/14 09:13:22 INFO SparkContext: Created broadcast 0 from broadcast at DAGScheduler.scala:1585
[2024-06-14T09:13:23.017+0000] {spark_submit.py:571} INFO - 24/06/14 09:13:23 INFO DAGScheduler: Submitting 2 missing tasks from ShuffleMapStage 0 (PairwiseRDD[2] at reduceByKey at /opt/***/jobs/python/wordcountjob.py:9) (first 15 tasks are for partitions Vector(0, 1))
[2024-06-14T09:13:23.019+0000] {spark_submit.py:571} INFO - 24/06/14 09:13:23 INFO TaskSchedulerImpl: Adding task set 0.0 with 2 tasks resource profile 0
[2024-06-14T09:13:24.223+0000] {spark_submit.py:571} INFO - 24/06/14 09:13:24 INFO StandaloneSchedulerBackend$StandaloneDriverEndpoint: Registered executor NettyRpcEndpointRef(spark-client://Executor) (172.20.0.4:38290) with ID 0,  ResourceProfileId 0
[2024-06-14T09:13:24.283+0000] {spark_submit.py:571} INFO - 24/06/14 09:13:24 INFO BlockManagerMasterEndpoint: Registering block manager 172.20.0.4:41209 with 434.4 MiB RAM, BlockManagerId(0, 172.20.0.4, 41209, None)
[2024-06-14T09:13:24.373+0000] {spark_submit.py:571} INFO - 24/06/14 09:13:24 INFO TaskSetManager: Starting task 0.0 in stage 0.0 (TID 0) (172.20.0.4, executor 0, partition 0, PROCESS_LOCAL, 7655 bytes)
[2024-06-14T09:13:24.383+0000] {spark_submit.py:571} INFO - 24/06/14 09:13:24 INFO TaskSetManager: Starting task 1.0 in stage 0.0 (TID 1) (172.20.0.4, executor 0, partition 1, PROCESS_LOCAL, 7688 bytes)
[2024-06-14T09:13:24.647+0000] {spark_submit.py:571} INFO - 24/06/14 09:13:24 INFO BlockManagerInfo: Added broadcast_0_piece0 in memory on 172.20.0.4:41209 (size: 7.1 KiB, free: 434.4 MiB)
[2024-06-14T09:13:26.056+0000] {spark_submit.py:571} INFO - 24/06/14 09:13:26 INFO TaskSetManager: Finished task 0.0 in stage 0.0 (TID 0) in 1698 ms on 172.20.0.4 (executor 0) (1/2)
[2024-06-14T09:13:26.058+0000] {spark_submit.py:571} INFO - 24/06/14 09:13:26 INFO TaskSetManager: Finished task 1.0 in stage 0.0 (TID 1) in 1678 ms on 172.20.0.4 (executor 0) (2/2)
[2024-06-14T09:13:26.059+0000] {spark_submit.py:571} INFO - 24/06/14 09:13:26 INFO TaskSchedulerImpl: Removed TaskSet 0.0, whose tasks have all completed, from pool
[2024-06-14T09:13:26.063+0000] {spark_submit.py:571} INFO - 24/06/14 09:13:26 INFO PythonAccumulatorV2: Connected to AccumulatorServer at host: 127.0.0.1 port: 56645
[2024-06-14T09:13:26.075+0000] {spark_submit.py:571} INFO - 24/06/14 09:13:26 INFO DAGScheduler: ShuffleMapStage 0 (reduceByKey at /opt/***/jobs/python/wordcountjob.py:9) finished in 3.217 s
[2024-06-14T09:13:26.075+0000] {spark_submit.py:571} INFO - 24/06/14 09:13:26 INFO DAGScheduler: looking for newly runnable stages
[2024-06-14T09:13:26.076+0000] {spark_submit.py:571} INFO - 24/06/14 09:13:26 INFO DAGScheduler: running: Set()
[2024-06-14T09:13:26.077+0000] {spark_submit.py:571} INFO - 24/06/14 09:13:26 INFO DAGScheduler: waiting: Set(ResultStage 1)
[2024-06-14T09:13:26.077+0000] {spark_submit.py:571} INFO - 24/06/14 09:13:26 INFO DAGScheduler: failed: Set()
[2024-06-14T09:13:26.080+0000] {spark_submit.py:571} INFO - 24/06/14 09:13:26 INFO DAGScheduler: Submitting ResultStage 1 (PythonRDD[5] at collect at /opt/***/jobs/python/wordcountjob.py:11), which has no missing parents
[2024-06-14T09:13:26.090+0000] {spark_submit.py:571} INFO - 24/06/14 09:13:26 INFO MemoryStore: Block broadcast_1 stored as values in memory (estimated size 10.1 KiB, free 434.4 MiB)
[2024-06-14T09:13:26.092+0000] {spark_submit.py:571} INFO - 24/06/14 09:13:26 INFO MemoryStore: Block broadcast_1_piece0 stored as bytes in memory (estimated size 6.1 KiB, free 434.4 MiB)
[2024-06-14T09:13:26.093+0000] {spark_submit.py:571} INFO - 24/06/14 09:13:26 INFO BlockManagerInfo: Added broadcast_1_piece0 in memory on 3e8885418805:45375 (size: 6.1 KiB, free: 434.4 MiB)
[2024-06-14T09:13:26.094+0000] {spark_submit.py:571} INFO - 24/06/14 09:13:26 INFO SparkContext: Created broadcast 1 from broadcast at DAGScheduler.scala:1585
[2024-06-14T09:13:26.096+0000] {spark_submit.py:571} INFO - 24/06/14 09:13:26 INFO DAGScheduler: Submitting 2 missing tasks from ResultStage 1 (PythonRDD[5] at collect at /opt/***/jobs/python/wordcountjob.py:11) (first 15 tasks are for partitions Vector(0, 1))
[2024-06-14T09:13:26.096+0000] {spark_submit.py:571} INFO - 24/06/14 09:13:26 INFO TaskSchedulerImpl: Adding task set 1.0 with 2 tasks resource profile 0
[2024-06-14T09:13:26.103+0000] {spark_submit.py:571} INFO - 24/06/14 09:13:26 INFO TaskSetManager: Starting task 0.0 in stage 1.0 (TID 2) (172.20.0.4, executor 0, partition 0, NODE_LOCAL, 7437 bytes)
[2024-06-14T09:13:26.104+0000] {spark_submit.py:571} INFO - 24/06/14 09:13:26 INFO TaskSetManager: Starting task 1.0 in stage 1.0 (TID 3) (172.20.0.4, executor 0, partition 1, NODE_LOCAL, 7437 bytes)
[2024-06-14T09:13:26.130+0000] {spark_submit.py:571} INFO - 24/06/14 09:13:26 INFO BlockManagerInfo: Added broadcast_1_piece0 in memory on 172.20.0.4:41209 (size: 6.1 KiB, free: 434.4 MiB)
[2024-06-14T09:13:26.216+0000] {spark_submit.py:571} INFO - 24/06/14 09:13:26 INFO MapOutputTrackerMasterEndpoint: Asked to send map output locations for shuffle 0 to 172.20.0.4:38290
[2024-06-14T09:13:26.467+0000] {spark_submit.py:571} INFO - 24/06/14 09:13:26 INFO TaskSetManager: Finished task 1.0 in stage 1.0 (TID 3) in 364 ms on 172.20.0.4 (executor 0) (1/2)
[2024-06-14T09:13:26.469+0000] {spark_submit.py:571} INFO - 24/06/14 09:13:26 INFO TaskSetManager: Finished task 0.0 in stage 1.0 (TID 2) in 369 ms on 172.20.0.4 (executor 0) (2/2)
[2024-06-14T09:13:26.470+0000] {spark_submit.py:571} INFO - 24/06/14 09:13:26 INFO TaskSchedulerImpl: Removed TaskSet 1.0, whose tasks have all completed, from pool
[2024-06-14T09:13:26.473+0000] {spark_submit.py:571} INFO - 24/06/14 09:13:26 INFO DAGScheduler: ResultStage 1 (collect at /opt/***/jobs/python/wordcountjob.py:11) finished in 0.384 s
[2024-06-14T09:13:26.477+0000] {spark_submit.py:571} INFO - 24/06/14 09:13:26 INFO DAGScheduler: Job 0 is finished. Cancelling potential speculative or zombie tasks for this job
[2024-06-14T09:13:26.478+0000] {spark_submit.py:571} INFO - 24/06/14 09:13:26 INFO TaskSchedulerImpl: Killing all running tasks in stage 1: Stage finished
[2024-06-14T09:13:26.481+0000] {spark_submit.py:571} INFO - 24/06/14 09:13:26 INFO DAGScheduler: Job 0 finished: collect at /opt/***/jobs/python/wordcountjob.py:11, took 3.732366 s
[2024-06-14T09:13:26.503+0000] {spark_submit.py:571} INFO - Python 1
[2024-06-14T09:13:26.504+0000] {spark_submit.py:571} INFO - Airflow 1
[2024-06-14T09:13:26.504+0000] {spark_submit.py:571} INFO - Docker 1
[2024-06-14T09:13:26.505+0000] {spark_submit.py:571} INFO - and 1
[2024-06-14T09:13:26.505+0000] {spark_submit.py:571} INFO - Hello 5
[2024-06-14T09:13:26.505+0000] {spark_submit.py:571} INFO - Spark 1
[2024-06-14T09:13:26.505+0000] {spark_submit.py:571} INFO - Selva 1
[2024-06-14T09:13:26.505+0000] {spark_submit.py:571} INFO - 24/06/14 09:13:26 INFO SparkContext: SparkContext is stopping with exitCode 0.
[2024-06-14T09:13:26.516+0000] {spark_submit.py:571} INFO - 24/06/14 09:13:26 INFO SparkUI: Stopped Spark web UI at http://3e8885418805:4040
[2024-06-14T09:13:26.520+0000] {spark_submit.py:571} INFO - 24/06/14 09:13:26 INFO StandaloneSchedulerBackend: Shutting down all executors
[2024-06-14T09:13:26.521+0000] {spark_submit.py:571} INFO - 24/06/14 09:13:26 INFO StandaloneSchedulerBackend$StandaloneDriverEndpoint: Asking each executor to shut down
[2024-06-14T09:13:26.544+0000] {spark_submit.py:571} INFO - 24/06/14 09:13:26 INFO MapOutputTrackerMasterEndpoint: MapOutputTrackerMasterEndpoint stopped!
[2024-06-14T09:13:26.577+0000] {spark_submit.py:571} INFO - 24/06/14 09:13:26 INFO MemoryStore: MemoryStore cleared
[2024-06-14T09:13:26.578+0000] {spark_submit.py:571} INFO - 24/06/14 09:13:26 INFO BlockManager: BlockManager stopped
[2024-06-14T09:13:26.585+0000] {spark_submit.py:571} INFO - 24/06/14 09:13:26 INFO BlockManagerMaster: BlockManagerMaster stopped
[2024-06-14T09:13:26.588+0000] {spark_submit.py:571} INFO - 24/06/14 09:13:26 INFO OutputCommitCoordinator$OutputCommitCoordinatorEndpoint: OutputCommitCoordinator stopped!
[2024-06-14T09:13:26.605+0000] {spark_submit.py:571} INFO - 24/06/14 09:13:26 INFO SparkContext: Successfully stopped SparkContext
[2024-06-14T09:13:27.529+0000] {spark_submit.py:571} INFO - 24/06/14 09:13:27 INFO ShutdownHookManager: Shutdown hook called
[2024-06-14T09:13:27.531+0000] {spark_submit.py:571} INFO - 24/06/14 09:13:27 INFO ShutdownHookManager: Deleting directory /tmp/spark-6e1258bf-8aba-4ef1-8f5f-ef54284a09f2
[2024-06-14T09:13:27.535+0000] {spark_submit.py:571} INFO - 24/06/14 09:13:27 INFO ShutdownHookManager: Deleting directory /tmp/spark-89502017-fe80-47f3-81c5-695057e31b67
[2024-06-14T09:13:27.540+0000] {spark_submit.py:571} INFO - 24/06/14 09:13:27 INFO ShutdownHookManager: Deleting directory /tmp/spark-89502017-fe80-47f3-81c5-695057e31b67/pyspark-0e94c28c-74b2-4d5a-82e7-e884430a3390
[2024-06-14T09:13:27.569+0000] {taskinstance.py:441} INFO - ::group::Post task execution logs
[2024-06-14T09:13:27.715+0000] {taskinstance.py:1206} INFO - Marking task as SUCCESS. dag_id=sparking_flow, task_id=python_job, run_id=manual__2024-06-14T09:13:15.330602+00:00, execution_date=20240614T091315, start_date=20240614T091317, end_date=20240614T091327
[2024-06-14T09:13:27.771+0000] {local_task_job_runner.py:240} INFO - Task exited with return code 0
[2024-06-14T09:13:27.793+0000] {taskinstance.py:3503} INFO - 1 downstream tasks scheduled from follow-on schedule check
[2024-06-14T09:13:27.797+0000] {local_task_job_runner.py:222} INFO - ::endgroup::
