[2024-06-17T03:45:04.437+0000] {processor.py:161} INFO - Started process (PID=165) to work on /opt/airflow/dags/spark_airflow.py
[2024-06-17T03:45:04.438+0000] {processor.py:830} INFO - Processing file /opt/airflow/dags/spark_airflow.py for tasks to queue
[2024-06-17T03:45:04.440+0000] {logging_mixin.py:188} INFO - [2024-06-17T03:45:04.440+0000] {dagbag.py:545} INFO - Filling up the DagBag from /opt/airflow/dags/spark_airflow.py
[2024-06-17T03:45:04.471+0000] {processor.py:840} INFO - DAG(s) 'sparking_flow' retrieved from /opt/airflow/dags/spark_airflow.py
[2024-06-17T03:45:04.734+0000] {logging_mixin.py:188} INFO - [2024-06-17T03:45:04.734+0000] {dag.py:3096} INFO - Sync 1 DAGs
[2024-06-17T03:45:04.887+0000] {logging_mixin.py:188} INFO - [2024-06-17T03:45:04.887+0000] {dag.py:3954} INFO - Setting next_dagrun for sparking_flow to 2024-06-16 00:00:00+00:00, run_after=2024-06-16 00:00:00+00:00
[2024-06-17T03:45:04.912+0000] {processor.py:183} INFO - Processing /opt/airflow/dags/spark_airflow.py took 0.479 seconds
[2024-06-17T03:45:35.145+0000] {processor.py:161} INFO - Started process (PID=176) to work on /opt/airflow/dags/spark_airflow.py
[2024-06-17T03:45:35.146+0000] {processor.py:830} INFO - Processing file /opt/airflow/dags/spark_airflow.py for tasks to queue
[2024-06-17T03:45:35.148+0000] {logging_mixin.py:188} INFO - [2024-06-17T03:45:35.148+0000] {dagbag.py:545} INFO - Filling up the DagBag from /opt/airflow/dags/spark_airflow.py
[2024-06-17T03:45:35.165+0000] {processor.py:840} INFO - DAG(s) 'sparking_flow' retrieved from /opt/airflow/dags/spark_airflow.py
[2024-06-17T03:45:35.192+0000] {logging_mixin.py:188} INFO - [2024-06-17T03:45:35.191+0000] {dag.py:3096} INFO - Sync 1 DAGs
[2024-06-17T03:45:35.209+0000] {logging_mixin.py:188} INFO - [2024-06-17T03:45:35.209+0000] {dag.py:3954} INFO - Setting next_dagrun for sparking_flow to 2024-06-16 00:00:00+00:00, run_after=2024-06-16 00:00:00+00:00
[2024-06-17T03:45:35.231+0000] {processor.py:183} INFO - Processing /opt/airflow/dags/spark_airflow.py took 0.094 seconds
[2024-06-17T03:46:05.388+0000] {processor.py:161} INFO - Started process (PID=187) to work on /opt/airflow/dags/spark_airflow.py
[2024-06-17T03:46:05.389+0000] {processor.py:830} INFO - Processing file /opt/airflow/dags/spark_airflow.py for tasks to queue
[2024-06-17T03:46:05.391+0000] {logging_mixin.py:188} INFO - [2024-06-17T03:46:05.390+0000] {dagbag.py:545} INFO - Filling up the DagBag from /opt/airflow/dags/spark_airflow.py
[2024-06-17T03:46:05.404+0000] {processor.py:840} INFO - DAG(s) 'sparking_flow' retrieved from /opt/airflow/dags/spark_airflow.py
[2024-06-17T03:46:05.426+0000] {logging_mixin.py:188} INFO - [2024-06-17T03:46:05.426+0000] {dag.py:3096} INFO - Sync 1 DAGs
[2024-06-17T03:46:05.443+0000] {logging_mixin.py:188} INFO - [2024-06-17T03:46:05.442+0000] {dag.py:3954} INFO - Setting next_dagrun for sparking_flow to 2024-06-16 00:00:00+00:00, run_after=2024-06-16 00:00:00+00:00
[2024-06-17T03:46:05.463+0000] {processor.py:183} INFO - Processing /opt/airflow/dags/spark_airflow.py took 0.080 seconds
[2024-06-17T03:46:35.699+0000] {processor.py:161} INFO - Started process (PID=198) to work on /opt/airflow/dags/spark_airflow.py
[2024-06-17T03:46:35.700+0000] {processor.py:830} INFO - Processing file /opt/airflow/dags/spark_airflow.py for tasks to queue
[2024-06-17T03:46:35.702+0000] {logging_mixin.py:188} INFO - [2024-06-17T03:46:35.702+0000] {dagbag.py:545} INFO - Filling up the DagBag from /opt/airflow/dags/spark_airflow.py
[2024-06-17T03:46:35.720+0000] {processor.py:840} INFO - DAG(s) 'sparking_flow' retrieved from /opt/airflow/dags/spark_airflow.py
[2024-06-17T03:46:35.749+0000] {logging_mixin.py:188} INFO - [2024-06-17T03:46:35.749+0000] {dag.py:3096} INFO - Sync 1 DAGs
[2024-06-17T03:46:35.770+0000] {logging_mixin.py:188} INFO - [2024-06-17T03:46:35.769+0000] {dag.py:3954} INFO - Setting next_dagrun for sparking_flow to 2024-06-16 00:00:00+00:00, run_after=2024-06-16 00:00:00+00:00
[2024-06-17T03:46:35.794+0000] {processor.py:183} INFO - Processing /opt/airflow/dags/spark_airflow.py took 0.100 seconds
[2024-06-17T03:47:05.938+0000] {processor.py:161} INFO - Started process (PID=209) to work on /opt/airflow/dags/spark_airflow.py
[2024-06-17T03:47:05.938+0000] {processor.py:830} INFO - Processing file /opt/airflow/dags/spark_airflow.py for tasks to queue
[2024-06-17T03:47:05.940+0000] {logging_mixin.py:188} INFO - [2024-06-17T03:47:05.940+0000] {dagbag.py:545} INFO - Filling up the DagBag from /opt/airflow/dags/spark_airflow.py
[2024-06-17T03:47:05.955+0000] {processor.py:840} INFO - DAG(s) 'sparking_flow' retrieved from /opt/airflow/dags/spark_airflow.py
[2024-06-17T03:47:05.979+0000] {logging_mixin.py:188} INFO - [2024-06-17T03:47:05.979+0000] {dag.py:3096} INFO - Sync 1 DAGs
[2024-06-17T03:47:05.998+0000] {logging_mixin.py:188} INFO - [2024-06-17T03:47:05.998+0000] {dag.py:3954} INFO - Setting next_dagrun for sparking_flow to 2024-06-16 00:00:00+00:00, run_after=2024-06-16 00:00:00+00:00
[2024-06-17T03:47:06.024+0000] {processor.py:183} INFO - Processing /opt/airflow/dags/spark_airflow.py took 0.092 seconds
[2024-06-17T03:47:36.246+0000] {processor.py:161} INFO - Started process (PID=220) to work on /opt/airflow/dags/spark_airflow.py
[2024-06-17T03:47:36.247+0000] {processor.py:830} INFO - Processing file /opt/airflow/dags/spark_airflow.py for tasks to queue
[2024-06-17T03:47:36.248+0000] {logging_mixin.py:188} INFO - [2024-06-17T03:47:36.248+0000] {dagbag.py:545} INFO - Filling up the DagBag from /opt/airflow/dags/spark_airflow.py
[2024-06-17T03:47:36.261+0000] {processor.py:840} INFO - DAG(s) 'sparking_flow' retrieved from /opt/airflow/dags/spark_airflow.py
[2024-06-17T03:47:36.285+0000] {logging_mixin.py:188} INFO - [2024-06-17T03:47:36.284+0000] {dag.py:3096} INFO - Sync 1 DAGs
[2024-06-17T03:47:36.303+0000] {logging_mixin.py:188} INFO - [2024-06-17T03:47:36.302+0000] {dag.py:3954} INFO - Setting next_dagrun for sparking_flow to 2024-06-16 00:00:00+00:00, run_after=2024-06-16 00:00:00+00:00
[2024-06-17T03:47:36.484+0000] {processor.py:183} INFO - Processing /opt/airflow/dags/spark_airflow.py took 0.243 seconds
[2024-06-17T03:48:06.742+0000] {processor.py:161} INFO - Started process (PID=231) to work on /opt/airflow/dags/spark_airflow.py
[2024-06-17T03:48:06.743+0000] {processor.py:830} INFO - Processing file /opt/airflow/dags/spark_airflow.py for tasks to queue
[2024-06-17T03:48:06.745+0000] {logging_mixin.py:188} INFO - [2024-06-17T03:48:06.745+0000] {dagbag.py:545} INFO - Filling up the DagBag from /opt/airflow/dags/spark_airflow.py
[2024-06-17T03:48:06.759+0000] {processor.py:840} INFO - DAG(s) 'sparking_flow' retrieved from /opt/airflow/dags/spark_airflow.py
[2024-06-17T03:48:06.783+0000] {logging_mixin.py:188} INFO - [2024-06-17T03:48:06.783+0000] {dag.py:3096} INFO - Sync 1 DAGs
[2024-06-17T03:48:06.902+0000] {logging_mixin.py:188} INFO - [2024-06-17T03:48:06.902+0000] {dag.py:3954} INFO - Setting next_dagrun for sparking_flow to 2024-06-16 00:00:00+00:00, run_after=2024-06-16 00:00:00+00:00
[2024-06-17T03:48:06.931+0000] {processor.py:183} INFO - Processing /opt/airflow/dags/spark_airflow.py took 0.194 seconds
[2024-06-17T03:48:37.173+0000] {processor.py:161} INFO - Started process (PID=242) to work on /opt/airflow/dags/spark_airflow.py
[2024-06-17T03:48:37.174+0000] {processor.py:830} INFO - Processing file /opt/airflow/dags/spark_airflow.py for tasks to queue
[2024-06-17T03:48:37.176+0000] {logging_mixin.py:188} INFO - [2024-06-17T03:48:37.176+0000] {dagbag.py:545} INFO - Filling up the DagBag from /opt/airflow/dags/spark_airflow.py
[2024-06-17T03:48:37.189+0000] {processor.py:840} INFO - DAG(s) 'sparking_flow' retrieved from /opt/airflow/dags/spark_airflow.py
[2024-06-17T03:48:37.338+0000] {logging_mixin.py:188} INFO - [2024-06-17T03:48:37.338+0000] {dag.py:3096} INFO - Sync 1 DAGs
[2024-06-17T03:48:37.353+0000] {logging_mixin.py:188} INFO - [2024-06-17T03:48:37.353+0000] {dag.py:3954} INFO - Setting next_dagrun for sparking_flow to 2024-06-16 00:00:00+00:00, run_after=2024-06-16 00:00:00+00:00
[2024-06-17T03:48:37.381+0000] {processor.py:183} INFO - Processing /opt/airflow/dags/spark_airflow.py took 0.214 seconds
[2024-06-17T03:49:07.665+0000] {processor.py:161} INFO - Started process (PID=253) to work on /opt/airflow/dags/spark_airflow.py
[2024-06-17T03:49:07.666+0000] {processor.py:830} INFO - Processing file /opt/airflow/dags/spark_airflow.py for tasks to queue
[2024-06-17T03:49:07.669+0000] {logging_mixin.py:188} INFO - [2024-06-17T03:49:07.668+0000] {dagbag.py:545} INFO - Filling up the DagBag from /opt/airflow/dags/spark_airflow.py
[2024-06-17T03:49:07.807+0000] {processor.py:840} INFO - DAG(s) 'sparking_flow' retrieved from /opt/airflow/dags/spark_airflow.py
[2024-06-17T03:49:07.828+0000] {logging_mixin.py:188} INFO - [2024-06-17T03:49:07.828+0000] {dag.py:3096} INFO - Sync 1 DAGs
[2024-06-17T03:49:07.842+0000] {logging_mixin.py:188} INFO - [2024-06-17T03:49:07.842+0000] {dag.py:3954} INFO - Setting next_dagrun for sparking_flow to 2024-06-16 00:00:00+00:00, run_after=2024-06-16 00:00:00+00:00
[2024-06-17T03:49:07.862+0000] {processor.py:183} INFO - Processing /opt/airflow/dags/spark_airflow.py took 0.203 seconds
[2024-06-17T03:49:38.231+0000] {processor.py:161} INFO - Started process (PID=264) to work on /opt/airflow/dags/spark_airflow.py
[2024-06-17T03:49:38.232+0000] {processor.py:830} INFO - Processing file /opt/airflow/dags/spark_airflow.py for tasks to queue
[2024-06-17T03:49:38.233+0000] {logging_mixin.py:188} INFO - [2024-06-17T03:49:38.233+0000] {dagbag.py:545} INFO - Filling up the DagBag from /opt/airflow/dags/spark_airflow.py
[2024-06-17T03:49:38.247+0000] {processor.py:840} INFO - DAG(s) 'sparking_flow' retrieved from /opt/airflow/dags/spark_airflow.py
[2024-06-17T03:49:38.271+0000] {logging_mixin.py:188} INFO - [2024-06-17T03:49:38.271+0000] {dag.py:3096} INFO - Sync 1 DAGs
[2024-06-17T03:49:38.291+0000] {logging_mixin.py:188} INFO - [2024-06-17T03:49:38.291+0000] {dag.py:3954} INFO - Setting next_dagrun for sparking_flow to 2024-06-16 00:00:00+00:00, run_after=2024-06-16 00:00:00+00:00
[2024-06-17T03:49:38.322+0000] {processor.py:183} INFO - Processing /opt/airflow/dags/spark_airflow.py took 0.097 seconds
[2024-06-17T03:50:08.592+0000] {processor.py:161} INFO - Started process (PID=275) to work on /opt/airflow/dags/spark_airflow.py
[2024-06-17T03:50:08.593+0000] {processor.py:830} INFO - Processing file /opt/airflow/dags/spark_airflow.py for tasks to queue
[2024-06-17T03:50:08.594+0000] {logging_mixin.py:188} INFO - [2024-06-17T03:50:08.594+0000] {dagbag.py:545} INFO - Filling up the DagBag from /opt/airflow/dags/spark_airflow.py
[2024-06-17T03:50:08.609+0000] {processor.py:840} INFO - DAG(s) 'sparking_flow' retrieved from /opt/airflow/dags/spark_airflow.py
[2024-06-17T03:50:08.635+0000] {logging_mixin.py:188} INFO - [2024-06-17T03:50:08.635+0000] {dag.py:3096} INFO - Sync 1 DAGs
[2024-06-17T03:50:08.653+0000] {logging_mixin.py:188} INFO - [2024-06-17T03:50:08.653+0000] {dag.py:3954} INFO - Setting next_dagrun for sparking_flow to 2024-06-16 00:00:00+00:00, run_after=2024-06-16 00:00:00+00:00
[2024-06-17T03:50:08.678+0000] {processor.py:183} INFO - Processing /opt/airflow/dags/spark_airflow.py took 0.092 seconds
[2024-06-17T03:50:38.803+0000] {processor.py:161} INFO - Started process (PID=286) to work on /opt/airflow/dags/spark_airflow.py
[2024-06-17T03:50:38.804+0000] {processor.py:830} INFO - Processing file /opt/airflow/dags/spark_airflow.py for tasks to queue
[2024-06-17T03:50:38.806+0000] {logging_mixin.py:188} INFO - [2024-06-17T03:50:38.806+0000] {dagbag.py:545} INFO - Filling up the DagBag from /opt/airflow/dags/spark_airflow.py
[2024-06-17T03:50:38.831+0000] {processor.py:840} INFO - DAG(s) 'sparking_flow' retrieved from /opt/airflow/dags/spark_airflow.py
[2024-06-17T03:50:38.867+0000] {logging_mixin.py:188} INFO - [2024-06-17T03:50:38.866+0000] {dag.py:3096} INFO - Sync 1 DAGs
[2024-06-17T03:50:38.889+0000] {logging_mixin.py:188} INFO - [2024-06-17T03:50:38.889+0000] {dag.py:3954} INFO - Setting next_dagrun for sparking_flow to 2024-06-16 00:00:00+00:00, run_after=2024-06-16 00:00:00+00:00
[2024-06-17T03:50:38.914+0000] {processor.py:183} INFO - Processing /opt/airflow/dags/spark_airflow.py took 0.117 seconds
[2024-06-17T03:51:09.131+0000] {processor.py:161} INFO - Started process (PID=297) to work on /opt/airflow/dags/spark_airflow.py
[2024-06-17T03:51:09.132+0000] {processor.py:830} INFO - Processing file /opt/airflow/dags/spark_airflow.py for tasks to queue
[2024-06-17T03:51:09.134+0000] {logging_mixin.py:188} INFO - [2024-06-17T03:51:09.134+0000] {dagbag.py:545} INFO - Filling up the DagBag from /opt/airflow/dags/spark_airflow.py
[2024-06-17T03:51:09.148+0000] {processor.py:840} INFO - DAG(s) 'sparking_flow' retrieved from /opt/airflow/dags/spark_airflow.py
[2024-06-17T03:51:09.175+0000] {logging_mixin.py:188} INFO - [2024-06-17T03:51:09.175+0000] {dag.py:3096} INFO - Sync 1 DAGs
[2024-06-17T03:51:09.193+0000] {logging_mixin.py:188} INFO - [2024-06-17T03:51:09.193+0000] {dag.py:3954} INFO - Setting next_dagrun for sparking_flow to 2024-06-16 00:00:00+00:00, run_after=2024-06-16 00:00:00+00:00
[2024-06-17T03:51:09.216+0000] {processor.py:183} INFO - Processing /opt/airflow/dags/spark_airflow.py took 0.091 seconds
[2024-06-17T03:51:39.387+0000] {processor.py:161} INFO - Started process (PID=307) to work on /opt/airflow/dags/spark_airflow.py
[2024-06-17T03:51:39.387+0000] {processor.py:830} INFO - Processing file /opt/airflow/dags/spark_airflow.py for tasks to queue
[2024-06-17T03:51:39.389+0000] {logging_mixin.py:188} INFO - [2024-06-17T03:51:39.389+0000] {dagbag.py:545} INFO - Filling up the DagBag from /opt/airflow/dags/spark_airflow.py
[2024-06-17T03:51:39.404+0000] {processor.py:840} INFO - DAG(s) 'sparking_flow' retrieved from /opt/airflow/dags/spark_airflow.py
[2024-06-17T03:51:39.431+0000] {logging_mixin.py:188} INFO - [2024-06-17T03:51:39.431+0000] {dag.py:3096} INFO - Sync 1 DAGs
[2024-06-17T03:51:39.451+0000] {logging_mixin.py:188} INFO - [2024-06-17T03:51:39.451+0000] {dag.py:3954} INFO - Setting next_dagrun for sparking_flow to 2024-06-16 00:00:00+00:00, run_after=2024-06-16 00:00:00+00:00
[2024-06-17T03:51:39.472+0000] {processor.py:183} INFO - Processing /opt/airflow/dags/spark_airflow.py took 0.093 seconds
[2024-06-17T03:52:09.750+0000] {processor.py:161} INFO - Started process (PID=318) to work on /opt/airflow/dags/spark_airflow.py
[2024-06-17T03:52:09.751+0000] {processor.py:830} INFO - Processing file /opt/airflow/dags/spark_airflow.py for tasks to queue
[2024-06-17T03:52:09.753+0000] {logging_mixin.py:188} INFO - [2024-06-17T03:52:09.752+0000] {dagbag.py:545} INFO - Filling up the DagBag from /opt/airflow/dags/spark_airflow.py
[2024-06-17T03:52:09.768+0000] {processor.py:840} INFO - DAG(s) 'sparking_flow' retrieved from /opt/airflow/dags/spark_airflow.py
[2024-06-17T03:52:09.792+0000] {logging_mixin.py:188} INFO - [2024-06-17T03:52:09.792+0000] {dag.py:3096} INFO - Sync 1 DAGs
[2024-06-17T03:52:09.810+0000] {logging_mixin.py:188} INFO - [2024-06-17T03:52:09.809+0000] {dag.py:3954} INFO - Setting next_dagrun for sparking_flow to 2024-06-16 00:00:00+00:00, run_after=2024-06-16 00:00:00+00:00
[2024-06-17T03:52:09.839+0000] {processor.py:183} INFO - Processing /opt/airflow/dags/spark_airflow.py took 0.094 seconds
[2024-06-17T03:52:39.982+0000] {processor.py:161} INFO - Started process (PID=329) to work on /opt/airflow/dags/spark_airflow.py
[2024-06-17T03:52:39.983+0000] {processor.py:830} INFO - Processing file /opt/airflow/dags/spark_airflow.py for tasks to queue
[2024-06-17T03:52:39.985+0000] {logging_mixin.py:188} INFO - [2024-06-17T03:52:39.984+0000] {dagbag.py:545} INFO - Filling up the DagBag from /opt/airflow/dags/spark_airflow.py
[2024-06-17T03:52:40.000+0000] {processor.py:840} INFO - DAG(s) 'sparking_flow' retrieved from /opt/airflow/dags/spark_airflow.py
[2024-06-17T03:52:40.026+0000] {logging_mixin.py:188} INFO - [2024-06-17T03:52:40.026+0000] {dag.py:3096} INFO - Sync 1 DAGs
[2024-06-17T03:52:40.044+0000] {logging_mixin.py:188} INFO - [2024-06-17T03:52:40.044+0000] {dag.py:3954} INFO - Setting next_dagrun for sparking_flow to 2024-06-16 00:00:00+00:00, run_after=2024-06-16 00:00:00+00:00
[2024-06-17T03:52:40.066+0000] {processor.py:183} INFO - Processing /opt/airflow/dags/spark_airflow.py took 0.089 seconds
[2024-06-17T03:53:10.337+0000] {processor.py:161} INFO - Started process (PID=340) to work on /opt/airflow/dags/spark_airflow.py
[2024-06-17T03:53:10.338+0000] {processor.py:830} INFO - Processing file /opt/airflow/dags/spark_airflow.py for tasks to queue
[2024-06-17T03:53:10.339+0000] {logging_mixin.py:188} INFO - [2024-06-17T03:53:10.339+0000] {dagbag.py:545} INFO - Filling up the DagBag from /opt/airflow/dags/spark_airflow.py
[2024-06-17T03:53:10.354+0000] {processor.py:840} INFO - DAG(s) 'sparking_flow' retrieved from /opt/airflow/dags/spark_airflow.py
[2024-06-17T03:53:10.378+0000] {logging_mixin.py:188} INFO - [2024-06-17T03:53:10.378+0000] {dag.py:3096} INFO - Sync 1 DAGs
[2024-06-17T03:53:10.395+0000] {logging_mixin.py:188} INFO - [2024-06-17T03:53:10.395+0000] {dag.py:3954} INFO - Setting next_dagrun for sparking_flow to 2024-06-16 00:00:00+00:00, run_after=2024-06-16 00:00:00+00:00
[2024-06-17T03:53:10.419+0000] {processor.py:183} INFO - Processing /opt/airflow/dags/spark_airflow.py took 0.087 seconds
[2024-06-17T03:53:40.581+0000] {processor.py:161} INFO - Started process (PID=351) to work on /opt/airflow/dags/spark_airflow.py
[2024-06-17T03:53:40.582+0000] {processor.py:830} INFO - Processing file /opt/airflow/dags/spark_airflow.py for tasks to queue
[2024-06-17T03:53:40.583+0000] {logging_mixin.py:188} INFO - [2024-06-17T03:53:40.583+0000] {dagbag.py:545} INFO - Filling up the DagBag from /opt/airflow/dags/spark_airflow.py
[2024-06-17T03:53:40.597+0000] {processor.py:840} INFO - DAG(s) 'sparking_flow' retrieved from /opt/airflow/dags/spark_airflow.py
[2024-06-17T03:53:40.622+0000] {logging_mixin.py:188} INFO - [2024-06-17T03:53:40.622+0000] {dag.py:3096} INFO - Sync 1 DAGs
[2024-06-17T03:53:40.640+0000] {logging_mixin.py:188} INFO - [2024-06-17T03:53:40.640+0000] {dag.py:3954} INFO - Setting next_dagrun for sparking_flow to 2024-06-16 00:00:00+00:00, run_after=2024-06-16 00:00:00+00:00
[2024-06-17T03:53:40.670+0000] {processor.py:183} INFO - Processing /opt/airflow/dags/spark_airflow.py took 0.094 seconds
[2024-06-17T03:54:10.889+0000] {processor.py:161} INFO - Started process (PID=362) to work on /opt/airflow/dags/spark_airflow.py
[2024-06-17T03:54:10.890+0000] {processor.py:830} INFO - Processing file /opt/airflow/dags/spark_airflow.py for tasks to queue
[2024-06-17T03:54:10.891+0000] {logging_mixin.py:188} INFO - [2024-06-17T03:54:10.891+0000] {dagbag.py:545} INFO - Filling up the DagBag from /opt/airflow/dags/spark_airflow.py
[2024-06-17T03:54:10.905+0000] {processor.py:840} INFO - DAG(s) 'sparking_flow' retrieved from /opt/airflow/dags/spark_airflow.py
[2024-06-17T03:54:10.930+0000] {logging_mixin.py:188} INFO - [2024-06-17T03:54:10.930+0000] {dag.py:3096} INFO - Sync 1 DAGs
[2024-06-17T03:54:10.946+0000] {logging_mixin.py:188} INFO - [2024-06-17T03:54:10.946+0000] {dag.py:3954} INFO - Setting next_dagrun for sparking_flow to 2024-06-16 00:00:00+00:00, run_after=2024-06-16 00:00:00+00:00
[2024-06-17T03:54:10.976+0000] {processor.py:183} INFO - Processing /opt/airflow/dags/spark_airflow.py took 0.092 seconds
[2024-06-17T03:54:41.185+0000] {processor.py:161} INFO - Started process (PID=373) to work on /opt/airflow/dags/spark_airflow.py
[2024-06-17T03:54:41.186+0000] {processor.py:830} INFO - Processing file /opt/airflow/dags/spark_airflow.py for tasks to queue
[2024-06-17T03:54:41.188+0000] {logging_mixin.py:188} INFO - [2024-06-17T03:54:41.187+0000] {dagbag.py:545} INFO - Filling up the DagBag from /opt/airflow/dags/spark_airflow.py
[2024-06-17T03:54:41.200+0000] {processor.py:840} INFO - DAG(s) 'sparking_flow' retrieved from /opt/airflow/dags/spark_airflow.py
[2024-06-17T03:54:41.223+0000] {logging_mixin.py:188} INFO - [2024-06-17T03:54:41.223+0000] {dag.py:3096} INFO - Sync 1 DAGs
[2024-06-17T03:54:41.239+0000] {logging_mixin.py:188} INFO - [2024-06-17T03:54:41.239+0000] {dag.py:3954} INFO - Setting next_dagrun for sparking_flow to 2024-06-16 00:00:00+00:00, run_after=2024-06-16 00:00:00+00:00
[2024-06-17T03:54:41.260+0000] {processor.py:183} INFO - Processing /opt/airflow/dags/spark_airflow.py took 0.079 seconds
[2024-06-17T03:55:11.461+0000] {processor.py:161} INFO - Started process (PID=384) to work on /opt/airflow/dags/spark_airflow.py
[2024-06-17T03:55:11.461+0000] {processor.py:830} INFO - Processing file /opt/airflow/dags/spark_airflow.py for tasks to queue
[2024-06-17T03:55:11.463+0000] {logging_mixin.py:188} INFO - [2024-06-17T03:55:11.463+0000] {dagbag.py:545} INFO - Filling up the DagBag from /opt/airflow/dags/spark_airflow.py
[2024-06-17T03:55:11.476+0000] {processor.py:840} INFO - DAG(s) 'sparking_flow' retrieved from /opt/airflow/dags/spark_airflow.py
[2024-06-17T03:55:11.499+0000] {logging_mixin.py:188} INFO - [2024-06-17T03:55:11.499+0000] {dag.py:3096} INFO - Sync 1 DAGs
[2024-06-17T03:55:11.516+0000] {logging_mixin.py:188} INFO - [2024-06-17T03:55:11.516+0000] {dag.py:3954} INFO - Setting next_dagrun for sparking_flow to 2024-06-16 00:00:00+00:00, run_after=2024-06-16 00:00:00+00:00
[2024-06-17T03:55:11.538+0000] {processor.py:183} INFO - Processing /opt/airflow/dags/spark_airflow.py took 0.083 seconds
[2024-06-17T03:55:41.762+0000] {processor.py:161} INFO - Started process (PID=395) to work on /opt/airflow/dags/spark_airflow.py
[2024-06-17T03:55:41.763+0000] {processor.py:830} INFO - Processing file /opt/airflow/dags/spark_airflow.py for tasks to queue
[2024-06-17T03:55:41.765+0000] {logging_mixin.py:188} INFO - [2024-06-17T03:55:41.764+0000] {dagbag.py:545} INFO - Filling up the DagBag from /opt/airflow/dags/spark_airflow.py
[2024-06-17T03:55:41.779+0000] {processor.py:840} INFO - DAG(s) 'sparking_flow' retrieved from /opt/airflow/dags/spark_airflow.py
[2024-06-17T03:55:41.804+0000] {logging_mixin.py:188} INFO - [2024-06-17T03:55:41.804+0000] {dag.py:3096} INFO - Sync 1 DAGs
[2024-06-17T03:55:41.822+0000] {logging_mixin.py:188} INFO - [2024-06-17T03:55:41.822+0000] {dag.py:3954} INFO - Setting next_dagrun for sparking_flow to 2024-06-16 00:00:00+00:00, run_after=2024-06-16 00:00:00+00:00
[2024-06-17T03:55:41.843+0000] {processor.py:183} INFO - Processing /opt/airflow/dags/spark_airflow.py took 0.086 seconds
[2024-06-17T03:56:12.006+0000] {processor.py:161} INFO - Started process (PID=406) to work on /opt/airflow/dags/spark_airflow.py
[2024-06-17T03:56:12.006+0000] {processor.py:830} INFO - Processing file /opt/airflow/dags/spark_airflow.py for tasks to queue
[2024-06-17T03:56:12.008+0000] {logging_mixin.py:188} INFO - [2024-06-17T03:56:12.008+0000] {dagbag.py:545} INFO - Filling up the DagBag from /opt/airflow/dags/spark_airflow.py
[2024-06-17T03:56:12.023+0000] {processor.py:840} INFO - DAG(s) 'sparking_flow' retrieved from /opt/airflow/dags/spark_airflow.py
[2024-06-17T03:56:12.049+0000] {logging_mixin.py:188} INFO - [2024-06-17T03:56:12.049+0000] {dag.py:3096} INFO - Sync 1 DAGs
[2024-06-17T03:56:12.071+0000] {logging_mixin.py:188} INFO - [2024-06-17T03:56:12.071+0000] {dag.py:3954} INFO - Setting next_dagrun for sparking_flow to 2024-06-16 00:00:00+00:00, run_after=2024-06-16 00:00:00+00:00
[2024-06-17T03:56:12.100+0000] {processor.py:183} INFO - Processing /opt/airflow/dags/spark_airflow.py took 0.100 seconds
[2024-06-17T03:56:42.334+0000] {processor.py:161} INFO - Started process (PID=417) to work on /opt/airflow/dags/spark_airflow.py
[2024-06-17T03:56:42.335+0000] {processor.py:830} INFO - Processing file /opt/airflow/dags/spark_airflow.py for tasks to queue
[2024-06-17T03:56:42.337+0000] {logging_mixin.py:188} INFO - [2024-06-17T03:56:42.337+0000] {dagbag.py:545} INFO - Filling up the DagBag from /opt/airflow/dags/spark_airflow.py
[2024-06-17T03:56:42.349+0000] {processor.py:840} INFO - DAG(s) 'sparking_flow' retrieved from /opt/airflow/dags/spark_airflow.py
[2024-06-17T03:56:42.378+0000] {logging_mixin.py:188} INFO - [2024-06-17T03:56:42.377+0000] {dag.py:3096} INFO - Sync 1 DAGs
[2024-06-17T03:56:42.400+0000] {logging_mixin.py:188} INFO - [2024-06-17T03:56:42.400+0000] {dag.py:3954} INFO - Setting next_dagrun for sparking_flow to 2024-06-16 00:00:00+00:00, run_after=2024-06-16 00:00:00+00:00
[2024-06-17T03:56:42.419+0000] {processor.py:183} INFO - Processing /opt/airflow/dags/spark_airflow.py took 0.089 seconds
[2024-06-17T03:57:12.564+0000] {processor.py:161} INFO - Started process (PID=429) to work on /opt/airflow/dags/spark_airflow.py
[2024-06-17T03:57:12.564+0000] {processor.py:830} INFO - Processing file /opt/airflow/dags/spark_airflow.py for tasks to queue
[2024-06-17T03:57:12.566+0000] {logging_mixin.py:188} INFO - [2024-06-17T03:57:12.566+0000] {dagbag.py:545} INFO - Filling up the DagBag from /opt/airflow/dags/spark_airflow.py
[2024-06-17T03:57:12.584+0000] {processor.py:840} INFO - DAG(s) 'sparking_flow' retrieved from /opt/airflow/dags/spark_airflow.py
[2024-06-17T03:57:12.610+0000] {logging_mixin.py:188} INFO - [2024-06-17T03:57:12.610+0000] {dag.py:3096} INFO - Sync 1 DAGs
[2024-06-17T03:57:12.628+0000] {logging_mixin.py:188} INFO - [2024-06-17T03:57:12.627+0000] {dag.py:3954} INFO - Setting next_dagrun for sparking_flow to 2024-06-16 00:00:00+00:00, run_after=2024-06-16 00:00:00+00:00
[2024-06-17T03:57:12.649+0000] {processor.py:183} INFO - Processing /opt/airflow/dags/spark_airflow.py took 0.090 seconds
[2024-06-17T03:57:42.871+0000] {processor.py:161} INFO - Started process (PID=440) to work on /opt/airflow/dags/spark_airflow.py
[2024-06-17T03:57:42.872+0000] {processor.py:830} INFO - Processing file /opt/airflow/dags/spark_airflow.py for tasks to queue
[2024-06-17T03:57:42.875+0000] {logging_mixin.py:188} INFO - [2024-06-17T03:57:42.874+0000] {dagbag.py:545} INFO - Filling up the DagBag from /opt/airflow/dags/spark_airflow.py
[2024-06-17T03:57:42.889+0000] {processor.py:840} INFO - DAG(s) 'sparking_flow' retrieved from /opt/airflow/dags/spark_airflow.py
[2024-06-17T03:57:42.913+0000] {logging_mixin.py:188} INFO - [2024-06-17T03:57:42.912+0000] {dag.py:3096} INFO - Sync 1 DAGs
[2024-06-17T03:57:42.929+0000] {logging_mixin.py:188} INFO - [2024-06-17T03:57:42.929+0000] {dag.py:3954} INFO - Setting next_dagrun for sparking_flow to 2024-06-16 00:00:00+00:00, run_after=2024-06-16 00:00:00+00:00
[2024-06-17T03:57:42.952+0000] {processor.py:183} INFO - Processing /opt/airflow/dags/spark_airflow.py took 0.086 seconds
[2024-06-17T03:58:13.132+0000] {processor.py:161} INFO - Started process (PID=451) to work on /opt/airflow/dags/spark_airflow.py
[2024-06-17T03:58:13.133+0000] {processor.py:830} INFO - Processing file /opt/airflow/dags/spark_airflow.py for tasks to queue
[2024-06-17T03:58:13.135+0000] {logging_mixin.py:188} INFO - [2024-06-17T03:58:13.134+0000] {dagbag.py:545} INFO - Filling up the DagBag from /opt/airflow/dags/spark_airflow.py
[2024-06-17T03:58:13.149+0000] {processor.py:840} INFO - DAG(s) 'sparking_flow' retrieved from /opt/airflow/dags/spark_airflow.py
[2024-06-17T03:58:13.174+0000] {logging_mixin.py:188} INFO - [2024-06-17T03:58:13.174+0000] {dag.py:3096} INFO - Sync 1 DAGs
[2024-06-17T03:58:13.191+0000] {logging_mixin.py:188} INFO - [2024-06-17T03:58:13.191+0000] {dag.py:3954} INFO - Setting next_dagrun for sparking_flow to 2024-06-16 00:00:00+00:00, run_after=2024-06-16 00:00:00+00:00
[2024-06-17T03:58:13.212+0000] {processor.py:183} INFO - Processing /opt/airflow/dags/spark_airflow.py took 0.085 seconds
[2024-06-17T03:58:43.459+0000] {processor.py:161} INFO - Started process (PID=462) to work on /opt/airflow/dags/spark_airflow.py
[2024-06-17T03:58:43.460+0000] {processor.py:830} INFO - Processing file /opt/airflow/dags/spark_airflow.py for tasks to queue
[2024-06-17T03:58:43.463+0000] {logging_mixin.py:188} INFO - [2024-06-17T03:58:43.463+0000] {dagbag.py:545} INFO - Filling up the DagBag from /opt/airflow/dags/spark_airflow.py
[2024-06-17T03:58:43.482+0000] {processor.py:840} INFO - DAG(s) 'sparking_flow' retrieved from /opt/airflow/dags/spark_airflow.py
[2024-06-17T03:58:43.512+0000] {logging_mixin.py:188} INFO - [2024-06-17T03:58:43.512+0000] {dag.py:3096} INFO - Sync 1 DAGs
[2024-06-17T03:58:43.532+0000] {logging_mixin.py:188} INFO - [2024-06-17T03:58:43.531+0000] {dag.py:3954} INFO - Setting next_dagrun for sparking_flow to 2024-06-16 00:00:00+00:00, run_after=2024-06-16 00:00:00+00:00
[2024-06-17T03:58:43.563+0000] {processor.py:183} INFO - Processing /opt/airflow/dags/spark_airflow.py took 0.112 seconds
[2024-06-17T03:59:13.727+0000] {processor.py:161} INFO - Started process (PID=473) to work on /opt/airflow/dags/spark_airflow.py
[2024-06-17T03:59:13.728+0000] {processor.py:830} INFO - Processing file /opt/airflow/dags/spark_airflow.py for tasks to queue
[2024-06-17T03:59:13.730+0000] {logging_mixin.py:188} INFO - [2024-06-17T03:59:13.730+0000] {dagbag.py:545} INFO - Filling up the DagBag from /opt/airflow/dags/spark_airflow.py
[2024-06-17T03:59:13.744+0000] {processor.py:840} INFO - DAG(s) 'sparking_flow' retrieved from /opt/airflow/dags/spark_airflow.py
[2024-06-17T03:59:13.768+0000] {logging_mixin.py:188} INFO - [2024-06-17T03:59:13.768+0000] {dag.py:3096} INFO - Sync 1 DAGs
[2024-06-17T03:59:13.787+0000] {logging_mixin.py:188} INFO - [2024-06-17T03:59:13.787+0000] {dag.py:3954} INFO - Setting next_dagrun for sparking_flow to 2024-06-16 00:00:00+00:00, run_after=2024-06-16 00:00:00+00:00
[2024-06-17T03:59:13.807+0000] {processor.py:183} INFO - Processing /opt/airflow/dags/spark_airflow.py took 0.085 seconds
[2024-06-17T03:59:44.114+0000] {processor.py:161} INFO - Started process (PID=485) to work on /opt/airflow/dags/spark_airflow.py
[2024-06-17T03:59:44.115+0000] {processor.py:830} INFO - Processing file /opt/airflow/dags/spark_airflow.py for tasks to queue
[2024-06-17T03:59:44.117+0000] {logging_mixin.py:188} INFO - [2024-06-17T03:59:44.117+0000] {dagbag.py:545} INFO - Filling up the DagBag from /opt/airflow/dags/spark_airflow.py
[2024-06-17T03:59:44.130+0000] {processor.py:840} INFO - DAG(s) 'sparking_flow' retrieved from /opt/airflow/dags/spark_airflow.py
[2024-06-17T03:59:44.153+0000] {logging_mixin.py:188} INFO - [2024-06-17T03:59:44.153+0000] {dag.py:3096} INFO - Sync 1 DAGs
[2024-06-17T03:59:44.171+0000] {logging_mixin.py:188} INFO - [2024-06-17T03:59:44.170+0000] {dag.py:3954} INFO - Setting next_dagrun for sparking_flow to 2024-06-16 00:00:00+00:00, run_after=2024-06-16 00:00:00+00:00
[2024-06-17T03:59:44.199+0000] {processor.py:183} INFO - Processing /opt/airflow/dags/spark_airflow.py took 0.091 seconds
[2024-06-17T04:00:14.419+0000] {processor.py:161} INFO - Started process (PID=496) to work on /opt/airflow/dags/spark_airflow.py
[2024-06-17T04:00:14.419+0000] {processor.py:830} INFO - Processing file /opt/airflow/dags/spark_airflow.py for tasks to queue
[2024-06-17T04:00:14.421+0000] {logging_mixin.py:188} INFO - [2024-06-17T04:00:14.421+0000] {dagbag.py:545} INFO - Filling up the DagBag from /opt/airflow/dags/spark_airflow.py
[2024-06-17T04:00:14.437+0000] {processor.py:840} INFO - DAG(s) 'sparking_flow' retrieved from /opt/airflow/dags/spark_airflow.py
[2024-06-17T04:00:14.462+0000] {logging_mixin.py:188} INFO - [2024-06-17T04:00:14.462+0000] {dag.py:3096} INFO - Sync 1 DAGs
[2024-06-17T04:00:14.481+0000] {logging_mixin.py:188} INFO - [2024-06-17T04:00:14.481+0000] {dag.py:3954} INFO - Setting next_dagrun for sparking_flow to 2024-06-16 00:00:00+00:00, run_after=2024-06-16 00:00:00+00:00
[2024-06-17T04:00:14.511+0000] {processor.py:183} INFO - Processing /opt/airflow/dags/spark_airflow.py took 0.098 seconds
[2024-06-17T04:00:44.651+0000] {processor.py:161} INFO - Started process (PID=507) to work on /opt/airflow/dags/spark_airflow.py
[2024-06-17T04:00:44.652+0000] {processor.py:830} INFO - Processing file /opt/airflow/dags/spark_airflow.py for tasks to queue
[2024-06-17T04:00:44.654+0000] {logging_mixin.py:188} INFO - [2024-06-17T04:00:44.653+0000] {dagbag.py:545} INFO - Filling up the DagBag from /opt/airflow/dags/spark_airflow.py
[2024-06-17T04:00:44.667+0000] {processor.py:840} INFO - DAG(s) 'sparking_flow' retrieved from /opt/airflow/dags/spark_airflow.py
[2024-06-17T04:00:44.696+0000] {logging_mixin.py:188} INFO - [2024-06-17T04:00:44.696+0000] {dag.py:3096} INFO - Sync 1 DAGs
[2024-06-17T04:00:44.719+0000] {logging_mixin.py:188} INFO - [2024-06-17T04:00:44.719+0000] {dag.py:3954} INFO - Setting next_dagrun for sparking_flow to 2024-06-16 00:00:00+00:00, run_after=2024-06-16 00:00:00+00:00
[2024-06-17T04:00:44.747+0000] {processor.py:183} INFO - Processing /opt/airflow/dags/spark_airflow.py took 0.101 seconds
[2024-06-17T04:01:14.980+0000] {processor.py:161} INFO - Started process (PID=518) to work on /opt/airflow/dags/spark_airflow.py
[2024-06-17T04:01:14.981+0000] {processor.py:830} INFO - Processing file /opt/airflow/dags/spark_airflow.py for tasks to queue
[2024-06-17T04:01:14.983+0000] {logging_mixin.py:188} INFO - [2024-06-17T04:01:14.983+0000] {dagbag.py:545} INFO - Filling up the DagBag from /opt/airflow/dags/spark_airflow.py
[2024-06-17T04:01:14.996+0000] {processor.py:840} INFO - DAG(s) 'sparking_flow' retrieved from /opt/airflow/dags/spark_airflow.py
[2024-06-17T04:01:15.018+0000] {logging_mixin.py:188} INFO - [2024-06-17T04:01:15.018+0000] {dag.py:3096} INFO - Sync 1 DAGs
[2024-06-17T04:01:15.035+0000] {logging_mixin.py:188} INFO - [2024-06-17T04:01:15.034+0000] {dag.py:3954} INFO - Setting next_dagrun for sparking_flow to 2024-06-16 00:00:00+00:00, run_after=2024-06-16 00:00:00+00:00
[2024-06-17T04:01:15.063+0000] {processor.py:183} INFO - Processing /opt/airflow/dags/spark_airflow.py took 0.089 seconds
[2024-06-17T04:03:26.610+0000] {processor.py:161} INFO - Started process (PID=165) to work on /opt/airflow/dags/spark_airflow.py
[2024-06-17T04:03:26.611+0000] {processor.py:830} INFO - Processing file /opt/airflow/dags/spark_airflow.py for tasks to queue
[2024-06-17T04:03:26.613+0000] {logging_mixin.py:188} INFO - [2024-06-17T04:03:26.612+0000] {dagbag.py:545} INFO - Filling up the DagBag from /opt/airflow/dags/spark_airflow.py
[2024-06-17T04:03:26.640+0000] {processor.py:840} INFO - DAG(s) 'sparking_flow' retrieved from /opt/airflow/dags/spark_airflow.py
[2024-06-17T04:03:27.070+0000] {logging_mixin.py:188} INFO - [2024-06-17T04:03:27.069+0000] {dag.py:3096} INFO - Sync 1 DAGs
[2024-06-17T04:03:27.270+0000] {logging_mixin.py:188} INFO - [2024-06-17T04:03:27.270+0000] {dag.py:3954} INFO - Setting next_dagrun for sparking_flow to 2024-06-16 00:00:00+00:00, run_after=2024-06-16 00:00:00+00:00
[2024-06-17T04:03:27.293+0000] {processor.py:183} INFO - Processing /opt/airflow/dags/spark_airflow.py took 0.689 seconds
[2024-06-17T04:03:57.537+0000] {processor.py:161} INFO - Started process (PID=176) to work on /opt/airflow/dags/spark_airflow.py
[2024-06-17T04:03:57.538+0000] {processor.py:830} INFO - Processing file /opt/airflow/dags/spark_airflow.py for tasks to queue
[2024-06-17T04:03:57.540+0000] {logging_mixin.py:188} INFO - [2024-06-17T04:03:57.540+0000] {dagbag.py:545} INFO - Filling up the DagBag from /opt/airflow/dags/spark_airflow.py
[2024-06-17T04:03:57.556+0000] {processor.py:840} INFO - DAG(s) 'sparking_flow' retrieved from /opt/airflow/dags/spark_airflow.py
[2024-06-17T04:03:57.583+0000] {logging_mixin.py:188} INFO - [2024-06-17T04:03:57.583+0000] {dag.py:3096} INFO - Sync 1 DAGs
[2024-06-17T04:03:57.600+0000] {logging_mixin.py:188} INFO - [2024-06-17T04:03:57.599+0000] {dag.py:3954} INFO - Setting next_dagrun for sparking_flow to 2024-06-16 00:00:00+00:00, run_after=2024-06-16 00:00:00+00:00
[2024-06-17T04:03:57.620+0000] {processor.py:183} INFO - Processing /opt/airflow/dags/spark_airflow.py took 0.088 seconds
[2024-06-17T04:04:27.799+0000] {processor.py:161} INFO - Started process (PID=187) to work on /opt/airflow/dags/spark_airflow.py
[2024-06-17T04:04:27.801+0000] {processor.py:830} INFO - Processing file /opt/airflow/dags/spark_airflow.py for tasks to queue
[2024-06-17T04:04:27.811+0000] {logging_mixin.py:188} INFO - [2024-06-17T04:04:27.811+0000] {dagbag.py:545} INFO - Filling up the DagBag from /opt/airflow/dags/spark_airflow.py
[2024-06-17T04:04:27.833+0000] {processor.py:840} INFO - DAG(s) 'sparking_flow' retrieved from /opt/airflow/dags/spark_airflow.py
[2024-06-17T04:04:27.859+0000] {logging_mixin.py:188} INFO - [2024-06-17T04:04:27.859+0000] {dag.py:3096} INFO - Sync 1 DAGs
[2024-06-17T04:04:27.875+0000] {logging_mixin.py:188} INFO - [2024-06-17T04:04:27.874+0000] {dag.py:3954} INFO - Setting next_dagrun for sparking_flow to 2024-06-16 00:00:00+00:00, run_after=2024-06-16 00:00:00+00:00
[2024-06-17T04:04:27.893+0000] {processor.py:183} INFO - Processing /opt/airflow/dags/spark_airflow.py took 0.100 seconds
[2024-06-17T04:04:58.150+0000] {processor.py:161} INFO - Started process (PID=198) to work on /opt/airflow/dags/spark_airflow.py
[2024-06-17T04:04:58.151+0000] {processor.py:830} INFO - Processing file /opt/airflow/dags/spark_airflow.py for tasks to queue
[2024-06-17T04:04:58.153+0000] {logging_mixin.py:188} INFO - [2024-06-17T04:04:58.152+0000] {dagbag.py:545} INFO - Filling up the DagBag from /opt/airflow/dags/spark_airflow.py
[2024-06-17T04:04:58.167+0000] {processor.py:840} INFO - DAG(s) 'sparking_flow' retrieved from /opt/airflow/dags/spark_airflow.py
[2024-06-17T04:04:58.190+0000] {logging_mixin.py:188} INFO - [2024-06-17T04:04:58.190+0000] {dag.py:3096} INFO - Sync 1 DAGs
[2024-06-17T04:04:58.207+0000] {logging_mixin.py:188} INFO - [2024-06-17T04:04:58.207+0000] {dag.py:3954} INFO - Setting next_dagrun for sparking_flow to 2024-06-16 00:00:00+00:00, run_after=2024-06-16 00:00:00+00:00
[2024-06-17T04:04:58.237+0000] {processor.py:183} INFO - Processing /opt/airflow/dags/spark_airflow.py took 0.092 seconds
[2024-06-17T04:05:28.397+0000] {processor.py:161} INFO - Started process (PID=209) to work on /opt/airflow/dags/spark_airflow.py
[2024-06-17T04:05:28.398+0000] {processor.py:830} INFO - Processing file /opt/airflow/dags/spark_airflow.py for tasks to queue
[2024-06-17T04:05:28.400+0000] {logging_mixin.py:188} INFO - [2024-06-17T04:05:28.400+0000] {dagbag.py:545} INFO - Filling up the DagBag from /opt/airflow/dags/spark_airflow.py
[2024-06-17T04:05:28.415+0000] {processor.py:840} INFO - DAG(s) 'sparking_flow' retrieved from /opt/airflow/dags/spark_airflow.py
[2024-06-17T04:05:28.440+0000] {logging_mixin.py:188} INFO - [2024-06-17T04:05:28.440+0000] {dag.py:3096} INFO - Sync 1 DAGs
[2024-06-17T04:05:28.459+0000] {logging_mixin.py:188} INFO - [2024-06-17T04:05:28.458+0000] {dag.py:3954} INFO - Setting next_dagrun for sparking_flow to 2024-06-16 00:00:00+00:00, run_after=2024-06-16 00:00:00+00:00
[2024-06-17T04:05:28.480+0000] {processor.py:183} INFO - Processing /opt/airflow/dags/spark_airflow.py took 0.089 seconds
[2024-06-17T04:05:58.676+0000] {processor.py:161} INFO - Started process (PID=220) to work on /opt/airflow/dags/spark_airflow.py
[2024-06-17T04:05:58.677+0000] {processor.py:830} INFO - Processing file /opt/airflow/dags/spark_airflow.py for tasks to queue
[2024-06-17T04:05:58.679+0000] {logging_mixin.py:188} INFO - [2024-06-17T04:05:58.679+0000] {dagbag.py:545} INFO - Filling up the DagBag from /opt/airflow/dags/spark_airflow.py
[2024-06-17T04:05:58.692+0000] {processor.py:840} INFO - DAG(s) 'sparking_flow' retrieved from /opt/airflow/dags/spark_airflow.py
[2024-06-17T04:05:58.714+0000] {logging_mixin.py:188} INFO - [2024-06-17T04:05:58.714+0000] {dag.py:3096} INFO - Sync 1 DAGs
[2024-06-17T04:05:58.731+0000] {logging_mixin.py:188} INFO - [2024-06-17T04:05:58.730+0000] {dag.py:3954} INFO - Setting next_dagrun for sparking_flow to 2024-06-16 00:00:00+00:00, run_after=2024-06-16 00:00:00+00:00
[2024-06-17T04:05:58.876+0000] {processor.py:183} INFO - Processing /opt/airflow/dags/spark_airflow.py took 0.205 seconds
[2024-06-17T04:06:28.947+0000] {processor.py:161} INFO - Started process (PID=231) to work on /opt/airflow/dags/spark_airflow.py
[2024-06-17T04:06:28.948+0000] {processor.py:830} INFO - Processing file /opt/airflow/dags/spark_airflow.py for tasks to queue
[2024-06-17T04:06:28.951+0000] {logging_mixin.py:188} INFO - [2024-06-17T04:06:28.950+0000] {dagbag.py:545} INFO - Filling up the DagBag from /opt/airflow/dags/spark_airflow.py
[2024-06-17T04:06:28.967+0000] {processor.py:840} INFO - DAG(s) 'sparking_flow' retrieved from /opt/airflow/dags/spark_airflow.py
[2024-06-17T04:06:28.999+0000] {logging_mixin.py:188} INFO - [2024-06-17T04:06:28.999+0000] {dag.py:3096} INFO - Sync 1 DAGs
[2024-06-17T04:06:29.171+0000] {logging_mixin.py:188} INFO - [2024-06-17T04:06:29.170+0000] {dag.py:3954} INFO - Setting next_dagrun for sparking_flow to 2024-06-16 00:00:00+00:00, run_after=2024-06-16 00:00:00+00:00
[2024-06-17T04:06:29.193+0000] {processor.py:183} INFO - Processing /opt/airflow/dags/spark_airflow.py took 0.251 seconds
[2024-06-17T04:07:35.432+0000] {processor.py:161} INFO - Started process (PID=165) to work on /opt/airflow/dags/spark_airflow.py
[2024-06-17T04:07:35.432+0000] {processor.py:830} INFO - Processing file /opt/airflow/dags/spark_airflow.py for tasks to queue
[2024-06-17T04:07:35.434+0000] {logging_mixin.py:188} INFO - [2024-06-17T04:07:35.434+0000] {dagbag.py:545} INFO - Filling up the DagBag from /opt/airflow/dags/spark_airflow.py
[2024-06-17T04:07:35.448+0000] {processor.py:840} INFO - DAG(s) 'sparking_flow' retrieved from /opt/airflow/dags/spark_airflow.py
[2024-06-17T04:07:35.564+0000] {logging_mixin.py:188} INFO - [2024-06-17T04:07:35.563+0000] {dag.py:3096} INFO - Sync 1 DAGs
[2024-06-17T04:07:35.581+0000] {logging_mixin.py:188} INFO - [2024-06-17T04:07:35.580+0000] {dag.py:3954} INFO - Setting next_dagrun for sparking_flow to 2024-06-16 00:00:00+00:00, run_after=2024-06-16 00:00:00+00:00
[2024-06-17T04:07:35.601+0000] {processor.py:183} INFO - Processing /opt/airflow/dags/spark_airflow.py took 0.174 seconds
[2024-06-17T04:08:05.675+0000] {processor.py:161} INFO - Started process (PID=176) to work on /opt/airflow/dags/spark_airflow.py
[2024-06-17T04:08:05.676+0000] {processor.py:830} INFO - Processing file /opt/airflow/dags/spark_airflow.py for tasks to queue
[2024-06-17T04:08:05.679+0000] {logging_mixin.py:188} INFO - [2024-06-17T04:08:05.678+0000] {dagbag.py:545} INFO - Filling up the DagBag from /opt/airflow/dags/spark_airflow.py
[2024-06-17T04:08:05.701+0000] {processor.py:840} INFO - DAG(s) 'sparking_flow' retrieved from /opt/airflow/dags/spark_airflow.py
[2024-06-17T04:08:05.737+0000] {logging_mixin.py:188} INFO - [2024-06-17T04:08:05.737+0000] {dag.py:3096} INFO - Sync 1 DAGs
[2024-06-17T04:08:05.761+0000] {logging_mixin.py:188} INFO - [2024-06-17T04:08:05.761+0000] {dag.py:3954} INFO - Setting next_dagrun for sparking_flow to 2024-06-16 00:00:00+00:00, run_after=2024-06-16 00:00:00+00:00
[2024-06-17T04:08:05.788+0000] {processor.py:183} INFO - Processing /opt/airflow/dags/spark_airflow.py took 0.118 seconds
[2024-06-17T04:08:35.928+0000] {processor.py:161} INFO - Started process (PID=187) to work on /opt/airflow/dags/spark_airflow.py
[2024-06-17T04:08:35.929+0000] {processor.py:830} INFO - Processing file /opt/airflow/dags/spark_airflow.py for tasks to queue
[2024-06-17T04:08:35.931+0000] {logging_mixin.py:188} INFO - [2024-06-17T04:08:35.931+0000] {dagbag.py:545} INFO - Filling up the DagBag from /opt/airflow/dags/spark_airflow.py
[2024-06-17T04:08:35.947+0000] {processor.py:840} INFO - DAG(s) 'sparking_flow' retrieved from /opt/airflow/dags/spark_airflow.py
[2024-06-17T04:08:35.972+0000] {logging_mixin.py:188} INFO - [2024-06-17T04:08:35.972+0000] {dag.py:3096} INFO - Sync 1 DAGs
[2024-06-17T04:08:35.991+0000] {logging_mixin.py:188} INFO - [2024-06-17T04:08:35.991+0000] {dag.py:3954} INFO - Setting next_dagrun for sparking_flow to 2024-06-16 00:00:00+00:00, run_after=2024-06-16 00:00:00+00:00
[2024-06-17T04:08:36.012+0000] {processor.py:183} INFO - Processing /opt/airflow/dags/spark_airflow.py took 0.089 seconds
[2024-06-17T04:09:06.224+0000] {processor.py:161} INFO - Started process (PID=197) to work on /opt/airflow/dags/spark_airflow.py
[2024-06-17T04:09:06.225+0000] {processor.py:830} INFO - Processing file /opt/airflow/dags/spark_airflow.py for tasks to queue
[2024-06-17T04:09:06.227+0000] {logging_mixin.py:188} INFO - [2024-06-17T04:09:06.227+0000] {dagbag.py:545} INFO - Filling up the DagBag from /opt/airflow/dags/spark_airflow.py
[2024-06-17T04:09:06.243+0000] {processor.py:840} INFO - DAG(s) 'sparking_flow' retrieved from /opt/airflow/dags/spark_airflow.py
[2024-06-17T04:09:06.266+0000] {logging_mixin.py:188} INFO - [2024-06-17T04:09:06.266+0000] {dag.py:3096} INFO - Sync 1 DAGs
[2024-06-17T04:09:06.283+0000] {logging_mixin.py:188} INFO - [2024-06-17T04:09:06.282+0000] {dag.py:3954} INFO - Setting next_dagrun for sparking_flow to 2024-06-16 00:00:00+00:00, run_after=2024-06-16 00:00:00+00:00
[2024-06-17T04:09:06.302+0000] {processor.py:183} INFO - Processing /opt/airflow/dags/spark_airflow.py took 0.083 seconds
[2024-06-17T04:09:36.467+0000] {processor.py:161} INFO - Started process (PID=208) to work on /opt/airflow/dags/spark_airflow.py
[2024-06-17T04:09:36.468+0000] {processor.py:830} INFO - Processing file /opt/airflow/dags/spark_airflow.py for tasks to queue
[2024-06-17T04:09:36.470+0000] {logging_mixin.py:188} INFO - [2024-06-17T04:09:36.469+0000] {dagbag.py:545} INFO - Filling up the DagBag from /opt/airflow/dags/spark_airflow.py
[2024-06-17T04:09:36.486+0000] {processor.py:840} INFO - DAG(s) 'sparking_flow' retrieved from /opt/airflow/dags/spark_airflow.py
[2024-06-17T04:09:36.513+0000] {logging_mixin.py:188} INFO - [2024-06-17T04:09:36.513+0000] {dag.py:3096} INFO - Sync 1 DAGs
[2024-06-17T04:09:36.534+0000] {logging_mixin.py:188} INFO - [2024-06-17T04:09:36.534+0000] {dag.py:3954} INFO - Setting next_dagrun for sparking_flow to 2024-06-16 00:00:00+00:00, run_after=2024-06-16 00:00:00+00:00
[2024-06-17T04:09:36.558+0000] {processor.py:183} INFO - Processing /opt/airflow/dags/spark_airflow.py took 0.097 seconds
[2024-06-17T04:10:06.735+0000] {processor.py:161} INFO - Started process (PID=219) to work on /opt/airflow/dags/spark_airflow.py
[2024-06-17T04:10:06.736+0000] {processor.py:830} INFO - Processing file /opt/airflow/dags/spark_airflow.py for tasks to queue
[2024-06-17T04:10:06.737+0000] {logging_mixin.py:188} INFO - [2024-06-17T04:10:06.737+0000] {dagbag.py:545} INFO - Filling up the DagBag from /opt/airflow/dags/spark_airflow.py
[2024-06-17T04:10:06.750+0000] {processor.py:840} INFO - DAG(s) 'sparking_flow' retrieved from /opt/airflow/dags/spark_airflow.py
[2024-06-17T04:10:06.771+0000] {logging_mixin.py:188} INFO - [2024-06-17T04:10:06.771+0000] {dag.py:3096} INFO - Sync 1 DAGs
[2024-06-17T04:10:06.788+0000] {logging_mixin.py:188} INFO - [2024-06-17T04:10:06.788+0000] {dag.py:3954} INFO - Setting next_dagrun for sparking_flow to 2024-06-16 00:00:00+00:00, run_after=2024-06-16 00:00:00+00:00
[2024-06-17T04:10:06.810+0000] {processor.py:183} INFO - Processing /opt/airflow/dags/spark_airflow.py took 0.081 seconds
[2024-06-17T04:13:44.279+0000] {processor.py:161} INFO - Started process (PID=165) to work on /opt/airflow/dags/spark_airflow.py
[2024-06-17T04:13:44.280+0000] {processor.py:830} INFO - Processing file /opt/airflow/dags/spark_airflow.py for tasks to queue
[2024-06-17T04:13:44.283+0000] {logging_mixin.py:188} INFO - [2024-06-17T04:13:44.282+0000] {dagbag.py:545} INFO - Filling up the DagBag from /opt/airflow/dags/spark_airflow.py
[2024-06-17T04:13:44.317+0000] {processor.py:840} INFO - DAG(s) 'sparking_flow' retrieved from /opt/airflow/dags/spark_airflow.py
[2024-06-17T04:13:44.601+0000] {logging_mixin.py:188} INFO - [2024-06-17T04:13:44.601+0000] {dag.py:3096} INFO - Sync 1 DAGs
[2024-06-17T04:13:44.818+0000] {logging_mixin.py:188} INFO - [2024-06-17T04:13:44.817+0000] {dag.py:3954} INFO - Setting next_dagrun for sparking_flow to 2024-06-16 00:00:00+00:00, run_after=2024-06-16 00:00:00+00:00
[2024-06-17T04:13:44.839+0000] {processor.py:183} INFO - Processing /opt/airflow/dags/spark_airflow.py took 0.567 seconds
[2024-06-17T04:14:15.065+0000] {processor.py:161} INFO - Started process (PID=176) to work on /opt/airflow/dags/spark_airflow.py
[2024-06-17T04:14:15.066+0000] {processor.py:830} INFO - Processing file /opt/airflow/dags/spark_airflow.py for tasks to queue
[2024-06-17T04:14:15.068+0000] {logging_mixin.py:188} INFO - [2024-06-17T04:14:15.068+0000] {dagbag.py:545} INFO - Filling up the DagBag from /opt/airflow/dags/spark_airflow.py
[2024-06-17T04:14:15.087+0000] {processor.py:840} INFO - DAG(s) 'sparking_flow' retrieved from /opt/airflow/dags/spark_airflow.py
[2024-06-17T04:14:15.116+0000] {logging_mixin.py:188} INFO - [2024-06-17T04:14:15.116+0000] {dag.py:3096} INFO - Sync 1 DAGs
[2024-06-17T04:14:15.134+0000] {logging_mixin.py:188} INFO - [2024-06-17T04:14:15.134+0000] {dag.py:3954} INFO - Setting next_dagrun for sparking_flow to 2024-06-16 00:00:00+00:00, run_after=2024-06-16 00:00:00+00:00
[2024-06-17T04:14:15.167+0000] {processor.py:183} INFO - Processing /opt/airflow/dags/spark_airflow.py took 0.108 seconds
[2024-06-17T04:14:45.333+0000] {processor.py:161} INFO - Started process (PID=187) to work on /opt/airflow/dags/spark_airflow.py
[2024-06-17T04:14:45.334+0000] {processor.py:830} INFO - Processing file /opt/airflow/dags/spark_airflow.py for tasks to queue
[2024-06-17T04:14:45.336+0000] {logging_mixin.py:188} INFO - [2024-06-17T04:14:45.336+0000] {dagbag.py:545} INFO - Filling up the DagBag from /opt/airflow/dags/spark_airflow.py
[2024-06-17T04:14:45.355+0000] {processor.py:840} INFO - DAG(s) 'sparking_flow' retrieved from /opt/airflow/dags/spark_airflow.py
[2024-06-17T04:14:45.384+0000] {logging_mixin.py:188} INFO - [2024-06-17T04:14:45.384+0000] {dag.py:3096} INFO - Sync 1 DAGs
[2024-06-17T04:14:45.404+0000] {logging_mixin.py:188} INFO - [2024-06-17T04:14:45.404+0000] {dag.py:3954} INFO - Setting next_dagrun for sparking_flow to 2024-06-16 00:00:00+00:00, run_after=2024-06-16 00:00:00+00:00
[2024-06-17T04:14:45.438+0000] {processor.py:183} INFO - Processing /opt/airflow/dags/spark_airflow.py took 0.110 seconds
[2024-06-17T04:15:15.599+0000] {processor.py:161} INFO - Started process (PID=198) to work on /opt/airflow/dags/spark_airflow.py
[2024-06-17T04:15:15.600+0000] {processor.py:830} INFO - Processing file /opt/airflow/dags/spark_airflow.py for tasks to queue
[2024-06-17T04:15:15.602+0000] {logging_mixin.py:188} INFO - [2024-06-17T04:15:15.601+0000] {dagbag.py:545} INFO - Filling up the DagBag from /opt/airflow/dags/spark_airflow.py
[2024-06-17T04:15:15.617+0000] {processor.py:840} INFO - DAG(s) 'sparking_flow' retrieved from /opt/airflow/dags/spark_airflow.py
[2024-06-17T04:15:15.646+0000] {logging_mixin.py:188} INFO - [2024-06-17T04:15:15.646+0000] {dag.py:3096} INFO - Sync 1 DAGs
[2024-06-17T04:15:15.667+0000] {logging_mixin.py:188} INFO - [2024-06-17T04:15:15.667+0000] {dag.py:3954} INFO - Setting next_dagrun for sparking_flow to 2024-06-16 00:00:00+00:00, run_after=2024-06-16 00:00:00+00:00
[2024-06-17T04:15:15.691+0000] {processor.py:183} INFO - Processing /opt/airflow/dags/spark_airflow.py took 0.098 seconds
[2024-06-17T04:15:45.882+0000] {processor.py:161} INFO - Started process (PID=209) to work on /opt/airflow/dags/spark_airflow.py
[2024-06-17T04:15:45.883+0000] {processor.py:830} INFO - Processing file /opt/airflow/dags/spark_airflow.py for tasks to queue
[2024-06-17T04:15:45.885+0000] {logging_mixin.py:188} INFO - [2024-06-17T04:15:45.885+0000] {dagbag.py:545} INFO - Filling up the DagBag from /opt/airflow/dags/spark_airflow.py
[2024-06-17T04:15:45.900+0000] {processor.py:840} INFO - DAG(s) 'sparking_flow' retrieved from /opt/airflow/dags/spark_airflow.py
[2024-06-17T04:15:45.925+0000] {logging_mixin.py:188} INFO - [2024-06-17T04:15:45.925+0000] {dag.py:3096} INFO - Sync 1 DAGs
[2024-06-17T04:15:45.942+0000] {logging_mixin.py:188} INFO - [2024-06-17T04:15:45.941+0000] {dag.py:3954} INFO - Setting next_dagrun for sparking_flow to 2024-06-16 00:00:00+00:00, run_after=2024-06-16 00:00:00+00:00
[2024-06-17T04:15:45.972+0000] {processor.py:183} INFO - Processing /opt/airflow/dags/spark_airflow.py took 0.095 seconds
[2024-06-17T04:16:16.122+0000] {processor.py:161} INFO - Started process (PID=220) to work on /opt/airflow/dags/spark_airflow.py
[2024-06-17T04:16:16.123+0000] {processor.py:830} INFO - Processing file /opt/airflow/dags/spark_airflow.py for tasks to queue
[2024-06-17T04:16:16.125+0000] {logging_mixin.py:188} INFO - [2024-06-17T04:16:16.124+0000] {dagbag.py:545} INFO - Filling up the DagBag from /opt/airflow/dags/spark_airflow.py
[2024-06-17T04:16:16.137+0000] {processor.py:840} INFO - DAG(s) 'sparking_flow' retrieved from /opt/airflow/dags/spark_airflow.py
[2024-06-17T04:16:16.159+0000] {logging_mixin.py:188} INFO - [2024-06-17T04:16:16.159+0000] {dag.py:3096} INFO - Sync 1 DAGs
[2024-06-17T04:16:16.176+0000] {logging_mixin.py:188} INFO - [2024-06-17T04:16:16.175+0000] {dag.py:3954} INFO - Setting next_dagrun for sparking_flow to 2024-06-16 00:00:00+00:00, run_after=2024-06-16 00:00:00+00:00
[2024-06-17T04:16:16.321+0000] {processor.py:183} INFO - Processing /opt/airflow/dags/spark_airflow.py took 0.204 seconds
[2024-06-17T04:16:46.469+0000] {processor.py:161} INFO - Started process (PID=231) to work on /opt/airflow/dags/spark_airflow.py
[2024-06-17T04:16:46.470+0000] {processor.py:830} INFO - Processing file /opt/airflow/dags/spark_airflow.py for tasks to queue
[2024-06-17T04:16:46.472+0000] {logging_mixin.py:188} INFO - [2024-06-17T04:16:46.471+0000] {dagbag.py:545} INFO - Filling up the DagBag from /opt/airflow/dags/spark_airflow.py
[2024-06-17T04:16:46.484+0000] {processor.py:840} INFO - DAG(s) 'sparking_flow' retrieved from /opt/airflow/dags/spark_airflow.py
[2024-06-17T04:16:46.508+0000] {logging_mixin.py:188} INFO - [2024-06-17T04:16:46.507+0000] {dag.py:3096} INFO - Sync 1 DAGs
[2024-06-17T04:16:46.638+0000] {logging_mixin.py:188} INFO - [2024-06-17T04:16:46.637+0000] {dag.py:3954} INFO - Setting next_dagrun for sparking_flow to 2024-06-16 00:00:00+00:00, run_after=2024-06-16 00:00:00+00:00
[2024-06-17T04:16:46.666+0000] {processor.py:183} INFO - Processing /opt/airflow/dags/spark_airflow.py took 0.202 seconds
[2024-06-17T04:17:16.787+0000] {processor.py:161} INFO - Started process (PID=242) to work on /opt/airflow/dags/spark_airflow.py
[2024-06-17T04:17:16.788+0000] {processor.py:830} INFO - Processing file /opt/airflow/dags/spark_airflow.py for tasks to queue
[2024-06-17T04:17:16.789+0000] {logging_mixin.py:188} INFO - [2024-06-17T04:17:16.789+0000] {dagbag.py:545} INFO - Filling up the DagBag from /opt/airflow/dags/spark_airflow.py
[2024-06-17T04:17:16.802+0000] {processor.py:840} INFO - DAG(s) 'sparking_flow' retrieved from /opt/airflow/dags/spark_airflow.py
[2024-06-17T04:17:16.931+0000] {logging_mixin.py:188} INFO - [2024-06-17T04:17:16.931+0000] {dag.py:3096} INFO - Sync 1 DAGs
[2024-06-17T04:17:16.947+0000] {logging_mixin.py:188} INFO - [2024-06-17T04:17:16.947+0000] {dag.py:3954} INFO - Setting next_dagrun for sparking_flow to 2024-06-16 00:00:00+00:00, run_after=2024-06-16 00:00:00+00:00
[2024-06-17T04:17:16.975+0000] {processor.py:183} INFO - Processing /opt/airflow/dags/spark_airflow.py took 0.193 seconds
[2024-06-17T04:17:47.136+0000] {processor.py:161} INFO - Started process (PID=253) to work on /opt/airflow/dags/spark_airflow.py
[2024-06-17T04:17:47.137+0000] {processor.py:830} INFO - Processing file /opt/airflow/dags/spark_airflow.py for tasks to queue
[2024-06-17T04:17:47.139+0000] {logging_mixin.py:188} INFO - [2024-06-17T04:17:47.138+0000] {dagbag.py:545} INFO - Filling up the DagBag from /opt/airflow/dags/spark_airflow.py
[2024-06-17T04:17:47.294+0000] {processor.py:840} INFO - DAG(s) 'sparking_flow' retrieved from /opt/airflow/dags/spark_airflow.py
[2024-06-17T04:17:47.321+0000] {logging_mixin.py:188} INFO - [2024-06-17T04:17:47.321+0000] {dag.py:3096} INFO - Sync 1 DAGs
[2024-06-17T04:17:47.362+0000] {logging_mixin.py:188} INFO - [2024-06-17T04:17:47.361+0000] {dag.py:3954} INFO - Setting next_dagrun for sparking_flow to 2024-06-16 00:00:00+00:00, run_after=2024-06-16 00:00:00+00:00
[2024-06-17T04:17:47.394+0000] {processor.py:183} INFO - Processing /opt/airflow/dags/spark_airflow.py took 0.264 seconds
[2024-06-17T04:18:17.476+0000] {processor.py:161} INFO - Started process (PID=264) to work on /opt/airflow/dags/spark_airflow.py
[2024-06-17T04:18:17.477+0000] {processor.py:830} INFO - Processing file /opt/airflow/dags/spark_airflow.py for tasks to queue
[2024-06-17T04:18:17.478+0000] {logging_mixin.py:188} INFO - [2024-06-17T04:18:17.478+0000] {dagbag.py:545} INFO - Filling up the DagBag from /opt/airflow/dags/spark_airflow.py
[2024-06-17T04:18:17.494+0000] {processor.py:840} INFO - DAG(s) 'sparking_flow' retrieved from /opt/airflow/dags/spark_airflow.py
[2024-06-17T04:18:17.521+0000] {logging_mixin.py:188} INFO - [2024-06-17T04:18:17.521+0000] {dag.py:3096} INFO - Sync 1 DAGs
[2024-06-17T04:18:17.539+0000] {logging_mixin.py:188} INFO - [2024-06-17T04:18:17.538+0000] {dag.py:3954} INFO - Setting next_dagrun for sparking_flow to 2024-06-16 00:00:00+00:00, run_after=2024-06-16 00:00:00+00:00
[2024-06-17T04:18:17.559+0000] {processor.py:183} INFO - Processing /opt/airflow/dags/spark_airflow.py took 0.088 seconds
[2024-06-17T04:18:47.754+0000] {processor.py:161} INFO - Started process (PID=275) to work on /opt/airflow/dags/spark_airflow.py
[2024-06-17T04:18:47.755+0000] {processor.py:830} INFO - Processing file /opt/airflow/dags/spark_airflow.py for tasks to queue
[2024-06-17T04:18:47.756+0000] {logging_mixin.py:188} INFO - [2024-06-17T04:18:47.756+0000] {dagbag.py:545} INFO - Filling up the DagBag from /opt/airflow/dags/spark_airflow.py
[2024-06-17T04:18:47.772+0000] {processor.py:840} INFO - DAG(s) 'sparking_flow' retrieved from /opt/airflow/dags/spark_airflow.py
[2024-06-17T04:18:47.799+0000] {logging_mixin.py:188} INFO - [2024-06-17T04:18:47.799+0000] {dag.py:3096} INFO - Sync 1 DAGs
[2024-06-17T04:18:47.821+0000] {logging_mixin.py:188} INFO - [2024-06-17T04:18:47.820+0000] {dag.py:3954} INFO - Setting next_dagrun for sparking_flow to 2024-06-16 00:00:00+00:00, run_after=2024-06-16 00:00:00+00:00
[2024-06-17T04:18:47.845+0000] {processor.py:183} INFO - Processing /opt/airflow/dags/spark_airflow.py took 0.098 seconds
[2024-06-17T04:19:18.014+0000] {processor.py:161} INFO - Started process (PID=286) to work on /opt/airflow/dags/spark_airflow.py
[2024-06-17T04:19:18.015+0000] {processor.py:830} INFO - Processing file /opt/airflow/dags/spark_airflow.py for tasks to queue
[2024-06-17T04:19:18.017+0000] {logging_mixin.py:188} INFO - [2024-06-17T04:19:18.016+0000] {dagbag.py:545} INFO - Filling up the DagBag from /opt/airflow/dags/spark_airflow.py
[2024-06-17T04:19:18.033+0000] {processor.py:840} INFO - DAG(s) 'sparking_flow' retrieved from /opt/airflow/dags/spark_airflow.py
[2024-06-17T04:19:18.058+0000] {logging_mixin.py:188} INFO - [2024-06-17T04:19:18.058+0000] {dag.py:3096} INFO - Sync 1 DAGs
[2024-06-17T04:19:18.079+0000] {logging_mixin.py:188} INFO - [2024-06-17T04:19:18.078+0000] {dag.py:3954} INFO - Setting next_dagrun for sparking_flow to 2024-06-16 00:00:00+00:00, run_after=2024-06-16 00:00:00+00:00
[2024-06-17T04:19:18.101+0000] {processor.py:183} INFO - Processing /opt/airflow/dags/spark_airflow.py took 0.094 seconds
[2024-06-17T04:19:48.314+0000] {processor.py:161} INFO - Started process (PID=297) to work on /opt/airflow/dags/spark_airflow.py
[2024-06-17T04:19:48.315+0000] {processor.py:830} INFO - Processing file /opt/airflow/dags/spark_airflow.py for tasks to queue
[2024-06-17T04:19:48.317+0000] {logging_mixin.py:188} INFO - [2024-06-17T04:19:48.316+0000] {dagbag.py:545} INFO - Filling up the DagBag from /opt/airflow/dags/spark_airflow.py
[2024-06-17T04:19:48.334+0000] {processor.py:840} INFO - DAG(s) 'sparking_flow' retrieved from /opt/airflow/dags/spark_airflow.py
[2024-06-17T04:19:48.362+0000] {logging_mixin.py:188} INFO - [2024-06-17T04:19:48.362+0000] {dag.py:3096} INFO - Sync 1 DAGs
[2024-06-17T04:19:48.382+0000] {logging_mixin.py:188} INFO - [2024-06-17T04:19:48.382+0000] {dag.py:3954} INFO - Setting next_dagrun for sparking_flow to 2024-06-16 00:00:00+00:00, run_after=2024-06-16 00:00:00+00:00
[2024-06-17T04:19:48.413+0000] {processor.py:183} INFO - Processing /opt/airflow/dags/spark_airflow.py took 0.108 seconds
[2024-06-17T04:20:18.556+0000] {processor.py:161} INFO - Started process (PID=308) to work on /opt/airflow/dags/spark_airflow.py
[2024-06-17T04:20:18.557+0000] {processor.py:830} INFO - Processing file /opt/airflow/dags/spark_airflow.py for tasks to queue
[2024-06-17T04:20:18.559+0000] {logging_mixin.py:188} INFO - [2024-06-17T04:20:18.559+0000] {dagbag.py:545} INFO - Filling up the DagBag from /opt/airflow/dags/spark_airflow.py
[2024-06-17T04:20:18.574+0000] {processor.py:840} INFO - DAG(s) 'sparking_flow' retrieved from /opt/airflow/dags/spark_airflow.py
[2024-06-17T04:20:18.601+0000] {logging_mixin.py:188} INFO - [2024-06-17T04:20:18.600+0000] {dag.py:3096} INFO - Sync 1 DAGs
[2024-06-17T04:20:18.619+0000] {logging_mixin.py:188} INFO - [2024-06-17T04:20:18.619+0000] {dag.py:3954} INFO - Setting next_dagrun for sparking_flow to 2024-06-16 00:00:00+00:00, run_after=2024-06-16 00:00:00+00:00
[2024-06-17T04:20:18.651+0000] {processor.py:183} INFO - Processing /opt/airflow/dags/spark_airflow.py took 0.100 seconds
[2024-06-17T04:20:48.873+0000] {processor.py:161} INFO - Started process (PID=319) to work on /opt/airflow/dags/spark_airflow.py
[2024-06-17T04:20:48.873+0000] {processor.py:830} INFO - Processing file /opt/airflow/dags/spark_airflow.py for tasks to queue
[2024-06-17T04:20:48.875+0000] {logging_mixin.py:188} INFO - [2024-06-17T04:20:48.875+0000] {dagbag.py:545} INFO - Filling up the DagBag from /opt/airflow/dags/spark_airflow.py
[2024-06-17T04:20:48.889+0000] {processor.py:840} INFO - DAG(s) 'sparking_flow' retrieved from /opt/airflow/dags/spark_airflow.py
[2024-06-17T04:20:48.913+0000] {logging_mixin.py:188} INFO - [2024-06-17T04:20:48.913+0000] {dag.py:3096} INFO - Sync 1 DAGs
[2024-06-17T04:20:48.932+0000] {logging_mixin.py:188} INFO - [2024-06-17T04:20:48.931+0000] {dag.py:3954} INFO - Setting next_dagrun for sparking_flow to 2024-06-16 00:00:00+00:00, run_after=2024-06-16 00:00:00+00:00
[2024-06-17T04:20:48.964+0000] {processor.py:183} INFO - Processing /opt/airflow/dags/spark_airflow.py took 0.096 seconds
[2024-06-17T04:21:19.140+0000] {processor.py:161} INFO - Started process (PID=330) to work on /opt/airflow/dags/spark_airflow.py
[2024-06-17T04:21:19.140+0000] {processor.py:830} INFO - Processing file /opt/airflow/dags/spark_airflow.py for tasks to queue
[2024-06-17T04:21:19.142+0000] {logging_mixin.py:188} INFO - [2024-06-17T04:21:19.142+0000] {dagbag.py:545} INFO - Filling up the DagBag from /opt/airflow/dags/spark_airflow.py
[2024-06-17T04:21:19.158+0000] {processor.py:840} INFO - DAG(s) 'sparking_flow' retrieved from /opt/airflow/dags/spark_airflow.py
[2024-06-17T04:21:19.185+0000] {logging_mixin.py:188} INFO - [2024-06-17T04:21:19.185+0000] {dag.py:3096} INFO - Sync 1 DAGs
[2024-06-17T04:21:19.205+0000] {logging_mixin.py:188} INFO - [2024-06-17T04:21:19.204+0000] {dag.py:3954} INFO - Setting next_dagrun for sparking_flow to 2024-06-16 00:00:00+00:00, run_after=2024-06-16 00:00:00+00:00
[2024-06-17T04:21:19.238+0000] {processor.py:183} INFO - Processing /opt/airflow/dags/spark_airflow.py took 0.104 seconds
[2024-06-17T04:21:49.472+0000] {processor.py:161} INFO - Started process (PID=341) to work on /opt/airflow/dags/spark_airflow.py
[2024-06-17T04:21:49.472+0000] {processor.py:830} INFO - Processing file /opt/airflow/dags/spark_airflow.py for tasks to queue
[2024-06-17T04:21:49.474+0000] {logging_mixin.py:188} INFO - [2024-06-17T04:21:49.474+0000] {dagbag.py:545} INFO - Filling up the DagBag from /opt/airflow/dags/spark_airflow.py
[2024-06-17T04:21:49.487+0000] {processor.py:840} INFO - DAG(s) 'sparking_flow' retrieved from /opt/airflow/dags/spark_airflow.py
[2024-06-17T04:21:49.510+0000] {logging_mixin.py:188} INFO - [2024-06-17T04:21:49.510+0000] {dag.py:3096} INFO - Sync 1 DAGs
[2024-06-17T04:21:49.526+0000] {logging_mixin.py:188} INFO - [2024-06-17T04:21:49.526+0000] {dag.py:3954} INFO - Setting next_dagrun for sparking_flow to 2024-06-16 00:00:00+00:00, run_after=2024-06-16 00:00:00+00:00
[2024-06-17T04:21:49.556+0000] {processor.py:183} INFO - Processing /opt/airflow/dags/spark_airflow.py took 0.089 seconds
[2024-06-17T04:22:19.719+0000] {processor.py:161} INFO - Started process (PID=352) to work on /opt/airflow/dags/spark_airflow.py
[2024-06-17T04:22:19.720+0000] {processor.py:830} INFO - Processing file /opt/airflow/dags/spark_airflow.py for tasks to queue
[2024-06-17T04:22:19.722+0000] {logging_mixin.py:188} INFO - [2024-06-17T04:22:19.721+0000] {dagbag.py:545} INFO - Filling up the DagBag from /opt/airflow/dags/spark_airflow.py
[2024-06-17T04:22:19.743+0000] {processor.py:840} INFO - DAG(s) 'sparking_flow' retrieved from /opt/airflow/dags/spark_airflow.py
[2024-06-17T04:22:19.776+0000] {logging_mixin.py:188} INFO - [2024-06-17T04:22:19.776+0000] {dag.py:3096} INFO - Sync 1 DAGs
[2024-06-17T04:22:19.798+0000] {logging_mixin.py:188} INFO - [2024-06-17T04:22:19.798+0000] {dag.py:3954} INFO - Setting next_dagrun for sparking_flow to 2024-06-16 00:00:00+00:00, run_after=2024-06-16 00:00:00+00:00
[2024-06-17T04:22:19.836+0000] {processor.py:183} INFO - Processing /opt/airflow/dags/spark_airflow.py took 0.122 seconds
[2024-06-17T04:22:50.069+0000] {processor.py:161} INFO - Started process (PID=363) to work on /opt/airflow/dags/spark_airflow.py
[2024-06-17T04:22:50.070+0000] {processor.py:830} INFO - Processing file /opt/airflow/dags/spark_airflow.py for tasks to queue
[2024-06-17T04:22:50.072+0000] {logging_mixin.py:188} INFO - [2024-06-17T04:22:50.071+0000] {dagbag.py:545} INFO - Filling up the DagBag from /opt/airflow/dags/spark_airflow.py
[2024-06-17T04:22:50.085+0000] {processor.py:840} INFO - DAG(s) 'sparking_flow' retrieved from /opt/airflow/dags/spark_airflow.py
[2024-06-17T04:22:50.110+0000] {logging_mixin.py:188} INFO - [2024-06-17T04:22:50.110+0000] {dag.py:3096} INFO - Sync 1 DAGs
[2024-06-17T04:22:50.127+0000] {logging_mixin.py:188} INFO - [2024-06-17T04:22:50.126+0000] {dag.py:3954} INFO - Setting next_dagrun for sparking_flow to 2024-06-16 00:00:00+00:00, run_after=2024-06-16 00:00:00+00:00
[2024-06-17T04:22:50.148+0000] {processor.py:183} INFO - Processing /opt/airflow/dags/spark_airflow.py took 0.084 seconds
[2024-06-17T04:23:20.331+0000] {processor.py:161} INFO - Started process (PID=374) to work on /opt/airflow/dags/spark_airflow.py
[2024-06-17T04:23:20.332+0000] {processor.py:830} INFO - Processing file /opt/airflow/dags/spark_airflow.py for tasks to queue
[2024-06-17T04:23:20.333+0000] {logging_mixin.py:188} INFO - [2024-06-17T04:23:20.333+0000] {dagbag.py:545} INFO - Filling up the DagBag from /opt/airflow/dags/spark_airflow.py
[2024-06-17T04:23:20.348+0000] {processor.py:840} INFO - DAG(s) 'sparking_flow' retrieved from /opt/airflow/dags/spark_airflow.py
[2024-06-17T04:23:20.379+0000] {logging_mixin.py:188} INFO - [2024-06-17T04:23:20.379+0000] {dag.py:3096} INFO - Sync 1 DAGs
[2024-06-17T04:23:20.398+0000] {logging_mixin.py:188} INFO - [2024-06-17T04:23:20.398+0000] {dag.py:3954} INFO - Setting next_dagrun for sparking_flow to 2024-06-16 00:00:00+00:00, run_after=2024-06-16 00:00:00+00:00
[2024-06-17T04:23:20.428+0000] {processor.py:183} INFO - Processing /opt/airflow/dags/spark_airflow.py took 0.103 seconds
[2024-06-17T04:23:50.639+0000] {processor.py:161} INFO - Started process (PID=385) to work on /opt/airflow/dags/spark_airflow.py
[2024-06-17T04:23:50.640+0000] {processor.py:830} INFO - Processing file /opt/airflow/dags/spark_airflow.py for tasks to queue
[2024-06-17T04:23:50.643+0000] {logging_mixin.py:188} INFO - [2024-06-17T04:23:50.642+0000] {dagbag.py:545} INFO - Filling up the DagBag from /opt/airflow/dags/spark_airflow.py
[2024-06-17T04:23:50.662+0000] {processor.py:840} INFO - DAG(s) 'sparking_flow' retrieved from /opt/airflow/dags/spark_airflow.py
[2024-06-17T04:23:50.691+0000] {logging_mixin.py:188} INFO - [2024-06-17T04:23:50.691+0000] {dag.py:3096} INFO - Sync 1 DAGs
[2024-06-17T04:23:50.710+0000] {logging_mixin.py:188} INFO - [2024-06-17T04:23:50.710+0000] {dag.py:3954} INFO - Setting next_dagrun for sparking_flow to 2024-06-16 00:00:00+00:00, run_after=2024-06-16 00:00:00+00:00
[2024-06-17T04:23:50.742+0000] {processor.py:183} INFO - Processing /opt/airflow/dags/spark_airflow.py took 0.110 seconds
[2024-06-17T04:24:20.891+0000] {processor.py:161} INFO - Started process (PID=396) to work on /opt/airflow/dags/spark_airflow.py
[2024-06-17T04:24:20.892+0000] {processor.py:830} INFO - Processing file /opt/airflow/dags/spark_airflow.py for tasks to queue
[2024-06-17T04:24:20.893+0000] {logging_mixin.py:188} INFO - [2024-06-17T04:24:20.893+0000] {dagbag.py:545} INFO - Filling up the DagBag from /opt/airflow/dags/spark_airflow.py
[2024-06-17T04:24:20.907+0000] {processor.py:840} INFO - DAG(s) 'sparking_flow' retrieved from /opt/airflow/dags/spark_airflow.py
[2024-06-17T04:24:20.932+0000] {logging_mixin.py:188} INFO - [2024-06-17T04:24:20.932+0000] {dag.py:3096} INFO - Sync 1 DAGs
[2024-06-17T04:24:20.950+0000] {logging_mixin.py:188} INFO - [2024-06-17T04:24:20.950+0000] {dag.py:3954} INFO - Setting next_dagrun for sparking_flow to 2024-06-16 00:00:00+00:00, run_after=2024-06-16 00:00:00+00:00
[2024-06-17T04:24:20.972+0000] {processor.py:183} INFO - Processing /opt/airflow/dags/spark_airflow.py took 0.088 seconds
[2024-06-17T04:24:51.239+0000] {processor.py:161} INFO - Started process (PID=407) to work on /opt/airflow/dags/spark_airflow.py
[2024-06-17T04:24:51.240+0000] {processor.py:830} INFO - Processing file /opt/airflow/dags/spark_airflow.py for tasks to queue
[2024-06-17T04:24:51.242+0000] {logging_mixin.py:188} INFO - [2024-06-17T04:24:51.242+0000] {dagbag.py:545} INFO - Filling up the DagBag from /opt/airflow/dags/spark_airflow.py
[2024-06-17T04:24:51.266+0000] {processor.py:840} INFO - DAG(s) 'sparking_flow' retrieved from /opt/airflow/dags/spark_airflow.py
[2024-06-17T04:24:51.300+0000] {logging_mixin.py:188} INFO - [2024-06-17T04:24:51.300+0000] {dag.py:3096} INFO - Sync 1 DAGs
[2024-06-17T04:24:51.319+0000] {logging_mixin.py:188} INFO - [2024-06-17T04:24:51.319+0000] {dag.py:3954} INFO - Setting next_dagrun for sparking_flow to 2024-06-16 00:00:00+00:00, run_after=2024-06-16 00:00:00+00:00
[2024-06-17T04:24:51.349+0000] {processor.py:183} INFO - Processing /opt/airflow/dags/spark_airflow.py took 0.117 seconds
[2024-06-17T04:25:21.458+0000] {processor.py:161} INFO - Started process (PID=418) to work on /opt/airflow/dags/spark_airflow.py
[2024-06-17T04:25:21.459+0000] {processor.py:830} INFO - Processing file /opt/airflow/dags/spark_airflow.py for tasks to queue
[2024-06-17T04:25:21.461+0000] {logging_mixin.py:188} INFO - [2024-06-17T04:25:21.461+0000] {dagbag.py:545} INFO - Filling up the DagBag from /opt/airflow/dags/spark_airflow.py
[2024-06-17T04:25:21.475+0000] {processor.py:840} INFO - DAG(s) 'sparking_flow' retrieved from /opt/airflow/dags/spark_airflow.py
[2024-06-17T04:25:21.499+0000] {logging_mixin.py:188} INFO - [2024-06-17T04:25:21.499+0000] {dag.py:3096} INFO - Sync 1 DAGs
[2024-06-17T04:25:21.517+0000] {logging_mixin.py:188} INFO - [2024-06-17T04:25:21.517+0000] {dag.py:3954} INFO - Setting next_dagrun for sparking_flow to 2024-06-16 00:00:00+00:00, run_after=2024-06-16 00:00:00+00:00
[2024-06-17T04:25:21.547+0000] {processor.py:183} INFO - Processing /opt/airflow/dags/spark_airflow.py took 0.094 seconds
[2024-06-17T04:25:51.844+0000] {processor.py:161} INFO - Started process (PID=429) to work on /opt/airflow/dags/spark_airflow.py
[2024-06-17T04:25:51.845+0000] {processor.py:830} INFO - Processing file /opt/airflow/dags/spark_airflow.py for tasks to queue
[2024-06-17T04:25:51.846+0000] {logging_mixin.py:188} INFO - [2024-06-17T04:25:51.846+0000] {dagbag.py:545} INFO - Filling up the DagBag from /opt/airflow/dags/spark_airflow.py
[2024-06-17T04:25:51.862+0000] {processor.py:840} INFO - DAG(s) 'sparking_flow' retrieved from /opt/airflow/dags/spark_airflow.py
[2024-06-17T04:25:51.892+0000] {logging_mixin.py:188} INFO - [2024-06-17T04:25:51.892+0000] {dag.py:3096} INFO - Sync 1 DAGs
[2024-06-17T04:25:51.913+0000] {logging_mixin.py:188} INFO - [2024-06-17T04:25:51.913+0000] {dag.py:3954} INFO - Setting next_dagrun for sparking_flow to 2024-06-16 00:00:00+00:00, run_after=2024-06-16 00:00:00+00:00
[2024-06-17T04:25:51.947+0000] {processor.py:183} INFO - Processing /opt/airflow/dags/spark_airflow.py took 0.109 seconds
[2024-06-17T04:26:22.092+0000] {processor.py:161} INFO - Started process (PID=440) to work on /opt/airflow/dags/spark_airflow.py
[2024-06-17T04:26:22.093+0000] {processor.py:830} INFO - Processing file /opt/airflow/dags/spark_airflow.py for tasks to queue
[2024-06-17T04:26:22.094+0000] {logging_mixin.py:188} INFO - [2024-06-17T04:26:22.094+0000] {dagbag.py:545} INFO - Filling up the DagBag from /opt/airflow/dags/spark_airflow.py
[2024-06-17T04:26:22.108+0000] {processor.py:840} INFO - DAG(s) 'sparking_flow' retrieved from /opt/airflow/dags/spark_airflow.py
[2024-06-17T04:26:22.133+0000] {logging_mixin.py:188} INFO - [2024-06-17T04:26:22.133+0000] {dag.py:3096} INFO - Sync 1 DAGs
[2024-06-17T04:26:22.150+0000] {logging_mixin.py:188} INFO - [2024-06-17T04:26:22.150+0000] {dag.py:3954} INFO - Setting next_dagrun for sparking_flow to 2024-06-16 00:00:00+00:00, run_after=2024-06-16 00:00:00+00:00
[2024-06-17T04:26:22.180+0000] {processor.py:183} INFO - Processing /opt/airflow/dags/spark_airflow.py took 0.094 seconds
[2024-06-17T04:26:52.411+0000] {processor.py:161} INFO - Started process (PID=451) to work on /opt/airflow/dags/spark_airflow.py
[2024-06-17T04:26:52.412+0000] {processor.py:830} INFO - Processing file /opt/airflow/dags/spark_airflow.py for tasks to queue
[2024-06-17T04:26:52.414+0000] {logging_mixin.py:188} INFO - [2024-06-17T04:26:52.414+0000] {dagbag.py:545} INFO - Filling up the DagBag from /opt/airflow/dags/spark_airflow.py
[2024-06-17T04:26:52.432+0000] {processor.py:840} INFO - DAG(s) 'sparking_flow' retrieved from /opt/airflow/dags/spark_airflow.py
[2024-06-17T04:26:52.459+0000] {logging_mixin.py:188} INFO - [2024-06-17T04:26:52.458+0000] {dag.py:3096} INFO - Sync 1 DAGs
[2024-06-17T04:26:52.479+0000] {logging_mixin.py:188} INFO - [2024-06-17T04:26:52.479+0000] {dag.py:3954} INFO - Setting next_dagrun for sparking_flow to 2024-06-16 00:00:00+00:00, run_after=2024-06-16 00:00:00+00:00
[2024-06-17T04:26:52.501+0000] {processor.py:183} INFO - Processing /opt/airflow/dags/spark_airflow.py took 0.095 seconds
[2024-06-17T04:27:22.641+0000] {processor.py:161} INFO - Started process (PID=462) to work on /opt/airflow/dags/spark_airflow.py
[2024-06-17T04:27:22.642+0000] {processor.py:830} INFO - Processing file /opt/airflow/dags/spark_airflow.py for tasks to queue
[2024-06-17T04:27:22.644+0000] {logging_mixin.py:188} INFO - [2024-06-17T04:27:22.643+0000] {dagbag.py:545} INFO - Filling up the DagBag from /opt/airflow/dags/spark_airflow.py
[2024-06-17T04:27:22.662+0000] {processor.py:840} INFO - DAG(s) 'sparking_flow' retrieved from /opt/airflow/dags/spark_airflow.py
[2024-06-17T04:27:22.691+0000] {logging_mixin.py:188} INFO - [2024-06-17T04:27:22.691+0000] {dag.py:3096} INFO - Sync 1 DAGs
[2024-06-17T04:27:22.710+0000] {logging_mixin.py:188} INFO - [2024-06-17T04:27:22.710+0000] {dag.py:3954} INFO - Setting next_dagrun for sparking_flow to 2024-06-16 00:00:00+00:00, run_after=2024-06-16 00:00:00+00:00
[2024-06-17T04:27:22.730+0000] {processor.py:183} INFO - Processing /opt/airflow/dags/spark_airflow.py took 0.096 seconds
[2024-06-17T04:27:52.950+0000] {processor.py:161} INFO - Started process (PID=473) to work on /opt/airflow/dags/spark_airflow.py
[2024-06-17T04:27:52.951+0000] {processor.py:830} INFO - Processing file /opt/airflow/dags/spark_airflow.py for tasks to queue
[2024-06-17T04:27:52.952+0000] {logging_mixin.py:188} INFO - [2024-06-17T04:27:52.952+0000] {dagbag.py:545} INFO - Filling up the DagBag from /opt/airflow/dags/spark_airflow.py
[2024-06-17T04:27:52.970+0000] {processor.py:840} INFO - DAG(s) 'sparking_flow' retrieved from /opt/airflow/dags/spark_airflow.py
[2024-06-17T04:27:52.995+0000] {logging_mixin.py:188} INFO - [2024-06-17T04:27:52.994+0000] {dag.py:3096} INFO - Sync 1 DAGs
[2024-06-17T04:27:53.012+0000] {logging_mixin.py:188} INFO - [2024-06-17T04:27:53.012+0000] {dag.py:3954} INFO - Setting next_dagrun for sparking_flow to 2024-06-16 00:00:00+00:00, run_after=2024-06-16 00:00:00+00:00
[2024-06-17T04:27:53.044+0000] {processor.py:183} INFO - Processing /opt/airflow/dags/spark_airflow.py took 0.099 seconds
[2024-06-17T04:28:23.186+0000] {processor.py:161} INFO - Started process (PID=484) to work on /opt/airflow/dags/spark_airflow.py
[2024-06-17T04:28:23.187+0000] {processor.py:830} INFO - Processing file /opt/airflow/dags/spark_airflow.py for tasks to queue
[2024-06-17T04:28:23.188+0000] {logging_mixin.py:188} INFO - [2024-06-17T04:28:23.188+0000] {dagbag.py:545} INFO - Filling up the DagBag from /opt/airflow/dags/spark_airflow.py
[2024-06-17T04:28:23.206+0000] {processor.py:840} INFO - DAG(s) 'sparking_flow' retrieved from /opt/airflow/dags/spark_airflow.py
[2024-06-17T04:28:23.234+0000] {logging_mixin.py:188} INFO - [2024-06-17T04:28:23.233+0000] {dag.py:3096} INFO - Sync 1 DAGs
[2024-06-17T04:28:23.252+0000] {logging_mixin.py:188} INFO - [2024-06-17T04:28:23.252+0000] {dag.py:3954} INFO - Setting next_dagrun for sparking_flow to 2024-06-16 00:00:00+00:00, run_after=2024-06-16 00:00:00+00:00
[2024-06-17T04:28:23.284+0000] {processor.py:183} INFO - Processing /opt/airflow/dags/spark_airflow.py took 0.104 seconds
[2024-06-17T04:28:53.569+0000] {processor.py:161} INFO - Started process (PID=495) to work on /opt/airflow/dags/spark_airflow.py
[2024-06-17T04:28:53.570+0000] {processor.py:830} INFO - Processing file /opt/airflow/dags/spark_airflow.py for tasks to queue
[2024-06-17T04:28:53.572+0000] {logging_mixin.py:188} INFO - [2024-06-17T04:28:53.571+0000] {dagbag.py:545} INFO - Filling up the DagBag from /opt/airflow/dags/spark_airflow.py
[2024-06-17T04:28:53.585+0000] {processor.py:840} INFO - DAG(s) 'sparking_flow' retrieved from /opt/airflow/dags/spark_airflow.py
[2024-06-17T04:28:53.609+0000] {logging_mixin.py:188} INFO - [2024-06-17T04:28:53.609+0000] {dag.py:3096} INFO - Sync 1 DAGs
[2024-06-17T04:28:53.626+0000] {logging_mixin.py:188} INFO - [2024-06-17T04:28:53.626+0000] {dag.py:3954} INFO - Setting next_dagrun for sparking_flow to 2024-06-16 00:00:00+00:00, run_after=2024-06-16 00:00:00+00:00
[2024-06-17T04:28:53.649+0000] {processor.py:183} INFO - Processing /opt/airflow/dags/spark_airflow.py took 0.085 seconds
[2024-06-17T04:29:23.819+0000] {processor.py:161} INFO - Started process (PID=506) to work on /opt/airflow/dags/spark_airflow.py
[2024-06-17T04:29:23.820+0000] {processor.py:830} INFO - Processing file /opt/airflow/dags/spark_airflow.py for tasks to queue
[2024-06-17T04:29:23.822+0000] {logging_mixin.py:188} INFO - [2024-06-17T04:29:23.821+0000] {dagbag.py:545} INFO - Filling up the DagBag from /opt/airflow/dags/spark_airflow.py
[2024-06-17T04:29:23.835+0000] {processor.py:840} INFO - DAG(s) 'sparking_flow' retrieved from /opt/airflow/dags/spark_airflow.py
[2024-06-17T04:29:23.861+0000] {logging_mixin.py:188} INFO - [2024-06-17T04:29:23.861+0000] {dag.py:3096} INFO - Sync 1 DAGs
[2024-06-17T04:29:23.881+0000] {logging_mixin.py:188} INFO - [2024-06-17T04:29:23.881+0000] {dag.py:3954} INFO - Setting next_dagrun for sparking_flow to 2024-06-16 00:00:00+00:00, run_after=2024-06-16 00:00:00+00:00
[2024-06-17T04:29:23.911+0000] {processor.py:183} INFO - Processing /opt/airflow/dags/spark_airflow.py took 0.098 seconds
[2024-06-17T04:29:54.124+0000] {processor.py:161} INFO - Started process (PID=517) to work on /opt/airflow/dags/spark_airflow.py
[2024-06-17T04:29:54.125+0000] {processor.py:830} INFO - Processing file /opt/airflow/dags/spark_airflow.py for tasks to queue
[2024-06-17T04:29:54.127+0000] {logging_mixin.py:188} INFO - [2024-06-17T04:29:54.126+0000] {dagbag.py:545} INFO - Filling up the DagBag from /opt/airflow/dags/spark_airflow.py
[2024-06-17T04:29:54.146+0000] {processor.py:840} INFO - DAG(s) 'sparking_flow' retrieved from /opt/airflow/dags/spark_airflow.py
[2024-06-17T04:29:54.175+0000] {logging_mixin.py:188} INFO - [2024-06-17T04:29:54.175+0000] {dag.py:3096} INFO - Sync 1 DAGs
[2024-06-17T04:29:54.195+0000] {logging_mixin.py:188} INFO - [2024-06-17T04:29:54.195+0000] {dag.py:3954} INFO - Setting next_dagrun for sparking_flow to 2024-06-16 00:00:00+00:00, run_after=2024-06-16 00:00:00+00:00
[2024-06-17T04:29:54.228+0000] {processor.py:183} INFO - Processing /opt/airflow/dags/spark_airflow.py took 0.110 seconds
[2024-06-17T04:30:24.388+0000] {processor.py:161} INFO - Started process (PID=528) to work on /opt/airflow/dags/spark_airflow.py
[2024-06-17T04:30:24.389+0000] {processor.py:830} INFO - Processing file /opt/airflow/dags/spark_airflow.py for tasks to queue
[2024-06-17T04:30:24.392+0000] {logging_mixin.py:188} INFO - [2024-06-17T04:30:24.392+0000] {dagbag.py:545} INFO - Filling up the DagBag from /opt/airflow/dags/spark_airflow.py
[2024-06-17T04:30:24.407+0000] {processor.py:840} INFO - DAG(s) 'sparking_flow' retrieved from /opt/airflow/dags/spark_airflow.py
[2024-06-17T04:30:24.431+0000] {logging_mixin.py:188} INFO - [2024-06-17T04:30:24.431+0000] {dag.py:3096} INFO - Sync 1 DAGs
[2024-06-17T04:30:24.453+0000] {logging_mixin.py:188} INFO - [2024-06-17T04:30:24.453+0000] {dag.py:3954} INFO - Setting next_dagrun for sparking_flow to 2024-06-16 00:00:00+00:00, run_after=2024-06-16 00:00:00+00:00
[2024-06-17T04:30:24.484+0000] {processor.py:183} INFO - Processing /opt/airflow/dags/spark_airflow.py took 0.101 seconds
[2024-06-17T04:30:54.707+0000] {processor.py:161} INFO - Started process (PID=539) to work on /opt/airflow/dags/spark_airflow.py
[2024-06-17T04:30:54.708+0000] {processor.py:830} INFO - Processing file /opt/airflow/dags/spark_airflow.py for tasks to queue
[2024-06-17T04:30:54.710+0000] {logging_mixin.py:188} INFO - [2024-06-17T04:30:54.709+0000] {dagbag.py:545} INFO - Filling up the DagBag from /opt/airflow/dags/spark_airflow.py
[2024-06-17T04:30:54.723+0000] {processor.py:840} INFO - DAG(s) 'sparking_flow' retrieved from /opt/airflow/dags/spark_airflow.py
[2024-06-17T04:30:54.746+0000] {logging_mixin.py:188} INFO - [2024-06-17T04:30:54.746+0000] {dag.py:3096} INFO - Sync 1 DAGs
[2024-06-17T04:30:54.766+0000] {logging_mixin.py:188} INFO - [2024-06-17T04:30:54.766+0000] {dag.py:3954} INFO - Setting next_dagrun for sparking_flow to 2024-06-16 00:00:00+00:00, run_after=2024-06-16 00:00:00+00:00
[2024-06-17T04:30:54.796+0000] {processor.py:183} INFO - Processing /opt/airflow/dags/spark_airflow.py took 0.095 seconds
[2024-06-17T04:31:24.972+0000] {processor.py:161} INFO - Started process (PID=550) to work on /opt/airflow/dags/spark_airflow.py
[2024-06-17T04:31:24.974+0000] {processor.py:830} INFO - Processing file /opt/airflow/dags/spark_airflow.py for tasks to queue
[2024-06-17T04:31:24.977+0000] {logging_mixin.py:188} INFO - [2024-06-17T04:31:24.976+0000] {dagbag.py:545} INFO - Filling up the DagBag from /opt/airflow/dags/spark_airflow.py
[2024-06-17T04:31:24.996+0000] {processor.py:840} INFO - DAG(s) 'sparking_flow' retrieved from /opt/airflow/dags/spark_airflow.py
[2024-06-17T04:31:25.024+0000] {logging_mixin.py:188} INFO - [2024-06-17T04:31:25.024+0000] {dag.py:3096} INFO - Sync 1 DAGs
[2024-06-17T04:31:25.043+0000] {logging_mixin.py:188} INFO - [2024-06-17T04:31:25.043+0000] {dag.py:3954} INFO - Setting next_dagrun for sparking_flow to 2024-06-16 00:00:00+00:00, run_after=2024-06-16 00:00:00+00:00
[2024-06-17T04:31:25.065+0000] {processor.py:183} INFO - Processing /opt/airflow/dags/spark_airflow.py took 0.100 seconds
[2024-06-17T04:31:55.284+0000] {processor.py:161} INFO - Started process (PID=561) to work on /opt/airflow/dags/spark_airflow.py
[2024-06-17T04:31:55.285+0000] {processor.py:830} INFO - Processing file /opt/airflow/dags/spark_airflow.py for tasks to queue
[2024-06-17T04:31:55.288+0000] {logging_mixin.py:188} INFO - [2024-06-17T04:31:55.287+0000] {dagbag.py:545} INFO - Filling up the DagBag from /opt/airflow/dags/spark_airflow.py
[2024-06-17T04:31:55.310+0000] {processor.py:840} INFO - DAG(s) 'sparking_flow' retrieved from /opt/airflow/dags/spark_airflow.py
[2024-06-17T04:31:55.346+0000] {logging_mixin.py:188} INFO - [2024-06-17T04:31:55.346+0000] {dag.py:3096} INFO - Sync 1 DAGs
[2024-06-17T04:31:55.371+0000] {logging_mixin.py:188} INFO - [2024-06-17T04:31:55.370+0000] {dag.py:3954} INFO - Setting next_dagrun for sparking_flow to 2024-06-16 00:00:00+00:00, run_after=2024-06-16 00:00:00+00:00
[2024-06-17T04:31:55.398+0000] {processor.py:183} INFO - Processing /opt/airflow/dags/spark_airflow.py took 0.121 seconds
[2024-06-17T04:32:25.557+0000] {processor.py:161} INFO - Started process (PID=573) to work on /opt/airflow/dags/spark_airflow.py
[2024-06-17T04:32:25.558+0000] {processor.py:830} INFO - Processing file /opt/airflow/dags/spark_airflow.py for tasks to queue
[2024-06-17T04:32:25.559+0000] {logging_mixin.py:188} INFO - [2024-06-17T04:32:25.559+0000] {dagbag.py:545} INFO - Filling up the DagBag from /opt/airflow/dags/spark_airflow.py
[2024-06-17T04:32:25.573+0000] {processor.py:840} INFO - DAG(s) 'sparking_flow' retrieved from /opt/airflow/dags/spark_airflow.py
[2024-06-17T04:32:25.598+0000] {logging_mixin.py:188} INFO - [2024-06-17T04:32:25.598+0000] {dag.py:3096} INFO - Sync 1 DAGs
[2024-06-17T04:32:25.616+0000] {logging_mixin.py:188} INFO - [2024-06-17T04:32:25.616+0000] {dag.py:3954} INFO - Setting next_dagrun for sparking_flow to 2024-06-16 00:00:00+00:00, run_after=2024-06-16 00:00:00+00:00
[2024-06-17T04:32:25.647+0000] {processor.py:183} INFO - Processing /opt/airflow/dags/spark_airflow.py took 0.096 seconds
[2024-06-17T04:32:55.794+0000] {processor.py:161} INFO - Started process (PID=584) to work on /opt/airflow/dags/spark_airflow.py
[2024-06-17T04:32:55.794+0000] {processor.py:830} INFO - Processing file /opt/airflow/dags/spark_airflow.py for tasks to queue
[2024-06-17T04:32:55.796+0000] {logging_mixin.py:188} INFO - [2024-06-17T04:32:55.796+0000] {dagbag.py:545} INFO - Filling up the DagBag from /opt/airflow/dags/spark_airflow.py
[2024-06-17T04:32:55.809+0000] {processor.py:840} INFO - DAG(s) 'sparking_flow' retrieved from /opt/airflow/dags/spark_airflow.py
[2024-06-17T04:32:55.833+0000] {logging_mixin.py:188} INFO - [2024-06-17T04:32:55.832+0000] {dag.py:3096} INFO - Sync 1 DAGs
[2024-06-17T04:32:55.855+0000] {logging_mixin.py:188} INFO - [2024-06-17T04:32:55.854+0000] {dag.py:3954} INFO - Setting next_dagrun for sparking_flow to 2024-06-16 00:00:00+00:00, run_after=2024-06-16 00:00:00+00:00
[2024-06-17T04:32:55.884+0000] {processor.py:183} INFO - Processing /opt/airflow/dags/spark_airflow.py took 0.096 seconds
[2024-06-17T04:33:26.127+0000] {processor.py:161} INFO - Started process (PID=595) to work on /opt/airflow/dags/spark_airflow.py
[2024-06-17T04:33:26.128+0000] {processor.py:830} INFO - Processing file /opt/airflow/dags/spark_airflow.py for tasks to queue
[2024-06-17T04:33:26.130+0000] {logging_mixin.py:188} INFO - [2024-06-17T04:33:26.130+0000] {dagbag.py:545} INFO - Filling up the DagBag from /opt/airflow/dags/spark_airflow.py
[2024-06-17T04:33:26.144+0000] {processor.py:840} INFO - DAG(s) 'sparking_flow' retrieved from /opt/airflow/dags/spark_airflow.py
[2024-06-17T04:33:26.166+0000] {logging_mixin.py:188} INFO - [2024-06-17T04:33:26.166+0000] {dag.py:3096} INFO - Sync 1 DAGs
[2024-06-17T04:33:26.182+0000] {logging_mixin.py:188} INFO - [2024-06-17T04:33:26.182+0000] {dag.py:3954} INFO - Setting next_dagrun for sparking_flow to 2024-06-16 00:00:00+00:00, run_after=2024-06-16 00:00:00+00:00
[2024-06-17T04:33:26.211+0000] {processor.py:183} INFO - Processing /opt/airflow/dags/spark_airflow.py took 0.089 seconds
[2024-06-17T04:33:56.426+0000] {processor.py:161} INFO - Started process (PID=606) to work on /opt/airflow/dags/spark_airflow.py
[2024-06-17T04:33:56.427+0000] {processor.py:830} INFO - Processing file /opt/airflow/dags/spark_airflow.py for tasks to queue
[2024-06-17T04:33:56.429+0000] {logging_mixin.py:188} INFO - [2024-06-17T04:33:56.429+0000] {dagbag.py:545} INFO - Filling up the DagBag from /opt/airflow/dags/spark_airflow.py
[2024-06-17T04:33:56.444+0000] {processor.py:840} INFO - DAG(s) 'sparking_flow' retrieved from /opt/airflow/dags/spark_airflow.py
[2024-06-17T04:33:56.472+0000] {logging_mixin.py:188} INFO - [2024-06-17T04:33:56.472+0000] {dag.py:3096} INFO - Sync 1 DAGs
[2024-06-17T04:33:56.495+0000] {logging_mixin.py:188} INFO - [2024-06-17T04:33:56.495+0000] {dag.py:3954} INFO - Setting next_dagrun for sparking_flow to 2024-06-16 00:00:00+00:00, run_after=2024-06-16 00:00:00+00:00
[2024-06-17T04:33:56.527+0000] {processor.py:183} INFO - Processing /opt/airflow/dags/spark_airflow.py took 0.107 seconds
[2024-06-17T04:34:26.671+0000] {processor.py:161} INFO - Started process (PID=617) to work on /opt/airflow/dags/spark_airflow.py
[2024-06-17T04:34:26.671+0000] {processor.py:830} INFO - Processing file /opt/airflow/dags/spark_airflow.py for tasks to queue
[2024-06-17T04:34:26.673+0000] {logging_mixin.py:188} INFO - [2024-06-17T04:34:26.673+0000] {dagbag.py:545} INFO - Filling up the DagBag from /opt/airflow/dags/spark_airflow.py
[2024-06-17T04:34:26.688+0000] {processor.py:840} INFO - DAG(s) 'sparking_flow' retrieved from /opt/airflow/dags/spark_airflow.py
[2024-06-17T04:34:26.712+0000] {logging_mixin.py:188} INFO - [2024-06-17T04:34:26.712+0000] {dag.py:3096} INFO - Sync 1 DAGs
[2024-06-17T04:34:26.733+0000] {logging_mixin.py:188} INFO - [2024-06-17T04:34:26.732+0000] {dag.py:3954} INFO - Setting next_dagrun for sparking_flow to 2024-06-16 00:00:00+00:00, run_after=2024-06-16 00:00:00+00:00
[2024-06-17T04:34:26.758+0000] {processor.py:183} INFO - Processing /opt/airflow/dags/spark_airflow.py took 0.094 seconds
[2024-06-17T04:34:56.905+0000] {processor.py:161} INFO - Started process (PID=628) to work on /opt/airflow/dags/spark_airflow.py
[2024-06-17T04:34:56.906+0000] {processor.py:830} INFO - Processing file /opt/airflow/dags/spark_airflow.py for tasks to queue
[2024-06-17T04:34:56.907+0000] {logging_mixin.py:188} INFO - [2024-06-17T04:34:56.907+0000] {dagbag.py:545} INFO - Filling up the DagBag from /opt/airflow/dags/spark_airflow.py
[2024-06-17T04:34:56.921+0000] {processor.py:840} INFO - DAG(s) 'sparking_flow' retrieved from /opt/airflow/dags/spark_airflow.py
[2024-06-17T04:34:56.945+0000] {logging_mixin.py:188} INFO - [2024-06-17T04:34:56.945+0000] {dag.py:3096} INFO - Sync 1 DAGs
[2024-06-17T04:34:56.961+0000] {logging_mixin.py:188} INFO - [2024-06-17T04:34:56.961+0000] {dag.py:3954} INFO - Setting next_dagrun for sparking_flow to 2024-06-16 00:00:00+00:00, run_after=2024-06-16 00:00:00+00:00
[2024-06-17T04:34:56.983+0000] {processor.py:183} INFO - Processing /opt/airflow/dags/spark_airflow.py took 0.083 seconds
[2024-06-17T04:35:27.258+0000] {processor.py:161} INFO - Started process (PID=639) to work on /opt/airflow/dags/spark_airflow.py
[2024-06-17T04:35:27.259+0000] {processor.py:830} INFO - Processing file /opt/airflow/dags/spark_airflow.py for tasks to queue
[2024-06-17T04:35:27.260+0000] {logging_mixin.py:188} INFO - [2024-06-17T04:35:27.260+0000] {dagbag.py:545} INFO - Filling up the DagBag from /opt/airflow/dags/spark_airflow.py
[2024-06-17T04:35:27.274+0000] {processor.py:840} INFO - DAG(s) 'sparking_flow' retrieved from /opt/airflow/dags/spark_airflow.py
[2024-06-17T04:35:27.299+0000] {logging_mixin.py:188} INFO - [2024-06-17T04:35:27.299+0000] {dag.py:3096} INFO - Sync 1 DAGs
[2024-06-17T04:35:27.317+0000] {logging_mixin.py:188} INFO - [2024-06-17T04:35:27.317+0000] {dag.py:3954} INFO - Setting next_dagrun for sparking_flow to 2024-06-16 00:00:00+00:00, run_after=2024-06-16 00:00:00+00:00
[2024-06-17T04:35:27.346+0000] {processor.py:183} INFO - Processing /opt/airflow/dags/spark_airflow.py took 0.093 seconds
