[2024-06-14T07:35:16.368+0000] {local_task_job_runner.py:120} INFO - ::group::Pre task execution logs
[2024-06-14T07:35:16.406+0000] {taskinstance.py:2076} INFO - Dependencies all met for dep_context=non-requeueable deps ti=<TaskInstance: sparking_flow.python_job scheduled__2024-06-13T00:00:00+00:00 [queued]>
[2024-06-14T07:35:16.418+0000] {taskinstance.py:2076} INFO - Dependencies all met for dep_context=requeueable deps ti=<TaskInstance: sparking_flow.python_job scheduled__2024-06-13T00:00:00+00:00 [queued]>
[2024-06-14T07:35:16.419+0000] {taskinstance.py:2306} INFO - Starting attempt 3 of 3
[2024-06-14T07:35:16.437+0000] {taskinstance.py:2330} INFO - Executing <Task(SparkSubmitOperator): python_job> on 2024-06-13 00:00:00+00:00
[2024-06-14T07:35:16.445+0000] {standard_task_runner.py:90} INFO - Running: ['***', 'tasks', 'run', 'sparking_flow', 'python_job', 'scheduled__2024-06-13T00:00:00+00:00', '--job-id', '5', '--raw', '--subdir', 'DAGS_FOLDER/spark_***.py', '--cfg-path', '/tmp/tmpy6qys7nf']
[2024-06-14T07:35:16.447+0000] {standard_task_runner.py:91} INFO - Job 5: Subtask python_job
[2024-06-14T07:35:16.448+0000] {logging_mixin.py:188} WARNING - /home/***/.local/lib/python3.12/site-packages/***/task/task_runner/standard_task_runner.py:61 DeprecationWarning: This process (pid=938) is multi-threaded, use of fork() may lead to deadlocks in the child.
[2024-06-14T07:35:16.449+0000] {standard_task_runner.py:63} INFO - Started process 939 to run task
[2024-06-14T07:35:16.505+0000] {task_command.py:426} INFO - Running <TaskInstance: sparking_flow.python_job scheduled__2024-06-13T00:00:00+00:00 [running]> on host e342e0ac560c
[2024-06-14T07:35:16.595+0000] {taskinstance.py:2648} INFO - Exporting env vars: AIRFLOW_CTX_DAG_OWNER='Selva' AIRFLOW_CTX_DAG_ID='sparking_flow' AIRFLOW_CTX_TASK_ID='python_job' AIRFLOW_CTX_EXECUTION_DATE='2024-06-13T00:00:00+00:00' AIRFLOW_CTX_TRY_NUMBER='3' AIRFLOW_CTX_DAG_RUN_ID='scheduled__2024-06-13T00:00:00+00:00'
[2024-06-14T07:35:16.596+0000] {taskinstance.py:430} INFO - ::endgroup::
[2024-06-14T07:35:16.617+0000] {base.py:84} INFO - Using connection ID 'spark-conn' for task execution.
[2024-06-14T07:35:16.618+0000] {spark_submit.py:401} INFO - Spark-Submit cmd: spark-submit --master spark://spark-master-1 --name arrow-spark --deploy-mode client jobs/python/wordcountjob.py
[2024-06-14T07:35:16.687+0000] {spark_submit.py:571} INFO - /home/***/.local/lib/python3.12/site-packages/pyspark/bin/load-spark-env.sh: line 68: ps: command not found
[2024-06-14T07:35:19.692+0000] {spark_submit.py:571} INFO - 24/06/14 07:35:19 INFO SparkContext: Running Spark version 3.5.1
[2024-06-14T07:35:19.695+0000] {spark_submit.py:571} INFO - 24/06/14 07:35:19 INFO SparkContext: OS info Linux, 5.15.153.1-microsoft-standard-WSL2, amd64
[2024-06-14T07:35:19.696+0000] {spark_submit.py:571} INFO - 24/06/14 07:35:19 INFO SparkContext: Java version 17.0.11
[2024-06-14T07:35:19.741+0000] {spark_submit.py:571} INFO - 24/06/14 07:35:19 WARN NativeCodeLoader: Unable to load native-hadoop library for your platform... using builtin-java classes where applicable
[2024-06-14T07:35:19.821+0000] {spark_submit.py:571} INFO - 24/06/14 07:35:19 INFO ResourceUtils: ==============================================================
[2024-06-14T07:35:19.822+0000] {spark_submit.py:571} INFO - 24/06/14 07:35:19 INFO ResourceUtils: No custom resources configured for spark.driver.
[2024-06-14T07:35:19.823+0000] {spark_submit.py:571} INFO - 24/06/14 07:35:19 INFO ResourceUtils: ==============================================================
[2024-06-14T07:35:19.823+0000] {spark_submit.py:571} INFO - 24/06/14 07:35:19 INFO SparkContext: Submitted application: PythonWordCount
[2024-06-14T07:35:19.843+0000] {spark_submit.py:571} INFO - 24/06/14 07:35:19 INFO ResourceProfile: Default ResourceProfile created, executor resources: Map(memory -> name: memory, amount: 1024, script: , vendor: , offHeap -> name: offHeap, amount: 0, script: , vendor: ), task resources: Map(cpus -> name: cpus, amount: 1.0)
[2024-06-14T07:35:19.851+0000] {spark_submit.py:571} INFO - 24/06/14 07:35:19 INFO ResourceProfile: Limiting resource is cpu
[2024-06-14T07:35:19.852+0000] {spark_submit.py:571} INFO - 24/06/14 07:35:19 INFO ResourceProfileManager: Added ResourceProfile id: 0
[2024-06-14T07:35:19.903+0000] {spark_submit.py:571} INFO - 24/06/14 07:35:19 INFO SecurityManager: Changing view acls to: ***
[2024-06-14T07:35:19.904+0000] {spark_submit.py:571} INFO - 24/06/14 07:35:19 INFO SecurityManager: Changing modify acls to: ***
[2024-06-14T07:35:19.905+0000] {spark_submit.py:571} INFO - 24/06/14 07:35:19 INFO SecurityManager: Changing view acls groups to:
[2024-06-14T07:35:19.905+0000] {spark_submit.py:571} INFO - 24/06/14 07:35:19 INFO SecurityManager: Changing modify acls groups to:
[2024-06-14T07:35:19.906+0000] {spark_submit.py:571} INFO - 24/06/14 07:35:19 INFO SecurityManager: SecurityManager: authentication disabled; ui acls disabled; users with view permissions: ***; groups with view permissions: EMPTY; users with modify permissions: ***; groups with modify permissions: EMPTY
[2024-06-14T07:35:20.147+0000] {spark_submit.py:571} INFO - 24/06/14 07:35:20 INFO Utils: Successfully started service 'sparkDriver' on port 33455.
[2024-06-14T07:35:20.174+0000] {spark_submit.py:571} INFO - 24/06/14 07:35:20 INFO SparkEnv: Registering MapOutputTracker
[2024-06-14T07:35:20.210+0000] {spark_submit.py:571} INFO - 24/06/14 07:35:20 INFO SparkEnv: Registering BlockManagerMaster
[2024-06-14T07:35:20.222+0000] {spark_submit.py:571} INFO - 24/06/14 07:35:20 INFO BlockManagerMasterEndpoint: Using org.apache.spark.storage.DefaultTopologyMapper for getting topology information
[2024-06-14T07:35:20.223+0000] {spark_submit.py:571} INFO - 24/06/14 07:35:20 INFO BlockManagerMasterEndpoint: BlockManagerMasterEndpoint up
[2024-06-14T07:35:20.228+0000] {spark_submit.py:571} INFO - 24/06/14 07:35:20 INFO SparkEnv: Registering BlockManagerMasterHeartbeat
[2024-06-14T07:35:20.248+0000] {spark_submit.py:571} INFO - 24/06/14 07:35:20 INFO DiskBlockManager: Created local directory at /tmp/blockmgr-3ae56c14-4be8-4bbd-9270-a1760f70c805
[2024-06-14T07:35:20.262+0000] {spark_submit.py:571} INFO - 24/06/14 07:35:20 INFO MemoryStore: MemoryStore started with capacity 434.4 MiB
[2024-06-14T07:35:20.281+0000] {spark_submit.py:571} INFO - 24/06/14 07:35:20 INFO SparkEnv: Registering OutputCommitCoordinator
[2024-06-14T07:35:20.400+0000] {spark_submit.py:571} INFO - 24/06/14 07:35:20 INFO JettyUtils: Start Jetty 0.0.0.0:4040 for SparkUI
[2024-06-14T07:35:20.485+0000] {spark_submit.py:571} INFO - 24/06/14 07:35:20 INFO Utils: Successfully started service 'SparkUI' on port 4040.
[2024-06-14T07:35:20.634+0000] {spark_submit.py:571} INFO - 24/06/14 07:35:20 ERROR SparkContext: Error initializing SparkContext.
[2024-06-14T07:35:20.635+0000] {spark_submit.py:571} INFO - org.apache.spark.SparkException: Invalid master URL: spark://spark-master-1
[2024-06-14T07:35:20.635+0000] {spark_submit.py:571} INFO - at org.apache.spark.util.Utils$.extractHostPortFromSparkUrl(Utils.scala:2401)
[2024-06-14T07:35:20.636+0000] {spark_submit.py:571} INFO - at org.apache.spark.rpc.RpcAddress$.fromSparkURL(RpcAddress.scala:54)
[2024-06-14T07:35:20.636+0000] {spark_submit.py:571} INFO - at org.apache.spark.deploy.client.StandaloneAppClient.$anonfun$masterRpcAddresses$1(StandaloneAppClient.scala:54)
[2024-06-14T07:35:20.637+0000] {spark_submit.py:571} INFO - at scala.collection.TraversableLike.$anonfun$map$1(TraversableLike.scala:286)
[2024-06-14T07:35:20.637+0000] {spark_submit.py:571} INFO - at scala.collection.IndexedSeqOptimized.foreach(IndexedSeqOptimized.scala:36)
[2024-06-14T07:35:20.637+0000] {spark_submit.py:571} INFO - at scala.collection.IndexedSeqOptimized.foreach$(IndexedSeqOptimized.scala:33)
[2024-06-14T07:35:20.638+0000] {spark_submit.py:571} INFO - at scala.collection.mutable.ArrayOps$ofRef.foreach(ArrayOps.scala:198)
[2024-06-14T07:35:20.638+0000] {spark_submit.py:571} INFO - at scala.collection.TraversableLike.map(TraversableLike.scala:286)
[2024-06-14T07:35:20.638+0000] {spark_submit.py:571} INFO - at scala.collection.TraversableLike.map$(TraversableLike.scala:279)
[2024-06-14T07:35:20.639+0000] {spark_submit.py:571} INFO - at scala.collection.mutable.ArrayOps$ofRef.map(ArrayOps.scala:198)
[2024-06-14T07:35:20.641+0000] {spark_submit.py:571} INFO - at org.apache.spark.deploy.client.StandaloneAppClient.<init>(StandaloneAppClient.scala:54)
[2024-06-14T07:35:20.643+0000] {spark_submit.py:571} INFO - at org.apache.spark.scheduler.cluster.StandaloneSchedulerBackend.start(StandaloneSchedulerBackend.scala:134)
[2024-06-14T07:35:20.644+0000] {spark_submit.py:571} INFO - at org.apache.spark.scheduler.TaskSchedulerImpl.start(TaskSchedulerImpl.scala:235)
[2024-06-14T07:35:20.645+0000] {spark_submit.py:571} INFO - at org.apache.spark.SparkContext.<init>(SparkContext.scala:604)
[2024-06-14T07:35:20.645+0000] {spark_submit.py:571} INFO - at org.apache.spark.api.java.JavaSparkContext.<init>(JavaSparkContext.scala:58)
[2024-06-14T07:35:20.646+0000] {spark_submit.py:571} INFO - at java.base/jdk.internal.reflect.NativeConstructorAccessorImpl.newInstance0(Native Method)
[2024-06-14T07:35:20.646+0000] {spark_submit.py:571} INFO - at java.base/jdk.internal.reflect.NativeConstructorAccessorImpl.newInstance(NativeConstructorAccessorImpl.java:77)
[2024-06-14T07:35:20.646+0000] {spark_submit.py:571} INFO - at java.base/jdk.internal.reflect.DelegatingConstructorAccessorImpl.newInstance(DelegatingConstructorAccessorImpl.java:45)
[2024-06-14T07:35:20.647+0000] {spark_submit.py:571} INFO - at java.base/java.lang.reflect.Constructor.newInstanceWithCaller(Constructor.java:499)
[2024-06-14T07:35:20.647+0000] {spark_submit.py:571} INFO - at java.base/java.lang.reflect.Constructor.newInstance(Constructor.java:480)
[2024-06-14T07:35:20.647+0000] {spark_submit.py:571} INFO - at py4j.reflection.MethodInvoker.invoke(MethodInvoker.java:247)
[2024-06-14T07:35:20.647+0000] {spark_submit.py:571} INFO - at py4j.reflection.ReflectionEngine.invoke(ReflectionEngine.java:374)
[2024-06-14T07:35:20.648+0000] {spark_submit.py:571} INFO - at py4j.Gateway.invoke(Gateway.java:238)
[2024-06-14T07:35:20.648+0000] {spark_submit.py:571} INFO - at py4j.commands.ConstructorCommand.invokeConstructor(ConstructorCommand.java:80)
[2024-06-14T07:35:20.648+0000] {spark_submit.py:571} INFO - at py4j.commands.ConstructorCommand.execute(ConstructorCommand.java:69)
[2024-06-14T07:35:20.649+0000] {spark_submit.py:571} INFO - at py4j.ClientServerConnection.waitForCommands(ClientServerConnection.java:182)
[2024-06-14T07:35:20.649+0000] {spark_submit.py:571} INFO - at py4j.ClientServerConnection.run(ClientServerConnection.java:106)
[2024-06-14T07:35:20.650+0000] {spark_submit.py:571} INFO - at java.base/java.lang.Thread.run(Thread.java:840)
[2024-06-14T07:35:20.650+0000] {spark_submit.py:571} INFO - 24/06/14 07:35:20 INFO SparkContext: SparkContext is stopping with exitCode 0.
[2024-06-14T07:35:20.650+0000] {spark_submit.py:571} INFO - 24/06/14 07:35:20 INFO SparkUI: Stopped Spark web UI at http://e342e0ac560c:4040
[2024-06-14T07:35:20.655+0000] {spark_submit.py:571} INFO - 24/06/14 07:35:20 INFO StandaloneSchedulerBackend: Shutting down all executors
[2024-06-14T07:35:20.661+0000] {spark_submit.py:571} INFO - 24/06/14 07:35:20 INFO StandaloneSchedulerBackend$StandaloneDriverEndpoint: Asking each executor to shut down
[2024-06-14T07:35:20.677+0000] {spark_submit.py:571} INFO - 24/06/14 07:35:20 INFO MapOutputTrackerMasterEndpoint: MapOutputTrackerMasterEndpoint stopped!
[2024-06-14T07:35:20.685+0000] {spark_submit.py:571} INFO - 24/06/14 07:35:20 INFO MemoryStore: MemoryStore cleared
[2024-06-14T07:35:20.685+0000] {spark_submit.py:571} INFO - 24/06/14 07:35:20 INFO BlockManager: BlockManager stopped
[2024-06-14T07:35:20.693+0000] {spark_submit.py:571} INFO - 24/06/14 07:35:20 INFO BlockManagerMaster: BlockManagerMaster stopped
[2024-06-14T07:35:20.693+0000] {spark_submit.py:571} INFO - 24/06/14 07:35:20 WARN MetricsSystem: Stopping a MetricsSystem that is not running
[2024-06-14T07:35:20.695+0000] {spark_submit.py:571} INFO - 24/06/14 07:35:20 INFO OutputCommitCoordinator$OutputCommitCoordinatorEndpoint: OutputCommitCoordinator stopped!
[2024-06-14T07:35:20.702+0000] {spark_submit.py:571} INFO - 24/06/14 07:35:20 INFO SparkContext: Successfully stopped SparkContext
[2024-06-14T07:35:20.703+0000] {spark_submit.py:571} INFO - Traceback (most recent call last):
[2024-06-14T07:35:20.704+0000] {spark_submit.py:571} INFO - File "/opt/***/jobs/python/wordcountjob.py", line 3, in <module>
[2024-06-14T07:35:20.705+0000] {spark_submit.py:571} INFO - spark = SparkSession.builder.appName("PythonWordCount").getOrCreate()
[2024-06-14T07:35:20.705+0000] {spark_submit.py:571} INFO - ^^^^^^^^^^^^^^^^^^^^^^^^^^^^^^^^^^^^^^^^^^^^^^^^^^^^^^^^^^^^^
[2024-06-14T07:35:20.705+0000] {spark_submit.py:571} INFO - File "/home/***/.local/lib/python3.12/site-packages/pyspark/python/lib/pyspark.zip/pyspark/sql/session.py", line 497, in getOrCreate
[2024-06-14T07:35:20.706+0000] {spark_submit.py:571} INFO - File "/home/***/.local/lib/python3.12/site-packages/pyspark/python/lib/pyspark.zip/pyspark/context.py", line 515, in getOrCreate
[2024-06-14T07:35:20.706+0000] {spark_submit.py:571} INFO - File "/home/***/.local/lib/python3.12/site-packages/pyspark/python/lib/pyspark.zip/pyspark/context.py", line 203, in __init__
[2024-06-14T07:35:20.707+0000] {spark_submit.py:571} INFO - File "/home/***/.local/lib/python3.12/site-packages/pyspark/python/lib/pyspark.zip/pyspark/context.py", line 296, in _do_init
[2024-06-14T07:35:20.708+0000] {spark_submit.py:571} INFO - File "/home/***/.local/lib/python3.12/site-packages/pyspark/python/lib/pyspark.zip/pyspark/context.py", line 421, in _initialize_context
[2024-06-14T07:35:20.708+0000] {spark_submit.py:571} INFO - File "/home/***/.local/lib/python3.12/site-packages/pyspark/python/lib/py4j-0.10.9.7-src.zip/py4j/java_gateway.py", line 1587, in __call__
[2024-06-14T07:35:20.709+0000] {spark_submit.py:571} INFO - File "/home/***/.local/lib/python3.12/site-packages/pyspark/python/lib/py4j-0.10.9.7-src.zip/py4j/protocol.py", line 326, in get_return_value
[2024-06-14T07:35:20.710+0000] {spark_submit.py:571} INFO - py4j.protocol.Py4JJavaError: An error occurred while calling None.org.apache.spark.api.java.JavaSparkContext.
[2024-06-14T07:35:20.710+0000] {spark_submit.py:571} INFO - : org.apache.spark.SparkException: Invalid master URL: spark://spark-master-1
[2024-06-14T07:35:20.711+0000] {spark_submit.py:571} INFO - at org.apache.spark.util.Utils$.extractHostPortFromSparkUrl(Utils.scala:2401)
[2024-06-14T07:35:20.711+0000] {spark_submit.py:571} INFO - at org.apache.spark.rpc.RpcAddress$.fromSparkURL(RpcAddress.scala:54)
[2024-06-14T07:35:20.711+0000] {spark_submit.py:571} INFO - at org.apache.spark.deploy.client.StandaloneAppClient.$anonfun$masterRpcAddresses$1(StandaloneAppClient.scala:54)
[2024-06-14T07:35:20.712+0000] {spark_submit.py:571} INFO - at scala.collection.TraversableLike.$anonfun$map$1(TraversableLike.scala:286)
[2024-06-14T07:35:20.712+0000] {spark_submit.py:571} INFO - at scala.collection.IndexedSeqOptimized.foreach(IndexedSeqOptimized.scala:36)
[2024-06-14T07:35:20.712+0000] {spark_submit.py:571} INFO - at scala.collection.IndexedSeqOptimized.foreach$(IndexedSeqOptimized.scala:33)
[2024-06-14T07:35:20.712+0000] {spark_submit.py:571} INFO - at scala.collection.mutable.ArrayOps$ofRef.foreach(ArrayOps.scala:198)
[2024-06-14T07:35:20.713+0000] {spark_submit.py:571} INFO - at scala.collection.TraversableLike.map(TraversableLike.scala:286)
[2024-06-14T07:35:20.713+0000] {spark_submit.py:571} INFO - at scala.collection.TraversableLike.map$(TraversableLike.scala:279)
[2024-06-14T07:35:20.713+0000] {spark_submit.py:571} INFO - at scala.collection.mutable.ArrayOps$ofRef.map(ArrayOps.scala:198)
[2024-06-14T07:35:20.713+0000] {spark_submit.py:571} INFO - at org.apache.spark.deploy.client.StandaloneAppClient.<init>(StandaloneAppClient.scala:54)
[2024-06-14T07:35:20.714+0000] {spark_submit.py:571} INFO - at org.apache.spark.scheduler.cluster.StandaloneSchedulerBackend.start(StandaloneSchedulerBackend.scala:134)
[2024-06-14T07:35:20.714+0000] {spark_submit.py:571} INFO - at org.apache.spark.scheduler.TaskSchedulerImpl.start(TaskSchedulerImpl.scala:235)
[2024-06-14T07:35:20.714+0000] {spark_submit.py:571} INFO - at org.apache.spark.SparkContext.<init>(SparkContext.scala:604)
[2024-06-14T07:35:20.714+0000] {spark_submit.py:571} INFO - at org.apache.spark.api.java.JavaSparkContext.<init>(JavaSparkContext.scala:58)
[2024-06-14T07:35:20.715+0000] {spark_submit.py:571} INFO - at java.base/jdk.internal.reflect.NativeConstructorAccessorImpl.newInstance0(Native Method)
[2024-06-14T07:35:20.715+0000] {spark_submit.py:571} INFO - at java.base/jdk.internal.reflect.NativeConstructorAccessorImpl.newInstance(NativeConstructorAccessorImpl.java:77)
[2024-06-14T07:35:20.715+0000] {spark_submit.py:571} INFO - at java.base/jdk.internal.reflect.DelegatingConstructorAccessorImpl.newInstance(DelegatingConstructorAccessorImpl.java:45)
[2024-06-14T07:35:20.716+0000] {spark_submit.py:571} INFO - at java.base/java.lang.reflect.Constructor.newInstanceWithCaller(Constructor.java:499)
[2024-06-14T07:35:20.716+0000] {spark_submit.py:571} INFO - at java.base/java.lang.reflect.Constructor.newInstance(Constructor.java:480)
[2024-06-14T07:35:20.716+0000] {spark_submit.py:571} INFO - at py4j.reflection.MethodInvoker.invoke(MethodInvoker.java:247)
[2024-06-14T07:35:20.717+0000] {spark_submit.py:571} INFO - at py4j.reflection.ReflectionEngine.invoke(ReflectionEngine.java:374)
[2024-06-14T07:35:20.717+0000] {spark_submit.py:571} INFO - at py4j.Gateway.invoke(Gateway.java:238)
[2024-06-14T07:35:20.717+0000] {spark_submit.py:571} INFO - at py4j.commands.ConstructorCommand.invokeConstructor(ConstructorCommand.java:80)
[2024-06-14T07:35:20.717+0000] {spark_submit.py:571} INFO - at py4j.commands.ConstructorCommand.execute(ConstructorCommand.java:69)
[2024-06-14T07:35:20.717+0000] {spark_submit.py:571} INFO - at py4j.ClientServerConnection.waitForCommands(ClientServerConnection.java:182)
[2024-06-14T07:35:20.718+0000] {spark_submit.py:571} INFO - at py4j.ClientServerConnection.run(ClientServerConnection.java:106)
[2024-06-14T07:35:20.718+0000] {spark_submit.py:571} INFO - at java.base/java.lang.Thread.run(Thread.java:840)
[2024-06-14T07:35:20.718+0000] {spark_submit.py:571} INFO - 
[2024-06-14T07:35:20.761+0000] {spark_submit.py:571} INFO - 24/06/14 07:35:20 INFO ShutdownHookManager: Shutdown hook called
[2024-06-14T07:35:20.762+0000] {spark_submit.py:571} INFO - 24/06/14 07:35:20 INFO ShutdownHookManager: Deleting directory /tmp/spark-5a9411f9-1f64-4c8a-87bf-6092b0d92062
[2024-06-14T07:35:20.766+0000] {spark_submit.py:571} INFO - 24/06/14 07:35:20 INFO ShutdownHookManager: Deleting directory /tmp/spark-4ee0db52-ee7d-4c33-9e84-05b9d6b7bc10
[2024-06-14T07:35:20.788+0000] {taskinstance.py:441} INFO - ::group::Post task execution logs
[2024-06-14T07:35:20.801+0000] {taskinstance.py:2905} ERROR - Task failed with exception
Traceback (most recent call last):
  File "/home/airflow/.local/lib/python3.12/site-packages/airflow/models/taskinstance.py", line 465, in _execute_task
    result = _execute_callable(context=context, **execute_callable_kwargs)
             ^^^^^^^^^^^^^^^^^^^^^^^^^^^^^^^^^^^^^^^^^^^^^^^^^^^^^^^^^^^^^
  File "/home/airflow/.local/lib/python3.12/site-packages/airflow/models/taskinstance.py", line 432, in _execute_callable
    return execute_callable(context=context, **execute_callable_kwargs)
           ^^^^^^^^^^^^^^^^^^^^^^^^^^^^^^^^^^^^^^^^^^^^^^^^^^^^^^^^^^^^
  File "/home/airflow/.local/lib/python3.12/site-packages/airflow/models/baseoperator.py", line 401, in wrapper
    return func(self, *args, **kwargs)
           ^^^^^^^^^^^^^^^^^^^^^^^^^^^
  File "/home/airflow/.local/lib/python3.12/site-packages/airflow/providers/apache/spark/operators/spark_submit.py", line 174, in execute
    self._hook.submit(self.application)
  File "/home/airflow/.local/lib/python3.12/site-packages/airflow/providers/apache/spark/hooks/spark_submit.py", line 502, in submit
    raise AirflowException(
airflow.exceptions.AirflowException: Cannot execute: spark-submit --master spark://spark-master-1 --name arrow-spark --deploy-mode client jobs/python/wordcountjob.py. Error code is: 1.
[2024-06-14T07:35:20.806+0000] {taskinstance.py:1206} INFO - Marking task as FAILED. dag_id=sparking_flow, task_id=python_job, run_id=scheduled__2024-06-13T00:00:00+00:00, execution_date=20240613T000000, start_date=20240614T073516, end_date=20240614T073520
[2024-06-14T07:35:20.831+0000] {standard_task_runner.py:110} ERROR - Failed to execute job 5 for task python_job (Cannot execute: spark-submit --master spark://spark-master-1 --name arrow-spark --deploy-mode client jobs/python/wordcountjob.py. Error code is: 1.; 939)
[2024-06-14T07:35:20.859+0000] {local_task_job_runner.py:240} INFO - Task exited with return code 1
[2024-06-14T07:35:20.884+0000] {taskinstance.py:3503} INFO - 0 downstream tasks scheduled from follow-on schedule check
[2024-06-14T07:35:20.890+0000] {local_task_job_runner.py:222} INFO - ::endgroup::
[2024-06-14T09:11:51.927+0000] {local_task_job_runner.py:120} INFO - ::group::Pre task execution logs
[2024-06-14T09:11:51.965+0000] {taskinstance.py:2076} INFO - Dependencies all met for dep_context=non-requeueable deps ti=<TaskInstance: sparking_flow.python_job scheduled__2024-06-13T00:00:00+00:00 [queued]>
[2024-06-14T09:11:51.976+0000] {taskinstance.py:2076} INFO - Dependencies all met for dep_context=requeueable deps ti=<TaskInstance: sparking_flow.python_job scheduled__2024-06-13T00:00:00+00:00 [queued]>
[2024-06-14T09:11:51.977+0000] {taskinstance.py:2306} INFO - Starting attempt 3 of 3
[2024-06-14T09:11:51.994+0000] {taskinstance.py:2330} INFO - Executing <Task(SparkSubmitOperator): python_job> on 2024-06-13 00:00:00+00:00
[2024-06-14T09:11:51.999+0000] {standard_task_runner.py:63} INFO - Started process 650 to run task
[2024-06-14T09:11:52.001+0000] {standard_task_runner.py:90} INFO - Running: ['***', 'tasks', 'run', 'sparking_flow', 'python_job', 'scheduled__2024-06-13T00:00:00+00:00', '--job-id', '5', '--raw', '--subdir', 'DAGS_FOLDER/spark_***.py', '--cfg-path', '/tmp/tmp830ml1lk']
[2024-06-14T09:11:52.004+0000] {standard_task_runner.py:91} INFO - Job 5: Subtask python_job
[2024-06-14T09:11:52.063+0000] {task_command.py:426} INFO - Running <TaskInstance: sparking_flow.python_job scheduled__2024-06-13T00:00:00+00:00 [running]> on host 3e8885418805
[2024-06-14T09:11:52.145+0000] {taskinstance.py:2648} INFO - Exporting env vars: AIRFLOW_CTX_DAG_OWNER='Selva' AIRFLOW_CTX_DAG_ID='sparking_flow' AIRFLOW_CTX_TASK_ID='python_job' AIRFLOW_CTX_EXECUTION_DATE='2024-06-13T00:00:00+00:00' AIRFLOW_CTX_TRY_NUMBER='3' AIRFLOW_CTX_DAG_RUN_ID='scheduled__2024-06-13T00:00:00+00:00'
[2024-06-14T09:11:52.146+0000] {taskinstance.py:430} INFO - ::endgroup::
[2024-06-14T09:11:52.167+0000] {base.py:84} INFO - Using connection ID 'spark-conn' for task execution.
[2024-06-14T09:11:52.168+0000] {spark_submit.py:401} INFO - Spark-Submit cmd: spark-submit --master spark://spark-master:7077 --name arrow-spark --deploy-mode client jobs/python/wordcountjob.py
[2024-06-14T09:11:52.240+0000] {spark_submit.py:571} INFO - /home/***/.local/lib/python3.11/site-packages/pyspark/bin/load-spark-env.sh: line 68: ps: command not found
[2024-06-14T09:11:55.172+0000] {spark_submit.py:571} INFO - 24/06/14 09:11:55 INFO SparkContext: Running Spark version 3.5.1
[2024-06-14T09:11:55.174+0000] {spark_submit.py:571} INFO - 24/06/14 09:11:55 INFO SparkContext: OS info Linux, 5.15.153.1-microsoft-standard-WSL2, amd64
[2024-06-14T09:11:55.175+0000] {spark_submit.py:571} INFO - 24/06/14 09:11:55 INFO SparkContext: Java version 17.0.11
[2024-06-14T09:11:55.235+0000] {spark_submit.py:571} INFO - 24/06/14 09:11:55 WARN NativeCodeLoader: Unable to load native-hadoop library for your platform... using builtin-java classes where applicable
[2024-06-14T09:11:55.332+0000] {spark_submit.py:571} INFO - 24/06/14 09:11:55 INFO ResourceUtils: ==============================================================
[2024-06-14T09:11:55.333+0000] {spark_submit.py:571} INFO - 24/06/14 09:11:55 INFO ResourceUtils: No custom resources configured for spark.driver.
[2024-06-14T09:11:55.334+0000] {spark_submit.py:571} INFO - 24/06/14 09:11:55 INFO ResourceUtils: ==============================================================
[2024-06-14T09:11:55.343+0000] {spark_submit.py:571} INFO - 24/06/14 09:11:55 INFO SparkContext: Submitted application: PythonWordCount
[2024-06-14T09:11:55.359+0000] {spark_submit.py:571} INFO - 24/06/14 09:11:55 INFO ResourceProfile: Default ResourceProfile created, executor resources: Map(memory -> name: memory, amount: 1024, script: , vendor: , offHeap -> name: offHeap, amount: 0, script: , vendor: ), task resources: Map(cpus -> name: cpus, amount: 1.0)
[2024-06-14T09:11:55.367+0000] {spark_submit.py:571} INFO - 24/06/14 09:11:55 INFO ResourceProfile: Limiting resource is cpu
[2024-06-14T09:11:55.368+0000] {spark_submit.py:571} INFO - 24/06/14 09:11:55 INFO ResourceProfileManager: Added ResourceProfile id: 0
[2024-06-14T09:11:55.427+0000] {spark_submit.py:571} INFO - 24/06/14 09:11:55 INFO SecurityManager: Changing view acls to: ***
[2024-06-14T09:11:55.428+0000] {spark_submit.py:571} INFO - 24/06/14 09:11:55 INFO SecurityManager: Changing modify acls to: ***
[2024-06-14T09:11:55.429+0000] {spark_submit.py:571} INFO - 24/06/14 09:11:55 INFO SecurityManager: Changing view acls groups to:
[2024-06-14T09:11:55.430+0000] {spark_submit.py:571} INFO - 24/06/14 09:11:55 INFO SecurityManager: Changing modify acls groups to:
[2024-06-14T09:11:55.431+0000] {spark_submit.py:571} INFO - 24/06/14 09:11:55 INFO SecurityManager: SecurityManager: authentication disabled; ui acls disabled; users with view permissions: ***; groups with view permissions: EMPTY; users with modify permissions: ***; groups with modify permissions: EMPTY
[2024-06-14T09:11:55.797+0000] {spark_submit.py:571} INFO - 24/06/14 09:11:55 INFO Utils: Successfully started service 'sparkDriver' on port 41157.
[2024-06-14T09:11:55.823+0000] {spark_submit.py:571} INFO - 24/06/14 09:11:55 INFO SparkEnv: Registering MapOutputTracker
[2024-06-14T09:11:55.857+0000] {spark_submit.py:571} INFO - 24/06/14 09:11:55 INFO SparkEnv: Registering BlockManagerMaster
[2024-06-14T09:11:55.878+0000] {spark_submit.py:571} INFO - 24/06/14 09:11:55 INFO BlockManagerMasterEndpoint: Using org.apache.spark.storage.DefaultTopologyMapper for getting topology information
[2024-06-14T09:11:55.879+0000] {spark_submit.py:571} INFO - 24/06/14 09:11:55 INFO BlockManagerMasterEndpoint: BlockManagerMasterEndpoint up
[2024-06-14T09:11:55.883+0000] {spark_submit.py:571} INFO - 24/06/14 09:11:55 INFO SparkEnv: Registering BlockManagerMasterHeartbeat
[2024-06-14T09:11:55.904+0000] {spark_submit.py:571} INFO - 24/06/14 09:11:55 INFO DiskBlockManager: Created local directory at /tmp/blockmgr-a899ec0d-4ef8-45bb-882e-0169993e2ac4
[2024-06-14T09:11:55.923+0000] {spark_submit.py:571} INFO - 24/06/14 09:11:55 INFO MemoryStore: MemoryStore started with capacity 434.4 MiB
[2024-06-14T09:11:55.944+0000] {spark_submit.py:571} INFO - 24/06/14 09:11:55 INFO SparkEnv: Registering OutputCommitCoordinator
[2024-06-14T09:11:56.071+0000] {spark_submit.py:571} INFO - 24/06/14 09:11:56 INFO JettyUtils: Start Jetty 0.0.0.0:4040 for SparkUI
[2024-06-14T09:11:56.150+0000] {spark_submit.py:571} INFO - 24/06/14 09:11:56 INFO Utils: Successfully started service 'SparkUI' on port 4040.
[2024-06-14T09:11:56.281+0000] {spark_submit.py:571} INFO - 24/06/14 09:11:56 INFO StandaloneAppClient$ClientEndpoint: Connecting to master spark://spark-master:7077...
[2024-06-14T09:11:56.325+0000] {spark_submit.py:571} INFO - 24/06/14 09:11:56 INFO TransportClientFactory: Successfully created connection to spark-master/172.20.0.3:7077 after 23 ms (0 ms spent in bootstraps)
[2024-06-14T09:11:56.604+0000] {spark_submit.py:571} INFO - 24/06/14 09:11:56 INFO StandaloneSchedulerBackend: Connected to Spark cluster with app ID app-20240614091156-0000
[2024-06-14T09:11:56.614+0000] {spark_submit.py:571} INFO - 24/06/14 09:11:56 INFO Utils: Successfully started service 'org.apache.spark.network.netty.NettyBlockTransferService' on port 34351.
[2024-06-14T09:11:56.615+0000] {spark_submit.py:571} INFO - 24/06/14 09:11:56 INFO NettyBlockTransferService: Server created on 3e8885418805:34351
[2024-06-14T09:11:56.617+0000] {spark_submit.py:571} INFO - 24/06/14 09:11:56 INFO BlockManager: Using org.apache.spark.storage.RandomBlockReplicationPolicy for block replication policy
[2024-06-14T09:11:56.624+0000] {spark_submit.py:571} INFO - 24/06/14 09:11:56 INFO BlockManagerMaster: Registering BlockManager BlockManagerId(driver, 3e8885418805, 34351, None)
[2024-06-14T09:11:56.631+0000] {spark_submit.py:571} INFO - 24/06/14 09:11:56 INFO BlockManagerMasterEndpoint: Registering block manager 3e8885418805:34351 with 434.4 MiB RAM, BlockManagerId(driver, 3e8885418805, 34351, None)
[2024-06-14T09:11:56.635+0000] {spark_submit.py:571} INFO - 24/06/14 09:11:56 INFO BlockManagerMaster: Registered BlockManager BlockManagerId(driver, 3e8885418805, 34351, None)
[2024-06-14T09:11:56.638+0000] {spark_submit.py:571} INFO - 24/06/14 09:11:56 INFO BlockManager: Initialized BlockManager: BlockManagerId(driver, 3e8885418805, 34351, None)
[2024-06-14T09:11:56.686+0000] {spark_submit.py:571} INFO - 24/06/14 09:11:56 INFO StandaloneAppClient$ClientEndpoint: Executor added: app-20240614091156-0000/0 on worker-20240614085756-172.20.0.4-34261 (172.20.0.4:34261) with 2 core(s)
[2024-06-14T09:11:56.688+0000] {spark_submit.py:571} INFO - 24/06/14 09:11:56 INFO StandaloneSchedulerBackend: Granted executor ID app-20240614091156-0000/0 on hostPort 172.20.0.4:34261 with 2 core(s), 1024.0 MiB RAM
[2024-06-14T09:11:56.855+0000] {spark_submit.py:571} INFO - 24/06/14 09:11:56 INFO StandaloneSchedulerBackend: SchedulerBackend is ready for scheduling beginning after reached minRegisteredResourcesRatio: 0.0
[2024-06-14T09:11:57.470+0000] {spark_submit.py:571} INFO - 24/06/14 09:11:57 INFO SparkContext: Starting job: collect at /opt/***/jobs/python/wordcountjob.py:11
[2024-06-14T09:11:57.519+0000] {spark_submit.py:571} INFO - 24/06/14 09:11:57 INFO DAGScheduler: Registering RDD 2 (reduceByKey at /opt/***/jobs/python/wordcountjob.py:9) as input to shuffle 0
[2024-06-14T09:11:57.542+0000] {spark_submit.py:571} INFO - 24/06/14 09:11:57 INFO DAGScheduler: Got job 0 (collect at /opt/***/jobs/python/wordcountjob.py:11) with 2 output partitions
[2024-06-14T09:11:57.543+0000] {spark_submit.py:571} INFO - 24/06/14 09:11:57 INFO DAGScheduler: Final stage: ResultStage 1 (collect at /opt/***/jobs/python/wordcountjob.py:11)
[2024-06-14T09:11:57.544+0000] {spark_submit.py:571} INFO - 24/06/14 09:11:57 INFO DAGScheduler: Parents of final stage: List(ShuffleMapStage 0)
[2024-06-14T09:11:57.549+0000] {spark_submit.py:571} INFO - 24/06/14 09:11:57 INFO DAGScheduler: Missing parents: List(ShuffleMapStage 0)
[2024-06-14T09:11:57.558+0000] {spark_submit.py:571} INFO - 24/06/14 09:11:57 INFO DAGScheduler: Submitting ShuffleMapStage 0 (PairwiseRDD[2] at reduceByKey at /opt/***/jobs/python/wordcountjob.py:9), which has no missing parents
[2024-06-14T09:11:57.778+0000] {spark_submit.py:571} INFO - 24/06/14 09:11:57 INFO MemoryStore: Block broadcast_0 stored as values in memory (estimated size 11.3 KiB, free 434.4 MiB)
[2024-06-14T09:11:57.787+0000] {spark_submit.py:571} INFO - 24/06/14 09:11:57 INFO StandaloneAppClient$ClientEndpoint: Executor updated: app-20240614091156-0000/0 is now RUNNING
[2024-06-14T09:11:57.843+0000] {spark_submit.py:571} INFO - 24/06/14 09:11:57 INFO MemoryStore: Block broadcast_0_piece0 stored as bytes in memory (estimated size 7.1 KiB, free 434.4 MiB)
[2024-06-14T09:11:57.849+0000] {spark_submit.py:571} INFO - 24/06/14 09:11:57 INFO BlockManagerInfo: Added broadcast_0_piece0 in memory on 3e8885418805:34351 (size: 7.1 KiB, free: 434.4 MiB)
[2024-06-14T09:11:57.857+0000] {spark_submit.py:571} INFO - 24/06/14 09:11:57 INFO SparkContext: Created broadcast 0 from broadcast at DAGScheduler.scala:1585
[2024-06-14T09:11:57.881+0000] {spark_submit.py:571} INFO - 24/06/14 09:11:57 INFO DAGScheduler: Submitting 2 missing tasks from ShuffleMapStage 0 (PairwiseRDD[2] at reduceByKey at /opt/***/jobs/python/wordcountjob.py:9) (first 15 tasks are for partitions Vector(0, 1))
[2024-06-14T09:11:57.882+0000] {spark_submit.py:571} INFO - 24/06/14 09:11:57 INFO TaskSchedulerImpl: Adding task set 0.0 with 2 tasks resource profile 0
[2024-06-14T09:12:01.164+0000] {spark_submit.py:571} INFO - 24/06/14 09:12:01 INFO StandaloneSchedulerBackend$StandaloneDriverEndpoint: Registered executor NettyRpcEndpointRef(spark-client://Executor) (172.20.0.4:38356) with ID 0,  ResourceProfileId 0
[2024-06-14T09:12:01.263+0000] {spark_submit.py:571} INFO - 24/06/14 09:12:01 INFO BlockManagerMasterEndpoint: Registering block manager 172.20.0.4:38569 with 434.4 MiB RAM, BlockManagerId(0, 172.20.0.4, 38569, None)
[2024-06-14T09:12:01.334+0000] {spark_submit.py:571} INFO - 24/06/14 09:12:01 INFO TaskSetManager: Starting task 0.0 in stage 0.0 (TID 0) (172.20.0.4, executor 0, partition 0, PROCESS_LOCAL, 7655 bytes)
[2024-06-14T09:12:01.338+0000] {spark_submit.py:571} INFO - 24/06/14 09:12:01 INFO TaskSetManager: Starting task 1.0 in stage 0.0 (TID 1) (172.20.0.4, executor 0, partition 1, PROCESS_LOCAL, 7688 bytes)
[2024-06-14T09:12:01.655+0000] {spark_submit.py:571} INFO - 24/06/14 09:12:01 INFO BlockManagerInfo: Added broadcast_0_piece0 in memory on 172.20.0.4:38569 (size: 7.1 KiB, free: 434.4 MiB)
[2024-06-14T09:12:03.340+0000] {spark_submit.py:571} INFO - 24/06/14 09:12:03 INFO TaskSetManager: Finished task 1.0 in stage 0.0 (TID 1) in 2002 ms on 172.20.0.4 (executor 0) (1/2)
[2024-06-14T09:12:03.343+0000] {spark_submit.py:571} INFO - 24/06/14 09:12:03 INFO TaskSetManager: Finished task 0.0 in stage 0.0 (TID 0) in 2024 ms on 172.20.0.4 (executor 0) (2/2)
[2024-06-14T09:12:03.344+0000] {spark_submit.py:571} INFO - 24/06/14 09:12:03 INFO TaskSchedulerImpl: Removed TaskSet 0.0, whose tasks have all completed, from pool
[2024-06-14T09:12:03.353+0000] {spark_submit.py:571} INFO - 24/06/14 09:12:03 INFO PythonAccumulatorV2: Connected to AccumulatorServer at host: 127.0.0.1 port: 53777
[2024-06-14T09:12:03.373+0000] {spark_submit.py:571} INFO - 24/06/14 09:12:03 INFO DAGScheduler: ShuffleMapStage 0 (reduceByKey at /opt/***/jobs/python/wordcountjob.py:9) finished in 5.762 s
[2024-06-14T09:12:03.374+0000] {spark_submit.py:571} INFO - 24/06/14 09:12:03 INFO DAGScheduler: looking for newly runnable stages
[2024-06-14T09:12:03.374+0000] {spark_submit.py:571} INFO - 24/06/14 09:12:03 INFO DAGScheduler: running: Set()
[2024-06-14T09:12:03.375+0000] {spark_submit.py:571} INFO - 24/06/14 09:12:03 INFO DAGScheduler: waiting: Set(ResultStage 1)
[2024-06-14T09:12:03.376+0000] {spark_submit.py:571} INFO - 24/06/14 09:12:03 INFO DAGScheduler: failed: Set()
[2024-06-14T09:12:03.378+0000] {spark_submit.py:571} INFO - 24/06/14 09:12:03 INFO DAGScheduler: Submitting ResultStage 1 (PythonRDD[5] at collect at /opt/***/jobs/python/wordcountjob.py:11), which has no missing parents
[2024-06-14T09:12:03.390+0000] {spark_submit.py:571} INFO - 24/06/14 09:12:03 INFO MemoryStore: Block broadcast_1 stored as values in memory (estimated size 10.1 KiB, free 434.4 MiB)
[2024-06-14T09:12:03.392+0000] {spark_submit.py:571} INFO - 24/06/14 09:12:03 INFO MemoryStore: Block broadcast_1_piece0 stored as bytes in memory (estimated size 6.1 KiB, free 434.4 MiB)
[2024-06-14T09:12:03.393+0000] {spark_submit.py:571} INFO - 24/06/14 09:12:03 INFO BlockManagerInfo: Added broadcast_1_piece0 in memory on 3e8885418805:34351 (size: 6.1 KiB, free: 434.4 MiB)
[2024-06-14T09:12:03.394+0000] {spark_submit.py:571} INFO - 24/06/14 09:12:03 INFO SparkContext: Created broadcast 1 from broadcast at DAGScheduler.scala:1585
[2024-06-14T09:12:03.396+0000] {spark_submit.py:571} INFO - 24/06/14 09:12:03 INFO DAGScheduler: Submitting 2 missing tasks from ResultStage 1 (PythonRDD[5] at collect at /opt/***/jobs/python/wordcountjob.py:11) (first 15 tasks are for partitions Vector(0, 1))
[2024-06-14T09:12:03.397+0000] {spark_submit.py:571} INFO - 24/06/14 09:12:03 INFO TaskSchedulerImpl: Adding task set 1.0 with 2 tasks resource profile 0
[2024-06-14T09:12:03.404+0000] {spark_submit.py:571} INFO - 24/06/14 09:12:03 INFO TaskSetManager: Starting task 0.0 in stage 1.0 (TID 2) (172.20.0.4, executor 0, partition 0, NODE_LOCAL, 7437 bytes)
[2024-06-14T09:12:03.405+0000] {spark_submit.py:571} INFO - 24/06/14 09:12:03 INFO TaskSetManager: Starting task 1.0 in stage 1.0 (TID 3) (172.20.0.4, executor 0, partition 1, NODE_LOCAL, 7437 bytes)
[2024-06-14T09:12:03.431+0000] {spark_submit.py:571} INFO - 24/06/14 09:12:03 INFO BlockManagerInfo: Added broadcast_1_piece0 in memory on 172.20.0.4:38569 (size: 6.1 KiB, free: 434.4 MiB)
[2024-06-14T09:12:03.556+0000] {spark_submit.py:571} INFO - 24/06/14 09:12:03 INFO MapOutputTrackerMasterEndpoint: Asked to send map output locations for shuffle 0 to 172.20.0.4:38356
[2024-06-14T09:12:03.872+0000] {spark_submit.py:571} INFO - 24/06/14 09:12:03 INFO TaskSetManager: Finished task 0.0 in stage 1.0 (TID 2) in 470 ms on 172.20.0.4 (executor 0) (1/2)
[2024-06-14T09:12:03.878+0000] {spark_submit.py:571} INFO - 24/06/14 09:12:03 INFO TaskSetManager: Finished task 1.0 in stage 1.0 (TID 3) in 473 ms on 172.20.0.4 (executor 0) (2/2)
[2024-06-14T09:12:03.879+0000] {spark_submit.py:571} INFO - 24/06/14 09:12:03 INFO TaskSchedulerImpl: Removed TaskSet 1.0, whose tasks have all completed, from pool
[2024-06-14T09:12:03.880+0000] {spark_submit.py:571} INFO - 24/06/14 09:12:03 INFO DAGScheduler: ResultStage 1 (collect at /opt/***/jobs/python/wordcountjob.py:11) finished in 0.493 s
[2024-06-14T09:12:03.885+0000] {spark_submit.py:571} INFO - 24/06/14 09:12:03 INFO DAGScheduler: Job 0 is finished. Cancelling potential speculative or zombie tasks for this job
[2024-06-14T09:12:03.886+0000] {spark_submit.py:571} INFO - 24/06/14 09:12:03 INFO TaskSchedulerImpl: Killing all running tasks in stage 1: Stage finished
[2024-06-14T09:12:03.889+0000] {spark_submit.py:571} INFO - 24/06/14 09:12:03 INFO DAGScheduler: Job 0 finished: collect at /opt/***/jobs/python/wordcountjob.py:11, took 6.418632 s
[2024-06-14T09:12:03.907+0000] {spark_submit.py:571} INFO - Python 1
[2024-06-14T09:12:03.908+0000] {spark_submit.py:571} INFO - Airflow 1
[2024-06-14T09:12:03.908+0000] {spark_submit.py:571} INFO - Docker 1
[2024-06-14T09:12:03.909+0000] {spark_submit.py:571} INFO - and 1
[2024-06-14T09:12:03.909+0000] {spark_submit.py:571} INFO - Hello 5
[2024-06-14T09:12:03.909+0000] {spark_submit.py:571} INFO - Spark 1
[2024-06-14T09:12:03.909+0000] {spark_submit.py:571} INFO - Selva 1
[2024-06-14T09:12:03.910+0000] {spark_submit.py:571} INFO - 24/06/14 09:12:03 INFO SparkContext: SparkContext is stopping with exitCode 0.
[2024-06-14T09:12:03.918+0000] {spark_submit.py:571} INFO - 24/06/14 09:12:03 INFO SparkUI: Stopped Spark web UI at http://3e8885418805:4040
[2024-06-14T09:12:03.921+0000] {spark_submit.py:571} INFO - 24/06/14 09:12:03 INFO StandaloneSchedulerBackend: Shutting down all executors
[2024-06-14T09:12:03.921+0000] {spark_submit.py:571} INFO - 24/06/14 09:12:03 INFO StandaloneSchedulerBackend$StandaloneDriverEndpoint: Asking each executor to shut down
[2024-06-14T09:12:03.949+0000] {spark_submit.py:571} INFO - 24/06/14 09:12:03 INFO MapOutputTrackerMasterEndpoint: MapOutputTrackerMasterEndpoint stopped!
[2024-06-14T09:12:03.974+0000] {spark_submit.py:571} INFO - 24/06/14 09:12:03 INFO MemoryStore: MemoryStore cleared
[2024-06-14T09:12:03.975+0000] {spark_submit.py:571} INFO - 24/06/14 09:12:03 INFO BlockManager: BlockManager stopped
[2024-06-14T09:12:03.982+0000] {spark_submit.py:571} INFO - 24/06/14 09:12:03 INFO BlockManagerMaster: BlockManagerMaster stopped
[2024-06-14T09:12:03.989+0000] {spark_submit.py:571} INFO - 24/06/14 09:12:03 INFO OutputCommitCoordinator$OutputCommitCoordinatorEndpoint: OutputCommitCoordinator stopped!
[2024-06-14T09:12:04.023+0000] {spark_submit.py:571} INFO - 24/06/14 09:12:04 INFO SparkContext: Successfully stopped SparkContext
[2024-06-14T09:12:04.937+0000] {spark_submit.py:571} INFO - 24/06/14 09:12:04 INFO ShutdownHookManager: Shutdown hook called
[2024-06-14T09:12:04.937+0000] {spark_submit.py:571} INFO - 24/06/14 09:12:04 INFO ShutdownHookManager: Deleting directory /tmp/spark-f55d6c85-6db0-4c1a-92d3-f5b921cba96a
[2024-06-14T09:12:04.942+0000] {spark_submit.py:571} INFO - 24/06/14 09:12:04 INFO ShutdownHookManager: Deleting directory /tmp/spark-1d13d883-9de3-4845-893f-8e4bb53e336e
[2024-06-14T09:12:04.948+0000] {spark_submit.py:571} INFO - 24/06/14 09:12:04 INFO ShutdownHookManager: Deleting directory /tmp/spark-1d13d883-9de3-4845-893f-8e4bb53e336e/pyspark-88f1239d-79bc-42a2-ae2e-c9e312b13ab5
[2024-06-14T09:12:04.988+0000] {taskinstance.py:441} INFO - ::group::Post task execution logs
[2024-06-14T09:12:05.002+0000] {taskinstance.py:1206} INFO - Marking task as SUCCESS. dag_id=sparking_flow, task_id=python_job, run_id=scheduled__2024-06-13T00:00:00+00:00, execution_date=20240613T000000, start_date=20240614T091151, end_date=20240614T091205
[2024-06-14T09:12:05.196+0000] {local_task_job_runner.py:240} INFO - Task exited with return code 0
[2024-06-14T09:12:05.218+0000] {taskinstance.py:3503} INFO - 1 downstream tasks scheduled from follow-on schedule check
[2024-06-14T09:12:05.223+0000] {local_task_job_runner.py:222} INFO - ::endgroup::
