[2024-06-14T08:26:20.119+0000] {local_task_job_runner.py:120} INFO - ::group::Pre task execution logs
[2024-06-14T08:26:20.153+0000] {taskinstance.py:2076} INFO - Dependencies all met for dep_context=non-requeueable deps ti=<TaskInstance: sparking_flow.python_job scheduled__2024-06-13T00:00:00+00:00 [queued]>
[2024-06-14T08:26:20.162+0000] {taskinstance.py:2076} INFO - Dependencies all met for dep_context=requeueable deps ti=<TaskInstance: sparking_flow.python_job scheduled__2024-06-13T00:00:00+00:00 [queued]>
[2024-06-14T08:26:20.163+0000] {taskinstance.py:2306} INFO - Starting attempt 8 of 8
[2024-06-14T08:26:20.179+0000] {taskinstance.py:2330} INFO - Executing <Task(SparkSubmitOperator): python_job> on 2024-06-13 00:00:00+00:00
[2024-06-14T08:26:20.186+0000] {standard_task_runner.py:90} INFO - Running: ['***', 'tasks', 'run', 'sparking_flow', 'python_job', 'scheduled__2024-06-13T00:00:00+00:00', '--job-id', '10', '--raw', '--subdir', 'DAGS_FOLDER/spark_***.py', '--cfg-path', '/tmp/tmpixfo0nga']
[2024-06-14T08:26:20.188+0000] {standard_task_runner.py:91} INFO - Job 10: Subtask python_job
[2024-06-14T08:26:20.188+0000] {logging_mixin.py:188} WARNING - /home/***/.local/lib/python3.12/site-packages/***/task/task_runner/standard_task_runner.py:61 DeprecationWarning: This process (pid=1832) is multi-threaded, use of fork() may lead to deadlocks in the child.
[2024-06-14T08:26:20.189+0000] {standard_task_runner.py:63} INFO - Started process 1833 to run task
[2024-06-14T08:26:20.240+0000] {task_command.py:426} INFO - Running <TaskInstance: sparking_flow.python_job scheduled__2024-06-13T00:00:00+00:00 [running]> on host e342e0ac560c
[2024-06-14T08:26:20.325+0000] {taskinstance.py:2648} INFO - Exporting env vars: AIRFLOW_CTX_DAG_OWNER='Selva' AIRFLOW_CTX_DAG_ID='sparking_flow' AIRFLOW_CTX_TASK_ID='python_job' AIRFLOW_CTX_EXECUTION_DATE='2024-06-13T00:00:00+00:00' AIRFLOW_CTX_TRY_NUMBER='8' AIRFLOW_CTX_DAG_RUN_ID='scheduled__2024-06-13T00:00:00+00:00'
[2024-06-14T08:26:20.327+0000] {taskinstance.py:430} INFO - ::endgroup::
[2024-06-14T08:26:20.348+0000] {base.py:84} INFO - Using connection ID 'spark-conn' for task execution.
[2024-06-14T08:26:20.349+0000] {spark_submit.py:401} INFO - Spark-Submit cmd: spark-submit --master spark://spark-master-1:7077 --name arrow-spark --deploy-mode client jobs/python/wordcountjob.py
[2024-06-14T08:26:20.416+0000] {spark_submit.py:571} INFO - /home/***/.local/lib/python3.12/site-packages/pyspark/bin/load-spark-env.sh: line 68: ps: command not found
[2024-06-14T08:26:23.179+0000] {spark_submit.py:571} INFO - 24/06/14 08:26:23 INFO SparkContext: Running Spark version 3.5.1
[2024-06-14T08:26:23.181+0000] {spark_submit.py:571} INFO - 24/06/14 08:26:23 INFO SparkContext: OS info Linux, 5.15.153.1-microsoft-standard-WSL2, amd64
[2024-06-14T08:26:23.181+0000] {spark_submit.py:571} INFO - 24/06/14 08:26:23 INFO SparkContext: Java version 17.0.11
[2024-06-14T08:26:23.226+0000] {spark_submit.py:571} INFO - 24/06/14 08:26:23 WARN NativeCodeLoader: Unable to load native-hadoop library for your platform... using builtin-java classes where applicable
[2024-06-14T08:26:23.303+0000] {spark_submit.py:571} INFO - 24/06/14 08:26:23 INFO ResourceUtils: ==============================================================
[2024-06-14T08:26:23.303+0000] {spark_submit.py:571} INFO - 24/06/14 08:26:23 INFO ResourceUtils: No custom resources configured for spark.driver.
[2024-06-14T08:26:23.304+0000] {spark_submit.py:571} INFO - 24/06/14 08:26:23 INFO ResourceUtils: ==============================================================
[2024-06-14T08:26:23.304+0000] {spark_submit.py:571} INFO - 24/06/14 08:26:23 INFO SparkContext: Submitted application: PythonWordCount
[2024-06-14T08:26:23.320+0000] {spark_submit.py:571} INFO - 24/06/14 08:26:23 INFO ResourceProfile: Default ResourceProfile created, executor resources: Map(memory -> name: memory, amount: 1024, script: , vendor: , offHeap -> name: offHeap, amount: 0, script: , vendor: ), task resources: Map(cpus -> name: cpus, amount: 1.0)
[2024-06-14T08:26:23.327+0000] {spark_submit.py:571} INFO - 24/06/14 08:26:23 INFO ResourceProfile: Limiting resource is cpu
[2024-06-14T08:26:23.328+0000] {spark_submit.py:571} INFO - 24/06/14 08:26:23 INFO ResourceProfileManager: Added ResourceProfile id: 0
[2024-06-14T08:26:23.383+0000] {spark_submit.py:571} INFO - 24/06/14 08:26:23 INFO SecurityManager: Changing view acls to: ***
[2024-06-14T08:26:23.384+0000] {spark_submit.py:571} INFO - 24/06/14 08:26:23 INFO SecurityManager: Changing modify acls to: ***
[2024-06-14T08:26:23.385+0000] {spark_submit.py:571} INFO - 24/06/14 08:26:23 INFO SecurityManager: Changing view acls groups to:
[2024-06-14T08:26:23.386+0000] {spark_submit.py:571} INFO - 24/06/14 08:26:23 INFO SecurityManager: Changing modify acls groups to:
[2024-06-14T08:26:23.387+0000] {spark_submit.py:571} INFO - 24/06/14 08:26:23 INFO SecurityManager: SecurityManager: authentication disabled; ui acls disabled; users with view permissions: ***; groups with view permissions: EMPTY; users with modify permissions: ***; groups with modify permissions: EMPTY
[2024-06-14T08:26:23.661+0000] {spark_submit.py:571} INFO - 24/06/14 08:26:23 INFO Utils: Successfully started service 'sparkDriver' on port 46173.
[2024-06-14T08:26:23.694+0000] {spark_submit.py:571} INFO - 24/06/14 08:26:23 INFO SparkEnv: Registering MapOutputTracker
[2024-06-14T08:26:23.731+0000] {spark_submit.py:571} INFO - 24/06/14 08:26:23 INFO SparkEnv: Registering BlockManagerMaster
[2024-06-14T08:26:23.748+0000] {spark_submit.py:571} INFO - 24/06/14 08:26:23 INFO BlockManagerMasterEndpoint: Using org.apache.spark.storage.DefaultTopologyMapper for getting topology information
[2024-06-14T08:26:23.749+0000] {spark_submit.py:571} INFO - 24/06/14 08:26:23 INFO BlockManagerMasterEndpoint: BlockManagerMasterEndpoint up
[2024-06-14T08:26:23.753+0000] {spark_submit.py:571} INFO - 24/06/14 08:26:23 INFO SparkEnv: Registering BlockManagerMasterHeartbeat
[2024-06-14T08:26:23.770+0000] {spark_submit.py:571} INFO - 24/06/14 08:26:23 INFO DiskBlockManager: Created local directory at /tmp/blockmgr-e77ee87b-99fa-4600-8910-3446da3db21b
[2024-06-14T08:26:23.783+0000] {spark_submit.py:571} INFO - 24/06/14 08:26:23 INFO MemoryStore: MemoryStore started with capacity 434.4 MiB
[2024-06-14T08:26:23.799+0000] {spark_submit.py:571} INFO - 24/06/14 08:26:23 INFO SparkEnv: Registering OutputCommitCoordinator
[2024-06-14T08:26:23.914+0000] {spark_submit.py:571} INFO - 24/06/14 08:26:23 INFO JettyUtils: Start Jetty 0.0.0.0:4040 for SparkUI
[2024-06-14T08:26:23.974+0000] {spark_submit.py:571} INFO - 24/06/14 08:26:23 INFO Utils: Successfully started service 'SparkUI' on port 4040.
[2024-06-14T08:26:24.101+0000] {spark_submit.py:571} INFO - 24/06/14 08:26:24 INFO StandaloneAppClient$ClientEndpoint: Connecting to master spark://spark-master-1:7077...
[2024-06-14T08:26:32.118+0000] {spark_submit.py:571} INFO - 24/06/14 08:26:32 WARN TransportClientFactory: DNS resolution failed for spark-master-1/<unresolved>:7077 took 8002 ms
[2024-06-14T08:26:32.141+0000] {spark_submit.py:571} INFO - 24/06/14 08:26:32 WARN StandaloneAppClient$ClientEndpoint: Failed to connect to master spark-master-1:7077
[2024-06-14T08:26:32.142+0000] {spark_submit.py:571} INFO - org.apache.spark.SparkException: Exception thrown in awaitResult:
[2024-06-14T08:26:32.143+0000] {spark_submit.py:571} INFO - at org.apache.spark.util.SparkThreadUtils$.awaitResult(SparkThreadUtils.scala:56)
[2024-06-14T08:26:32.144+0000] {spark_submit.py:571} INFO - at org.apache.spark.util.ThreadUtils$.awaitResult(ThreadUtils.scala:310)
[2024-06-14T08:26:32.145+0000] {spark_submit.py:571} INFO - at org.apache.spark.rpc.RpcTimeout.awaitResult(RpcTimeout.scala:75)
[2024-06-14T08:26:32.145+0000] {spark_submit.py:571} INFO - at org.apache.spark.rpc.RpcEnv.setupEndpointRefByURI(RpcEnv.scala:102)
[2024-06-14T08:26:32.146+0000] {spark_submit.py:571} INFO - at org.apache.spark.rpc.RpcEnv.setupEndpointRef(RpcEnv.scala:110)
[2024-06-14T08:26:32.147+0000] {spark_submit.py:571} INFO - at org.apache.spark.deploy.client.StandaloneAppClient$ClientEndpoint$$anon$1.run(StandaloneAppClient.scala:108)
[2024-06-14T08:26:32.147+0000] {spark_submit.py:571} INFO - at java.base/java.util.concurrent.Executors$RunnableAdapter.call(Executors.java:539)
[2024-06-14T08:26:32.148+0000] {spark_submit.py:571} INFO - at java.base/java.util.concurrent.FutureTask.run(FutureTask.java:264)
[2024-06-14T08:26:32.149+0000] {spark_submit.py:571} INFO - at java.base/java.util.concurrent.ThreadPoolExecutor.runWorker(ThreadPoolExecutor.java:1136)
[2024-06-14T08:26:32.149+0000] {spark_submit.py:571} INFO - at java.base/java.util.concurrent.ThreadPoolExecutor$Worker.run(ThreadPoolExecutor.java:635)
[2024-06-14T08:26:32.150+0000] {spark_submit.py:571} INFO - at java.base/java.lang.Thread.run(Thread.java:840)
[2024-06-14T08:26:32.151+0000] {spark_submit.py:571} INFO - Caused by: java.io.IOException: Failed to connect to spark-master-1/<unresolved>:7077
[2024-06-14T08:26:32.152+0000] {spark_submit.py:571} INFO - at org.apache.spark.network.client.TransportClientFactory.createClient(TransportClientFactory.java:294)
[2024-06-14T08:26:32.152+0000] {spark_submit.py:571} INFO - at org.apache.spark.network.client.TransportClientFactory.createClient(TransportClientFactory.java:214)
[2024-06-14T08:26:32.153+0000] {spark_submit.py:571} INFO - at org.apache.spark.network.client.TransportClientFactory.createClient(TransportClientFactory.java:226)
[2024-06-14T08:26:32.153+0000] {spark_submit.py:571} INFO - at org.apache.spark.rpc.netty.NettyRpcEnv.createClient(NettyRpcEnv.scala:204)
[2024-06-14T08:26:32.154+0000] {spark_submit.py:571} INFO - at org.apache.spark.rpc.netty.Outbox$$anon$1.call(Outbox.scala:202)
[2024-06-14T08:26:32.154+0000] {spark_submit.py:571} INFO - at org.apache.spark.rpc.netty.Outbox$$anon$1.call(Outbox.scala:198)
[2024-06-14T08:26:32.155+0000] {spark_submit.py:571} INFO - ... 4 more
[2024-06-14T08:26:32.155+0000] {spark_submit.py:571} INFO - Caused by: java.net.UnknownHostException: spark-master-1
[2024-06-14T08:26:32.155+0000] {spark_submit.py:571} INFO - at java.base/java.net.InetAddress$CachedAddresses.get(InetAddress.java:801)
[2024-06-14T08:26:32.156+0000] {spark_submit.py:571} INFO - at java.base/java.net.InetAddress.getAllByName0(InetAddress.java:1533)
[2024-06-14T08:26:32.156+0000] {spark_submit.py:571} INFO - at java.base/java.net.InetAddress.getAllByName(InetAddress.java:1385)
[2024-06-14T08:26:32.156+0000] {spark_submit.py:571} INFO - at java.base/java.net.InetAddress.getAllByName(InetAddress.java:1306)
[2024-06-14T08:26:32.157+0000] {spark_submit.py:571} INFO - at java.base/java.net.InetAddress.getByName(InetAddress.java:1256)
[2024-06-14T08:26:32.157+0000] {spark_submit.py:571} INFO - at io.netty.util.internal.SocketUtils$8.run(SocketUtils.java:156)
[2024-06-14T08:26:32.157+0000] {spark_submit.py:571} INFO - at io.netty.util.internal.SocketUtils$8.run(SocketUtils.java:153)
[2024-06-14T08:26:32.158+0000] {spark_submit.py:571} INFO - at java.base/java.security.AccessController.doPrivileged(AccessController.java:569)
[2024-06-14T08:26:32.158+0000] {spark_submit.py:571} INFO - at io.netty.util.internal.SocketUtils.addressByName(SocketUtils.java:153)
[2024-06-14T08:26:32.158+0000] {spark_submit.py:571} INFO - at io.netty.resolver.DefaultNameResolver.doResolve(DefaultNameResolver.java:41)
[2024-06-14T08:26:32.159+0000] {spark_submit.py:571} INFO - at io.netty.resolver.SimpleNameResolver.resolve(SimpleNameResolver.java:61)
[2024-06-14T08:26:32.159+0000] {spark_submit.py:571} INFO - at io.netty.resolver.SimpleNameResolver.resolve(SimpleNameResolver.java:53)
[2024-06-14T08:26:32.159+0000] {spark_submit.py:571} INFO - at io.netty.resolver.InetSocketAddressResolver.doResolve(InetSocketAddressResolver.java:55)
[2024-06-14T08:26:32.160+0000] {spark_submit.py:571} INFO - at io.netty.resolver.InetSocketAddressResolver.doResolve(InetSocketAddressResolver.java:31)
[2024-06-14T08:26:32.160+0000] {spark_submit.py:571} INFO - at io.netty.resolver.AbstractAddressResolver.resolve(AbstractAddressResolver.java:106)
[2024-06-14T08:26:32.161+0000] {spark_submit.py:571} INFO - at io.netty.bootstrap.Bootstrap.doResolveAndConnect0(Bootstrap.java:220)
[2024-06-14T08:26:32.161+0000] {spark_submit.py:571} INFO - at io.netty.bootstrap.Bootstrap.access$000(Bootstrap.java:46)
[2024-06-14T08:26:32.161+0000] {spark_submit.py:571} INFO - at io.netty.bootstrap.Bootstrap$1.operationComplete(Bootstrap.java:189)
[2024-06-14T08:26:32.162+0000] {spark_submit.py:571} INFO - at io.netty.bootstrap.Bootstrap$1.operationComplete(Bootstrap.java:175)
[2024-06-14T08:26:32.162+0000] {spark_submit.py:571} INFO - at io.netty.util.concurrent.DefaultPromise.notifyListener0(DefaultPromise.java:590)
[2024-06-14T08:26:32.162+0000] {spark_submit.py:571} INFO - at io.netty.util.concurrent.DefaultPromise.notifyListenersNow(DefaultPromise.java:557)
[2024-06-14T08:26:32.162+0000] {spark_submit.py:571} INFO - at io.netty.util.concurrent.DefaultPromise.notifyListeners(DefaultPromise.java:492)
[2024-06-14T08:26:32.163+0000] {spark_submit.py:571} INFO - at io.netty.util.concurrent.DefaultPromise.setValue0(DefaultPromise.java:636)
[2024-06-14T08:26:32.163+0000] {spark_submit.py:571} INFO - at io.netty.util.concurrent.DefaultPromise.setSuccess0(DefaultPromise.java:625)
[2024-06-14T08:26:32.163+0000] {spark_submit.py:571} INFO - at io.netty.util.concurrent.DefaultPromise.trySuccess(DefaultPromise.java:105)
[2024-06-14T08:26:32.163+0000] {spark_submit.py:571} INFO - at io.netty.channel.DefaultChannelPromise.trySuccess(DefaultChannelPromise.java:84)
[2024-06-14T08:26:32.164+0000] {spark_submit.py:571} INFO - at io.netty.channel.AbstractChannel$AbstractUnsafe.safeSetSuccess(AbstractChannel.java:990)
[2024-06-14T08:26:32.164+0000] {spark_submit.py:571} INFO - at io.netty.channel.AbstractChannel$AbstractUnsafe.register0(AbstractChannel.java:516)
[2024-06-14T08:26:32.164+0000] {spark_submit.py:571} INFO - at io.netty.channel.AbstractChannel$AbstractUnsafe.access$200(AbstractChannel.java:429)
[2024-06-14T08:26:32.164+0000] {spark_submit.py:571} INFO - at io.netty.channel.AbstractChannel$AbstractUnsafe$1.run(AbstractChannel.java:486)
[2024-06-14T08:26:32.164+0000] {spark_submit.py:571} INFO - at io.netty.util.concurrent.AbstractEventExecutor.runTask(AbstractEventExecutor.java:174)
[2024-06-14T08:26:32.165+0000] {spark_submit.py:571} INFO - at io.netty.util.concurrent.AbstractEventExecutor.safeExecute(AbstractEventExecutor.java:167)
[2024-06-14T08:26:32.165+0000] {spark_submit.py:571} INFO - at io.netty.util.concurrent.SingleThreadEventExecutor.runAllTasks(SingleThreadEventExecutor.java:470)
[2024-06-14T08:26:32.165+0000] {spark_submit.py:571} INFO - at io.netty.channel.nio.NioEventLoop.run(NioEventLoop.java:569)
[2024-06-14T08:26:32.165+0000] {spark_submit.py:571} INFO - at io.netty.util.concurrent.SingleThreadEventExecutor$4.run(SingleThreadEventExecutor.java:997)
[2024-06-14T08:26:32.165+0000] {spark_submit.py:571} INFO - at io.netty.util.internal.ThreadExecutorMap$2.run(ThreadExecutorMap.java:74)
[2024-06-14T08:26:32.166+0000] {spark_submit.py:571} INFO - at io.netty.util.concurrent.FastThreadLocalRunnable.run(FastThreadLocalRunnable.java:30)
[2024-06-14T08:26:32.166+0000] {spark_submit.py:571} INFO - ... 1 more
[2024-06-14T08:26:44.103+0000] {spark_submit.py:571} INFO - 24/06/14 08:26:44 INFO StandaloneAppClient$ClientEndpoint: Connecting to master spark://spark-master-1:7077...
[2024-06-14T08:26:52.109+0000] {spark_submit.py:571} INFO - 24/06/14 08:26:52 WARN TransportClientFactory: DNS resolution failed for spark-master-1/<unresolved>:7077 took 8003 ms
[2024-06-14T08:26:52.114+0000] {spark_submit.py:571} INFO - 24/06/14 08:26:52 WARN StandaloneAppClient$ClientEndpoint: Failed to connect to master spark-master-1:7077
[2024-06-14T08:26:52.114+0000] {spark_submit.py:571} INFO - org.apache.spark.SparkException: Exception thrown in awaitResult:
[2024-06-14T08:26:52.115+0000] {spark_submit.py:571} INFO - at org.apache.spark.util.SparkThreadUtils$.awaitResult(SparkThreadUtils.scala:56)
[2024-06-14T08:26:52.116+0000] {spark_submit.py:571} INFO - at org.apache.spark.util.ThreadUtils$.awaitResult(ThreadUtils.scala:310)
[2024-06-14T08:26:52.116+0000] {spark_submit.py:571} INFO - at org.apache.spark.rpc.RpcTimeout.awaitResult(RpcTimeout.scala:75)
[2024-06-14T08:26:52.117+0000] {spark_submit.py:571} INFO - at org.apache.spark.rpc.RpcEnv.setupEndpointRefByURI(RpcEnv.scala:102)
[2024-06-14T08:26:52.118+0000] {spark_submit.py:571} INFO - at org.apache.spark.rpc.RpcEnv.setupEndpointRef(RpcEnv.scala:110)
[2024-06-14T08:26:52.118+0000] {spark_submit.py:571} INFO - at org.apache.spark.deploy.client.StandaloneAppClient$ClientEndpoint$$anon$1.run(StandaloneAppClient.scala:108)
[2024-06-14T08:26:52.119+0000] {spark_submit.py:571} INFO - at java.base/java.util.concurrent.Executors$RunnableAdapter.call(Executors.java:539)
[2024-06-14T08:26:52.119+0000] {spark_submit.py:571} INFO - at java.base/java.util.concurrent.FutureTask.run(FutureTask.java:264)
[2024-06-14T08:26:52.120+0000] {spark_submit.py:571} INFO - at java.base/java.util.concurrent.ThreadPoolExecutor.runWorker(ThreadPoolExecutor.java:1136)
[2024-06-14T08:26:52.120+0000] {spark_submit.py:571} INFO - at java.base/java.util.concurrent.ThreadPoolExecutor$Worker.run(ThreadPoolExecutor.java:635)
[2024-06-14T08:26:52.120+0000] {spark_submit.py:571} INFO - at java.base/java.lang.Thread.run(Thread.java:840)
[2024-06-14T08:26:52.121+0000] {spark_submit.py:571} INFO - Caused by: java.io.IOException: Failed to connect to spark-master-1/<unresolved>:7077
[2024-06-14T08:26:52.121+0000] {spark_submit.py:571} INFO - at org.apache.spark.network.client.TransportClientFactory.createClient(TransportClientFactory.java:294)
[2024-06-14T08:26:52.121+0000] {spark_submit.py:571} INFO - at org.apache.spark.network.client.TransportClientFactory.createClient(TransportClientFactory.java:214)
[2024-06-14T08:26:52.121+0000] {spark_submit.py:571} INFO - at org.apache.spark.network.client.TransportClientFactory.createClient(TransportClientFactory.java:226)
[2024-06-14T08:26:52.122+0000] {spark_submit.py:571} INFO - at org.apache.spark.rpc.netty.NettyRpcEnv.createClient(NettyRpcEnv.scala:204)
[2024-06-14T08:26:52.122+0000] {spark_submit.py:571} INFO - at org.apache.spark.rpc.netty.Outbox$$anon$1.call(Outbox.scala:202)
[2024-06-14T08:26:52.122+0000] {spark_submit.py:571} INFO - at org.apache.spark.rpc.netty.Outbox$$anon$1.call(Outbox.scala:198)
[2024-06-14T08:26:52.122+0000] {spark_submit.py:571} INFO - ... 4 more
[2024-06-14T08:26:52.122+0000] {spark_submit.py:571} INFO - Caused by: java.net.UnknownHostException: spark-master-1
[2024-06-14T08:26:52.123+0000] {spark_submit.py:571} INFO - at java.base/java.net.InetAddress$CachedAddresses.get(InetAddress.java:801)
[2024-06-14T08:26:52.123+0000] {spark_submit.py:571} INFO - at java.base/java.net.InetAddress.getAllByName0(InetAddress.java:1533)
[2024-06-14T08:26:52.123+0000] {spark_submit.py:571} INFO - at java.base/java.net.InetAddress.getAllByName(InetAddress.java:1385)
[2024-06-14T08:26:52.123+0000] {spark_submit.py:571} INFO - at java.base/java.net.InetAddress.getAllByName(InetAddress.java:1306)
[2024-06-14T08:26:52.124+0000] {spark_submit.py:571} INFO - at java.base/java.net.InetAddress.getByName(InetAddress.java:1256)
[2024-06-14T08:26:52.124+0000] {spark_submit.py:571} INFO - at io.netty.util.internal.SocketUtils$8.run(SocketUtils.java:156)
[2024-06-14T08:26:52.124+0000] {spark_submit.py:571} INFO - at io.netty.util.internal.SocketUtils$8.run(SocketUtils.java:153)
[2024-06-14T08:26:52.124+0000] {spark_submit.py:571} INFO - at java.base/java.security.AccessController.doPrivileged(AccessController.java:569)
[2024-06-14T08:26:52.124+0000] {spark_submit.py:571} INFO - at io.netty.util.internal.SocketUtils.addressByName(SocketUtils.java:153)
[2024-06-14T08:26:52.125+0000] {spark_submit.py:571} INFO - at io.netty.resolver.DefaultNameResolver.doResolve(DefaultNameResolver.java:41)
[2024-06-14T08:26:52.125+0000] {spark_submit.py:571} INFO - at io.netty.resolver.SimpleNameResolver.resolve(SimpleNameResolver.java:61)
[2024-06-14T08:26:52.125+0000] {spark_submit.py:571} INFO - at io.netty.resolver.SimpleNameResolver.resolve(SimpleNameResolver.java:53)
[2024-06-14T08:26:52.126+0000] {spark_submit.py:571} INFO - at io.netty.resolver.InetSocketAddressResolver.doResolve(InetSocketAddressResolver.java:55)
[2024-06-14T08:26:52.126+0000] {spark_submit.py:571} INFO - at io.netty.resolver.InetSocketAddressResolver.doResolve(InetSocketAddressResolver.java:31)
[2024-06-14T08:26:52.126+0000] {spark_submit.py:571} INFO - at io.netty.resolver.AbstractAddressResolver.resolve(AbstractAddressResolver.java:106)
[2024-06-14T08:26:52.126+0000] {spark_submit.py:571} INFO - at io.netty.bootstrap.Bootstrap.doResolveAndConnect0(Bootstrap.java:220)
[2024-06-14T08:26:52.126+0000] {spark_submit.py:571} INFO - at io.netty.bootstrap.Bootstrap.access$000(Bootstrap.java:46)
[2024-06-14T08:26:52.127+0000] {spark_submit.py:571} INFO - at io.netty.bootstrap.Bootstrap$1.operationComplete(Bootstrap.java:189)
[2024-06-14T08:26:52.127+0000] {spark_submit.py:571} INFO - at io.netty.bootstrap.Bootstrap$1.operationComplete(Bootstrap.java:175)
[2024-06-14T08:26:52.127+0000] {spark_submit.py:571} INFO - at io.netty.util.concurrent.DefaultPromise.notifyListener0(DefaultPromise.java:590)
[2024-06-14T08:26:52.127+0000] {spark_submit.py:571} INFO - at io.netty.util.concurrent.DefaultPromise.notifyListenersNow(DefaultPromise.java:557)
[2024-06-14T08:26:52.127+0000] {spark_submit.py:571} INFO - at io.netty.util.concurrent.DefaultPromise.notifyListeners(DefaultPromise.java:492)
[2024-06-14T08:26:52.128+0000] {spark_submit.py:571} INFO - at io.netty.util.concurrent.DefaultPromise.setValue0(DefaultPromise.java:636)
[2024-06-14T08:26:52.128+0000] {spark_submit.py:571} INFO - at io.netty.util.concurrent.DefaultPromise.setSuccess0(DefaultPromise.java:625)
[2024-06-14T08:26:52.128+0000] {spark_submit.py:571} INFO - at io.netty.util.concurrent.DefaultPromise.trySuccess(DefaultPromise.java:105)
[2024-06-14T08:26:52.128+0000] {spark_submit.py:571} INFO - at io.netty.channel.DefaultChannelPromise.trySuccess(DefaultChannelPromise.java:84)
[2024-06-14T08:26:52.128+0000] {spark_submit.py:571} INFO - at io.netty.channel.AbstractChannel$AbstractUnsafe.safeSetSuccess(AbstractChannel.java:990)
[2024-06-14T08:26:52.128+0000] {spark_submit.py:571} INFO - at io.netty.channel.AbstractChannel$AbstractUnsafe.register0(AbstractChannel.java:516)
[2024-06-14T08:26:52.129+0000] {spark_submit.py:571} INFO - at io.netty.channel.AbstractChannel$AbstractUnsafe.access$200(AbstractChannel.java:429)
[2024-06-14T08:26:52.129+0000] {spark_submit.py:571} INFO - at io.netty.channel.AbstractChannel$AbstractUnsafe$1.run(AbstractChannel.java:486)
[2024-06-14T08:26:52.129+0000] {spark_submit.py:571} INFO - at io.netty.util.concurrent.AbstractEventExecutor.runTask(AbstractEventExecutor.java:174)
[2024-06-14T08:26:52.129+0000] {spark_submit.py:571} INFO - at io.netty.util.concurrent.AbstractEventExecutor.safeExecute(AbstractEventExecutor.java:167)
[2024-06-14T08:26:52.129+0000] {spark_submit.py:571} INFO - at io.netty.util.concurrent.SingleThreadEventExecutor.runAllTasks(SingleThreadEventExecutor.java:470)
[2024-06-14T08:26:52.130+0000] {spark_submit.py:571} INFO - at io.netty.channel.nio.NioEventLoop.run(NioEventLoop.java:569)
[2024-06-14T08:26:52.130+0000] {spark_submit.py:571} INFO - at io.netty.util.concurrent.SingleThreadEventExecutor$4.run(SingleThreadEventExecutor.java:997)
[2024-06-14T08:26:52.130+0000] {spark_submit.py:571} INFO - at io.netty.util.internal.ThreadExecutorMap$2.run(ThreadExecutorMap.java:74)
[2024-06-14T08:26:52.131+0000] {spark_submit.py:571} INFO - at io.netty.util.concurrent.FastThreadLocalRunnable.run(FastThreadLocalRunnable.java:30)
[2024-06-14T08:26:52.131+0000] {spark_submit.py:571} INFO - ... 1 more
[2024-06-14T08:27:04.104+0000] {spark_submit.py:571} INFO - 24/06/14 08:27:04 INFO StandaloneAppClient$ClientEndpoint: Connecting to master spark://spark-master-1:7077...
[2024-06-14T08:27:12.112+0000] {spark_submit.py:571} INFO - 24/06/14 08:27:12 WARN TransportClientFactory: DNS resolution failed for spark-master-1/<unresolved>:7077 took 8003 ms
[2024-06-14T08:27:12.117+0000] {spark_submit.py:571} INFO - 24/06/14 08:27:12 WARN StandaloneAppClient$ClientEndpoint: Failed to connect to master spark-master-1:7077
[2024-06-14T08:27:12.118+0000] {spark_submit.py:571} INFO - org.apache.spark.SparkException: Exception thrown in awaitResult:
[2024-06-14T08:27:12.119+0000] {spark_submit.py:571} INFO - at org.apache.spark.util.SparkThreadUtils$.awaitResult(SparkThreadUtils.scala:56)
[2024-06-14T08:27:12.119+0000] {spark_submit.py:571} INFO - at org.apache.spark.util.ThreadUtils$.awaitResult(ThreadUtils.scala:310)
[2024-06-14T08:27:12.120+0000] {spark_submit.py:571} INFO - at org.apache.spark.rpc.RpcTimeout.awaitResult(RpcTimeout.scala:75)
[2024-06-14T08:27:12.120+0000] {spark_submit.py:571} INFO - at org.apache.spark.rpc.RpcEnv.setupEndpointRefByURI(RpcEnv.scala:102)
[2024-06-14T08:27:12.121+0000] {spark_submit.py:571} INFO - at org.apache.spark.rpc.RpcEnv.setupEndpointRef(RpcEnv.scala:110)
[2024-06-14T08:27:12.121+0000] {spark_submit.py:571} INFO - at org.apache.spark.deploy.client.StandaloneAppClient$ClientEndpoint$$anon$1.run(StandaloneAppClient.scala:108)
[2024-06-14T08:27:12.122+0000] {spark_submit.py:571} INFO - at java.base/java.util.concurrent.Executors$RunnableAdapter.call(Executors.java:539)
[2024-06-14T08:27:12.122+0000] {spark_submit.py:571} INFO - at java.base/java.util.concurrent.FutureTask.run(FutureTask.java:264)
[2024-06-14T08:27:12.122+0000] {spark_submit.py:571} INFO - at java.base/java.util.concurrent.ThreadPoolExecutor.runWorker(ThreadPoolExecutor.java:1136)
[2024-06-14T08:27:12.123+0000] {spark_submit.py:571} INFO - at java.base/java.util.concurrent.ThreadPoolExecutor$Worker.run(ThreadPoolExecutor.java:635)
[2024-06-14T08:27:12.123+0000] {spark_submit.py:571} INFO - at java.base/java.lang.Thread.run(Thread.java:840)
[2024-06-14T08:27:12.123+0000] {spark_submit.py:571} INFO - Caused by: java.io.IOException: Failed to connect to spark-master-1/<unresolved>:7077
[2024-06-14T08:27:12.124+0000] {spark_submit.py:571} INFO - at org.apache.spark.network.client.TransportClientFactory.createClient(TransportClientFactory.java:294)
[2024-06-14T08:27:12.124+0000] {spark_submit.py:571} INFO - at org.apache.spark.network.client.TransportClientFactory.createClient(TransportClientFactory.java:214)
[2024-06-14T08:27:12.124+0000] {spark_submit.py:571} INFO - at org.apache.spark.network.client.TransportClientFactory.createClient(TransportClientFactory.java:226)
[2024-06-14T08:27:12.124+0000] {spark_submit.py:571} INFO - at org.apache.spark.rpc.netty.NettyRpcEnv.createClient(NettyRpcEnv.scala:204)
[2024-06-14T08:27:12.125+0000] {spark_submit.py:571} INFO - at org.apache.spark.rpc.netty.Outbox$$anon$1.call(Outbox.scala:202)
[2024-06-14T08:27:12.125+0000] {spark_submit.py:571} INFO - at org.apache.spark.rpc.netty.Outbox$$anon$1.call(Outbox.scala:198)
[2024-06-14T08:27:12.125+0000] {spark_submit.py:571} INFO - ... 4 more
[2024-06-14T08:27:12.125+0000] {spark_submit.py:571} INFO - Caused by: java.net.UnknownHostException: spark-master-1
[2024-06-14T08:27:12.125+0000] {spark_submit.py:571} INFO - at java.base/java.net.InetAddress$CachedAddresses.get(InetAddress.java:801)
[2024-06-14T08:27:12.126+0000] {spark_submit.py:571} INFO - at java.base/java.net.InetAddress.getAllByName0(InetAddress.java:1533)
[2024-06-14T08:27:12.126+0000] {spark_submit.py:571} INFO - at java.base/java.net.InetAddress.getAllByName(InetAddress.java:1385)
[2024-06-14T08:27:12.126+0000] {spark_submit.py:571} INFO - at java.base/java.net.InetAddress.getAllByName(InetAddress.java:1306)
[2024-06-14T08:27:12.126+0000] {spark_submit.py:571} INFO - at java.base/java.net.InetAddress.getByName(InetAddress.java:1256)
[2024-06-14T08:27:12.126+0000] {spark_submit.py:571} INFO - at io.netty.util.internal.SocketUtils$8.run(SocketUtils.java:156)
[2024-06-14T08:27:12.127+0000] {spark_submit.py:571} INFO - at io.netty.util.internal.SocketUtils$8.run(SocketUtils.java:153)
[2024-06-14T08:27:12.127+0000] {spark_submit.py:571} INFO - at java.base/java.security.AccessController.doPrivileged(AccessController.java:569)
[2024-06-14T08:27:12.127+0000] {spark_submit.py:571} INFO - at io.netty.util.internal.SocketUtils.addressByName(SocketUtils.java:153)
[2024-06-14T08:27:12.127+0000] {spark_submit.py:571} INFO - at io.netty.resolver.DefaultNameResolver.doResolve(DefaultNameResolver.java:41)
[2024-06-14T08:27:12.127+0000] {spark_submit.py:571} INFO - at io.netty.resolver.SimpleNameResolver.resolve(SimpleNameResolver.java:61)
[2024-06-14T08:27:12.128+0000] {spark_submit.py:571} INFO - at io.netty.resolver.SimpleNameResolver.resolve(SimpleNameResolver.java:53)
[2024-06-14T08:27:12.128+0000] {spark_submit.py:571} INFO - at io.netty.resolver.InetSocketAddressResolver.doResolve(InetSocketAddressResolver.java:55)
[2024-06-14T08:27:12.128+0000] {spark_submit.py:571} INFO - at io.netty.resolver.InetSocketAddressResolver.doResolve(InetSocketAddressResolver.java:31)
[2024-06-14T08:27:12.129+0000] {spark_submit.py:571} INFO - at io.netty.resolver.AbstractAddressResolver.resolve(AbstractAddressResolver.java:106)
[2024-06-14T08:27:12.129+0000] {spark_submit.py:571} INFO - at io.netty.bootstrap.Bootstrap.doResolveAndConnect0(Bootstrap.java:220)
[2024-06-14T08:27:12.129+0000] {spark_submit.py:571} INFO - at io.netty.bootstrap.Bootstrap.access$000(Bootstrap.java:46)
[2024-06-14T08:27:12.129+0000] {spark_submit.py:571} INFO - at io.netty.bootstrap.Bootstrap$1.operationComplete(Bootstrap.java:189)
[2024-06-14T08:27:12.130+0000] {spark_submit.py:571} INFO - at io.netty.bootstrap.Bootstrap$1.operationComplete(Bootstrap.java:175)
[2024-06-14T08:27:12.130+0000] {spark_submit.py:571} INFO - at io.netty.util.concurrent.DefaultPromise.notifyListener0(DefaultPromise.java:590)
[2024-06-14T08:27:12.130+0000] {spark_submit.py:571} INFO - at io.netty.util.concurrent.DefaultPromise.notifyListenersNow(DefaultPromise.java:557)
[2024-06-14T08:27:12.130+0000] {spark_submit.py:571} INFO - at io.netty.util.concurrent.DefaultPromise.notifyListeners(DefaultPromise.java:492)
[2024-06-14T08:27:12.130+0000] {spark_submit.py:571} INFO - at io.netty.util.concurrent.DefaultPromise.setValue0(DefaultPromise.java:636)
[2024-06-14T08:27:12.131+0000] {spark_submit.py:571} INFO - at io.netty.util.concurrent.DefaultPromise.setSuccess0(DefaultPromise.java:625)
[2024-06-14T08:27:12.131+0000] {spark_submit.py:571} INFO - at io.netty.util.concurrent.DefaultPromise.trySuccess(DefaultPromise.java:105)
[2024-06-14T08:27:12.131+0000] {spark_submit.py:571} INFO - at io.netty.channel.DefaultChannelPromise.trySuccess(DefaultChannelPromise.java:84)
[2024-06-14T08:27:12.131+0000] {spark_submit.py:571} INFO - at io.netty.channel.AbstractChannel$AbstractUnsafe.safeSetSuccess(AbstractChannel.java:990)
[2024-06-14T08:27:12.132+0000] {spark_submit.py:571} INFO - at io.netty.channel.AbstractChannel$AbstractUnsafe.register0(AbstractChannel.java:516)
[2024-06-14T08:27:12.132+0000] {spark_submit.py:571} INFO - at io.netty.channel.AbstractChannel$AbstractUnsafe.access$200(AbstractChannel.java:429)
[2024-06-14T08:27:12.132+0000] {spark_submit.py:571} INFO - at io.netty.channel.AbstractChannel$AbstractUnsafe$1.run(AbstractChannel.java:486)
[2024-06-14T08:27:12.133+0000] {spark_submit.py:571} INFO - at io.netty.util.concurrent.AbstractEventExecutor.runTask(AbstractEventExecutor.java:174)
[2024-06-14T08:27:12.133+0000] {spark_submit.py:571} INFO - at io.netty.util.concurrent.AbstractEventExecutor.safeExecute(AbstractEventExecutor.java:167)
[2024-06-14T08:27:12.134+0000] {spark_submit.py:571} INFO - at io.netty.util.concurrent.SingleThreadEventExecutor.runAllTasks(SingleThreadEventExecutor.java:470)
[2024-06-14T08:27:12.134+0000] {spark_submit.py:571} INFO - at io.netty.channel.nio.NioEventLoop.run(NioEventLoop.java:569)
[2024-06-14T08:27:12.135+0000] {spark_submit.py:571} INFO - at io.netty.util.concurrent.SingleThreadEventExecutor$4.run(SingleThreadEventExecutor.java:997)
[2024-06-14T08:27:12.135+0000] {spark_submit.py:571} INFO - at io.netty.util.internal.ThreadExecutorMap$2.run(ThreadExecutorMap.java:74)
[2024-06-14T08:27:12.136+0000] {spark_submit.py:571} INFO - at io.netty.util.concurrent.FastThreadLocalRunnable.run(FastThreadLocalRunnable.java:30)
[2024-06-14T08:27:12.136+0000] {spark_submit.py:571} INFO - ... 1 more
[2024-06-14T08:27:24.108+0000] {spark_submit.py:571} INFO - 24/06/14 08:27:24 WARN StandaloneSchedulerBackend: Application ID is not initialized yet.
[2024-06-14T08:27:24.110+0000] {spark_submit.py:571} INFO - 24/06/14 08:27:24 ERROR StandaloneSchedulerBackend: Application has been killed. Reason: All masters are unresponsive! Giving up.
[2024-06-14T08:27:24.118+0000] {spark_submit.py:571} INFO - 24/06/14 08:27:24 INFO Utils: Successfully started service 'org.apache.spark.network.netty.NettyBlockTransferService' on port 36921.
[2024-06-14T08:27:24.119+0000] {spark_submit.py:571} INFO - 24/06/14 08:27:24 INFO NettyBlockTransferService: Server created on e342e0ac560c:36921
[2024-06-14T08:27:24.121+0000] {spark_submit.py:571} INFO - 24/06/14 08:27:24 INFO BlockManager: Using org.apache.spark.storage.RandomBlockReplicationPolicy for block replication policy
[2024-06-14T08:27:24.128+0000] {spark_submit.py:571} INFO - 24/06/14 08:27:24 INFO BlockManagerMaster: Registering BlockManager BlockManagerId(driver, e342e0ac560c, 36921, None)
[2024-06-14T08:27:24.133+0000] {spark_submit.py:571} INFO - 24/06/14 08:27:24 INFO BlockManagerMasterEndpoint: Registering block manager e342e0ac560c:36921 with 434.4 MiB RAM, BlockManagerId(driver, e342e0ac560c, 36921, None)
[2024-06-14T08:27:24.136+0000] {spark_submit.py:571} INFO - 24/06/14 08:27:24 INFO BlockManagerMaster: Registered BlockManager BlockManagerId(driver, e342e0ac560c, 36921, None)
[2024-06-14T08:27:24.137+0000] {spark_submit.py:571} INFO - 24/06/14 08:27:24 INFO BlockManager: Initialized BlockManager: BlockManagerId(driver, e342e0ac560c, 36921, None)
[2024-06-14T08:27:24.299+0000] {spark_submit.py:571} INFO - 24/06/14 08:27:24 INFO StandaloneSchedulerBackend: SchedulerBackend is ready for scheduling beginning after reached minRegisteredResourcesRatio: 0.0
[2024-06-14T08:27:24.519+0000] {spark_submit.py:571} INFO - 24/06/14 08:27:24 INFO SparkContext: SparkContext is stopping with exitCode 0.
[2024-06-14T08:27:24.532+0000] {spark_submit.py:571} INFO - 24/06/14 08:27:24 INFO SparkUI: Stopped Spark web UI at http://e342e0ac560c:4040
[2024-06-14T08:27:24.538+0000] {spark_submit.py:571} INFO - 24/06/14 08:27:24 INFO StandaloneSchedulerBackend: Shutting down all executors
[2024-06-14T08:27:24.543+0000] {spark_submit.py:571} INFO - 24/06/14 08:27:24 INFO StandaloneSchedulerBackend$StandaloneDriverEndpoint: Asking each executor to shut down
[2024-06-14T08:27:24.548+0000] {spark_submit.py:571} INFO - 24/06/14 08:27:24 WARN StandaloneAppClient$ClientEndpoint: Drop UnregisterApplication(null) because has not yet connected to master
[2024-06-14T08:27:24.558+0000] {spark_submit.py:571} INFO - 24/06/14 08:27:24 INFO MapOutputTrackerMasterEndpoint: MapOutputTrackerMasterEndpoint stopped!
[2024-06-14T08:27:24.563+0000] {spark_submit.py:571} INFO - Traceback (most recent call last):
[2024-06-14T08:27:24.564+0000] {spark_submit.py:571} INFO - File "/opt/***/jobs/python/wordcountjob.py", line 7, in <module>
[2024-06-14T08:27:24.567+0000] {spark_submit.py:571} INFO - words = spark.sparkContext.parallelize(text.split(" "))
[2024-06-14T08:27:24.567+0000] {spark_submit.py:571} INFO - ^^^^^^^^^^^^^^^^^^^^^^^^^^^^^^^^^^^^^^^^^^^^^^^
[2024-06-14T08:27:24.568+0000] {spark_submit.py:571} INFO - File "/home/***/.local/lib/python3.12/site-packages/pyspark/python/lib/pyspark.zip/pyspark/context.py", line 824, in parallelize
[2024-06-14T08:27:24.569+0000] {spark_submit.py:571} INFO - File "/home/***/.local/lib/python3.12/site-packages/pyspark/python/lib/pyspark.zip/pyspark/context.py", line 870, in _serialize_to_jvm
[2024-06-14T08:27:24.569+0000] {spark_submit.py:571} INFO - File "/home/***/.local/lib/python3.12/site-packages/pyspark/python/lib/pyspark.zip/pyspark/context.py", line 818, in reader_func
[2024-06-14T08:27:24.570+0000] {spark_submit.py:571} INFO - File "/home/***/.local/lib/python3.12/site-packages/pyspark/python/lib/py4j-0.10.9.7-src.zip/py4j/java_gateway.py", line 1322, in __call__
[2024-06-14T08:27:24.571+0000] {spark_submit.py:571} INFO - File "/home/***/.local/lib/python3.12/site-packages/pyspark/python/lib/pyspark.zip/pyspark/errors/exceptions/captured.py", line 179, in deco
[2024-06-14T08:27:24.572+0000] {spark_submit.py:571} INFO - 24/06/14 08:27:24 INFO MemoryStore: MemoryStore cleared
[2024-06-14T08:27:24.573+0000] {spark_submit.py:571} INFO - 24/06/14 08:27:24 INFO BlockManager: BlockManager stopped
[2024-06-14T08:27:24.574+0000] {spark_submit.py:571} INFO - File "/home/***/.local/lib/python3.12/site-packages/pyspark/python/lib/py4j-0.10.9.7-src.zip/py4j/protocol.py", line 326, in get_return_value
[2024-06-14T08:27:24.575+0000] {spark_submit.py:571} INFO - py4j.protocol.Py4JJavaError: An error occurred while calling z:org.apache.spark.api.python.PythonRDD.readRDDFromFile.
[2024-06-14T08:27:24.576+0000] {spark_submit.py:571} INFO - : java.lang.IllegalStateException: Cannot call methods on a stopped SparkContext.
[2024-06-14T08:27:24.577+0000] {spark_submit.py:571} INFO - This stopped SparkContext was created at:
[2024-06-14T08:27:24.577+0000] {spark_submit.py:571} INFO - 
[2024-06-14T08:27:24.578+0000] {spark_submit.py:571} INFO - org.apache.spark.api.java.JavaSparkContext.<init>(JavaSparkContext.scala:58)
[2024-06-14T08:27:24.578+0000] {spark_submit.py:571} INFO - java.base/jdk.internal.reflect.NativeConstructorAccessorImpl.newInstance0(Native Method)
[2024-06-14T08:27:24.578+0000] {spark_submit.py:571} INFO - java.base/jdk.internal.reflect.NativeConstructorAccessorImpl.newInstance(NativeConstructorAccessorImpl.java:77)
[2024-06-14T08:27:24.579+0000] {spark_submit.py:571} INFO - java.base/jdk.internal.reflect.DelegatingConstructorAccessorImpl.newInstance(DelegatingConstructorAccessorImpl.java:45)
[2024-06-14T08:27:24.579+0000] {spark_submit.py:571} INFO - java.base/java.lang.reflect.Constructor.newInstanceWithCaller(Constructor.java:499)
[2024-06-14T08:27:24.580+0000] {spark_submit.py:571} INFO - java.base/java.lang.reflect.Constructor.newInstance(Constructor.java:480)
[2024-06-14T08:27:24.580+0000] {spark_submit.py:571} INFO - py4j.reflection.MethodInvoker.invoke(MethodInvoker.java:247)
[2024-06-14T08:27:24.581+0000] {spark_submit.py:571} INFO - py4j.reflection.ReflectionEngine.invoke(ReflectionEngine.java:374)
[2024-06-14T08:27:24.581+0000] {spark_submit.py:571} INFO - py4j.Gateway.invoke(Gateway.java:238)
[2024-06-14T08:27:24.581+0000] {spark_submit.py:571} INFO - py4j.commands.ConstructorCommand.invokeConstructor(ConstructorCommand.java:80)
[2024-06-14T08:27:24.582+0000] {spark_submit.py:571} INFO - py4j.commands.ConstructorCommand.execute(ConstructorCommand.java:69)
[2024-06-14T08:27:24.582+0000] {spark_submit.py:571} INFO - py4j.ClientServerConnection.waitForCommands(ClientServerConnection.java:182)
[2024-06-14T08:27:24.582+0000] {spark_submit.py:571} INFO - py4j.ClientServerConnection.run(ClientServerConnection.java:106)
[2024-06-14T08:27:24.583+0000] {spark_submit.py:571} INFO - java.base/java.lang.Thread.run(Thread.java:840)
[2024-06-14T08:27:24.583+0000] {spark_submit.py:571} INFO - 
[2024-06-14T08:27:24.583+0000] {spark_submit.py:571} INFO - The currently active SparkContext was created at:
[2024-06-14T08:27:24.584+0000] {spark_submit.py:571} INFO - 
[2024-06-14T08:27:24.584+0000] {spark_submit.py:571} INFO - org.apache.spark.api.java.JavaSparkContext.<init>(JavaSparkContext.scala:58)
[2024-06-14T08:27:24.584+0000] {spark_submit.py:571} INFO - java.base/jdk.internal.reflect.NativeConstructorAccessorImpl.newInstance0(Native Method)
[2024-06-14T08:27:24.585+0000] {spark_submit.py:571} INFO - java.base/jdk.internal.reflect.NativeConstructorAccessorImpl.newInstance(NativeConstructorAccessorImpl.java:77)
[2024-06-14T08:27:24.585+0000] {spark_submit.py:571} INFO - java.base/jdk.internal.reflect.DelegatingConstructorAccessorImpl.newInstance(DelegatingConstructorAccessorImpl.java:45)
[2024-06-14T08:27:24.586+0000] {spark_submit.py:571} INFO - java.base/java.lang.reflect.Constructor.newInstanceWithCaller(Constructor.java:499)
[2024-06-14T08:27:24.586+0000] {spark_submit.py:571} INFO - java.base/java.lang.reflect.Constructor.newInstance(Constructor.java:480)
[2024-06-14T08:27:24.586+0000] {spark_submit.py:571} INFO - py4j.reflection.MethodInvoker.invoke(MethodInvoker.java:247)
[2024-06-14T08:27:24.587+0000] {spark_submit.py:571} INFO - py4j.reflection.ReflectionEngine.invoke(ReflectionEngine.java:374)
[2024-06-14T08:27:24.587+0000] {spark_submit.py:571} INFO - py4j.Gateway.invoke(Gateway.java:238)
[2024-06-14T08:27:24.588+0000] {spark_submit.py:571} INFO - py4j.commands.ConstructorCommand.invokeConstructor(ConstructorCommand.java:80)
[2024-06-14T08:27:24.588+0000] {spark_submit.py:571} INFO - py4j.commands.ConstructorCommand.execute(ConstructorCommand.java:69)
[2024-06-14T08:27:24.589+0000] {spark_submit.py:571} INFO - py4j.ClientServerConnection.waitForCommands(ClientServerConnection.java:182)
[2024-06-14T08:27:24.589+0000] {spark_submit.py:571} INFO - py4j.ClientServerConnection.run(ClientServerConnection.java:106)
[2024-06-14T08:27:24.589+0000] {spark_submit.py:571} INFO - java.base/java.lang.Thread.run(Thread.java:840)
[2024-06-14T08:27:24.590+0000] {spark_submit.py:571} INFO - 
[2024-06-14T08:27:24.590+0000] {spark_submit.py:571} INFO - at org.apache.spark.SparkContext.assertNotStopped(SparkContext.scala:122)
[2024-06-14T08:27:24.591+0000] {spark_submit.py:571} INFO - at org.apache.spark.SparkContext.$anonfun$parallelize$1(SparkContext.scala:942)
[2024-06-14T08:27:24.591+0000] {spark_submit.py:571} INFO - at org.apache.spark.rdd.RDDOperationScope$.withScope(RDDOperationScope.scala:151)
[2024-06-14T08:27:24.591+0000] {spark_submit.py:571} INFO - at org.apache.spark.rdd.RDDOperationScope$.withScope(RDDOperationScope.scala:112)
[2024-06-14T08:27:24.591+0000] {spark_submit.py:571} INFO - at org.apache.spark.SparkContext.withScope(SparkContext.scala:924)
[2024-06-14T08:27:24.592+0000] {spark_submit.py:571} INFO - at org.apache.spark.SparkContext.parallelize(SparkContext.scala:941)
[2024-06-14T08:27:24.592+0000] {spark_submit.py:571} INFO - at org.apache.spark.api.java.JavaRDD$.readRDDFromInputStream(JavaRDD.scala:259)
[2024-06-14T08:27:24.592+0000] {spark_submit.py:571} INFO - at org.apache.spark.api.java.JavaRDD$.readRDDFromFile(JavaRDD.scala:239)
[2024-06-14T08:27:24.593+0000] {spark_submit.py:571} INFO - at org.apache.spark.api.python.PythonRDD$.readRDDFromFile(PythonRDD.scala:289)
[2024-06-14T08:27:24.593+0000] {spark_submit.py:571} INFO - at org.apache.spark.api.python.PythonRDD.readRDDFromFile(PythonRDD.scala)
[2024-06-14T08:27:24.593+0000] {spark_submit.py:571} INFO - at java.base/jdk.internal.reflect.NativeMethodAccessorImpl.invoke0(Native Method)
[2024-06-14T08:27:24.594+0000] {spark_submit.py:571} INFO - at java.base/jdk.internal.reflect.NativeMethodAccessorImpl.invoke(NativeMethodAccessorImpl.java:77)
[2024-06-14T08:27:24.595+0000] {spark_submit.py:571} INFO - at java.base/jdk.internal.reflect.DelegatingMethodAccessorImpl.invoke(DelegatingMethodAccessorImpl.java:43)
[2024-06-14T08:27:24.595+0000] {spark_submit.py:571} INFO - at java.base/java.lang.reflect.Method.invoke(Method.java:568)
[2024-06-14T08:27:24.596+0000] {spark_submit.py:571} INFO - at py4j.reflection.MethodInvoker.invoke(MethodInvoker.java:244)
[2024-06-14T08:27:24.597+0000] {spark_submit.py:571} INFO - at py4j.reflection.ReflectionEngine.invoke(ReflectionEngine.java:374)
[2024-06-14T08:27:24.597+0000] {spark_submit.py:571} INFO - at py4j.Gateway.invoke(Gateway.java:282)
[2024-06-14T08:27:24.598+0000] {spark_submit.py:571} INFO - at py4j.commands.AbstractCommand.invokeMethod(AbstractCommand.java:132)
[2024-06-14T08:27:24.598+0000] {spark_submit.py:571} INFO - at py4j.commands.CallCommand.execute(CallCommand.java:79)
[2024-06-14T08:27:24.598+0000] {spark_submit.py:571} INFO - at py4j.ClientServerConnection.waitForCommands(ClientServerConnection.java:182)
[2024-06-14T08:27:24.599+0000] {spark_submit.py:571} INFO - at py4j.ClientServerConnection.run(ClientServerConnection.java:106)
[2024-06-14T08:27:24.599+0000] {spark_submit.py:571} INFO - at java.base/java.lang.Thread.run(Thread.java:840)
[2024-06-14T08:27:24.599+0000] {spark_submit.py:571} INFO - 
[2024-06-14T08:27:24.600+0000] {spark_submit.py:571} INFO - 24/06/14 08:27:24 INFO BlockManagerMaster: BlockManagerMaster stopped
[2024-06-14T08:27:24.600+0000] {spark_submit.py:571} INFO - 24/06/14 08:27:24 INFO OutputCommitCoordinator$OutputCommitCoordinatorEndpoint: OutputCommitCoordinator stopped!
[2024-06-14T08:27:24.603+0000] {spark_submit.py:571} INFO - 24/06/14 08:27:24 INFO SparkContext: Successfully stopped SparkContext
[2024-06-14T08:27:24.638+0000] {spark_submit.py:571} INFO - 24/06/14 08:27:24 INFO ShutdownHookManager: Shutdown hook called
[2024-06-14T08:27:24.639+0000] {spark_submit.py:571} INFO - 24/06/14 08:27:24 INFO ShutdownHookManager: Deleting directory /tmp/spark-b474065c-302f-4f55-bbe7-ca8bc73b592d
[2024-06-14T08:27:24.643+0000] {spark_submit.py:571} INFO - 24/06/14 08:27:24 INFO ShutdownHookManager: Deleting directory /tmp/spark-640ad62c-c475-4121-be41-8e8d5f7d86a6/pyspark-9bf12ea7-5125-41aa-a8b0-7dc04bf05117
[2024-06-14T08:27:24.647+0000] {spark_submit.py:571} INFO - 24/06/14 08:27:24 INFO ShutdownHookManager: Deleting directory /tmp/spark-640ad62c-c475-4121-be41-8e8d5f7d86a6
[2024-06-14T08:27:24.681+0000] {taskinstance.py:441} INFO - ::group::Post task execution logs
[2024-06-14T08:27:24.692+0000] {taskinstance.py:2905} ERROR - Task failed with exception
Traceback (most recent call last):
  File "/home/airflow/.local/lib/python3.12/site-packages/airflow/models/taskinstance.py", line 465, in _execute_task
    result = _execute_callable(context=context, **execute_callable_kwargs)
             ^^^^^^^^^^^^^^^^^^^^^^^^^^^^^^^^^^^^^^^^^^^^^^^^^^^^^^^^^^^^^
  File "/home/airflow/.local/lib/python3.12/site-packages/airflow/models/taskinstance.py", line 432, in _execute_callable
    return execute_callable(context=context, **execute_callable_kwargs)
           ^^^^^^^^^^^^^^^^^^^^^^^^^^^^^^^^^^^^^^^^^^^^^^^^^^^^^^^^^^^^
  File "/home/airflow/.local/lib/python3.12/site-packages/airflow/models/baseoperator.py", line 401, in wrapper
    return func(self, *args, **kwargs)
           ^^^^^^^^^^^^^^^^^^^^^^^^^^^
  File "/home/airflow/.local/lib/python3.12/site-packages/airflow/providers/apache/spark/operators/spark_submit.py", line 174, in execute
    self._hook.submit(self.application)
  File "/home/airflow/.local/lib/python3.12/site-packages/airflow/providers/apache/spark/hooks/spark_submit.py", line 502, in submit
    raise AirflowException(
airflow.exceptions.AirflowException: Cannot execute: spark-submit --master spark://spark-master-1:7077 --name arrow-spark --deploy-mode client jobs/python/wordcountjob.py. Error code is: 1.
[2024-06-14T08:27:24.698+0000] {taskinstance.py:1206} INFO - Marking task as FAILED. dag_id=sparking_flow, task_id=python_job, run_id=scheduled__2024-06-13T00:00:00+00:00, execution_date=20240613T000000, start_date=20240614T082620, end_date=20240614T082724
[2024-06-14T08:27:24.712+0000] {standard_task_runner.py:110} ERROR - Failed to execute job 10 for task python_job (Cannot execute: spark-submit --master spark://spark-master-1:7077 --name arrow-spark --deploy-mode client jobs/python/wordcountjob.py. Error code is: 1.; 1833)
[2024-06-14T08:27:24.719+0000] {local_task_job_runner.py:240} INFO - Task exited with return code 1
[2024-06-14T08:27:24.742+0000] {taskinstance.py:3503} INFO - 0 downstream tasks scheduled from follow-on schedule check
[2024-06-14T08:27:24.749+0000] {local_task_job_runner.py:222} INFO - ::endgroup::
