[2024-06-14T08:30:15.831+0000] {local_task_job_runner.py:120} INFO - ::group::Pre task execution logs
[2024-06-14T08:30:15.866+0000] {taskinstance.py:2076} INFO - Dependencies all met for dep_context=non-requeueable deps ti=<TaskInstance: sparking_flow.python_job scheduled__2024-06-13T00:00:00+00:00 [queued]>
[2024-06-14T08:30:15.876+0000] {taskinstance.py:2076} INFO - Dependencies all met for dep_context=requeueable deps ti=<TaskInstance: sparking_flow.python_job scheduled__2024-06-13T00:00:00+00:00 [queued]>
[2024-06-14T08:30:15.877+0000] {taskinstance.py:2306} INFO - Starting attempt 9 of 9
[2024-06-14T08:30:15.896+0000] {taskinstance.py:2330} INFO - Executing <Task(SparkSubmitOperator): python_job> on 2024-06-13 00:00:00+00:00
[2024-06-14T08:30:15.904+0000] {standard_task_runner.py:90} INFO - Running: ['***', 'tasks', 'run', 'sparking_flow', 'python_job', 'scheduled__2024-06-13T00:00:00+00:00', '--job-id', '11', '--raw', '--subdir', 'DAGS_FOLDER/spark_***.py', '--cfg-path', '/tmp/tmpkkhjpd3s']
[2024-06-14T08:30:15.907+0000] {standard_task_runner.py:91} INFO - Job 11: Subtask python_job
[2024-06-14T08:30:15.908+0000] {logging_mixin.py:188} WARNING - /home/***/.local/lib/python3.12/site-packages/***/task/task_runner/standard_task_runner.py:61 DeprecationWarning: This process (pid=2044) is multi-threaded, use of fork() may lead to deadlocks in the child.
[2024-06-14T08:30:15.910+0000] {standard_task_runner.py:63} INFO - Started process 2045 to run task
[2024-06-14T08:30:15.962+0000] {task_command.py:426} INFO - Running <TaskInstance: sparking_flow.python_job scheduled__2024-06-13T00:00:00+00:00 [running]> on host e342e0ac560c
[2024-06-14T08:30:16.049+0000] {taskinstance.py:2648} INFO - Exporting env vars: AIRFLOW_CTX_DAG_OWNER='Selva' AIRFLOW_CTX_DAG_ID='sparking_flow' AIRFLOW_CTX_TASK_ID='python_job' AIRFLOW_CTX_EXECUTION_DATE='2024-06-13T00:00:00+00:00' AIRFLOW_CTX_TRY_NUMBER='9' AIRFLOW_CTX_DAG_RUN_ID='scheduled__2024-06-13T00:00:00+00:00'
[2024-06-14T08:30:16.051+0000] {taskinstance.py:430} INFO - ::endgroup::
[2024-06-14T08:30:16.074+0000] {base.py:84} INFO - Using connection ID 'spark-conn' for task execution.
[2024-06-14T08:30:16.075+0000] {spark_submit.py:401} INFO - Spark-Submit cmd: spark-submit --master spark://spark-master:7077 --name arrow-spark --deploy-mode client jobs/python/wordcountjob.py
[2024-06-14T08:30:16.143+0000] {spark_submit.py:571} INFO - /home/***/.local/lib/python3.12/site-packages/pyspark/bin/load-spark-env.sh: line 68: ps: command not found
[2024-06-14T08:30:19.046+0000] {spark_submit.py:571} INFO - 24/06/14 08:30:19 INFO SparkContext: Running Spark version 3.5.1
[2024-06-14T08:30:19.048+0000] {spark_submit.py:571} INFO - 24/06/14 08:30:19 INFO SparkContext: OS info Linux, 5.15.153.1-microsoft-standard-WSL2, amd64
[2024-06-14T08:30:19.049+0000] {spark_submit.py:571} INFO - 24/06/14 08:30:19 INFO SparkContext: Java version 17.0.11
[2024-06-14T08:30:19.108+0000] {spark_submit.py:571} INFO - 24/06/14 08:30:19 WARN NativeCodeLoader: Unable to load native-hadoop library for your platform... using builtin-java classes where applicable
[2024-06-14T08:30:19.201+0000] {spark_submit.py:571} INFO - 24/06/14 08:30:19 INFO ResourceUtils: ==============================================================
[2024-06-14T08:30:19.204+0000] {spark_submit.py:571} INFO - 24/06/14 08:30:19 INFO ResourceUtils: No custom resources configured for spark.driver.
[2024-06-14T08:30:19.205+0000] {spark_submit.py:571} INFO - 24/06/14 08:30:19 INFO ResourceUtils: ==============================================================
[2024-06-14T08:30:19.206+0000] {spark_submit.py:571} INFO - 24/06/14 08:30:19 INFO SparkContext: Submitted application: PythonWordCount
[2024-06-14T08:30:19.272+0000] {spark_submit.py:571} INFO - 24/06/14 08:30:19 INFO ResourceProfile: Default ResourceProfile created, executor resources: Map(memory -> name: memory, amount: 1024, script: , vendor: , offHeap -> name: offHeap, amount: 0, script: , vendor: ), task resources: Map(cpus -> name: cpus, amount: 1.0)
[2024-06-14T08:30:19.283+0000] {spark_submit.py:571} INFO - 24/06/14 08:30:19 INFO ResourceProfile: Limiting resource is cpu
[2024-06-14T08:30:19.284+0000] {spark_submit.py:571} INFO - 24/06/14 08:30:19 INFO ResourceProfileManager: Added ResourceProfile id: 0
[2024-06-14T08:30:19.339+0000] {spark_submit.py:571} INFO - 24/06/14 08:30:19 INFO SecurityManager: Changing view acls to: ***
[2024-06-14T08:30:19.340+0000] {spark_submit.py:571} INFO - 24/06/14 08:30:19 INFO SecurityManager: Changing modify acls to: ***
[2024-06-14T08:30:19.341+0000] {spark_submit.py:571} INFO - 24/06/14 08:30:19 INFO SecurityManager: Changing view acls groups to:
[2024-06-14T08:30:19.341+0000] {spark_submit.py:571} INFO - 24/06/14 08:30:19 INFO SecurityManager: Changing modify acls groups to:
[2024-06-14T08:30:19.342+0000] {spark_submit.py:571} INFO - 24/06/14 08:30:19 INFO SecurityManager: SecurityManager: authentication disabled; ui acls disabled; users with view permissions: ***; groups with view permissions: EMPTY; users with modify permissions: ***; groups with modify permissions: EMPTY
[2024-06-14T08:30:19.560+0000] {spark_submit.py:571} INFO - 24/06/14 08:30:19 INFO Utils: Successfully started service 'sparkDriver' on port 42031.
[2024-06-14T08:30:19.581+0000] {spark_submit.py:571} INFO - 24/06/14 08:30:19 INFO SparkEnv: Registering MapOutputTracker
[2024-06-14T08:30:19.611+0000] {spark_submit.py:571} INFO - 24/06/14 08:30:19 INFO SparkEnv: Registering BlockManagerMaster
[2024-06-14T08:30:19.624+0000] {spark_submit.py:571} INFO - 24/06/14 08:30:19 INFO BlockManagerMasterEndpoint: Using org.apache.spark.storage.DefaultTopologyMapper for getting topology information
[2024-06-14T08:30:19.625+0000] {spark_submit.py:571} INFO - 24/06/14 08:30:19 INFO BlockManagerMasterEndpoint: BlockManagerMasterEndpoint up
[2024-06-14T08:30:19.628+0000] {spark_submit.py:571} INFO - 24/06/14 08:30:19 INFO SparkEnv: Registering BlockManagerMasterHeartbeat
[2024-06-14T08:30:19.644+0000] {spark_submit.py:571} INFO - 24/06/14 08:30:19 INFO DiskBlockManager: Created local directory at /tmp/blockmgr-3e55d7a3-4713-4925-b1de-79c1b50849a4
[2024-06-14T08:30:19.657+0000] {spark_submit.py:571} INFO - 24/06/14 08:30:19 INFO MemoryStore: MemoryStore started with capacity 434.4 MiB
[2024-06-14T08:30:19.675+0000] {spark_submit.py:571} INFO - 24/06/14 08:30:19 INFO SparkEnv: Registering OutputCommitCoordinator
[2024-06-14T08:30:19.812+0000] {spark_submit.py:571} INFO - 24/06/14 08:30:19 INFO JettyUtils: Start Jetty 0.0.0.0:4040 for SparkUI
[2024-06-14T08:30:19.885+0000] {spark_submit.py:571} INFO - 24/06/14 08:30:19 INFO Utils: Successfully started service 'SparkUI' on port 4040.
[2024-06-14T08:30:20.017+0000] {spark_submit.py:571} INFO - 24/06/14 08:30:20 INFO StandaloneAppClient$ClientEndpoint: Connecting to master spark://spark-master:7077...
[2024-06-14T08:30:20.056+0000] {spark_submit.py:571} INFO - 24/06/14 08:30:20 INFO TransportClientFactory: Successfully created connection to spark-master/172.19.0.3:7077 after 19 ms (0 ms spent in bootstraps)
[2024-06-14T08:30:20.468+0000] {spark_submit.py:571} INFO - 24/06/14 08:30:20 INFO StandaloneSchedulerBackend: Connected to Spark cluster with app ID app-20240614083020-0000
[2024-06-14T08:30:20.482+0000] {spark_submit.py:571} INFO - 24/06/14 08:30:20 INFO Utils: Successfully started service 'org.apache.spark.network.netty.NettyBlockTransferService' on port 40615.
[2024-06-14T08:30:20.483+0000] {spark_submit.py:571} INFO - 24/06/14 08:30:20 INFO NettyBlockTransferService: Server created on e342e0ac560c:40615
[2024-06-14T08:30:20.485+0000] {spark_submit.py:571} INFO - 24/06/14 08:30:20 INFO BlockManager: Using org.apache.spark.storage.RandomBlockReplicationPolicy for block replication policy
[2024-06-14T08:30:20.496+0000] {spark_submit.py:571} INFO - 24/06/14 08:30:20 INFO BlockManagerMaster: Registering BlockManager BlockManagerId(driver, e342e0ac560c, 40615, None)
[2024-06-14T08:30:20.506+0000] {spark_submit.py:571} INFO - 24/06/14 08:30:20 INFO BlockManagerMasterEndpoint: Registering block manager e342e0ac560c:40615 with 434.4 MiB RAM, BlockManagerId(driver, e342e0ac560c, 40615, None)
[2024-06-14T08:30:20.510+0000] {spark_submit.py:571} INFO - 24/06/14 08:30:20 INFO StandaloneAppClient$ClientEndpoint: Executor added: app-20240614083020-0000/0 on worker-20240614063702-172.19.0.4-41925 (172.19.0.4:41925) with 2 core(s)
[2024-06-14T08:30:20.511+0000] {spark_submit.py:571} INFO - 24/06/14 08:30:20 INFO BlockManagerMaster: Registered BlockManager BlockManagerId(driver, e342e0ac560c, 40615, None)
[2024-06-14T08:30:20.511+0000] {spark_submit.py:571} INFO - 24/06/14 08:30:20 INFO BlockManager: Initialized BlockManager: BlockManagerId(driver, e342e0ac560c, 40615, None)
[2024-06-14T08:30:20.512+0000] {spark_submit.py:571} INFO - 24/06/14 08:30:20 INFO StandaloneSchedulerBackend: Granted executor ID app-20240614083020-0000/0 on hostPort 172.19.0.4:41925 with 2 core(s), 1024.0 MiB RAM
[2024-06-14T08:30:20.779+0000] {spark_submit.py:571} INFO - 24/06/14 08:30:20 INFO StandaloneSchedulerBackend: SchedulerBackend is ready for scheduling beginning after reached minRegisteredResourcesRatio: 0.0
[2024-06-14T08:30:21.163+0000] {spark_submit.py:571} INFO - 24/06/14 08:30:21 INFO StandaloneAppClient$ClientEndpoint: Executor updated: app-20240614083020-0000/0 is now RUNNING
[2024-06-14T08:30:21.448+0000] {spark_submit.py:571} INFO - 24/06/14 08:30:21 INFO SparkContext: Starting job: collect at /opt/***/jobs/python/wordcountjob.py:11
[2024-06-14T08:30:21.494+0000] {spark_submit.py:571} INFO - 24/06/14 08:30:21 INFO DAGScheduler: Registering RDD 2 (reduceByKey at /opt/***/jobs/python/wordcountjob.py:9) as input to shuffle 0
[2024-06-14T08:30:21.512+0000] {spark_submit.py:571} INFO - 24/06/14 08:30:21 INFO DAGScheduler: Got job 0 (collect at /opt/***/jobs/python/wordcountjob.py:11) with 2 output partitions
[2024-06-14T08:30:21.513+0000] {spark_submit.py:571} INFO - 24/06/14 08:30:21 INFO DAGScheduler: Final stage: ResultStage 1 (collect at /opt/***/jobs/python/wordcountjob.py:11)
[2024-06-14T08:30:21.514+0000] {spark_submit.py:571} INFO - 24/06/14 08:30:21 INFO DAGScheduler: Parents of final stage: List(ShuffleMapStage 0)
[2024-06-14T08:30:21.517+0000] {spark_submit.py:571} INFO - 24/06/14 08:30:21 INFO DAGScheduler: Missing parents: List(ShuffleMapStage 0)
[2024-06-14T08:30:21.525+0000] {spark_submit.py:571} INFO - 24/06/14 08:30:21 INFO DAGScheduler: Submitting ShuffleMapStage 0 (PairwiseRDD[2] at reduceByKey at /opt/***/jobs/python/wordcountjob.py:9), which has no missing parents
[2024-06-14T08:30:21.775+0000] {spark_submit.py:571} INFO - 24/06/14 08:30:21 INFO MemoryStore: Block broadcast_0 stored as values in memory (estimated size 11.0 KiB, free 434.4 MiB)
[2024-06-14T08:30:21.859+0000] {spark_submit.py:571} INFO - 24/06/14 08:30:21 INFO MemoryStore: Block broadcast_0_piece0 stored as bytes in memory (estimated size 7.0 KiB, free 434.4 MiB)
[2024-06-14T08:30:21.864+0000] {spark_submit.py:571} INFO - 24/06/14 08:30:21 INFO BlockManagerInfo: Added broadcast_0_piece0 in memory on e342e0ac560c:40615 (size: 7.0 KiB, free: 434.4 MiB)
[2024-06-14T08:30:21.873+0000] {spark_submit.py:571} INFO - 24/06/14 08:30:21 INFO SparkContext: Created broadcast 0 from broadcast at DAGScheduler.scala:1585
[2024-06-14T08:30:21.892+0000] {spark_submit.py:571} INFO - 24/06/14 08:30:21 INFO DAGScheduler: Submitting 2 missing tasks from ShuffleMapStage 0 (PairwiseRDD[2] at reduceByKey at /opt/***/jobs/python/wordcountjob.py:9) (first 15 tasks are for partitions Vector(0, 1))
[2024-06-14T08:30:21.894+0000] {spark_submit.py:571} INFO - 24/06/14 08:30:21 INFO TaskSchedulerImpl: Adding task set 0.0 with 2 tasks resource profile 0
[2024-06-14T08:30:25.023+0000] {spark_submit.py:571} INFO - 24/06/14 08:30:25 INFO StandaloneSchedulerBackend$StandaloneDriverEndpoint: Registered executor NettyRpcEndpointRef(spark-client://Executor) (172.19.0.4:41434) with ID 0,  ResourceProfileId 0
[2024-06-14T08:30:25.104+0000] {spark_submit.py:571} INFO - 24/06/14 08:30:25 INFO BlockManagerMasterEndpoint: Registering block manager 172.19.0.4:40333 with 434.4 MiB RAM, BlockManagerId(0, 172.19.0.4, 40333, None)
[2024-06-14T08:30:25.181+0000] {spark_submit.py:571} INFO - 24/06/14 08:30:25 INFO TaskSetManager: Starting task 0.0 in stage 0.0 (TID 0) (172.19.0.4, executor 0, partition 0, PROCESS_LOCAL, 7655 bytes)
[2024-06-14T08:30:25.186+0000] {spark_submit.py:571} INFO - 24/06/14 08:30:25 INFO TaskSetManager: Starting task 1.0 in stage 0.0 (TID 1) (172.19.0.4, executor 0, partition 1, PROCESS_LOCAL, 7688 bytes)
[2024-06-14T08:30:25.420+0000] {spark_submit.py:571} INFO - 24/06/14 08:30:25 INFO BlockManagerInfo: Added broadcast_0_piece0 in memory on 172.19.0.4:40333 (size: 7.0 KiB, free: 434.4 MiB)
[2024-06-14T08:30:26.488+0000] {spark_submit.py:571} INFO - 24/06/14 08:30:26 WARN TaskSetManager: Lost task 0.0 in stage 0.0 (TID 0) (172.19.0.4 executor 0): org.apache.spark.api.python.PythonException: Traceback (most recent call last):
[2024-06-14T08:30:26.489+0000] {spark_submit.py:571} INFO - File "/opt/bitnami/spark/python/lib/pyspark.zip/pyspark/worker.py", line 1100, in main
[2024-06-14T08:30:26.490+0000] {spark_submit.py:571} INFO - raise PySparkRuntimeError(
[2024-06-14T08:30:26.491+0000] {spark_submit.py:571} INFO - pyspark.errors.exceptions.base.PySparkRuntimeError: [PYTHON_VERSION_MISMATCH] Python in worker has different version (3, 11) than that in driver 3.12, PySpark cannot run with different minor versions.
[2024-06-14T08:30:26.492+0000] {spark_submit.py:571} INFO - Please check environment variables PYSPARK_PYTHON and PYSPARK_DRIVER_PYTHON are correctly set.
[2024-06-14T08:30:26.492+0000] {spark_submit.py:571} INFO - 
[2024-06-14T08:30:26.493+0000] {spark_submit.py:571} INFO - at org.apache.spark.api.python.BasePythonRunner$ReaderIterator.handlePythonException(PythonRunner.scala:572)
[2024-06-14T08:30:26.493+0000] {spark_submit.py:571} INFO - at org.apache.spark.api.python.PythonRunner$$anon$3.read(PythonRunner.scala:784)
[2024-06-14T08:30:26.494+0000] {spark_submit.py:571} INFO - at org.apache.spark.api.python.PythonRunner$$anon$3.read(PythonRunner.scala:766)
[2024-06-14T08:30:26.494+0000] {spark_submit.py:571} INFO - at org.apache.spark.api.python.BasePythonRunner$ReaderIterator.hasNext(PythonRunner.scala:525)
[2024-06-14T08:30:26.495+0000] {spark_submit.py:571} INFO - at org.apache.spark.InterruptibleIterator.hasNext(InterruptibleIterator.scala:37)
[2024-06-14T08:30:26.496+0000] {spark_submit.py:571} INFO - at scala.collection.Iterator$GroupedIterator.fill(Iterator.scala:1211)
[2024-06-14T08:30:26.497+0000] {spark_submit.py:571} INFO - at scala.collection.Iterator$GroupedIterator.hasNext(Iterator.scala:1217)
[2024-06-14T08:30:26.498+0000] {spark_submit.py:571} INFO - at scala.collection.Iterator$$anon$10.hasNext(Iterator.scala:460)
[2024-06-14T08:30:26.499+0000] {spark_submit.py:571} INFO - at org.apache.spark.shuffle.sort.BypassMergeSortShuffleWriter.write(BypassMergeSortShuffleWriter.java:140)
[2024-06-14T08:30:26.499+0000] {spark_submit.py:571} INFO - at org.apache.spark.shuffle.ShuffleWriteProcessor.write(ShuffleWriteProcessor.scala:59)
[2024-06-14T08:30:26.501+0000] {spark_submit.py:571} INFO - at org.apache.spark.scheduler.ShuffleMapTask.runTask(ShuffleMapTask.scala:104)
[2024-06-14T08:30:26.503+0000] {spark_submit.py:571} INFO - at org.apache.spark.scheduler.ShuffleMapTask.runTask(ShuffleMapTask.scala:54)
[2024-06-14T08:30:26.504+0000] {spark_submit.py:571} INFO - at org.apache.spark.TaskContext.runTaskWithListeners(TaskContext.scala:166)
[2024-06-14T08:30:26.506+0000] {spark_submit.py:571} INFO - at org.apache.spark.scheduler.Task.run(Task.scala:141)
[2024-06-14T08:30:26.507+0000] {spark_submit.py:571} INFO - at org.apache.spark.executor.Executor$TaskRunner.$anonfun$run$4(Executor.scala:620)
[2024-06-14T08:30:26.507+0000] {spark_submit.py:571} INFO - at org.apache.spark.util.SparkErrorUtils.tryWithSafeFinally(SparkErrorUtils.scala:64)
[2024-06-14T08:30:26.508+0000] {spark_submit.py:571} INFO - at org.apache.spark.util.SparkErrorUtils.tryWithSafeFinally$(SparkErrorUtils.scala:61)
[2024-06-14T08:30:26.508+0000] {spark_submit.py:571} INFO - at org.apache.spark.util.Utils$.tryWithSafeFinally(Utils.scala:94)
[2024-06-14T08:30:26.510+0000] {spark_submit.py:571} INFO - at org.apache.spark.executor.Executor$TaskRunner.run(Executor.scala:623)
[2024-06-14T08:30:26.512+0000] {spark_submit.py:571} INFO - at java.base/java.util.concurrent.ThreadPoolExecutor.runWorker(ThreadPoolExecutor.java:1136)
[2024-06-14T08:30:26.513+0000] {spark_submit.py:571} INFO - at java.base/java.util.concurrent.ThreadPoolExecutor$Worker.run(ThreadPoolExecutor.java:635)
[2024-06-14T08:30:26.514+0000] {spark_submit.py:571} INFO - at java.base/java.lang.Thread.run(Thread.java:840)
[2024-06-14T08:30:26.514+0000] {spark_submit.py:571} INFO - 
[2024-06-14T08:30:26.515+0000] {spark_submit.py:571} INFO - 24/06/14 08:30:26 INFO TaskSetManager: Lost task 1.0 in stage 0.0 (TID 1) on 172.19.0.4, executor 0: org.apache.spark.api.python.PythonException (Traceback (most recent call last):
[2024-06-14T08:30:26.515+0000] {spark_submit.py:571} INFO - File "/opt/bitnami/spark/python/lib/pyspark.zip/pyspark/worker.py", line 1100, in main
[2024-06-14T08:30:26.516+0000] {spark_submit.py:571} INFO - raise PySparkRuntimeError(
[2024-06-14T08:30:26.516+0000] {spark_submit.py:571} INFO - pyspark.errors.exceptions.base.PySparkRuntimeError: [PYTHON_VERSION_MISMATCH] Python in worker has different version (3, 11) than that in driver 3.12, PySpark cannot run with different minor versions.
[2024-06-14T08:30:26.517+0000] {spark_submit.py:571} INFO - Please check environment variables PYSPARK_PYTHON and PYSPARK_DRIVER_PYTHON are correctly set.
[2024-06-14T08:30:26.517+0000] {spark_submit.py:571} INFO - ) [duplicate 1]
[2024-06-14T08:30:26.518+0000] {spark_submit.py:571} INFO - 24/06/14 08:30:26 INFO TaskSetManager: Starting task 1.1 in stage 0.0 (TID 2) (172.19.0.4, executor 0, partition 1, PROCESS_LOCAL, 7688 bytes)
[2024-06-14T08:30:26.518+0000] {spark_submit.py:571} INFO - 24/06/14 08:30:26 INFO TaskSetManager: Starting task 0.1 in stage 0.0 (TID 3) (172.19.0.4, executor 0, partition 0, PROCESS_LOCAL, 7655 bytes)
[2024-06-14T08:30:26.533+0000] {spark_submit.py:571} INFO - 24/06/14 08:30:26 INFO TaskSetManager: Lost task 1.1 in stage 0.0 (TID 2) on 172.19.0.4, executor 0: org.apache.spark.api.python.PythonException (Traceback (most recent call last):
[2024-06-14T08:30:26.534+0000] {spark_submit.py:571} INFO - File "/opt/bitnami/spark/python/lib/pyspark.zip/pyspark/worker.py", line 1100, in main
[2024-06-14T08:30:26.535+0000] {spark_submit.py:571} INFO - raise PySparkRuntimeError(
[2024-06-14T08:30:26.536+0000] {spark_submit.py:571} INFO - pyspark.errors.exceptions.base.PySparkRuntimeError: [PYTHON_VERSION_MISMATCH] Python in worker has different version (3, 11) than that in driver 3.12, PySpark cannot run with different minor versions.
[2024-06-14T08:30:26.537+0000] {spark_submit.py:571} INFO - Please check environment variables PYSPARK_PYTHON and PYSPARK_DRIVER_PYTHON are correctly set.
[2024-06-14T08:30:26.542+0000] {spark_submit.py:571} INFO - ) [duplicate 2]
[2024-06-14T08:30:26.543+0000] {spark_submit.py:571} INFO - 24/06/14 08:30:26 INFO TaskSetManager: Starting task 1.2 in stage 0.0 (TID 4) (172.19.0.4, executor 0, partition 1, PROCESS_LOCAL, 7688 bytes)
[2024-06-14T08:30:26.544+0000] {spark_submit.py:571} INFO - 24/06/14 08:30:26 INFO TaskSetManager: Lost task 0.1 in stage 0.0 (TID 3) on 172.19.0.4, executor 0: org.apache.spark.api.python.PythonException (Traceback (most recent call last):
[2024-06-14T08:30:26.545+0000] {spark_submit.py:571} INFO - File "/opt/bitnami/spark/python/lib/pyspark.zip/pyspark/worker.py", line 1100, in main
[2024-06-14T08:30:26.545+0000] {spark_submit.py:571} INFO - raise PySparkRuntimeError(
[2024-06-14T08:30:26.546+0000] {spark_submit.py:571} INFO - pyspark.errors.exceptions.base.PySparkRuntimeError: [PYTHON_VERSION_MISMATCH] Python in worker has different version (3, 11) than that in driver 3.12, PySpark cannot run with different minor versions.
[2024-06-14T08:30:26.546+0000] {spark_submit.py:571} INFO - Please check environment variables PYSPARK_PYTHON and PYSPARK_DRIVER_PYTHON are correctly set.
[2024-06-14T08:30:26.548+0000] {spark_submit.py:571} INFO - ) [duplicate 3]
[2024-06-14T08:30:26.549+0000] {spark_submit.py:571} INFO - 24/06/14 08:30:26 INFO TaskSetManager: Starting task 0.2 in stage 0.0 (TID 5) (172.19.0.4, executor 0, partition 0, PROCESS_LOCAL, 7655 bytes)
[2024-06-14T08:30:26.565+0000] {spark_submit.py:571} INFO - 24/06/14 08:30:26 INFO TaskSetManager: Lost task 1.2 in stage 0.0 (TID 4) on 172.19.0.4, executor 0: org.apache.spark.api.python.PythonException (Traceback (most recent call last):
[2024-06-14T08:30:26.566+0000] {spark_submit.py:571} INFO - File "/opt/bitnami/spark/python/lib/pyspark.zip/pyspark/worker.py", line 1100, in main
[2024-06-14T08:30:26.567+0000] {spark_submit.py:571} INFO - raise PySparkRuntimeError(
[2024-06-14T08:30:26.568+0000] {spark_submit.py:571} INFO - pyspark.errors.exceptions.base.PySparkRuntimeError: [PYTHON_VERSION_MISMATCH] Python in worker has different version (3, 11) than that in driver 3.12, PySpark cannot run with different minor versions.
[2024-06-14T08:30:26.568+0000] {spark_submit.py:571} INFO - Please check environment variables PYSPARK_PYTHON and PYSPARK_DRIVER_PYTHON are correctly set.
[2024-06-14T08:30:26.569+0000] {spark_submit.py:571} INFO - ) [duplicate 4]
[2024-06-14T08:30:26.569+0000] {spark_submit.py:571} INFO - 24/06/14 08:30:26 INFO TaskSetManager: Starting task 1.3 in stage 0.0 (TID 6) (172.19.0.4, executor 0, partition 1, PROCESS_LOCAL, 7688 bytes)
[2024-06-14T08:30:26.580+0000] {spark_submit.py:571} INFO - 24/06/14 08:30:26 INFO TaskSetManager: Lost task 0.2 in stage 0.0 (TID 5) on 172.19.0.4, executor 0: org.apache.spark.api.python.PythonException (Traceback (most recent call last):
[2024-06-14T08:30:26.582+0000] {spark_submit.py:571} INFO - File "/opt/bitnami/spark/python/lib/pyspark.zip/pyspark/worker.py", line 1100, in main
[2024-06-14T08:30:26.582+0000] {spark_submit.py:571} INFO - raise PySparkRuntimeError(
[2024-06-14T08:30:26.584+0000] {spark_submit.py:571} INFO - pyspark.errors.exceptions.base.PySparkRuntimeError: [PYTHON_VERSION_MISMATCH] Python in worker has different version (3, 11) than that in driver 3.12, PySpark cannot run with different minor versions.
[2024-06-14T08:30:26.585+0000] {spark_submit.py:571} INFO - Please check environment variables PYSPARK_PYTHON and PYSPARK_DRIVER_PYTHON are correctly set.
[2024-06-14T08:30:26.586+0000] {spark_submit.py:571} INFO - ) [duplicate 5]
[2024-06-14T08:30:26.588+0000] {spark_submit.py:571} INFO - 24/06/14 08:30:26 INFO TaskSetManager: Starting task 0.3 in stage 0.0 (TID 7) (172.19.0.4, executor 0, partition 0, PROCESS_LOCAL, 7655 bytes)
[2024-06-14T08:30:26.602+0000] {spark_submit.py:571} INFO - 24/06/14 08:30:26 INFO TaskSetManager: Lost task 1.3 in stage 0.0 (TID 6) on 172.19.0.4, executor 0: org.apache.spark.api.python.PythonException (Traceback (most recent call last):
[2024-06-14T08:30:26.604+0000] {spark_submit.py:571} INFO - File "/opt/bitnami/spark/python/lib/pyspark.zip/pyspark/worker.py", line 1100, in main
[2024-06-14T08:30:26.605+0000] {spark_submit.py:571} INFO - raise PySparkRuntimeError(
[2024-06-14T08:30:26.606+0000] {spark_submit.py:571} INFO - pyspark.errors.exceptions.base.PySparkRuntimeError: [PYTHON_VERSION_MISMATCH] Python in worker has different version (3, 11) than that in driver 3.12, PySpark cannot run with different minor versions.
[2024-06-14T08:30:26.606+0000] {spark_submit.py:571} INFO - Please check environment variables PYSPARK_PYTHON and PYSPARK_DRIVER_PYTHON are correctly set.
[2024-06-14T08:30:26.607+0000] {spark_submit.py:571} INFO - ) [duplicate 6]
[2024-06-14T08:30:26.608+0000] {spark_submit.py:571} INFO - 24/06/14 08:30:26 ERROR TaskSetManager: Task 1 in stage 0.0 failed 4 times; aborting job
[2024-06-14T08:30:26.612+0000] {spark_submit.py:571} INFO - 24/06/14 08:30:26 INFO TaskSchedulerImpl: Cancelling stage 0
[2024-06-14T08:30:26.616+0000] {spark_submit.py:571} INFO - 24/06/14 08:30:26 INFO TaskSchedulerImpl: Killing all running tasks in stage 0: Stage cancelled: Job aborted due to stage failure: Task 1 in stage 0.0 failed 4 times, most recent failure: Lost task 1.3 in stage 0.0 (TID 6) (172.19.0.4 executor 0): org.apache.spark.api.python.PythonException: Traceback (most recent call last):
[2024-06-14T08:30:26.618+0000] {spark_submit.py:571} INFO - File "/opt/bitnami/spark/python/lib/pyspark.zip/pyspark/worker.py", line 1100, in main
[2024-06-14T08:30:26.619+0000] {spark_submit.py:571} INFO - raise PySparkRuntimeError(
[2024-06-14T08:30:26.619+0000] {spark_submit.py:571} INFO - pyspark.errors.exceptions.base.PySparkRuntimeError: [PYTHON_VERSION_MISMATCH] Python in worker has different version (3, 11) than that in driver 3.12, PySpark cannot run with different minor versions.
[2024-06-14T08:30:26.620+0000] {spark_submit.py:571} INFO - Please check environment variables PYSPARK_PYTHON and PYSPARK_DRIVER_PYTHON are correctly set.
[2024-06-14T08:30:26.620+0000] {spark_submit.py:571} INFO - 
[2024-06-14T08:30:26.621+0000] {spark_submit.py:571} INFO - at org.apache.spark.api.python.BasePythonRunner$ReaderIterator.handlePythonException(PythonRunner.scala:572)
[2024-06-14T08:30:26.622+0000] {spark_submit.py:571} INFO - at org.apache.spark.api.python.PythonRunner$$anon$3.read(PythonRunner.scala:784)
[2024-06-14T08:30:26.623+0000] {spark_submit.py:571} INFO - at org.apache.spark.api.python.PythonRunner$$anon$3.read(PythonRunner.scala:766)
[2024-06-14T08:30:26.624+0000] {spark_submit.py:571} INFO - at org.apache.spark.api.python.BasePythonRunner$ReaderIterator.hasNext(PythonRunner.scala:525)
[2024-06-14T08:30:26.624+0000] {spark_submit.py:571} INFO - at org.apache.spark.InterruptibleIterator.hasNext(InterruptibleIterator.scala:37)
[2024-06-14T08:30:26.625+0000] {spark_submit.py:571} INFO - at scala.collection.Iterator$GroupedIterator.fill(Iterator.scala:1211)
[2024-06-14T08:30:26.626+0000] {spark_submit.py:571} INFO - at scala.collection.Iterator$GroupedIterator.hasNext(Iterator.scala:1217)
[2024-06-14T08:30:26.628+0000] {spark_submit.py:571} INFO - at scala.collection.Iterator$$anon$10.hasNext(Iterator.scala:460)
[2024-06-14T08:30:26.632+0000] {spark_submit.py:571} INFO - at org.apache.spark.shuffle.sort.BypassMergeSortShuffleWriter.write(BypassMergeSortShuffleWriter.java:140)
[2024-06-14T08:30:26.632+0000] {spark_submit.py:571} INFO - at org.apache.spark.shuffle.ShuffleWriteProcessor.write(ShuffleWriteProcessor.scala:59)
[2024-06-14T08:30:26.633+0000] {spark_submit.py:571} INFO - at org.apache.spark.scheduler.ShuffleMapTask.runTask(ShuffleMapTask.scala:104)
[2024-06-14T08:30:26.634+0000] {spark_submit.py:571} INFO - at org.apache.spark.scheduler.ShuffleMapTask.runTask(ShuffleMapTask.scala:54)
[2024-06-14T08:30:26.635+0000] {spark_submit.py:571} INFO - at org.apache.spark.TaskContext.runTaskWithListeners(TaskContext.scala:166)
[2024-06-14T08:30:26.635+0000] {spark_submit.py:571} INFO - at org.apache.spark.scheduler.Task.run(Task.scala:141)
[2024-06-14T08:30:26.636+0000] {spark_submit.py:571} INFO - at org.apache.spark.executor.Executor$TaskRunner.$anonfun$run$4(Executor.scala:620)
[2024-06-14T08:30:26.636+0000] {spark_submit.py:571} INFO - at org.apache.spark.util.SparkErrorUtils.tryWithSafeFinally(SparkErrorUtils.scala:64)
[2024-06-14T08:30:26.636+0000] {spark_submit.py:571} INFO - at org.apache.spark.util.SparkErrorUtils.tryWithSafeFinally$(SparkErrorUtils.scala:61)
[2024-06-14T08:30:26.637+0000] {spark_submit.py:571} INFO - at org.apache.spark.util.Utils$.tryWithSafeFinally(Utils.scala:94)
[2024-06-14T08:30:26.637+0000] {spark_submit.py:571} INFO - at org.apache.spark.executor.Executor$TaskRunner.run(Executor.scala:623)
[2024-06-14T08:30:26.638+0000] {spark_submit.py:571} INFO - at java.base/java.util.concurrent.ThreadPoolExecutor.runWorker(ThreadPoolExecutor.java:1136)
[2024-06-14T08:30:26.638+0000] {spark_submit.py:571} INFO - at java.base/java.util.concurrent.ThreadPoolExecutor$Worker.run(ThreadPoolExecutor.java:635)
[2024-06-14T08:30:26.638+0000] {spark_submit.py:571} INFO - at java.base/java.lang.Thread.run(Thread.java:840)
[2024-06-14T08:30:26.639+0000] {spark_submit.py:571} INFO - 
[2024-06-14T08:30:26.639+0000] {spark_submit.py:571} INFO - Driver stacktrace:
[2024-06-14T08:30:26.639+0000] {spark_submit.py:571} INFO - 24/06/14 08:30:26 INFO TaskSchedulerImpl: Stage 0 was cancelled
[2024-06-14T08:30:26.640+0000] {spark_submit.py:571} INFO - 24/06/14 08:30:26 INFO DAGScheduler: ShuffleMapStage 0 (reduceByKey at /opt/***/jobs/python/wordcountjob.py:9) failed in 5.054 s due to Job aborted due to stage failure: Task 1 in stage 0.0 failed 4 times, most recent failure: Lost task 1.3 in stage 0.0 (TID 6) (172.19.0.4 executor 0): org.apache.spark.api.python.PythonException: Traceback (most recent call last):
[2024-06-14T08:30:26.640+0000] {spark_submit.py:571} INFO - File "/opt/bitnami/spark/python/lib/pyspark.zip/pyspark/worker.py", line 1100, in main
[2024-06-14T08:30:26.641+0000] {spark_submit.py:571} INFO - raise PySparkRuntimeError(
[2024-06-14T08:30:26.641+0000] {spark_submit.py:571} INFO - pyspark.errors.exceptions.base.PySparkRuntimeError: [PYTHON_VERSION_MISMATCH] Python in worker has different version (3, 11) than that in driver 3.12, PySpark cannot run with different minor versions.
[2024-06-14T08:30:26.641+0000] {spark_submit.py:571} INFO - Please check environment variables PYSPARK_PYTHON and PYSPARK_DRIVER_PYTHON are correctly set.
[2024-06-14T08:30:26.641+0000] {spark_submit.py:571} INFO - 
[2024-06-14T08:30:26.642+0000] {spark_submit.py:571} INFO - at org.apache.spark.api.python.BasePythonRunner$ReaderIterator.handlePythonException(PythonRunner.scala:572)
[2024-06-14T08:30:26.642+0000] {spark_submit.py:571} INFO - at org.apache.spark.api.python.PythonRunner$$anon$3.read(PythonRunner.scala:784)
[2024-06-14T08:30:26.642+0000] {spark_submit.py:571} INFO - at org.apache.spark.api.python.PythonRunner$$anon$3.read(PythonRunner.scala:766)
[2024-06-14T08:30:26.643+0000] {spark_submit.py:571} INFO - at org.apache.spark.api.python.BasePythonRunner$ReaderIterator.hasNext(PythonRunner.scala:525)
[2024-06-14T08:30:26.643+0000] {spark_submit.py:571} INFO - at org.apache.spark.InterruptibleIterator.hasNext(InterruptibleIterator.scala:37)
[2024-06-14T08:30:26.643+0000] {spark_submit.py:571} INFO - at scala.collection.Iterator$GroupedIterator.fill(Iterator.scala:1211)
[2024-06-14T08:30:26.644+0000] {spark_submit.py:571} INFO - at scala.collection.Iterator$GroupedIterator.hasNext(Iterator.scala:1217)
[2024-06-14T08:30:26.645+0000] {spark_submit.py:571} INFO - at scala.collection.Iterator$$anon$10.hasNext(Iterator.scala:460)
[2024-06-14T08:30:26.645+0000] {spark_submit.py:571} INFO - at org.apache.spark.shuffle.sort.BypassMergeSortShuffleWriter.write(BypassMergeSortShuffleWriter.java:140)
[2024-06-14T08:30:26.645+0000] {spark_submit.py:571} INFO - at org.apache.spark.shuffle.ShuffleWriteProcessor.write(ShuffleWriteProcessor.scala:59)
[2024-06-14T08:30:26.646+0000] {spark_submit.py:571} INFO - at org.apache.spark.scheduler.ShuffleMapTask.runTask(ShuffleMapTask.scala:104)
[2024-06-14T08:30:26.646+0000] {spark_submit.py:571} INFO - at org.apache.spark.scheduler.ShuffleMapTask.runTask(ShuffleMapTask.scala:54)
[2024-06-14T08:30:26.647+0000] {spark_submit.py:571} INFO - at org.apache.spark.TaskContext.runTaskWithListeners(TaskContext.scala:166)
[2024-06-14T08:30:26.647+0000] {spark_submit.py:571} INFO - at org.apache.spark.scheduler.Task.run(Task.scala:141)
[2024-06-14T08:30:26.648+0000] {spark_submit.py:571} INFO - at org.apache.spark.executor.Executor$TaskRunner.$anonfun$run$4(Executor.scala:620)
[2024-06-14T08:30:26.648+0000] {spark_submit.py:571} INFO - at org.apache.spark.util.SparkErrorUtils.tryWithSafeFinally(SparkErrorUtils.scala:64)
[2024-06-14T08:30:26.648+0000] {spark_submit.py:571} INFO - at org.apache.spark.util.SparkErrorUtils.tryWithSafeFinally$(SparkErrorUtils.scala:61)
[2024-06-14T08:30:26.649+0000] {spark_submit.py:571} INFO - at org.apache.spark.util.Utils$.tryWithSafeFinally(Utils.scala:94)
[2024-06-14T08:30:26.649+0000] {spark_submit.py:571} INFO - at org.apache.spark.executor.Executor$TaskRunner.run(Executor.scala:623)
[2024-06-14T08:30:26.649+0000] {spark_submit.py:571} INFO - at java.base/java.util.concurrent.ThreadPoolExecutor.runWorker(ThreadPoolExecutor.java:1136)
[2024-06-14T08:30:26.650+0000] {spark_submit.py:571} INFO - at java.base/java.util.concurrent.ThreadPoolExecutor$Worker.run(ThreadPoolExecutor.java:635)
[2024-06-14T08:30:26.650+0000] {spark_submit.py:571} INFO - at java.base/java.lang.Thread.run(Thread.java:840)
[2024-06-14T08:30:26.651+0000] {spark_submit.py:571} INFO - 
[2024-06-14T08:30:26.651+0000] {spark_submit.py:571} INFO - Driver stacktrace:
[2024-06-14T08:30:26.652+0000] {spark_submit.py:571} INFO - 24/06/14 08:30:26 INFO TaskSetManager: Lost task 0.3 in stage 0.0 (TID 7) on 172.19.0.4, executor 0: org.apache.spark.api.python.PythonException (Traceback (most recent call last):
[2024-06-14T08:30:26.652+0000] {spark_submit.py:571} INFO - File "/opt/bitnami/spark/python/lib/pyspark.zip/pyspark/worker.py", line 1100, in main
[2024-06-14T08:30:26.653+0000] {spark_submit.py:571} INFO - raise PySparkRuntimeError(
[2024-06-14T08:30:26.653+0000] {spark_submit.py:571} INFO - pyspark.errors.exceptions.base.PySparkRuntimeError: [PYTHON_VERSION_MISMATCH] Python in worker has different version (3, 11) than that in driver 3.12, PySpark cannot run with different minor versions.
[2024-06-14T08:30:26.653+0000] {spark_submit.py:571} INFO - Please check environment variables PYSPARK_PYTHON and PYSPARK_DRIVER_PYTHON are correctly set.
[2024-06-14T08:30:26.654+0000] {spark_submit.py:571} INFO - ) [duplicate 7]
[2024-06-14T08:30:26.654+0000] {spark_submit.py:571} INFO - 24/06/14 08:30:26 INFO TaskSchedulerImpl: Removed TaskSet 0.0, whose tasks have all completed, from pool
[2024-06-14T08:30:26.654+0000] {spark_submit.py:571} INFO - 24/06/14 08:30:26 INFO DAGScheduler: Job 0 failed: collect at /opt/***/jobs/python/wordcountjob.py:11, took 5.178273 s
[2024-06-14T08:30:26.709+0000] {spark_submit.py:571} INFO - Traceback (most recent call last):
[2024-06-14T08:30:26.709+0000] {spark_submit.py:571} INFO - File "/opt/***/jobs/python/wordcountjob.py", line 11, in <module>
[2024-06-14T08:30:26.712+0000] {spark_submit.py:571} INFO - for wc in wordCounts.collect():
[2024-06-14T08:30:26.712+0000] {spark_submit.py:571} INFO - ^^^^^^^^^^^^^^^^^^^^
[2024-06-14T08:30:26.713+0000] {spark_submit.py:571} INFO - File "/home/***/.local/lib/python3.12/site-packages/pyspark/python/lib/pyspark.zip/pyspark/rdd.py", line 1833, in collect
[2024-06-14T08:30:26.713+0000] {spark_submit.py:571} INFO - File "/home/***/.local/lib/python3.12/site-packages/pyspark/python/lib/py4j-0.10.9.7-src.zip/py4j/java_gateway.py", line 1322, in __call__
[2024-06-14T08:30:26.714+0000] {spark_submit.py:571} INFO - File "/home/***/.local/lib/python3.12/site-packages/pyspark/python/lib/pyspark.zip/pyspark/errors/exceptions/captured.py", line 179, in deco
[2024-06-14T08:30:26.714+0000] {spark_submit.py:571} INFO - File "/home/***/.local/lib/python3.12/site-packages/pyspark/python/lib/py4j-0.10.9.7-src.zip/py4j/protocol.py", line 326, in get_return_value
[2024-06-14T08:30:26.716+0000] {spark_submit.py:571} INFO - py4j.protocol.Py4JJavaError: An error occurred while calling z:org.apache.spark.api.python.PythonRDD.collectAndServe.
[2024-06-14T08:30:26.717+0000] {spark_submit.py:571} INFO - : org.apache.spark.SparkException: Job aborted due to stage failure: Task 1 in stage 0.0 failed 4 times, most recent failure: Lost task 1.3 in stage 0.0 (TID 6) (172.19.0.4 executor 0): org.apache.spark.api.python.PythonException: Traceback (most recent call last):
[2024-06-14T08:30:26.718+0000] {spark_submit.py:571} INFO - File "/opt/bitnami/spark/python/lib/pyspark.zip/pyspark/worker.py", line 1100, in main
[2024-06-14T08:30:26.718+0000] {spark_submit.py:571} INFO - raise PySparkRuntimeError(
[2024-06-14T08:30:26.719+0000] {spark_submit.py:571} INFO - pyspark.errors.exceptions.base.PySparkRuntimeError: [PYTHON_VERSION_MISMATCH] Python in worker has different version (3, 11) than that in driver 3.12, PySpark cannot run with different minor versions.
[2024-06-14T08:30:26.719+0000] {spark_submit.py:571} INFO - Please check environment variables PYSPARK_PYTHON and PYSPARK_DRIVER_PYTHON are correctly set.
[2024-06-14T08:30:26.719+0000] {spark_submit.py:571} INFO - 
[2024-06-14T08:30:26.720+0000] {spark_submit.py:571} INFO - at org.apache.spark.api.python.BasePythonRunner$ReaderIterator.handlePythonException(PythonRunner.scala:572)
[2024-06-14T08:30:26.720+0000] {spark_submit.py:571} INFO - at org.apache.spark.api.python.PythonRunner$$anon$3.read(PythonRunner.scala:784)
[2024-06-14T08:30:26.720+0000] {spark_submit.py:571} INFO - at org.apache.spark.api.python.PythonRunner$$anon$3.read(PythonRunner.scala:766)
[2024-06-14T08:30:26.721+0000] {spark_submit.py:571} INFO - at org.apache.spark.api.python.BasePythonRunner$ReaderIterator.hasNext(PythonRunner.scala:525)
[2024-06-14T08:30:26.721+0000] {spark_submit.py:571} INFO - at org.apache.spark.InterruptibleIterator.hasNext(InterruptibleIterator.scala:37)
[2024-06-14T08:30:26.721+0000] {spark_submit.py:571} INFO - at scala.collection.Iterator$GroupedIterator.fill(Iterator.scala:1211)
[2024-06-14T08:30:26.722+0000] {spark_submit.py:571} INFO - at scala.collection.Iterator$GroupedIterator.hasNext(Iterator.scala:1217)
[2024-06-14T08:30:26.722+0000] {spark_submit.py:571} INFO - at scala.collection.Iterator$$anon$10.hasNext(Iterator.scala:460)
[2024-06-14T08:30:26.723+0000] {spark_submit.py:571} INFO - at org.apache.spark.shuffle.sort.BypassMergeSortShuffleWriter.write(BypassMergeSortShuffleWriter.java:140)
[2024-06-14T08:30:26.723+0000] {spark_submit.py:571} INFO - at org.apache.spark.shuffle.ShuffleWriteProcessor.write(ShuffleWriteProcessor.scala:59)
[2024-06-14T08:30:26.723+0000] {spark_submit.py:571} INFO - at org.apache.spark.scheduler.ShuffleMapTask.runTask(ShuffleMapTask.scala:104)
[2024-06-14T08:30:26.724+0000] {spark_submit.py:571} INFO - at org.apache.spark.scheduler.ShuffleMapTask.runTask(ShuffleMapTask.scala:54)
[2024-06-14T08:30:26.724+0000] {spark_submit.py:571} INFO - at org.apache.spark.TaskContext.runTaskWithListeners(TaskContext.scala:166)
[2024-06-14T08:30:26.725+0000] {spark_submit.py:571} INFO - at org.apache.spark.scheduler.Task.run(Task.scala:141)
[2024-06-14T08:30:26.725+0000] {spark_submit.py:571} INFO - at org.apache.spark.executor.Executor$TaskRunner.$anonfun$run$4(Executor.scala:620)
[2024-06-14T08:30:26.726+0000] {spark_submit.py:571} INFO - at org.apache.spark.util.SparkErrorUtils.tryWithSafeFinally(SparkErrorUtils.scala:64)
[2024-06-14T08:30:26.726+0000] {spark_submit.py:571} INFO - at org.apache.spark.util.SparkErrorUtils.tryWithSafeFinally$(SparkErrorUtils.scala:61)
[2024-06-14T08:30:26.726+0000] {spark_submit.py:571} INFO - at org.apache.spark.util.Utils$.tryWithSafeFinally(Utils.scala:94)
[2024-06-14T08:30:26.727+0000] {spark_submit.py:571} INFO - at org.apache.spark.executor.Executor$TaskRunner.run(Executor.scala:623)
[2024-06-14T08:30:26.727+0000] {spark_submit.py:571} INFO - at java.base/java.util.concurrent.ThreadPoolExecutor.runWorker(ThreadPoolExecutor.java:1136)
[2024-06-14T08:30:26.728+0000] {spark_submit.py:571} INFO - at java.base/java.util.concurrent.ThreadPoolExecutor$Worker.run(ThreadPoolExecutor.java:635)
[2024-06-14T08:30:26.728+0000] {spark_submit.py:571} INFO - at java.base/java.lang.Thread.run(Thread.java:840)
[2024-06-14T08:30:26.729+0000] {spark_submit.py:571} INFO - 
[2024-06-14T08:30:26.729+0000] {spark_submit.py:571} INFO - Driver stacktrace:
[2024-06-14T08:30:26.729+0000] {spark_submit.py:571} INFO - at org.apache.spark.scheduler.DAGScheduler.failJobAndIndependentStages(DAGScheduler.scala:2856)
[2024-06-14T08:30:26.730+0000] {spark_submit.py:571} INFO - at org.apache.spark.scheduler.DAGScheduler.$anonfun$abortStage$2(DAGScheduler.scala:2792)
[2024-06-14T08:30:26.730+0000] {spark_submit.py:571} INFO - at org.apache.spark.scheduler.DAGScheduler.$anonfun$abortStage$2$adapted(DAGScheduler.scala:2791)
[2024-06-14T08:30:26.730+0000] {spark_submit.py:571} INFO - at scala.collection.mutable.ResizableArray.foreach(ResizableArray.scala:62)
[2024-06-14T08:30:26.731+0000] {spark_submit.py:571} INFO - at scala.collection.mutable.ResizableArray.foreach$(ResizableArray.scala:55)
[2024-06-14T08:30:26.731+0000] {spark_submit.py:571} INFO - at scala.collection.mutable.ArrayBuffer.foreach(ArrayBuffer.scala:49)
[2024-06-14T08:30:26.732+0000] {spark_submit.py:571} INFO - at org.apache.spark.scheduler.DAGScheduler.abortStage(DAGScheduler.scala:2791)
[2024-06-14T08:30:26.732+0000] {spark_submit.py:571} INFO - at org.apache.spark.scheduler.DAGScheduler.$anonfun$handleTaskSetFailed$1(DAGScheduler.scala:1247)
[2024-06-14T08:30:26.732+0000] {spark_submit.py:571} INFO - at org.apache.spark.scheduler.DAGScheduler.$anonfun$handleTaskSetFailed$1$adapted(DAGScheduler.scala:1247)
[2024-06-14T08:30:26.732+0000] {spark_submit.py:571} INFO - at scala.Option.foreach(Option.scala:407)
[2024-06-14T08:30:26.733+0000] {spark_submit.py:571} INFO - at org.apache.spark.scheduler.DAGScheduler.handleTaskSetFailed(DAGScheduler.scala:1247)
[2024-06-14T08:30:26.733+0000] {spark_submit.py:571} INFO - at org.apache.spark.scheduler.DAGSchedulerEventProcessLoop.doOnReceive(DAGScheduler.scala:3060)
[2024-06-14T08:30:26.733+0000] {spark_submit.py:571} INFO - at org.apache.spark.scheduler.DAGSchedulerEventProcessLoop.onReceive(DAGScheduler.scala:2994)
[2024-06-14T08:30:26.734+0000] {spark_submit.py:571} INFO - at org.apache.spark.scheduler.DAGSchedulerEventProcessLoop.onReceive(DAGScheduler.scala:2983)
[2024-06-14T08:30:26.734+0000] {spark_submit.py:571} INFO - at org.apache.spark.util.EventLoop$$anon$1.run(EventLoop.scala:49)
[2024-06-14T08:30:26.735+0000] {spark_submit.py:571} INFO - at org.apache.spark.scheduler.DAGScheduler.runJob(DAGScheduler.scala:989)
[2024-06-14T08:30:26.735+0000] {spark_submit.py:571} INFO - at org.apache.spark.SparkContext.runJob(SparkContext.scala:2398)
[2024-06-14T08:30:26.735+0000] {spark_submit.py:571} INFO - at org.apache.spark.SparkContext.runJob(SparkContext.scala:2419)
[2024-06-14T08:30:26.736+0000] {spark_submit.py:571} INFO - at org.apache.spark.SparkContext.runJob(SparkContext.scala:2438)
[2024-06-14T08:30:26.736+0000] {spark_submit.py:571} INFO - at org.apache.spark.SparkContext.runJob(SparkContext.scala:2463)
[2024-06-14T08:30:26.736+0000] {spark_submit.py:571} INFO - at org.apache.spark.rdd.RDD.$anonfun$collect$1(RDD.scala:1049)
[2024-06-14T08:30:26.737+0000] {spark_submit.py:571} INFO - at org.apache.spark.rdd.RDDOperationScope$.withScope(RDDOperationScope.scala:151)
[2024-06-14T08:30:26.737+0000] {spark_submit.py:571} INFO - at org.apache.spark.rdd.RDDOperationScope$.withScope(RDDOperationScope.scala:112)
[2024-06-14T08:30:26.738+0000] {spark_submit.py:571} INFO - at org.apache.spark.rdd.RDD.withScope(RDD.scala:410)
[2024-06-14T08:30:26.738+0000] {spark_submit.py:571} INFO - at org.apache.spark.rdd.RDD.collect(RDD.scala:1048)
[2024-06-14T08:30:26.738+0000] {spark_submit.py:571} INFO - at org.apache.spark.api.python.PythonRDD$.collectAndServe(PythonRDD.scala:195)
[2024-06-14T08:30:26.739+0000] {spark_submit.py:571} INFO - at org.apache.spark.api.python.PythonRDD.collectAndServe(PythonRDD.scala)
[2024-06-14T08:30:26.739+0000] {spark_submit.py:571} INFO - at java.base/jdk.internal.reflect.NativeMethodAccessorImpl.invoke0(Native Method)
[2024-06-14T08:30:26.739+0000] {spark_submit.py:571} INFO - at java.base/jdk.internal.reflect.NativeMethodAccessorImpl.invoke(NativeMethodAccessorImpl.java:77)
[2024-06-14T08:30:26.740+0000] {spark_submit.py:571} INFO - at java.base/jdk.internal.reflect.DelegatingMethodAccessorImpl.invoke(DelegatingMethodAccessorImpl.java:43)
[2024-06-14T08:30:26.740+0000] {spark_submit.py:571} INFO - at java.base/java.lang.reflect.Method.invoke(Method.java:568)
[2024-06-14T08:30:26.740+0000] {spark_submit.py:571} INFO - at py4j.reflection.MethodInvoker.invoke(MethodInvoker.java:244)
[2024-06-14T08:30:26.740+0000] {spark_submit.py:571} INFO - at py4j.reflection.ReflectionEngine.invoke(ReflectionEngine.java:374)
[2024-06-14T08:30:26.741+0000] {spark_submit.py:571} INFO - at py4j.Gateway.invoke(Gateway.java:282)
[2024-06-14T08:30:26.741+0000] {spark_submit.py:571} INFO - at py4j.commands.AbstractCommand.invokeMethod(AbstractCommand.java:132)
[2024-06-14T08:30:26.741+0000] {spark_submit.py:571} INFO - at py4j.commands.CallCommand.execute(CallCommand.java:79)
[2024-06-14T08:30:26.741+0000] {spark_submit.py:571} INFO - at py4j.ClientServerConnection.waitForCommands(ClientServerConnection.java:182)
[2024-06-14T08:30:26.742+0000] {spark_submit.py:571} INFO - at py4j.ClientServerConnection.run(ClientServerConnection.java:106)
[2024-06-14T08:30:26.742+0000] {spark_submit.py:571} INFO - at java.base/java.lang.Thread.run(Thread.java:840)
[2024-06-14T08:30:26.742+0000] {spark_submit.py:571} INFO - Caused by: org.apache.spark.api.python.PythonException: Traceback (most recent call last):
[2024-06-14T08:30:26.743+0000] {spark_submit.py:571} INFO - File "/opt/bitnami/spark/python/lib/pyspark.zip/pyspark/worker.py", line 1100, in main
[2024-06-14T08:30:26.743+0000] {spark_submit.py:571} INFO - raise PySparkRuntimeError(
[2024-06-14T08:30:26.744+0000] {spark_submit.py:571} INFO - pyspark.errors.exceptions.base.PySparkRuntimeError: [PYTHON_VERSION_MISMATCH] Python in worker has different version (3, 11) than that in driver 3.12, PySpark cannot run with different minor versions.
[2024-06-14T08:30:26.744+0000] {spark_submit.py:571} INFO - Please check environment variables PYSPARK_PYTHON and PYSPARK_DRIVER_PYTHON are correctly set.
[2024-06-14T08:30:26.744+0000] {spark_submit.py:571} INFO - 
[2024-06-14T08:30:26.745+0000] {spark_submit.py:571} INFO - at org.apache.spark.api.python.BasePythonRunner$ReaderIterator.handlePythonException(PythonRunner.scala:572)
[2024-06-14T08:30:26.745+0000] {spark_submit.py:571} INFO - at org.apache.spark.api.python.PythonRunner$$anon$3.read(PythonRunner.scala:784)
[2024-06-14T08:30:26.745+0000] {spark_submit.py:571} INFO - at org.apache.spark.api.python.PythonRunner$$anon$3.read(PythonRunner.scala:766)
[2024-06-14T08:30:26.745+0000] {spark_submit.py:571} INFO - at org.apache.spark.api.python.BasePythonRunner$ReaderIterator.hasNext(PythonRunner.scala:525)
[2024-06-14T08:30:26.746+0000] {spark_submit.py:571} INFO - at org.apache.spark.InterruptibleIterator.hasNext(InterruptibleIterator.scala:37)
[2024-06-14T08:30:26.746+0000] {spark_submit.py:571} INFO - at scala.collection.Iterator$GroupedIterator.fill(Iterator.scala:1211)
[2024-06-14T08:30:26.746+0000] {spark_submit.py:571} INFO - at scala.collection.Iterator$GroupedIterator.hasNext(Iterator.scala:1217)
[2024-06-14T08:30:26.747+0000] {spark_submit.py:571} INFO - at scala.collection.Iterator$$anon$10.hasNext(Iterator.scala:460)
[2024-06-14T08:30:26.747+0000] {spark_submit.py:571} INFO - at org.apache.spark.shuffle.sort.BypassMergeSortShuffleWriter.write(BypassMergeSortShuffleWriter.java:140)
[2024-06-14T08:30:26.747+0000] {spark_submit.py:571} INFO - at org.apache.spark.shuffle.ShuffleWriteProcessor.write(ShuffleWriteProcessor.scala:59)
[2024-06-14T08:30:26.748+0000] {spark_submit.py:571} INFO - at org.apache.spark.scheduler.ShuffleMapTask.runTask(ShuffleMapTask.scala:104)
[2024-06-14T08:30:26.748+0000] {spark_submit.py:571} INFO - at org.apache.spark.scheduler.ShuffleMapTask.runTask(ShuffleMapTask.scala:54)
[2024-06-14T08:30:26.748+0000] {spark_submit.py:571} INFO - at org.apache.spark.TaskContext.runTaskWithListeners(TaskContext.scala:166)
[2024-06-14T08:30:26.749+0000] {spark_submit.py:571} INFO - at org.apache.spark.scheduler.Task.run(Task.scala:141)
[2024-06-14T08:30:26.749+0000] {spark_submit.py:571} INFO - at org.apache.spark.executor.Executor$TaskRunner.$anonfun$run$4(Executor.scala:620)
[2024-06-14T08:30:26.749+0000] {spark_submit.py:571} INFO - at org.apache.spark.util.SparkErrorUtils.tryWithSafeFinally(SparkErrorUtils.scala:64)
[2024-06-14T08:30:26.749+0000] {spark_submit.py:571} INFO - at org.apache.spark.util.SparkErrorUtils.tryWithSafeFinally$(SparkErrorUtils.scala:61)
[2024-06-14T08:30:26.750+0000] {spark_submit.py:571} INFO - at org.apache.spark.util.Utils$.tryWithSafeFinally(Utils.scala:94)
[2024-06-14T08:30:26.750+0000] {spark_submit.py:571} INFO - at org.apache.spark.executor.Executor$TaskRunner.run(Executor.scala:623)
[2024-06-14T08:30:26.750+0000] {spark_submit.py:571} INFO - at java.base/java.util.concurrent.ThreadPoolExecutor.runWorker(ThreadPoolExecutor.java:1136)
[2024-06-14T08:30:26.750+0000] {spark_submit.py:571} INFO - at java.base/java.util.concurrent.ThreadPoolExecutor$Worker.run(ThreadPoolExecutor.java:635)
[2024-06-14T08:30:26.751+0000] {spark_submit.py:571} INFO - ... 1 more
[2024-06-14T08:30:26.751+0000] {spark_submit.py:571} INFO - 
[2024-06-14T08:30:26.798+0000] {spark_submit.py:571} INFO - 24/06/14 08:30:26 INFO SparkContext: Invoking stop() from shutdown hook
[2024-06-14T08:30:26.799+0000] {spark_submit.py:571} INFO - 24/06/14 08:30:26 INFO SparkContext: SparkContext is stopping with exitCode 0.
[2024-06-14T08:30:26.811+0000] {spark_submit.py:571} INFO - 24/06/14 08:30:26 INFO SparkUI: Stopped Spark web UI at http://e342e0ac560c:4040
[2024-06-14T08:30:26.816+0000] {spark_submit.py:571} INFO - 24/06/14 08:30:26 INFO StandaloneSchedulerBackend: Shutting down all executors
[2024-06-14T08:30:26.817+0000] {spark_submit.py:571} INFO - 24/06/14 08:30:26 INFO StandaloneSchedulerBackend$StandaloneDriverEndpoint: Asking each executor to shut down
[2024-06-14T08:30:26.847+0000] {spark_submit.py:571} INFO - 24/06/14 08:30:26 INFO MapOutputTrackerMasterEndpoint: MapOutputTrackerMasterEndpoint stopped!
[2024-06-14T08:30:26.902+0000] {spark_submit.py:571} INFO - 24/06/14 08:30:26 INFO MemoryStore: MemoryStore cleared
[2024-06-14T08:30:26.903+0000] {spark_submit.py:571} INFO - 24/06/14 08:30:26 INFO BlockManager: BlockManager stopped
[2024-06-14T08:30:26.920+0000] {spark_submit.py:571} INFO - 24/06/14 08:30:26 INFO BlockManagerMaster: BlockManagerMaster stopped
[2024-06-14T08:30:26.923+0000] {spark_submit.py:571} INFO - 24/06/14 08:30:26 INFO OutputCommitCoordinator$OutputCommitCoordinatorEndpoint: OutputCommitCoordinator stopped!
[2024-06-14T08:30:26.936+0000] {spark_submit.py:571} INFO - 24/06/14 08:30:26 INFO SparkContext: Successfully stopped SparkContext
[2024-06-14T08:30:26.936+0000] {spark_submit.py:571} INFO - 24/06/14 08:30:26 INFO ShutdownHookManager: Shutdown hook called
[2024-06-14T08:30:26.937+0000] {spark_submit.py:571} INFO - 24/06/14 08:30:26 INFO ShutdownHookManager: Deleting directory /tmp/spark-b0735b95-3201-410e-a3a2-fb4751984116
[2024-06-14T08:30:26.941+0000] {spark_submit.py:571} INFO - 24/06/14 08:30:26 INFO ShutdownHookManager: Deleting directory /tmp/spark-b28fe0aa-ecb0-40d1-88ba-5e4a7245d609/pyspark-7f06213f-75dd-47b2-9eb0-33010412ef85
[2024-06-14T08:30:26.947+0000] {spark_submit.py:571} INFO - 24/06/14 08:30:26 INFO ShutdownHookManager: Deleting directory /tmp/spark-b28fe0aa-ecb0-40d1-88ba-5e4a7245d609
[2024-06-14T08:30:26.989+0000] {taskinstance.py:441} INFO - ::group::Post task execution logs
[2024-06-14T08:30:27.001+0000] {taskinstance.py:2905} ERROR - Task failed with exception
Traceback (most recent call last):
  File "/home/airflow/.local/lib/python3.12/site-packages/airflow/models/taskinstance.py", line 465, in _execute_task
    result = _execute_callable(context=context, **execute_callable_kwargs)
             ^^^^^^^^^^^^^^^^^^^^^^^^^^^^^^^^^^^^^^^^^^^^^^^^^^^^^^^^^^^^^
  File "/home/airflow/.local/lib/python3.12/site-packages/airflow/models/taskinstance.py", line 432, in _execute_callable
    return execute_callable(context=context, **execute_callable_kwargs)
           ^^^^^^^^^^^^^^^^^^^^^^^^^^^^^^^^^^^^^^^^^^^^^^^^^^^^^^^^^^^^
  File "/home/airflow/.local/lib/python3.12/site-packages/airflow/models/baseoperator.py", line 401, in wrapper
    return func(self, *args, **kwargs)
           ^^^^^^^^^^^^^^^^^^^^^^^^^^^
  File "/home/airflow/.local/lib/python3.12/site-packages/airflow/providers/apache/spark/operators/spark_submit.py", line 174, in execute
    self._hook.submit(self.application)
  File "/home/airflow/.local/lib/python3.12/site-packages/airflow/providers/apache/spark/hooks/spark_submit.py", line 502, in submit
    raise AirflowException(
airflow.exceptions.AirflowException: Cannot execute: spark-submit --master spark://spark-master:7077 --name arrow-spark --deploy-mode client jobs/python/wordcountjob.py. Error code is: 1.
[2024-06-14T08:30:27.005+0000] {taskinstance.py:1206} INFO - Marking task as FAILED. dag_id=sparking_flow, task_id=python_job, run_id=scheduled__2024-06-13T00:00:00+00:00, execution_date=20240613T000000, start_date=20240614T083015, end_date=20240614T083027
[2024-06-14T08:30:27.017+0000] {standard_task_runner.py:110} ERROR - Failed to execute job 11 for task python_job (Cannot execute: spark-submit --master spark://spark-master:7077 --name arrow-spark --deploy-mode client jobs/python/wordcountjob.py. Error code is: 1.; 2045)
[2024-06-14T08:30:27.042+0000] {local_task_job_runner.py:240} INFO - Task exited with return code 1
[2024-06-14T08:30:27.080+0000] {taskinstance.py:3503} INFO - 0 downstream tasks scheduled from follow-on schedule check
[2024-06-14T08:30:27.087+0000] {local_task_job_runner.py:222} INFO - ::endgroup::
