[2024-06-14T05:52:07.929+0000] {local_task_job_runner.py:120} INFO - ::group::Pre task execution logs
[2024-06-14T05:52:08.047+0000] {taskinstance.py:2076} INFO - Dependencies all met for dep_context=non-requeueable deps ti=<TaskInstance: sparking_flow.start scheduled__2024-06-13T00:00:00+00:00 [queued]>
[2024-06-14T05:52:08.058+0000] {taskinstance.py:2076} INFO - Dependencies all met for dep_context=requeueable deps ti=<TaskInstance: sparking_flow.start scheduled__2024-06-13T00:00:00+00:00 [queued]>
[2024-06-14T05:52:08.059+0000] {taskinstance.py:2306} INFO - Starting attempt 1 of 1
[2024-06-14T05:52:08.077+0000] {taskinstance.py:2330} INFO - Executing <Task(PythonOperator): start> on 2024-06-13 00:00:00+00:00
[2024-06-14T05:52:08.086+0000] {standard_task_runner.py:90} INFO - Running: ['***', 'tasks', 'run', 'sparking_flow', 'start', 'scheduled__2024-06-13T00:00:00+00:00', '--job-id', '2', '--raw', '--subdir', 'DAGS_FOLDER/spark_***.py', '--cfg-path', '/tmp/tmp7qgnjl4x']
[2024-06-14T05:52:08.088+0000] {standard_task_runner.py:91} INFO - Job 2: Subtask start
[2024-06-14T05:52:08.088+0000] {logging_mixin.py:188} WARNING - /home/***/.local/lib/python3.12/site-packages/***/task/task_runner/standard_task_runner.py:61 DeprecationWarning: This process (pid=488) is multi-threaded, use of fork() may lead to deadlocks in the child.
[2024-06-14T05:52:08.089+0000] {standard_task_runner.py:63} INFO - Started process 489 to run task
[2024-06-14T05:52:08.146+0000] {task_command.py:426} INFO - Running <TaskInstance: sparking_flow.start scheduled__2024-06-13T00:00:00+00:00 [running]> on host cf5928e4c8ca
[2024-06-14T05:52:08.245+0000] {taskinstance.py:2648} INFO - Exporting env vars: AIRFLOW_CTX_DAG_OWNER='Yusuf Ganiyu' AIRFLOW_CTX_DAG_ID='sparking_flow' AIRFLOW_CTX_TASK_ID='start' AIRFLOW_CTX_EXECUTION_DATE='2024-06-13T00:00:00+00:00' AIRFLOW_CTX_TRY_NUMBER='1' AIRFLOW_CTX_DAG_RUN_ID='scheduled__2024-06-13T00:00:00+00:00'
[2024-06-14T05:52:08.247+0000] {taskinstance.py:430} INFO - ::endgroup::
[2024-06-14T05:52:08.289+0000] {logging_mixin.py:188} INFO - Jobs started
[2024-06-14T05:52:08.290+0000] {python.py:237} INFO - Done. Returned value was: None
[2024-06-14T05:52:08.291+0000] {taskinstance.py:441} INFO - ::group::Post task execution logs
[2024-06-14T05:52:08.302+0000] {taskinstance.py:1206} INFO - Marking task as SUCCESS. dag_id=sparking_flow, task_id=start, run_id=scheduled__2024-06-13T00:00:00+00:00, execution_date=20240613T000000, start_date=20240614T055208, end_date=20240614T055208
[2024-06-14T05:52:08.348+0000] {local_task_job_runner.py:240} INFO - Task exited with return code 0
[2024-06-14T05:52:08.377+0000] {taskinstance.py:3503} INFO - 1 downstream tasks scheduled from follow-on schedule check
[2024-06-14T05:52:08.382+0000] {local_task_job_runner.py:222} INFO - ::endgroup::
[2024-06-14T07:29:10.613+0000] {local_task_job_runner.py:120} INFO - ::group::Pre task execution logs
[2024-06-14T07:29:10.694+0000] {taskinstance.py:2076} INFO - Dependencies all met for dep_context=non-requeueable deps ti=<TaskInstance: sparking_flow.start scheduled__2024-06-13T00:00:00+00:00 [queued]>
[2024-06-14T07:29:10.705+0000] {taskinstance.py:2076} INFO - Dependencies all met for dep_context=requeueable deps ti=<TaskInstance: sparking_flow.start scheduled__2024-06-13T00:00:00+00:00 [queued]>
[2024-06-14T07:29:10.706+0000] {taskinstance.py:2306} INFO - Starting attempt 1 of 1
[2024-06-14T07:29:10.724+0000] {taskinstance.py:2330} INFO - Executing <Task(PythonOperator): start> on 2024-06-13 00:00:00+00:00
[2024-06-14T07:29:10.734+0000] {standard_task_runner.py:90} INFO - Running: ['***', 'tasks', 'run', 'sparking_flow', 'start', 'scheduled__2024-06-13T00:00:00+00:00', '--job-id', '2', '--raw', '--subdir', 'DAGS_FOLDER/spark_***.py', '--cfg-path', '/tmp/tmpfhh7qiy5']
[2024-06-14T07:29:10.736+0000] {standard_task_runner.py:91} INFO - Job 2: Subtask start
[2024-06-14T07:29:10.737+0000] {logging_mixin.py:188} WARNING - /home/***/.local/lib/python3.12/site-packages/***/task/task_runner/standard_task_runner.py:61 DeprecationWarning: This process (pid=682) is multi-threaded, use of fork() may lead to deadlocks in the child.
[2024-06-14T07:29:10.738+0000] {standard_task_runner.py:63} INFO - Started process 683 to run task
[2024-06-14T07:29:10.787+0000] {task_command.py:426} INFO - Running <TaskInstance: sparking_flow.start scheduled__2024-06-13T00:00:00+00:00 [running]> on host e342e0ac560c
[2024-06-14T07:29:10.889+0000] {taskinstance.py:2648} INFO - Exporting env vars: AIRFLOW_CTX_DAG_OWNER='Selva' AIRFLOW_CTX_DAG_ID='sparking_flow' AIRFLOW_CTX_TASK_ID='start' AIRFLOW_CTX_EXECUTION_DATE='2024-06-13T00:00:00+00:00' AIRFLOW_CTX_TRY_NUMBER='1' AIRFLOW_CTX_DAG_RUN_ID='scheduled__2024-06-13T00:00:00+00:00'
[2024-06-14T07:29:10.890+0000] {taskinstance.py:430} INFO - ::endgroup::
[2024-06-14T07:29:10.931+0000] {logging_mixin.py:188} INFO - Jobs started
[2024-06-14T07:29:10.932+0000] {python.py:237} INFO - Done. Returned value was: None
[2024-06-14T07:29:10.933+0000] {taskinstance.py:441} INFO - ::group::Post task execution logs
[2024-06-14T07:29:10.942+0000] {taskinstance.py:1206} INFO - Marking task as SUCCESS. dag_id=sparking_flow, task_id=start, run_id=scheduled__2024-06-13T00:00:00+00:00, execution_date=20240613T000000, start_date=20240614T072910, end_date=20240614T072910
[2024-06-14T07:29:10.996+0000] {local_task_job_runner.py:240} INFO - Task exited with return code 0
[2024-06-14T07:29:11.026+0000] {taskinstance.py:3503} INFO - 1 downstream tasks scheduled from follow-on schedule check
[2024-06-14T07:29:11.030+0000] {local_task_job_runner.py:222} INFO - ::endgroup::
[2024-06-14T09:03:12.680+0000] {local_task_job_runner.py:120} INFO - ::group::Pre task execution logs
[2024-06-14T09:03:13.338+0000] {taskinstance.py:2076} INFO - Dependencies all met for dep_context=non-requeueable deps ti=<TaskInstance: sparking_flow.start scheduled__2024-06-13T00:00:00+00:00 [queued]>
[2024-06-14T09:03:13.431+0000] {taskinstance.py:2076} INFO - Dependencies all met for dep_context=requeueable deps ti=<TaskInstance: sparking_flow.start scheduled__2024-06-13T00:00:00+00:00 [queued]>
[2024-06-14T09:03:13.442+0000] {taskinstance.py:2306} INFO - Starting attempt 1 of 1
[2024-06-14T09:03:13.560+0000] {taskinstance.py:2330} INFO - Executing <Task(PythonOperator): start> on 2024-06-13 00:00:00+00:00
[2024-06-14T09:03:13.604+0000] {standard_task_runner.py:63} INFO - Started process 220 to run task
[2024-06-14T09:03:13.662+0000] {standard_task_runner.py:90} INFO - Running: ['***', 'tasks', 'run', 'sparking_flow', 'start', 'scheduled__2024-06-13T00:00:00+00:00', '--job-id', '2', '--raw', '--subdir', 'DAGS_FOLDER/spark_***.py', '--cfg-path', '/tmp/tmpuhc1khwb']
[2024-06-14T09:03:13.699+0000] {standard_task_runner.py:91} INFO - Job 2: Subtask start
[2024-06-14T09:03:14.267+0000] {task_command.py:426} INFO - Running <TaskInstance: sparking_flow.start scheduled__2024-06-13T00:00:00+00:00 [running]> on host 3e8885418805
[2024-06-14T09:03:14.962+0000] {taskinstance.py:2648} INFO - Exporting env vars: AIRFLOW_CTX_DAG_OWNER='Selva' AIRFLOW_CTX_DAG_ID='sparking_flow' AIRFLOW_CTX_TASK_ID='start' AIRFLOW_CTX_EXECUTION_DATE='2024-06-13T00:00:00+00:00' AIRFLOW_CTX_TRY_NUMBER='1' AIRFLOW_CTX_DAG_RUN_ID='scheduled__2024-06-13T00:00:00+00:00'
[2024-06-14T09:03:14.970+0000] {taskinstance.py:430} INFO - ::endgroup::
[2024-06-14T09:03:15.212+0000] {logging_mixin.py:188} INFO - Jobs started
[2024-06-14T09:03:15.215+0000] {python.py:237} INFO - Done. Returned value was: None
[2024-06-14T09:03:15.218+0000] {taskinstance.py:441} INFO - ::group::Post task execution logs
[2024-06-14T09:03:17.038+0000] {taskinstance.py:1206} INFO - Marking task as SUCCESS. dag_id=sparking_flow, task_id=start, run_id=scheduled__2024-06-13T00:00:00+00:00, execution_date=20240613T000000, start_date=20240614T090313, end_date=20240614T090317
[2024-06-14T09:03:17.154+0000] {local_task_job_runner.py:240} INFO - Task exited with return code 0
[2024-06-14T09:03:17.282+0000] {taskinstance.py:3503} INFO - 1 downstream tasks scheduled from follow-on schedule check
[2024-06-14T09:03:17.289+0000] {local_task_job_runner.py:222} INFO - ::endgroup::
[2024-06-14T12:10:01.674+0000] {local_task_job_runner.py:120} INFO - ::group::Pre task execution logs
[2024-06-14T12:10:01.767+0000] {taskinstance.py:2076} INFO - Dependencies all met for dep_context=non-requeueable deps ti=<TaskInstance: sparking_flow.start scheduled__2024-06-13T00:00:00+00:00 [queued]>
[2024-06-14T12:10:01.775+0000] {taskinstance.py:2076} INFO - Dependencies all met for dep_context=requeueable deps ti=<TaskInstance: sparking_flow.start scheduled__2024-06-13T00:00:00+00:00 [queued]>
[2024-06-14T12:10:01.776+0000] {taskinstance.py:2306} INFO - Starting attempt 1 of 1
[2024-06-14T12:10:01.809+0000] {taskinstance.py:2330} INFO - Executing <Task(PythonOperator): start> on 2024-06-13 00:00:00+00:00
[2024-06-14T12:10:01.828+0000] {standard_task_runner.py:63} INFO - Started process 289 to run task
[2024-06-14T12:10:01.835+0000] {standard_task_runner.py:90} INFO - Running: ['***', 'tasks', 'run', 'sparking_flow', 'start', 'scheduled__2024-06-13T00:00:00+00:00', '--job-id', '2', '--raw', '--subdir', 'DAGS_FOLDER/spark_***.py', '--cfg-path', '/tmp/tmp8lk32h45']
[2024-06-14T12:10:01.840+0000] {standard_task_runner.py:91} INFO - Job 2: Subtask start
[2024-06-14T12:10:01.967+0000] {task_command.py:426} INFO - Running <TaskInstance: sparking_flow.start scheduled__2024-06-13T00:00:00+00:00 [running]> on host 16dec0d41d9e
[2024-06-14T12:10:02.101+0000] {taskinstance.py:2648} INFO - Exporting env vars: AIRFLOW_CTX_DAG_OWNER='Selva' AIRFLOW_CTX_DAG_ID='sparking_flow' AIRFLOW_CTX_TASK_ID='start' AIRFLOW_CTX_EXECUTION_DATE='2024-06-13T00:00:00+00:00' AIRFLOW_CTX_TRY_NUMBER='1' AIRFLOW_CTX_DAG_RUN_ID='scheduled__2024-06-13T00:00:00+00:00'
[2024-06-14T12:10:02.102+0000] {taskinstance.py:430} INFO - ::endgroup::
[2024-06-14T12:10:02.135+0000] {logging_mixin.py:188} INFO - Jobs started
[2024-06-14T12:10:02.136+0000] {python.py:237} INFO - Done. Returned value was: None
[2024-06-14T12:10:02.136+0000] {taskinstance.py:441} INFO - ::group::Post task execution logs
[2024-06-14T12:10:02.148+0000] {taskinstance.py:1206} INFO - Marking task as SUCCESS. dag_id=sparking_flow, task_id=start, run_id=scheduled__2024-06-13T00:00:00+00:00, execution_date=20240613T000000, start_date=20240614T121001, end_date=20240614T121002
[2024-06-14T12:10:02.172+0000] {local_task_job_runner.py:240} INFO - Task exited with return code 0
[2024-06-14T12:10:02.218+0000] {taskinstance.py:3503} INFO - 1 downstream tasks scheduled from follow-on schedule check
[2024-06-14T12:10:02.222+0000] {local_task_job_runner.py:222} INFO - ::endgroup::
