[2024-06-14T06:23:21.504+0000] {local_task_job_runner.py:120} INFO - ::group::Pre task execution logs
[2024-06-14T06:23:21.554+0000] {taskinstance.py:2076} INFO - Dependencies all met for dep_context=non-requeueable deps ti=<TaskInstance: sparking_flow.python_job manual__2024-06-14T05:52:59.478774+00:00 [queued]>
[2024-06-14T06:23:21.565+0000] {taskinstance.py:2076} INFO - Dependencies all met for dep_context=requeueable deps ti=<TaskInstance: sparking_flow.python_job manual__2024-06-14T05:52:59.478774+00:00 [queued]>
[2024-06-14T06:23:21.566+0000] {taskinstance.py:2306} INFO - Starting attempt 2 of 2
[2024-06-14T06:23:21.583+0000] {taskinstance.py:2330} INFO - Executing <Task(SparkSubmitOperator): python_job> on 2024-06-14 05:52:59.478774+00:00
[2024-06-14T06:23:21.591+0000] {standard_task_runner.py:90} INFO - Running: ['***', 'tasks', 'run', 'sparking_flow', 'python_job', 'manual__2024-06-14T05:52:59.478774+00:00', '--job-id', '6', '--raw', '--subdir', 'DAGS_FOLDER/spark_***.py', '--cfg-path', '/tmp/tmpk92xs_85']
[2024-06-14T06:23:21.593+0000] {logging_mixin.py:188} WARNING - /home/***/.local/lib/python3.12/site-packages/***/task/task_runner/standard_task_runner.py:61 DeprecationWarning: This process (pid=922) is multi-threaded, use of fork() may lead to deadlocks in the child.
[2024-06-14T06:23:21.594+0000] {standard_task_runner.py:91} INFO - Job 6: Subtask python_job
[2024-06-14T06:23:21.594+0000] {standard_task_runner.py:63} INFO - Started process 923 to run task
[2024-06-14T06:23:21.648+0000] {task_command.py:426} INFO - Running <TaskInstance: sparking_flow.python_job manual__2024-06-14T05:52:59.478774+00:00 [running]> on host cf5928e4c8ca
[2024-06-14T06:23:21.748+0000] {taskinstance.py:2648} INFO - Exporting env vars: AIRFLOW_CTX_DAG_OWNER='Selva' AIRFLOW_CTX_DAG_ID='sparking_flow' AIRFLOW_CTX_TASK_ID='python_job' AIRFLOW_CTX_EXECUTION_DATE='2024-06-14T05:52:59.478774+00:00' AIRFLOW_CTX_TRY_NUMBER='2' AIRFLOW_CTX_DAG_RUN_ID='manual__2024-06-14T05:52:59.478774+00:00'
[2024-06-14T06:23:21.750+0000] {taskinstance.py:430} INFO - ::endgroup::
[2024-06-14T06:23:21.779+0000] {base.py:84} INFO - Using connection ID 'spark-conn' for task execution.
[2024-06-14T06:23:21.781+0000] {spark_submit.py:335} INFO - Spark-Submit cmd: spark-submit --master spark://***-spark-demo-spark-master-1:7077 --name arrow-spark jobs/python/wordcountjob.py
[2024-06-14T06:23:21.880+0000] {spark_submit.py:488} INFO - /home/***/.local/lib/python3.12/site-packages/pyspark/bin/load-spark-env.sh: line 68: ps: command not found
[2024-06-14T06:23:25.148+0000] {spark_submit.py:488} INFO - 24/06/14 06:23:25 INFO SparkContext: Running Spark version 3.5.1
[2024-06-14T06:23:25.152+0000] {spark_submit.py:488} INFO - 24/06/14 06:23:25 INFO SparkContext: OS info Linux, 5.15.153.1-microsoft-standard-WSL2, amd64
[2024-06-14T06:23:25.153+0000] {spark_submit.py:488} INFO - 24/06/14 06:23:25 INFO SparkContext: Java version 17.0.11
[2024-06-14T06:23:25.224+0000] {spark_submit.py:488} INFO - 24/06/14 06:23:25 WARN NativeCodeLoader: Unable to load native-hadoop library for your platform... using builtin-java classes where applicable
[2024-06-14T06:23:25.328+0000] {spark_submit.py:488} INFO - 24/06/14 06:23:25 INFO ResourceUtils: ==============================================================
[2024-06-14T06:23:25.329+0000] {spark_submit.py:488} INFO - 24/06/14 06:23:25 INFO ResourceUtils: No custom resources configured for spark.driver.
[2024-06-14T06:23:25.330+0000] {spark_submit.py:488} INFO - 24/06/14 06:23:25 INFO ResourceUtils: ==============================================================
[2024-06-14T06:23:25.330+0000] {spark_submit.py:488} INFO - 24/06/14 06:23:25 INFO SparkContext: Submitted application: PythonWordCount
[2024-06-14T06:23:25.352+0000] {spark_submit.py:488} INFO - 24/06/14 06:23:25 INFO ResourceProfile: Default ResourceProfile created, executor resources: Map(memory -> name: memory, amount: 1024, script: , vendor: , offHeap -> name: offHeap, amount: 0, script: , vendor: ), task resources: Map(cpus -> name: cpus, amount: 1.0)
[2024-06-14T06:23:25.361+0000] {spark_submit.py:488} INFO - 24/06/14 06:23:25 INFO ResourceProfile: Limiting resource is cpu
[2024-06-14T06:23:25.362+0000] {spark_submit.py:488} INFO - 24/06/14 06:23:25 INFO ResourceProfileManager: Added ResourceProfile id: 0
[2024-06-14T06:23:25.426+0000] {spark_submit.py:488} INFO - 24/06/14 06:23:25 INFO SecurityManager: Changing view acls to: ***
[2024-06-14T06:23:25.427+0000] {spark_submit.py:488} INFO - 24/06/14 06:23:25 INFO SecurityManager: Changing modify acls to: ***
[2024-06-14T06:23:25.428+0000] {spark_submit.py:488} INFO - 24/06/14 06:23:25 INFO SecurityManager: Changing view acls groups to:
[2024-06-14T06:23:25.429+0000] {spark_submit.py:488} INFO - 24/06/14 06:23:25 INFO SecurityManager: Changing modify acls groups to:
[2024-06-14T06:23:25.429+0000] {spark_submit.py:488} INFO - 24/06/14 06:23:25 INFO SecurityManager: SecurityManager: authentication disabled; ui acls disabled; users with view permissions: ***; groups with view permissions: EMPTY; users with modify permissions: ***; groups with modify permissions: EMPTY
[2024-06-14T06:23:25.672+0000] {spark_submit.py:488} INFO - 24/06/14 06:23:25 INFO Utils: Successfully started service 'sparkDriver' on port 39691.
[2024-06-14T06:23:25.708+0000] {spark_submit.py:488} INFO - 24/06/14 06:23:25 INFO SparkEnv: Registering MapOutputTracker
[2024-06-14T06:23:25.748+0000] {spark_submit.py:488} INFO - 24/06/14 06:23:25 INFO SparkEnv: Registering BlockManagerMaster
[2024-06-14T06:23:25.764+0000] {spark_submit.py:488} INFO - 24/06/14 06:23:25 INFO BlockManagerMasterEndpoint: Using org.apache.spark.storage.DefaultTopologyMapper for getting topology information
[2024-06-14T06:23:25.766+0000] {spark_submit.py:488} INFO - 24/06/14 06:23:25 INFO BlockManagerMasterEndpoint: BlockManagerMasterEndpoint up
[2024-06-14T06:23:25.770+0000] {spark_submit.py:488} INFO - 24/06/14 06:23:25 INFO SparkEnv: Registering BlockManagerMasterHeartbeat
[2024-06-14T06:23:25.799+0000] {spark_submit.py:488} INFO - 24/06/14 06:23:25 INFO DiskBlockManager: Created local directory at /tmp/blockmgr-dc499f88-4fc5-4a2d-8475-61e0636a9280
[2024-06-14T06:23:25.817+0000] {spark_submit.py:488} INFO - 24/06/14 06:23:25 INFO MemoryStore: MemoryStore started with capacity 434.4 MiB
[2024-06-14T06:23:25.839+0000] {spark_submit.py:488} INFO - 24/06/14 06:23:25 INFO SparkEnv: Registering OutputCommitCoordinator
[2024-06-14T06:23:25.972+0000] {spark_submit.py:488} INFO - 24/06/14 06:23:25 INFO JettyUtils: Start Jetty 0.0.0.0:4040 for SparkUI
[2024-06-14T06:23:26.037+0000] {spark_submit.py:488} INFO - 24/06/14 06:23:26 INFO Utils: Successfully started service 'SparkUI' on port 4040.
[2024-06-14T06:23:26.162+0000] {spark_submit.py:488} INFO - 24/06/14 06:23:26 INFO StandaloneAppClient$ClientEndpoint: Connecting to master spark://***-spark-demo-spark-master-1:7077...
[2024-06-14T06:23:26.209+0000] {spark_submit.py:488} INFO - 24/06/14 06:23:26 INFO TransportClientFactory: Successfully created connection to ***-spark-demo-spark-master-1/172.18.0.3:7077 after 23 ms (0 ms spent in bootstraps)
[2024-06-14T06:23:26.542+0000] {spark_submit.py:488} INFO - 24/06/14 06:23:26 INFO StandaloneSchedulerBackend: Connected to Spark cluster with app ID app-20240614062326-0000
[2024-06-14T06:23:26.551+0000] {spark_submit.py:488} INFO - 24/06/14 06:23:26 INFO Utils: Successfully started service 'org.apache.spark.network.netty.NettyBlockTransferService' on port 42311.
[2024-06-14T06:23:26.552+0000] {spark_submit.py:488} INFO - 24/06/14 06:23:26 INFO NettyBlockTransferService: Server created on cf5928e4c8ca:42311
[2024-06-14T06:23:26.554+0000] {spark_submit.py:488} INFO - 24/06/14 06:23:26 INFO BlockManager: Using org.apache.spark.storage.RandomBlockReplicationPolicy for block replication policy
[2024-06-14T06:23:26.561+0000] {spark_submit.py:488} INFO - 24/06/14 06:23:26 INFO BlockManagerMaster: Registering BlockManager BlockManagerId(driver, cf5928e4c8ca, 42311, None)
[2024-06-14T06:23:26.565+0000] {spark_submit.py:488} INFO - 24/06/14 06:23:26 INFO BlockManagerMasterEndpoint: Registering block manager cf5928e4c8ca:42311 with 434.4 MiB RAM, BlockManagerId(driver, cf5928e4c8ca, 42311, None)
[2024-06-14T06:23:26.568+0000] {spark_submit.py:488} INFO - 24/06/14 06:23:26 INFO BlockManagerMaster: Registered BlockManager BlockManagerId(driver, cf5928e4c8ca, 42311, None)
[2024-06-14T06:23:26.570+0000] {spark_submit.py:488} INFO - 24/06/14 06:23:26 INFO BlockManager: Initialized BlockManager: BlockManagerId(driver, cf5928e4c8ca, 42311, None)
[2024-06-14T06:23:26.681+0000] {spark_submit.py:488} INFO - 24/06/14 06:23:26 INFO StandaloneAppClient$ClientEndpoint: Executor added: app-20240614062326-0000/0 on worker-20240614052004-172.18.0.5-39277 (172.18.0.5:39277) with 2 core(s)
[2024-06-14T06:23:26.684+0000] {spark_submit.py:488} INFO - 24/06/14 06:23:26 INFO StandaloneSchedulerBackend: Granted executor ID app-20240614062326-0000/0 on hostPort 172.18.0.5:39277 with 2 core(s), 1024.0 MiB RAM
[2024-06-14T06:23:26.860+0000] {spark_submit.py:488} INFO - 24/06/14 06:23:26 INFO StandaloneSchedulerBackend: SchedulerBackend is ready for scheduling beginning after reached minRegisteredResourcesRatio: 0.0
[2024-06-14T06:23:27.365+0000] {spark_submit.py:488} INFO - 24/06/14 06:23:27 INFO StandaloneAppClient$ClientEndpoint: Executor updated: app-20240614062326-0000/0 is now RUNNING
[2024-06-14T06:23:27.521+0000] {spark_submit.py:488} INFO - 24/06/14 06:23:27 INFO SparkContext: Starting job: collect at /opt/***/jobs/python/wordcountjob.py:11
[2024-06-14T06:23:27.555+0000] {spark_submit.py:488} INFO - 24/06/14 06:23:27 INFO DAGScheduler: Registering RDD 2 (reduceByKey at /opt/***/jobs/python/wordcountjob.py:9) as input to shuffle 0
[2024-06-14T06:23:27.567+0000] {spark_submit.py:488} INFO - 24/06/14 06:23:27 INFO DAGScheduler: Got job 0 (collect at /opt/***/jobs/python/wordcountjob.py:11) with 2 output partitions
[2024-06-14T06:23:27.568+0000] {spark_submit.py:488} INFO - 24/06/14 06:23:27 INFO DAGScheduler: Final stage: ResultStage 1 (collect at /opt/***/jobs/python/wordcountjob.py:11)
[2024-06-14T06:23:27.569+0000] {spark_submit.py:488} INFO - 24/06/14 06:23:27 INFO DAGScheduler: Parents of final stage: List(ShuffleMapStage 0)
[2024-06-14T06:23:27.572+0000] {spark_submit.py:488} INFO - 24/06/14 06:23:27 INFO DAGScheduler: Missing parents: List(ShuffleMapStage 0)
[2024-06-14T06:23:27.577+0000] {spark_submit.py:488} INFO - 24/06/14 06:23:27 INFO DAGScheduler: Submitting ShuffleMapStage 0 (PairwiseRDD[2] at reduceByKey at /opt/***/jobs/python/wordcountjob.py:9), which has no missing parents
[2024-06-14T06:23:27.686+0000] {spark_submit.py:488} INFO - 24/06/14 06:23:27 INFO MemoryStore: Block broadcast_0 stored as values in memory (estimated size 11.0 KiB, free 434.4 MiB)
[2024-06-14T06:23:27.735+0000] {spark_submit.py:488} INFO - 24/06/14 06:23:27 INFO MemoryStore: Block broadcast_0_piece0 stored as bytes in memory (estimated size 7.0 KiB, free 434.4 MiB)
[2024-06-14T06:23:27.741+0000] {spark_submit.py:488} INFO - 24/06/14 06:23:27 INFO BlockManagerInfo: Added broadcast_0_piece0 in memory on cf5928e4c8ca:42311 (size: 7.0 KiB, free: 434.4 MiB)
[2024-06-14T06:23:27.747+0000] {spark_submit.py:488} INFO - 24/06/14 06:23:27 INFO SparkContext: Created broadcast 0 from broadcast at DAGScheduler.scala:1585
[2024-06-14T06:23:27.767+0000] {spark_submit.py:488} INFO - 24/06/14 06:23:27 INFO DAGScheduler: Submitting 2 missing tasks from ShuffleMapStage 0 (PairwiseRDD[2] at reduceByKey at /opt/***/jobs/python/wordcountjob.py:9) (first 15 tasks are for partitions Vector(0, 1))
[2024-06-14T06:23:27.769+0000] {spark_submit.py:488} INFO - 24/06/14 06:23:27 INFO TaskSchedulerImpl: Adding task set 0.0 with 2 tasks resource profile 0
[2024-06-14T06:23:30.514+0000] {spark_submit.py:488} INFO - 24/06/14 06:23:30 INFO StandaloneSchedulerBackend$StandaloneDriverEndpoint: Registered executor NettyRpcEndpointRef(spark-client://Executor) (172.18.0.5:49518) with ID 0,  ResourceProfileId 0
[2024-06-14T06:23:30.579+0000] {spark_submit.py:488} INFO - 24/06/14 06:23:30 INFO BlockManagerMasterEndpoint: Registering block manager 172.18.0.5:37313 with 434.4 MiB RAM, BlockManagerId(0, 172.18.0.5, 37313, None)
[2024-06-14T06:23:30.629+0000] {spark_submit.py:488} INFO - 24/06/14 06:23:30 INFO TaskSetManager: Starting task 0.0 in stage 0.0 (TID 0) (172.18.0.5, executor 0, partition 0, PROCESS_LOCAL, 7655 bytes)
[2024-06-14T06:23:30.632+0000] {spark_submit.py:488} INFO - 24/06/14 06:23:30 INFO TaskSetManager: Starting task 1.0 in stage 0.0 (TID 1) (172.18.0.5, executor 0, partition 1, PROCESS_LOCAL, 7688 bytes)
[2024-06-14T06:23:30.871+0000] {spark_submit.py:488} INFO - 24/06/14 06:23:30 INFO BlockManagerInfo: Added broadcast_0_piece0 in memory on 172.18.0.5:37313 (size: 7.0 KiB, free: 434.4 MiB)
[2024-06-14T06:23:31.842+0000] {spark_submit.py:488} INFO - 24/06/14 06:23:31 WARN TaskSetManager: Lost task 0.0 in stage 0.0 (TID 0) (172.18.0.5 executor 0): org.apache.spark.api.python.PythonException: Traceback (most recent call last):
[2024-06-14T06:23:31.843+0000] {spark_submit.py:488} INFO - File "/opt/bitnami/spark/python/lib/pyspark.zip/pyspark/worker.py", line 1100, in main
[2024-06-14T06:23:31.844+0000] {spark_submit.py:488} INFO - raise PySparkRuntimeError(
[2024-06-14T06:23:31.845+0000] {spark_submit.py:488} INFO - pyspark.errors.exceptions.base.PySparkRuntimeError: [PYTHON_VERSION_MISMATCH] Python in worker has different version (3, 11) than that in driver 3.12, PySpark cannot run with different minor versions.
[2024-06-14T06:23:31.845+0000] {spark_submit.py:488} INFO - Please check environment variables PYSPARK_PYTHON and PYSPARK_DRIVER_PYTHON are correctly set.
[2024-06-14T06:23:31.846+0000] {spark_submit.py:488} INFO - 
[2024-06-14T06:23:31.846+0000] {spark_submit.py:488} INFO - at org.apache.spark.api.python.BasePythonRunner$ReaderIterator.handlePythonException(PythonRunner.scala:572)
[2024-06-14T06:23:31.847+0000] {spark_submit.py:488} INFO - at org.apache.spark.api.python.PythonRunner$$anon$3.read(PythonRunner.scala:784)
[2024-06-14T06:23:31.847+0000] {spark_submit.py:488} INFO - at org.apache.spark.api.python.PythonRunner$$anon$3.read(PythonRunner.scala:766)
[2024-06-14T06:23:31.848+0000] {spark_submit.py:488} INFO - at org.apache.spark.api.python.BasePythonRunner$ReaderIterator.hasNext(PythonRunner.scala:525)
[2024-06-14T06:23:31.848+0000] {spark_submit.py:488} INFO - at org.apache.spark.InterruptibleIterator.hasNext(InterruptibleIterator.scala:37)
[2024-06-14T06:23:31.849+0000] {spark_submit.py:488} INFO - at scala.collection.Iterator$GroupedIterator.fill(Iterator.scala:1211)
[2024-06-14T06:23:31.850+0000] {spark_submit.py:488} INFO - at scala.collection.Iterator$GroupedIterator.hasNext(Iterator.scala:1217)
[2024-06-14T06:23:31.850+0000] {spark_submit.py:488} INFO - at scala.collection.Iterator$$anon$10.hasNext(Iterator.scala:460)
[2024-06-14T06:23:31.850+0000] {spark_submit.py:488} INFO - at org.apache.spark.shuffle.sort.BypassMergeSortShuffleWriter.write(BypassMergeSortShuffleWriter.java:140)
[2024-06-14T06:23:31.851+0000] {spark_submit.py:488} INFO - at org.apache.spark.shuffle.ShuffleWriteProcessor.write(ShuffleWriteProcessor.scala:59)
[2024-06-14T06:23:31.852+0000] {spark_submit.py:488} INFO - at org.apache.spark.scheduler.ShuffleMapTask.runTask(ShuffleMapTask.scala:104)
[2024-06-14T06:23:31.855+0000] {spark_submit.py:488} INFO - at org.apache.spark.scheduler.ShuffleMapTask.runTask(ShuffleMapTask.scala:54)
[2024-06-14T06:23:31.856+0000] {spark_submit.py:488} INFO - at org.apache.spark.TaskContext.runTaskWithListeners(TaskContext.scala:166)
[2024-06-14T06:23:31.856+0000] {spark_submit.py:488} INFO - at org.apache.spark.scheduler.Task.run(Task.scala:141)
[2024-06-14T06:23:31.857+0000] {spark_submit.py:488} INFO - at org.apache.spark.executor.Executor$TaskRunner.$anonfun$run$4(Executor.scala:620)
[2024-06-14T06:23:31.858+0000] {spark_submit.py:488} INFO - at org.apache.spark.util.SparkErrorUtils.tryWithSafeFinally(SparkErrorUtils.scala:64)
[2024-06-14T06:23:31.859+0000] {spark_submit.py:488} INFO - at org.apache.spark.util.SparkErrorUtils.tryWithSafeFinally$(SparkErrorUtils.scala:61)
[2024-06-14T06:23:31.859+0000] {spark_submit.py:488} INFO - at org.apache.spark.util.Utils$.tryWithSafeFinally(Utils.scala:94)
[2024-06-14T06:23:31.860+0000] {spark_submit.py:488} INFO - at org.apache.spark.executor.Executor$TaskRunner.run(Executor.scala:623)
[2024-06-14T06:23:31.860+0000] {spark_submit.py:488} INFO - at java.base/java.util.concurrent.ThreadPoolExecutor.runWorker(ThreadPoolExecutor.java:1136)
[2024-06-14T06:23:31.861+0000] {spark_submit.py:488} INFO - at java.base/java.util.concurrent.ThreadPoolExecutor$Worker.run(ThreadPoolExecutor.java:635)
[2024-06-14T06:23:31.861+0000] {spark_submit.py:488} INFO - at java.base/java.lang.Thread.run(Thread.java:840)
[2024-06-14T06:23:31.862+0000] {spark_submit.py:488} INFO - 
[2024-06-14T06:23:31.862+0000] {spark_submit.py:488} INFO - 24/06/14 06:23:31 INFO TaskSetManager: Lost task 1.0 in stage 0.0 (TID 1) on 172.18.0.5, executor 0: org.apache.spark.api.python.PythonException (Traceback (most recent call last):
[2024-06-14T06:23:31.863+0000] {spark_submit.py:488} INFO - File "/opt/bitnami/spark/python/lib/pyspark.zip/pyspark/worker.py", line 1100, in main
[2024-06-14T06:23:31.863+0000] {spark_submit.py:488} INFO - raise PySparkRuntimeError(
[2024-06-14T06:23:31.864+0000] {spark_submit.py:488} INFO - pyspark.errors.exceptions.base.PySparkRuntimeError: [PYTHON_VERSION_MISMATCH] Python in worker has different version (3, 11) than that in driver 3.12, PySpark cannot run with different minor versions.
[2024-06-14T06:23:31.864+0000] {spark_submit.py:488} INFO - Please check environment variables PYSPARK_PYTHON and PYSPARK_DRIVER_PYTHON are correctly set.
[2024-06-14T06:23:31.865+0000] {spark_submit.py:488} INFO - ) [duplicate 1]
[2024-06-14T06:23:31.865+0000] {spark_submit.py:488} INFO - 24/06/14 06:23:31 INFO TaskSetManager: Starting task 1.1 in stage 0.0 (TID 2) (172.18.0.5, executor 0, partition 1, PROCESS_LOCAL, 7688 bytes)
[2024-06-14T06:23:31.866+0000] {spark_submit.py:488} INFO - 24/06/14 06:23:31 INFO TaskSetManager: Starting task 0.1 in stage 0.0 (TID 3) (172.18.0.5, executor 0, partition 0, PROCESS_LOCAL, 7655 bytes)
[2024-06-14T06:23:31.882+0000] {spark_submit.py:488} INFO - 24/06/14 06:23:31 INFO TaskSetManager: Lost task 1.1 in stage 0.0 (TID 2) on 172.18.0.5, executor 0: org.apache.spark.api.python.PythonException (Traceback (most recent call last):
[2024-06-14T06:23:31.883+0000] {spark_submit.py:488} INFO - File "/opt/bitnami/spark/python/lib/pyspark.zip/pyspark/worker.py", line 1100, in main
[2024-06-14T06:23:31.884+0000] {spark_submit.py:488} INFO - raise PySparkRuntimeError(
[2024-06-14T06:23:31.884+0000] {spark_submit.py:488} INFO - pyspark.errors.exceptions.base.PySparkRuntimeError: [PYTHON_VERSION_MISMATCH] Python in worker has different version (3, 11) than that in driver 3.12, PySpark cannot run with different minor versions.
[2024-06-14T06:23:31.887+0000] {spark_submit.py:488} INFO - Please check environment variables PYSPARK_PYTHON and PYSPARK_DRIVER_PYTHON are correctly set.
[2024-06-14T06:23:31.890+0000] {spark_submit.py:488} INFO - ) [duplicate 2]
[2024-06-14T06:23:31.891+0000] {spark_submit.py:488} INFO - 24/06/14 06:23:31 INFO TaskSetManager: Starting task 1.2 in stage 0.0 (TID 4) (172.18.0.5, executor 0, partition 1, PROCESS_LOCAL, 7688 bytes)
[2024-06-14T06:23:31.891+0000] {spark_submit.py:488} INFO - 24/06/14 06:23:31 INFO TaskSetManager: Lost task 0.1 in stage 0.0 (TID 3) on 172.18.0.5, executor 0: org.apache.spark.api.python.PythonException (Traceback (most recent call last):
[2024-06-14T06:23:31.892+0000] {spark_submit.py:488} INFO - File "/opt/bitnami/spark/python/lib/pyspark.zip/pyspark/worker.py", line 1100, in main
[2024-06-14T06:23:31.893+0000] {spark_submit.py:488} INFO - raise PySparkRuntimeError(
[2024-06-14T06:23:31.894+0000] {spark_submit.py:488} INFO - pyspark.errors.exceptions.base.PySparkRuntimeError: [PYTHON_VERSION_MISMATCH] Python in worker has different version (3, 11) than that in driver 3.12, PySpark cannot run with different minor versions.
[2024-06-14T06:23:31.894+0000] {spark_submit.py:488} INFO - Please check environment variables PYSPARK_PYTHON and PYSPARK_DRIVER_PYTHON are correctly set.
[2024-06-14T06:23:31.895+0000] {spark_submit.py:488} INFO - ) [duplicate 3]
[2024-06-14T06:23:31.895+0000] {spark_submit.py:488} INFO - 24/06/14 06:23:31 INFO TaskSetManager: Starting task 0.2 in stage 0.0 (TID 5) (172.18.0.5, executor 0, partition 0, PROCESS_LOCAL, 7655 bytes)
[2024-06-14T06:23:31.923+0000] {spark_submit.py:488} INFO - 24/06/14 06:23:31 INFO TaskSetManager: Lost task 1.2 in stage 0.0 (TID 4) on 172.18.0.5, executor 0: org.apache.spark.api.python.PythonException (Traceback (most recent call last):
[2024-06-14T06:23:31.924+0000] {spark_submit.py:488} INFO - File "/opt/bitnami/spark/python/lib/pyspark.zip/pyspark/worker.py", line 1100, in main
[2024-06-14T06:23:31.924+0000] {spark_submit.py:488} INFO - raise PySparkRuntimeError(
[2024-06-14T06:23:31.925+0000] {spark_submit.py:488} INFO - pyspark.errors.exceptions.base.PySparkRuntimeError: [PYTHON_VERSION_MISMATCH] Python in worker has different version (3, 11) than that in driver 3.12, PySpark cannot run with different minor versions.
[2024-06-14T06:23:31.926+0000] {spark_submit.py:488} INFO - Please check environment variables PYSPARK_PYTHON and PYSPARK_DRIVER_PYTHON are correctly set.
[2024-06-14T06:23:31.926+0000] {spark_submit.py:488} INFO - ) [duplicate 4]
[2024-06-14T06:23:31.929+0000] {spark_submit.py:488} INFO - 24/06/14 06:23:31 INFO TaskSetManager: Starting task 1.3 in stage 0.0 (TID 6) (172.18.0.5, executor 0, partition 1, PROCESS_LOCAL, 7688 bytes)
[2024-06-14T06:23:31.930+0000] {spark_submit.py:488} INFO - 24/06/14 06:23:31 INFO TaskSetManager: Lost task 0.2 in stage 0.0 (TID 5) on 172.18.0.5, executor 0: org.apache.spark.api.python.PythonException (Traceback (most recent call last):
[2024-06-14T06:23:31.930+0000] {spark_submit.py:488} INFO - File "/opt/bitnami/spark/python/lib/pyspark.zip/pyspark/worker.py", line 1100, in main
[2024-06-14T06:23:31.931+0000] {spark_submit.py:488} INFO - raise PySparkRuntimeError(
[2024-06-14T06:23:31.931+0000] {spark_submit.py:488} INFO - pyspark.errors.exceptions.base.PySparkRuntimeError: [PYTHON_VERSION_MISMATCH] Python in worker has different version (3, 11) than that in driver 3.12, PySpark cannot run with different minor versions.
[2024-06-14T06:23:31.932+0000] {spark_submit.py:488} INFO - Please check environment variables PYSPARK_PYTHON and PYSPARK_DRIVER_PYTHON are correctly set.
[2024-06-14T06:23:31.934+0000] {spark_submit.py:488} INFO - ) [duplicate 5]
[2024-06-14T06:23:31.938+0000] {spark_submit.py:488} INFO - 24/06/14 06:23:31 INFO TaskSetManager: Starting task 0.3 in stage 0.0 (TID 7) (172.18.0.5, executor 0, partition 0, PROCESS_LOCAL, 7655 bytes)
[2024-06-14T06:23:31.966+0000] {spark_submit.py:488} INFO - 24/06/14 06:23:31 INFO TaskSetManager: Lost task 1.3 in stage 0.0 (TID 6) on 172.18.0.5, executor 0: org.apache.spark.api.python.PythonException (Traceback (most recent call last):
[2024-06-14T06:23:31.967+0000] {spark_submit.py:488} INFO - File "/opt/bitnami/spark/python/lib/pyspark.zip/pyspark/worker.py", line 1100, in main
[2024-06-14T06:23:31.968+0000] {spark_submit.py:488} INFO - raise PySparkRuntimeError(
[2024-06-14T06:23:31.970+0000] {spark_submit.py:488} INFO - pyspark.errors.exceptions.base.PySparkRuntimeError: [PYTHON_VERSION_MISMATCH] Python in worker has different version (3, 11) than that in driver 3.12, PySpark cannot run with different minor versions.
[2024-06-14T06:23:31.971+0000] {spark_submit.py:488} INFO - Please check environment variables PYSPARK_PYTHON and PYSPARK_DRIVER_PYTHON are correctly set.
[2024-06-14T06:23:31.972+0000] {spark_submit.py:488} INFO - ) [duplicate 6]
[2024-06-14T06:23:31.972+0000] {spark_submit.py:488} INFO - 24/06/14 06:23:31 ERROR TaskSetManager: Task 1 in stage 0.0 failed 4 times; aborting job
[2024-06-14T06:23:31.973+0000] {spark_submit.py:488} INFO - 24/06/14 06:23:31 INFO TaskSchedulerImpl: Removed TaskSet 0.0, whose tasks have all completed, from pool
[2024-06-14T06:23:31.974+0000] {spark_submit.py:488} INFO - 24/06/14 06:23:31 INFO TaskSetManager: Lost task 0.3 in stage 0.0 (TID 7) on 172.18.0.5, executor 0: org.apache.spark.api.python.PythonException (Traceback (most recent call last):
[2024-06-14T06:23:31.974+0000] {spark_submit.py:488} INFO - File "/opt/bitnami/spark/python/lib/pyspark.zip/pyspark/worker.py", line 1100, in main
[2024-06-14T06:23:31.974+0000] {spark_submit.py:488} INFO - raise PySparkRuntimeError(
[2024-06-14T06:23:31.975+0000] {spark_submit.py:488} INFO - pyspark.errors.exceptions.base.PySparkRuntimeError: [PYTHON_VERSION_MISMATCH] Python in worker has different version (3, 11) than that in driver 3.12, PySpark cannot run with different minor versions.
[2024-06-14T06:23:31.975+0000] {spark_submit.py:488} INFO - Please check environment variables PYSPARK_PYTHON and PYSPARK_DRIVER_PYTHON are correctly set.
[2024-06-14T06:23:31.976+0000] {spark_submit.py:488} INFO - ) [duplicate 7]
[2024-06-14T06:23:31.976+0000] {spark_submit.py:488} INFO - 24/06/14 06:23:31 INFO TaskSchedulerImpl: Removed TaskSet 0.0, whose tasks have all completed, from pool
[2024-06-14T06:23:31.977+0000] {spark_submit.py:488} INFO - 24/06/14 06:23:31 INFO TaskSchedulerImpl: Cancelling stage 0
[2024-06-14T06:23:31.977+0000] {spark_submit.py:488} INFO - 24/06/14 06:23:31 INFO TaskSchedulerImpl: Killing all running tasks in stage 0: Stage cancelled: Job aborted due to stage failure: Task 1 in stage 0.0 failed 4 times, most recent failure: Lost task 1.3 in stage 0.0 (TID 6) (172.18.0.5 executor 0): org.apache.spark.api.python.PythonException: Traceback (most recent call last):
[2024-06-14T06:23:31.977+0000] {spark_submit.py:488} INFO - File "/opt/bitnami/spark/python/lib/pyspark.zip/pyspark/worker.py", line 1100, in main
[2024-06-14T06:23:31.978+0000] {spark_submit.py:488} INFO - raise PySparkRuntimeError(
[2024-06-14T06:23:31.978+0000] {spark_submit.py:488} INFO - pyspark.errors.exceptions.base.PySparkRuntimeError: [PYTHON_VERSION_MISMATCH] Python in worker has different version (3, 11) than that in driver 3.12, PySpark cannot run with different minor versions.
[2024-06-14T06:23:31.979+0000] {spark_submit.py:488} INFO - Please check environment variables PYSPARK_PYTHON and PYSPARK_DRIVER_PYTHON are correctly set.
[2024-06-14T06:23:31.979+0000] {spark_submit.py:488} INFO - 
[2024-06-14T06:23:31.979+0000] {spark_submit.py:488} INFO - at org.apache.spark.api.python.BasePythonRunner$ReaderIterator.handlePythonException(PythonRunner.scala:572)
[2024-06-14T06:23:31.980+0000] {spark_submit.py:488} INFO - at org.apache.spark.api.python.PythonRunner$$anon$3.read(PythonRunner.scala:784)
[2024-06-14T06:23:31.980+0000] {spark_submit.py:488} INFO - at org.apache.spark.api.python.PythonRunner$$anon$3.read(PythonRunner.scala:766)
[2024-06-14T06:23:31.981+0000] {spark_submit.py:488} INFO - at org.apache.spark.api.python.BasePythonRunner$ReaderIterator.hasNext(PythonRunner.scala:525)
[2024-06-14T06:23:31.981+0000] {spark_submit.py:488} INFO - at org.apache.spark.InterruptibleIterator.hasNext(InterruptibleIterator.scala:37)
[2024-06-14T06:23:31.981+0000] {spark_submit.py:488} INFO - at scala.collection.Iterator$GroupedIterator.fill(Iterator.scala:1211)
[2024-06-14T06:23:31.982+0000] {spark_submit.py:488} INFO - at scala.collection.Iterator$GroupedIterator.hasNext(Iterator.scala:1217)
[2024-06-14T06:23:31.982+0000] {spark_submit.py:488} INFO - at scala.collection.Iterator$$anon$10.hasNext(Iterator.scala:460)
[2024-06-14T06:23:31.982+0000] {spark_submit.py:488} INFO - at org.apache.spark.shuffle.sort.BypassMergeSortShuffleWriter.write(BypassMergeSortShuffleWriter.java:140)
[2024-06-14T06:23:31.983+0000] {spark_submit.py:488} INFO - at org.apache.spark.shuffle.ShuffleWriteProcessor.write(ShuffleWriteProcessor.scala:59)
[2024-06-14T06:23:31.983+0000] {spark_submit.py:488} INFO - at org.apache.spark.scheduler.ShuffleMapTask.runTask(ShuffleMapTask.scala:104)
[2024-06-14T06:23:31.983+0000] {spark_submit.py:488} INFO - at org.apache.spark.scheduler.ShuffleMapTask.runTask(ShuffleMapTask.scala:54)
[2024-06-14T06:23:31.984+0000] {spark_submit.py:488} INFO - at org.apache.spark.TaskContext.runTaskWithListeners(TaskContext.scala:166)
[2024-06-14T06:23:31.984+0000] {spark_submit.py:488} INFO - at org.apache.spark.scheduler.Task.run(Task.scala:141)
[2024-06-14T06:23:31.984+0000] {spark_submit.py:488} INFO - at org.apache.spark.executor.Executor$TaskRunner.$anonfun$run$4(Executor.scala:620)
[2024-06-14T06:23:31.985+0000] {spark_submit.py:488} INFO - at org.apache.spark.util.SparkErrorUtils.tryWithSafeFinally(SparkErrorUtils.scala:64)
[2024-06-14T06:23:31.986+0000] {spark_submit.py:488} INFO - at org.apache.spark.util.SparkErrorUtils.tryWithSafeFinally$(SparkErrorUtils.scala:61)
[2024-06-14T06:23:31.986+0000] {spark_submit.py:488} INFO - at org.apache.spark.util.Utils$.tryWithSafeFinally(Utils.scala:94)
[2024-06-14T06:23:31.987+0000] {spark_submit.py:488} INFO - at org.apache.spark.executor.Executor$TaskRunner.run(Executor.scala:623)
[2024-06-14T06:23:31.988+0000] {spark_submit.py:488} INFO - at java.base/java.util.concurrent.ThreadPoolExecutor.runWorker(ThreadPoolExecutor.java:1136)
[2024-06-14T06:23:31.988+0000] {spark_submit.py:488} INFO - at java.base/java.util.concurrent.ThreadPoolExecutor$Worker.run(ThreadPoolExecutor.java:635)
[2024-06-14T06:23:31.989+0000] {spark_submit.py:488} INFO - at java.base/java.lang.Thread.run(Thread.java:840)
[2024-06-14T06:23:31.989+0000] {spark_submit.py:488} INFO - 
[2024-06-14T06:23:31.990+0000] {spark_submit.py:488} INFO - Driver stacktrace:
[2024-06-14T06:23:31.990+0000] {spark_submit.py:488} INFO - 24/06/14 06:23:31 INFO DAGScheduler: ShuffleMapStage 0 (reduceByKey at /opt/***/jobs/python/wordcountjob.py:9) failed in 4.380 s due to Job aborted due to stage failure: Task 1 in stage 0.0 failed 4 times, most recent failure: Lost task 1.3 in stage 0.0 (TID 6) (172.18.0.5 executor 0): org.apache.spark.api.python.PythonException: Traceback (most recent call last):
[2024-06-14T06:23:31.991+0000] {spark_submit.py:488} INFO - File "/opt/bitnami/spark/python/lib/pyspark.zip/pyspark/worker.py", line 1100, in main
[2024-06-14T06:23:31.991+0000] {spark_submit.py:488} INFO - raise PySparkRuntimeError(
[2024-06-14T06:23:31.992+0000] {spark_submit.py:488} INFO - pyspark.errors.exceptions.base.PySparkRuntimeError: [PYTHON_VERSION_MISMATCH] Python in worker has different version (3, 11) than that in driver 3.12, PySpark cannot run with different minor versions.
[2024-06-14T06:23:31.992+0000] {spark_submit.py:488} INFO - Please check environment variables PYSPARK_PYTHON and PYSPARK_DRIVER_PYTHON are correctly set.
[2024-06-14T06:23:31.993+0000] {spark_submit.py:488} INFO - 
[2024-06-14T06:23:31.993+0000] {spark_submit.py:488} INFO - at org.apache.spark.api.python.BasePythonRunner$ReaderIterator.handlePythonException(PythonRunner.scala:572)
[2024-06-14T06:23:31.993+0000] {spark_submit.py:488} INFO - at org.apache.spark.api.python.PythonRunner$$anon$3.read(PythonRunner.scala:784)
[2024-06-14T06:23:31.993+0000] {spark_submit.py:488} INFO - at org.apache.spark.api.python.PythonRunner$$anon$3.read(PythonRunner.scala:766)
[2024-06-14T06:23:31.994+0000] {spark_submit.py:488} INFO - at org.apache.spark.api.python.BasePythonRunner$ReaderIterator.hasNext(PythonRunner.scala:525)
[2024-06-14T06:23:31.994+0000] {spark_submit.py:488} INFO - at org.apache.spark.InterruptibleIterator.hasNext(InterruptibleIterator.scala:37)
[2024-06-14T06:23:31.994+0000] {spark_submit.py:488} INFO - at scala.collection.Iterator$GroupedIterator.fill(Iterator.scala:1211)
[2024-06-14T06:23:31.995+0000] {spark_submit.py:488} INFO - at scala.collection.Iterator$GroupedIterator.hasNext(Iterator.scala:1217)
[2024-06-14T06:23:31.995+0000] {spark_submit.py:488} INFO - at scala.collection.Iterator$$anon$10.hasNext(Iterator.scala:460)
[2024-06-14T06:23:31.995+0000] {spark_submit.py:488} INFO - at org.apache.spark.shuffle.sort.BypassMergeSortShuffleWriter.write(BypassMergeSortShuffleWriter.java:140)
[2024-06-14T06:23:31.996+0000] {spark_submit.py:488} INFO - at org.apache.spark.shuffle.ShuffleWriteProcessor.write(ShuffleWriteProcessor.scala:59)
[2024-06-14T06:23:31.996+0000] {spark_submit.py:488} INFO - at org.apache.spark.scheduler.ShuffleMapTask.runTask(ShuffleMapTask.scala:104)
[2024-06-14T06:23:31.996+0000] {spark_submit.py:488} INFO - at org.apache.spark.scheduler.ShuffleMapTask.runTask(ShuffleMapTask.scala:54)
[2024-06-14T06:23:31.996+0000] {spark_submit.py:488} INFO - at org.apache.spark.TaskContext.runTaskWithListeners(TaskContext.scala:166)
[2024-06-14T06:23:31.997+0000] {spark_submit.py:488} INFO - at org.apache.spark.scheduler.Task.run(Task.scala:141)
[2024-06-14T06:23:31.997+0000] {spark_submit.py:488} INFO - at org.apache.spark.executor.Executor$TaskRunner.$anonfun$run$4(Executor.scala:620)
[2024-06-14T06:23:31.998+0000] {spark_submit.py:488} INFO - at org.apache.spark.util.SparkErrorUtils.tryWithSafeFinally(SparkErrorUtils.scala:64)
[2024-06-14T06:23:31.998+0000] {spark_submit.py:488} INFO - at org.apache.spark.util.SparkErrorUtils.tryWithSafeFinally$(SparkErrorUtils.scala:61)
[2024-06-14T06:23:31.998+0000] {spark_submit.py:488} INFO - at org.apache.spark.util.Utils$.tryWithSafeFinally(Utils.scala:94)
[2024-06-14T06:23:31.999+0000] {spark_submit.py:488} INFO - at org.apache.spark.executor.Executor$TaskRunner.run(Executor.scala:623)
[2024-06-14T06:23:31.999+0000] {spark_submit.py:488} INFO - at java.base/java.util.concurrent.ThreadPoolExecutor.runWorker(ThreadPoolExecutor.java:1136)
[2024-06-14T06:23:31.999+0000] {spark_submit.py:488} INFO - at java.base/java.util.concurrent.ThreadPoolExecutor$Worker.run(ThreadPoolExecutor.java:635)
[2024-06-14T06:23:32.000+0000] {spark_submit.py:488} INFO - at java.base/java.lang.Thread.run(Thread.java:840)
[2024-06-14T06:23:32.000+0000] {spark_submit.py:488} INFO - 
[2024-06-14T06:23:32.000+0000] {spark_submit.py:488} INFO - Driver stacktrace:
[2024-06-14T06:23:32.001+0000] {spark_submit.py:488} INFO - 24/06/14 06:23:31 INFO DAGScheduler: Job 0 failed: collect at /opt/***/jobs/python/wordcountjob.py:11, took 4.463195 s
[2024-06-14T06:23:32.061+0000] {spark_submit.py:488} INFO - Traceback (most recent call last):
[2024-06-14T06:23:32.061+0000] {spark_submit.py:488} INFO - File "/opt/***/jobs/python/wordcountjob.py", line 11, in <module>
[2024-06-14T06:23:32.063+0000] {spark_submit.py:488} INFO - for wc in wordCounts.collect():
[2024-06-14T06:23:32.064+0000] {spark_submit.py:488} INFO - ^^^^^^^^^^^^^^^^^^^^
[2024-06-14T06:23:32.064+0000] {spark_submit.py:488} INFO - File "/home/***/.local/lib/python3.12/site-packages/pyspark/python/lib/pyspark.zip/pyspark/rdd.py", line 1833, in collect
[2024-06-14T06:23:32.065+0000] {spark_submit.py:488} INFO - File "/home/***/.local/lib/python3.12/site-packages/pyspark/python/lib/py4j-0.10.9.7-src.zip/py4j/java_gateway.py", line 1322, in __call__
[2024-06-14T06:23:32.065+0000] {spark_submit.py:488} INFO - File "/home/***/.local/lib/python3.12/site-packages/pyspark/python/lib/pyspark.zip/pyspark/errors/exceptions/captured.py", line 179, in deco
[2024-06-14T06:23:32.066+0000] {spark_submit.py:488} INFO - File "/home/***/.local/lib/python3.12/site-packages/pyspark/python/lib/py4j-0.10.9.7-src.zip/py4j/protocol.py", line 326, in get_return_value
[2024-06-14T06:23:32.069+0000] {spark_submit.py:488} INFO - py4j.protocol.Py4JJavaError: An error occurred while calling z:org.apache.spark.api.python.PythonRDD.collectAndServe.
[2024-06-14T06:23:32.071+0000] {spark_submit.py:488} INFO - : org.apache.spark.SparkException: Job aborted due to stage failure: Task 1 in stage 0.0 failed 4 times, most recent failure: Lost task 1.3 in stage 0.0 (TID 6) (172.18.0.5 executor 0): org.apache.spark.api.python.PythonException: Traceback (most recent call last):
[2024-06-14T06:23:32.073+0000] {spark_submit.py:488} INFO - File "/opt/bitnami/spark/python/lib/pyspark.zip/pyspark/worker.py", line 1100, in main
[2024-06-14T06:23:32.073+0000] {spark_submit.py:488} INFO - raise PySparkRuntimeError(
[2024-06-14T06:23:32.074+0000] {spark_submit.py:488} INFO - pyspark.errors.exceptions.base.PySparkRuntimeError: [PYTHON_VERSION_MISMATCH] Python in worker has different version (3, 11) than that in driver 3.12, PySpark cannot run with different minor versions.
[2024-06-14T06:23:32.074+0000] {spark_submit.py:488} INFO - Please check environment variables PYSPARK_PYTHON and PYSPARK_DRIVER_PYTHON are correctly set.
[2024-06-14T06:23:32.075+0000] {spark_submit.py:488} INFO - 
[2024-06-14T06:23:32.075+0000] {spark_submit.py:488} INFO - at org.apache.spark.api.python.BasePythonRunner$ReaderIterator.handlePythonException(PythonRunner.scala:572)
[2024-06-14T06:23:32.076+0000] {spark_submit.py:488} INFO - at org.apache.spark.api.python.PythonRunner$$anon$3.read(PythonRunner.scala:784)
[2024-06-14T06:23:32.076+0000] {spark_submit.py:488} INFO - at org.apache.spark.api.python.PythonRunner$$anon$3.read(PythonRunner.scala:766)
[2024-06-14T06:23:32.077+0000] {spark_submit.py:488} INFO - at org.apache.spark.api.python.BasePythonRunner$ReaderIterator.hasNext(PythonRunner.scala:525)
[2024-06-14T06:23:32.077+0000] {spark_submit.py:488} INFO - at org.apache.spark.InterruptibleIterator.hasNext(InterruptibleIterator.scala:37)
[2024-06-14T06:23:32.077+0000] {spark_submit.py:488} INFO - at scala.collection.Iterator$GroupedIterator.fill(Iterator.scala:1211)
[2024-06-14T06:23:32.078+0000] {spark_submit.py:488} INFO - at scala.collection.Iterator$GroupedIterator.hasNext(Iterator.scala:1217)
[2024-06-14T06:23:32.078+0000] {spark_submit.py:488} INFO - at scala.collection.Iterator$$anon$10.hasNext(Iterator.scala:460)
[2024-06-14T06:23:32.079+0000] {spark_submit.py:488} INFO - at org.apache.spark.shuffle.sort.BypassMergeSortShuffleWriter.write(BypassMergeSortShuffleWriter.java:140)
[2024-06-14T06:23:32.079+0000] {spark_submit.py:488} INFO - at org.apache.spark.shuffle.ShuffleWriteProcessor.write(ShuffleWriteProcessor.scala:59)
[2024-06-14T06:23:32.079+0000] {spark_submit.py:488} INFO - at org.apache.spark.scheduler.ShuffleMapTask.runTask(ShuffleMapTask.scala:104)
[2024-06-14T06:23:32.080+0000] {spark_submit.py:488} INFO - at org.apache.spark.scheduler.ShuffleMapTask.runTask(ShuffleMapTask.scala:54)
[2024-06-14T06:23:32.080+0000] {spark_submit.py:488} INFO - at org.apache.spark.TaskContext.runTaskWithListeners(TaskContext.scala:166)
[2024-06-14T06:23:32.080+0000] {spark_submit.py:488} INFO - at org.apache.spark.scheduler.Task.run(Task.scala:141)
[2024-06-14T06:23:32.081+0000] {spark_submit.py:488} INFO - at org.apache.spark.executor.Executor$TaskRunner.$anonfun$run$4(Executor.scala:620)
[2024-06-14T06:23:32.081+0000] {spark_submit.py:488} INFO - at org.apache.spark.util.SparkErrorUtils.tryWithSafeFinally(SparkErrorUtils.scala:64)
[2024-06-14T06:23:32.081+0000] {spark_submit.py:488} INFO - at org.apache.spark.util.SparkErrorUtils.tryWithSafeFinally$(SparkErrorUtils.scala:61)
[2024-06-14T06:23:32.081+0000] {spark_submit.py:488} INFO - at org.apache.spark.util.Utils$.tryWithSafeFinally(Utils.scala:94)
[2024-06-14T06:23:32.082+0000] {spark_submit.py:488} INFO - at org.apache.spark.executor.Executor$TaskRunner.run(Executor.scala:623)
[2024-06-14T06:23:32.082+0000] {spark_submit.py:488} INFO - at java.base/java.util.concurrent.ThreadPoolExecutor.runWorker(ThreadPoolExecutor.java:1136)
[2024-06-14T06:23:32.082+0000] {spark_submit.py:488} INFO - at java.base/java.util.concurrent.ThreadPoolExecutor$Worker.run(ThreadPoolExecutor.java:635)
[2024-06-14T06:23:32.083+0000] {spark_submit.py:488} INFO - at java.base/java.lang.Thread.run(Thread.java:840)
[2024-06-14T06:23:32.083+0000] {spark_submit.py:488} INFO - 
[2024-06-14T06:23:32.084+0000] {spark_submit.py:488} INFO - Driver stacktrace:
[2024-06-14T06:23:32.084+0000] {spark_submit.py:488} INFO - at org.apache.spark.scheduler.DAGScheduler.failJobAndIndependentStages(DAGScheduler.scala:2856)
[2024-06-14T06:23:32.084+0000] {spark_submit.py:488} INFO - at org.apache.spark.scheduler.DAGScheduler.$anonfun$abortStage$2(DAGScheduler.scala:2792)
[2024-06-14T06:23:32.085+0000] {spark_submit.py:488} INFO - at org.apache.spark.scheduler.DAGScheduler.$anonfun$abortStage$2$adapted(DAGScheduler.scala:2791)
[2024-06-14T06:23:32.087+0000] {spark_submit.py:488} INFO - at scala.collection.mutable.ResizableArray.foreach(ResizableArray.scala:62)
[2024-06-14T06:23:32.087+0000] {spark_submit.py:488} INFO - at scala.collection.mutable.ResizableArray.foreach$(ResizableArray.scala:55)
[2024-06-14T06:23:32.088+0000] {spark_submit.py:488} INFO - at scala.collection.mutable.ArrayBuffer.foreach(ArrayBuffer.scala:49)
[2024-06-14T06:23:32.089+0000] {spark_submit.py:488} INFO - at org.apache.spark.scheduler.DAGScheduler.abortStage(DAGScheduler.scala:2791)
[2024-06-14T06:23:32.089+0000] {spark_submit.py:488} INFO - at org.apache.spark.scheduler.DAGScheduler.$anonfun$handleTaskSetFailed$1(DAGScheduler.scala:1247)
[2024-06-14T06:23:32.089+0000] {spark_submit.py:488} INFO - at org.apache.spark.scheduler.DAGScheduler.$anonfun$handleTaskSetFailed$1$adapted(DAGScheduler.scala:1247)
[2024-06-14T06:23:32.090+0000] {spark_submit.py:488} INFO - at scala.Option.foreach(Option.scala:407)
[2024-06-14T06:23:32.090+0000] {spark_submit.py:488} INFO - at org.apache.spark.scheduler.DAGScheduler.handleTaskSetFailed(DAGScheduler.scala:1247)
[2024-06-14T06:23:32.090+0000] {spark_submit.py:488} INFO - at org.apache.spark.scheduler.DAGSchedulerEventProcessLoop.doOnReceive(DAGScheduler.scala:3060)
[2024-06-14T06:23:32.091+0000] {spark_submit.py:488} INFO - at org.apache.spark.scheduler.DAGSchedulerEventProcessLoop.onReceive(DAGScheduler.scala:2994)
[2024-06-14T06:23:32.091+0000] {spark_submit.py:488} INFO - at org.apache.spark.scheduler.DAGSchedulerEventProcessLoop.onReceive(DAGScheduler.scala:2983)
[2024-06-14T06:23:32.092+0000] {spark_submit.py:488} INFO - at org.apache.spark.util.EventLoop$$anon$1.run(EventLoop.scala:49)
[2024-06-14T06:23:32.092+0000] {spark_submit.py:488} INFO - at org.apache.spark.scheduler.DAGScheduler.runJob(DAGScheduler.scala:989)
[2024-06-14T06:23:32.093+0000] {spark_submit.py:488} INFO - at org.apache.spark.SparkContext.runJob(SparkContext.scala:2398)
[2024-06-14T06:23:32.093+0000] {spark_submit.py:488} INFO - at org.apache.spark.SparkContext.runJob(SparkContext.scala:2419)
[2024-06-14T06:23:32.094+0000] {spark_submit.py:488} INFO - at org.apache.spark.SparkContext.runJob(SparkContext.scala:2438)
[2024-06-14T06:23:32.094+0000] {spark_submit.py:488} INFO - at org.apache.spark.SparkContext.runJob(SparkContext.scala:2463)
[2024-06-14T06:23:32.095+0000] {spark_submit.py:488} INFO - at org.apache.spark.rdd.RDD.$anonfun$collect$1(RDD.scala:1049)
[2024-06-14T06:23:32.095+0000] {spark_submit.py:488} INFO - at org.apache.spark.rdd.RDDOperationScope$.withScope(RDDOperationScope.scala:151)
[2024-06-14T06:23:32.095+0000] {spark_submit.py:488} INFO - at org.apache.spark.rdd.RDDOperationScope$.withScope(RDDOperationScope.scala:112)
[2024-06-14T06:23:32.096+0000] {spark_submit.py:488} INFO - at org.apache.spark.rdd.RDD.withScope(RDD.scala:410)
[2024-06-14T06:23:32.096+0000] {spark_submit.py:488} INFO - at org.apache.spark.rdd.RDD.collect(RDD.scala:1048)
[2024-06-14T06:23:32.097+0000] {spark_submit.py:488} INFO - at org.apache.spark.api.python.PythonRDD$.collectAndServe(PythonRDD.scala:195)
[2024-06-14T06:23:32.097+0000] {spark_submit.py:488} INFO - at org.apache.spark.api.python.PythonRDD.collectAndServe(PythonRDD.scala)
[2024-06-14T06:23:32.097+0000] {spark_submit.py:488} INFO - at java.base/jdk.internal.reflect.NativeMethodAccessorImpl.invoke0(Native Method)
[2024-06-14T06:23:32.098+0000] {spark_submit.py:488} INFO - at java.base/jdk.internal.reflect.NativeMethodAccessorImpl.invoke(NativeMethodAccessorImpl.java:77)
[2024-06-14T06:23:32.098+0000] {spark_submit.py:488} INFO - at java.base/jdk.internal.reflect.DelegatingMethodAccessorImpl.invoke(DelegatingMethodAccessorImpl.java:43)
[2024-06-14T06:23:32.098+0000] {spark_submit.py:488} INFO - at java.base/java.lang.reflect.Method.invoke(Method.java:568)
[2024-06-14T06:23:32.099+0000] {spark_submit.py:488} INFO - at py4j.reflection.MethodInvoker.invoke(MethodInvoker.java:244)
[2024-06-14T06:23:32.099+0000] {spark_submit.py:488} INFO - at py4j.reflection.ReflectionEngine.invoke(ReflectionEngine.java:374)
[2024-06-14T06:23:32.100+0000] {spark_submit.py:488} INFO - at py4j.Gateway.invoke(Gateway.java:282)
[2024-06-14T06:23:32.100+0000] {spark_submit.py:488} INFO - at py4j.commands.AbstractCommand.invokeMethod(AbstractCommand.java:132)
[2024-06-14T06:23:32.100+0000] {spark_submit.py:488} INFO - at py4j.commands.CallCommand.execute(CallCommand.java:79)
[2024-06-14T06:23:32.101+0000] {spark_submit.py:488} INFO - at py4j.ClientServerConnection.waitForCommands(ClientServerConnection.java:182)
[2024-06-14T06:23:32.103+0000] {spark_submit.py:488} INFO - at py4j.ClientServerConnection.run(ClientServerConnection.java:106)
[2024-06-14T06:23:32.104+0000] {spark_submit.py:488} INFO - at java.base/java.lang.Thread.run(Thread.java:840)
[2024-06-14T06:23:32.105+0000] {spark_submit.py:488} INFO - Caused by: org.apache.spark.api.python.PythonException: Traceback (most recent call last):
[2024-06-14T06:23:32.105+0000] {spark_submit.py:488} INFO - File "/opt/bitnami/spark/python/lib/pyspark.zip/pyspark/worker.py", line 1100, in main
[2024-06-14T06:23:32.106+0000] {spark_submit.py:488} INFO - raise PySparkRuntimeError(
[2024-06-14T06:23:32.107+0000] {spark_submit.py:488} INFO - pyspark.errors.exceptions.base.PySparkRuntimeError: [PYTHON_VERSION_MISMATCH] Python in worker has different version (3, 11) than that in driver 3.12, PySpark cannot run with different minor versions.
[2024-06-14T06:23:32.107+0000] {spark_submit.py:488} INFO - Please check environment variables PYSPARK_PYTHON and PYSPARK_DRIVER_PYTHON are correctly set.
[2024-06-14T06:23:32.107+0000] {spark_submit.py:488} INFO - 
[2024-06-14T06:23:32.108+0000] {spark_submit.py:488} INFO - at org.apache.spark.api.python.BasePythonRunner$ReaderIterator.handlePythonException(PythonRunner.scala:572)
[2024-06-14T06:23:32.108+0000] {spark_submit.py:488} INFO - at org.apache.spark.api.python.PythonRunner$$anon$3.read(PythonRunner.scala:784)
[2024-06-14T06:23:32.109+0000] {spark_submit.py:488} INFO - at org.apache.spark.api.python.PythonRunner$$anon$3.read(PythonRunner.scala:766)
[2024-06-14T06:23:32.109+0000] {spark_submit.py:488} INFO - at org.apache.spark.api.python.BasePythonRunner$ReaderIterator.hasNext(PythonRunner.scala:525)
[2024-06-14T06:23:32.110+0000] {spark_submit.py:488} INFO - at org.apache.spark.InterruptibleIterator.hasNext(InterruptibleIterator.scala:37)
[2024-06-14T06:23:32.110+0000] {spark_submit.py:488} INFO - at scala.collection.Iterator$GroupedIterator.fill(Iterator.scala:1211)
[2024-06-14T06:23:32.110+0000] {spark_submit.py:488} INFO - at scala.collection.Iterator$GroupedIterator.hasNext(Iterator.scala:1217)
[2024-06-14T06:23:32.111+0000] {spark_submit.py:488} INFO - at scala.collection.Iterator$$anon$10.hasNext(Iterator.scala:460)
[2024-06-14T06:23:32.111+0000] {spark_submit.py:488} INFO - at org.apache.spark.shuffle.sort.BypassMergeSortShuffleWriter.write(BypassMergeSortShuffleWriter.java:140)
[2024-06-14T06:23:32.111+0000] {spark_submit.py:488} INFO - at org.apache.spark.shuffle.ShuffleWriteProcessor.write(ShuffleWriteProcessor.scala:59)
[2024-06-14T06:23:32.111+0000] {spark_submit.py:488} INFO - at org.apache.spark.scheduler.ShuffleMapTask.runTask(ShuffleMapTask.scala:104)
[2024-06-14T06:23:32.112+0000] {spark_submit.py:488} INFO - at org.apache.spark.scheduler.ShuffleMapTask.runTask(ShuffleMapTask.scala:54)
[2024-06-14T06:23:32.112+0000] {spark_submit.py:488} INFO - at org.apache.spark.TaskContext.runTaskWithListeners(TaskContext.scala:166)
[2024-06-14T06:23:32.112+0000] {spark_submit.py:488} INFO - at org.apache.spark.scheduler.Task.run(Task.scala:141)
[2024-06-14T06:23:32.113+0000] {spark_submit.py:488} INFO - at org.apache.spark.executor.Executor$TaskRunner.$anonfun$run$4(Executor.scala:620)
[2024-06-14T06:23:32.113+0000] {spark_submit.py:488} INFO - at org.apache.spark.util.SparkErrorUtils.tryWithSafeFinally(SparkErrorUtils.scala:64)
[2024-06-14T06:23:32.113+0000] {spark_submit.py:488} INFO - at org.apache.spark.util.SparkErrorUtils.tryWithSafeFinally$(SparkErrorUtils.scala:61)
[2024-06-14T06:23:32.113+0000] {spark_submit.py:488} INFO - at org.apache.spark.util.Utils$.tryWithSafeFinally(Utils.scala:94)
[2024-06-14T06:23:32.114+0000] {spark_submit.py:488} INFO - at org.apache.spark.executor.Executor$TaskRunner.run(Executor.scala:623)
[2024-06-14T06:23:32.114+0000] {spark_submit.py:488} INFO - at java.base/java.util.concurrent.ThreadPoolExecutor.runWorker(ThreadPoolExecutor.java:1136)
[2024-06-14T06:23:32.114+0000] {spark_submit.py:488} INFO - at java.base/java.util.concurrent.ThreadPoolExecutor$Worker.run(ThreadPoolExecutor.java:635)
[2024-06-14T06:23:32.115+0000] {spark_submit.py:488} INFO - ... 1 more
[2024-06-14T06:23:32.115+0000] {spark_submit.py:488} INFO - 
[2024-06-14T06:23:32.152+0000] {spark_submit.py:488} INFO - 24/06/14 06:23:32 INFO SparkContext: Invoking stop() from shutdown hook
[2024-06-14T06:23:32.153+0000] {spark_submit.py:488} INFO - 24/06/14 06:23:32 INFO SparkContext: SparkContext is stopping with exitCode 0.
[2024-06-14T06:23:32.164+0000] {spark_submit.py:488} INFO - 24/06/14 06:23:32 INFO SparkUI: Stopped Spark web UI at http://cf5928e4c8ca:4040
[2024-06-14T06:23:32.168+0000] {spark_submit.py:488} INFO - 24/06/14 06:23:32 INFO StandaloneSchedulerBackend: Shutting down all executors
[2024-06-14T06:23:32.170+0000] {spark_submit.py:488} INFO - 24/06/14 06:23:32 INFO StandaloneSchedulerBackend$StandaloneDriverEndpoint: Asking each executor to shut down
[2024-06-14T06:23:32.201+0000] {spark_submit.py:488} INFO - 24/06/14 06:23:32 INFO MapOutputTrackerMasterEndpoint: MapOutputTrackerMasterEndpoint stopped!
[2024-06-14T06:23:32.273+0000] {spark_submit.py:488} INFO - 24/06/14 06:23:32 INFO MemoryStore: MemoryStore cleared
[2024-06-14T06:23:32.275+0000] {spark_submit.py:488} INFO - 24/06/14 06:23:32 INFO BlockManager: BlockManager stopped
[2024-06-14T06:23:32.292+0000] {spark_submit.py:488} INFO - 24/06/14 06:23:32 INFO BlockManagerMaster: BlockManagerMaster stopped
[2024-06-14T06:23:32.298+0000] {spark_submit.py:488} INFO - 24/06/14 06:23:32 INFO OutputCommitCoordinator$OutputCommitCoordinatorEndpoint: OutputCommitCoordinator stopped!
[2024-06-14T06:23:32.327+0000] {spark_submit.py:488} INFO - 24/06/14 06:23:32 INFO SparkContext: Successfully stopped SparkContext
[2024-06-14T06:23:32.328+0000] {spark_submit.py:488} INFO - 24/06/14 06:23:32 INFO ShutdownHookManager: Shutdown hook called
[2024-06-14T06:23:32.329+0000] {spark_submit.py:488} INFO - 24/06/14 06:23:32 INFO ShutdownHookManager: Deleting directory /tmp/spark-3a42d5da-db08-428c-bbb3-297f486abf7e
[2024-06-14T06:23:32.338+0000] {spark_submit.py:488} INFO - 24/06/14 06:23:32 INFO ShutdownHookManager: Deleting directory /tmp/spark-262daa30-3157-43bd-a3f0-f7a755334156
[2024-06-14T06:23:32.348+0000] {spark_submit.py:488} INFO - 24/06/14 06:23:32 INFO ShutdownHookManager: Deleting directory /tmp/spark-262daa30-3157-43bd-a3f0-f7a755334156/pyspark-9d911259-57a5-4463-b978-9f4e35b167a0
[2024-06-14T06:23:32.398+0000] {taskinstance.py:441} INFO - ::group::Post task execution logs
[2024-06-14T06:23:32.408+0000] {taskinstance.py:2905} ERROR - Task failed with exception
Traceback (most recent call last):
  File "/home/airflow/.local/lib/python3.12/site-packages/airflow/models/taskinstance.py", line 465, in _execute_task
    result = _execute_callable(context=context, **execute_callable_kwargs)
             ^^^^^^^^^^^^^^^^^^^^^^^^^^^^^^^^^^^^^^^^^^^^^^^^^^^^^^^^^^^^^
  File "/home/airflow/.local/lib/python3.12/site-packages/airflow/models/taskinstance.py", line 432, in _execute_callable
    return execute_callable(context=context, **execute_callable_kwargs)
           ^^^^^^^^^^^^^^^^^^^^^^^^^^^^^^^^^^^^^^^^^^^^^^^^^^^^^^^^^^^^
  File "/home/airflow/.local/lib/python3.12/site-packages/airflow/models/baseoperator.py", line 401, in wrapper
    return func(self, *args, **kwargs)
           ^^^^^^^^^^^^^^^^^^^^^^^^^^^
  File "/home/airflow/.local/lib/python3.12/site-packages/airflow/providers/apache/spark/operators/spark_submit.py", line 157, in execute
    self._hook.submit(self._application)
  File "/home/airflow/.local/lib/python3.12/site-packages/airflow/providers/apache/spark/hooks/spark_submit.py", line 419, in submit
    raise AirflowException(
airflow.exceptions.AirflowException: Cannot execute: spark-submit --master spark://***-spark-demo-spark-master-1:7077 --name arrow-spark jobs/python/wordcountjob.py. Error code is: 1.
[2024-06-14T06:23:32.414+0000] {taskinstance.py:1206} INFO - Marking task as FAILED. dag_id=sparking_flow, task_id=python_job, run_id=manual__2024-06-14T05:52:59.478774+00:00, execution_date=20240614T055259, start_date=20240614T062321, end_date=20240614T062332
[2024-06-14T06:23:32.428+0000] {standard_task_runner.py:110} ERROR - Failed to execute job 6 for task python_job (Cannot execute: spark-submit --master spark://***-spark-demo-spark-master-1:7077 --name arrow-spark jobs/python/wordcountjob.py. Error code is: 1.; 923)
[2024-06-14T06:23:32.477+0000] {local_task_job_runner.py:240} INFO - Task exited with return code 1
[2024-06-14T06:23:32.518+0000] {taskinstance.py:3503} INFO - 0 downstream tasks scheduled from follow-on schedule check
[2024-06-14T06:23:32.526+0000] {local_task_job_runner.py:222} INFO - ::endgroup::
